INFO:__main__:Log path : log/qm9/ccn_k_1_ep_25_st_10_op_adamax_lr_0.0004_da_0.9_L_6_h_2_ta_0_695.pickle
INFO:root:New directory created
INFO:__main__:Working on CPU
INFO:root:Loading data...
INFO:__main__:Number of training instances : 10710
INFO:__main__:Number of validation instances : 1338
INFO:__main__:First-order CCN created
INFO:__main__:Training the CCN...
INFO:root:After 0 instances : Loss 13.841 MAE 3.720
INFO:root:After 400 instances : Loss 1.383 MAE 1.103
INFO:root:After 800 instances : Loss 2.045 MAE 1.425
INFO:root:After 1200 instances : Loss 0.260 MAE 0.495
INFO:root:After 1600 instances : Loss 0.124 MAE 0.217
INFO:root:After 2000 instances : Loss 5.708 MAE 2.300
INFO:root:After 2400 instances : Loss 2.329 MAE 1.460
INFO:root:After 2800 instances : Loss 3.080 MAE 1.735
INFO:root:After 3200 instances : Loss 1.778 MAE 1.331
INFO:root:After 3600 instances : Loss 0.008 MAE 0.033
INFO:root:After 4000 instances : Loss 4.105 MAE 1.994
INFO:root:After 4400 instances : Loss 0.552 MAE 0.275
INFO:root:After 4800 instances : Loss 1.617 MAE 1.242
INFO:root:After 5200 instances : Loss 3.043 MAE 1.728
INFO:root:After 5600 instances : Loss 0.082 MAE 0.275
INFO:root:After 6000 instances : Loss 0.057 MAE 0.163
INFO:root:After 6400 instances : Loss 0.117 MAE 0.295
INFO:root:After 6800 instances : Loss 0.548 MAE 0.734
INFO:root:After 7200 instances : Loss 0.121 MAE 0.324
INFO:root:After 7600 instances : Loss 0.633 MAE 0.783
INFO:root:After 8000 instances : Loss 0.562 MAE 0.593
INFO:root:After 8400 instances : Loss 0.369 MAE 0.588
INFO:root:After 8800 instances : Loss 0.436 MAE 0.354
INFO:root:After 9200 instances : Loss 0.002 MAE 0.023
INFO:root:After 9600 instances : Loss 0.058 MAE 0.231
INFO:root:After 10000 instances : Loss 0.189 MAE 0.387
INFO:root:After 10400 instances : Loss 0.158 MAE 0.384
INFO:__main__:Epoch 1 : Avg Error 0.353; Average Loss 0.131 Time : 691
INFO:root:After 0 instances : Loss 0.564 MAE 0.751
INFO:root:After 400 instances : Loss 0.190 MAE 0.435
INFO:root:After 800 instances : Loss 0.706 MAE 0.833
INFO:root:After 1200 instances : Loss 0.806 MAE 0.882
INFO:root:After 1600 instances : Loss 0.309 MAE 0.555
INFO:root:After 2000 instances : Loss 0.909 MAE 0.947
INFO:root:After 2400 instances : Loss 1.030 MAE 0.973
INFO:root:After 2800 instances : Loss 1.805 MAE 1.311
INFO:root:After 3200 instances : Loss 0.092 MAE 0.098
INFO:root:After 3600 instances : Loss 0.017 MAE 0.105
INFO:root:After 4000 instances : Loss 1.025 MAE 1.002
INFO:root:After 4400 instances : Loss 0.523 MAE 0.524
INFO:root:After 4800 instances : Loss 0.629 MAE 0.755
INFO:root:After 5200 instances : Loss 1.835 MAE 1.295
INFO:root:After 5600 instances : Loss 0.009 MAE 0.077
INFO:root:After 6000 instances : Loss 0.031 MAE 0.107
INFO:root:After 6400 instances : Loss 0.002 MAE 0.020
INFO:root:After 6800 instances : Loss 0.993 MAE 0.976
INFO:root:After 7200 instances : Loss 0.060 MAE 0.233
INFO:root:After 7600 instances : Loss 0.078 MAE 0.280
INFO:root:After 8000 instances : Loss 0.284 MAE 0.234
INFO:root:After 8400 instances : Loss 0.043 MAE 0.198
INFO:root:After 8800 instances : Loss 0.367 MAE 0.296
INFO:root:After 9200 instances : Loss 0.016 MAE 0.125
INFO:root:After 9600 instances : Loss 0.219 MAE 0.463
INFO:root:After 10000 instances : Loss 0.042 MAE 0.138
INFO:root:After 10400 instances : Loss 0.045 MAE 0.197
INFO:__main__:Epoch 2 : Avg Error 0.125; Average Loss 0.038 Time : 1235
INFO:root:After 0 instances : Loss 0.113 MAE 0.337
INFO:root:After 400 instances : Loss 0.144 MAE 0.374
INFO:root:After 800 instances : Loss 0.232 MAE 0.456
INFO:root:After 1200 instances : Loss 1.044 MAE 0.998
INFO:root:After 1600 instances : Loss 0.732 MAE 0.846
INFO:root:After 2000 instances : Loss 0.547 MAE 0.735
INFO:root:After 2400 instances : Loss 0.850 MAE 0.877
INFO:root:After 2800 instances : Loss 1.720 MAE 1.264
INFO:root:After 3200 instances : Loss 0.094 MAE 0.162
INFO:root:After 3600 instances : Loss 0.018 MAE 0.080
INFO:root:After 4000 instances : Loss 0.673 MAE 0.803
INFO:root:After 4400 instances : Loss 0.441 MAE 0.429
INFO:root:After 4800 instances : Loss 0.553 MAE 0.712
INFO:root:After 5200 instances : Loss 1.526 MAE 1.177
INFO:root:After 5600 instances : Loss 0.010 MAE 0.083
INFO:root:After 6000 instances : Loss 0.034 MAE 0.144
INFO:root:After 6400 instances : Loss 0.016 MAE 0.122
INFO:root:After 6800 instances : Loss 0.904 MAE 0.933
INFO:root:After 7200 instances : Loss 0.038 MAE 0.179
INFO:root:After 7600 instances : Loss 0.079 MAE 0.282
INFO:root:After 8000 instances : Loss 0.241 MAE 0.178
INFO:root:After 8400 instances : Loss 0.041 MAE 0.184
INFO:root:After 8800 instances : Loss 0.367 MAE 0.264
INFO:root:After 9200 instances : Loss 0.032 MAE 0.177
INFO:root:After 9600 instances : Loss 0.227 MAE 0.472
INFO:root:After 10000 instances : Loss 0.053 MAE 0.213
INFO:root:After 10400 instances : Loss 0.040 MAE 0.182
INFO:__main__:Epoch 3 : Avg Error 0.069; Average Loss 0.022 Time : 691
INFO:root:After 0 instances : Loss 0.050 MAE 0.223
INFO:root:After 400 instances : Loss 0.140 MAE 0.363
INFO:root:After 800 instances : Loss 0.155 MAE 0.358
INFO:root:After 1200 instances : Loss 1.081 MAE 1.013
INFO:root:After 1600 instances : Loss 0.884 MAE 0.926
INFO:root:After 2000 instances : Loss 0.414 MAE 0.641
INFO:root:After 2400 instances : Loss 0.796 MAE 0.850
INFO:root:After 2800 instances : Loss 1.725 MAE 1.260
INFO:root:After 3200 instances : Loss 0.094 MAE 0.164
INFO:root:After 3600 instances : Loss 0.016 MAE 0.053
INFO:root:After 4000 instances : Loss 0.587 MAE 0.745
INFO:root:After 4400 instances : Loss 0.370 MAE 0.350
INFO:root:After 4800 instances : Loss 0.518 MAE 0.692
INFO:root:After 5200 instances : Loss 1.434 MAE 1.146
INFO:root:After 5600 instances : Loss 0.011 MAE 0.084
INFO:root:After 6000 instances : Loss 0.039 MAE 0.165
INFO:root:After 6400 instances : Loss 0.025 MAE 0.155
INFO:root:After 6800 instances : Loss 0.829 MAE 0.894
INFO:root:After 7200 instances : Loss 0.028 MAE 0.149
INFO:root:After 7600 instances : Loss 0.088 MAE 0.296
INFO:root:After 8000 instances : Loss 0.218 MAE 0.151
INFO:root:After 8400 instances : Loss 0.047 MAE 0.194
INFO:root:After 8800 instances : Loss 0.367 MAE 0.237
INFO:root:After 9200 instances : Loss 0.041 MAE 0.200
INFO:root:After 9600 instances : Loss 0.217 MAE 0.461
INFO:root:After 10000 instances : Loss 0.065 MAE 0.245
INFO:root:After 10400 instances : Loss 0.038 MAE 0.176
INFO:__main__:Epoch 4 : Avg Error 0.078; Average Loss 0.020 Time : 741
INFO:root:After 0 instances : Loss 0.028 MAE 0.167
INFO:root:After 400 instances : Loss 0.124 MAE 0.340
INFO:root:After 800 instances : Loss 0.144 MAE 0.345
INFO:root:After 1200 instances : Loss 1.108 MAE 1.024
INFO:root:After 1600 instances : Loss 0.942 MAE 0.953
INFO:root:After 2000 instances : Loss 0.328 MAE 0.572
INFO:root:After 2400 instances : Loss 0.765 MAE 0.835
INFO:root:After 2800 instances : Loss 1.737 MAE 1.262
INFO:root:After 3200 instances : Loss 0.093 MAE 0.156
INFO:root:After 3600 instances : Loss 0.014 MAE 0.037
INFO:root:After 4000 instances : Loss 0.567 MAE 0.730
INFO:root:After 4400 instances : Loss 0.310 MAE 0.284
INFO:root:After 4800 instances : Loss 0.506 MAE 0.685
INFO:root:After 5200 instances : Loss 1.402 MAE 1.135
INFO:root:After 5600 instances : Loss 0.011 MAE 0.083
INFO:root:After 6000 instances : Loss 0.042 MAE 0.178
INFO:root:After 6400 instances : Loss 0.028 MAE 0.165
INFO:root:After 6800 instances : Loss 0.769 MAE 0.862
INFO:root:After 7200 instances : Loss 0.026 MAE 0.143
INFO:root:After 7600 instances : Loss 0.095 MAE 0.308
INFO:root:After 8000 instances : Loss 0.201 MAE 0.136
INFO:root:After 8400 instances : Loss 0.052 MAE 0.204
INFO:root:After 8800 instances : Loss 0.367 MAE 0.221
INFO:root:After 9200 instances : Loss 0.045 MAE 0.210
INFO:root:After 9600 instances : Loss 0.205 MAE 0.448
INFO:root:After 10000 instances : Loss 0.071 MAE 0.259
INFO:root:After 10400 instances : Loss 0.038 MAE 0.176
INFO:__main__:Epoch 5 : Avg Error 0.082; Average Loss 0.019 Time : 683
INFO:root:After 0 instances : Loss 0.020 MAE 0.140
INFO:root:After 400 instances : Loss 0.109 MAE 0.318
INFO:root:After 800 instances : Loss 0.149 MAE 0.355
INFO:root:After 1200 instances : Loss 1.104 MAE 1.023
INFO:root:After 1600 instances : Loss 0.969 MAE 0.965
INFO:root:After 2000 instances : Loss 0.266 MAE 0.515
INFO:root:After 2400 instances : Loss 0.744 MAE 0.824
INFO:root:After 2800 instances : Loss 1.752 MAE 1.267
INFO:root:After 3200 instances : Loss 0.093 MAE 0.150
INFO:root:After 3600 instances : Loss 0.013 MAE 0.042
INFO:root:After 4000 instances : Loss 0.567 MAE 0.728
INFO:root:After 4400 instances : Loss 0.258 MAE 0.224
INFO:root:After 4800 instances : Loss 0.501 MAE 0.682
INFO:root:After 5200 instances : Loss 1.395 MAE 1.133
INFO:root:After 5600 instances : Loss 0.011 MAE 0.081
INFO:root:After 6000 instances : Loss 0.044 MAE 0.184
INFO:root:After 6400 instances : Loss 0.028 MAE 0.166
INFO:root:After 6800 instances : Loss 0.734 MAE 0.842
INFO:root:After 7200 instances : Loss 0.027 MAE 0.143
INFO:root:After 7600 instances : Loss 0.099 MAE 0.314
INFO:root:After 8000 instances : Loss 0.187 MAE 0.138
INFO:root:After 8400 instances : Loss 0.055 MAE 0.210
INFO:root:After 8800 instances : Loss 0.367 MAE 0.210
INFO:root:After 9200 instances : Loss 0.047 MAE 0.214
INFO:root:After 9600 instances : Loss 0.200 MAE 0.443
INFO:root:After 10000 instances : Loss 0.075 MAE 0.267
INFO:root:After 10400 instances : Loss 0.039 MAE 0.177
INFO:__main__:Epoch 6 : Avg Error 0.081; Average Loss 0.019 Time : 681
INFO:root:After 0 instances : Loss 0.016 MAE 0.126
INFO:root:After 400 instances : Loss 0.098 MAE 0.302
INFO:root:After 800 instances : Loss 0.157 MAE 0.367
INFO:root:After 1200 instances : Loss 1.098 MAE 1.021
INFO:root:After 1600 instances : Loss 0.981 MAE 0.969
INFO:root:After 2000 instances : Loss 0.219 MAE 0.467
INFO:root:After 2400 instances : Loss 0.733 MAE 0.818
INFO:root:After 2800 instances : Loss 1.779 MAE 1.277
INFO:root:After 3200 instances : Loss 0.092 MAE 0.141
INFO:root:After 3600 instances : Loss 0.012 MAE 0.048
INFO:root:After 4000 instances : Loss 0.572 MAE 0.731
INFO:root:After 4400 instances : Loss 0.215 MAE 0.167
INFO:root:After 4800 instances : Loss 0.499 MAE 0.680
INFO:root:After 5200 instances : Loss 1.391 MAE 1.132
INFO:root:After 5600 instances : Loss 0.010 MAE 0.076
INFO:root:After 6000 instances : Loss 0.045 MAE 0.187
INFO:root:After 6400 instances : Loss 0.028 MAE 0.165
INFO:root:After 6800 instances : Loss 0.714 MAE 0.831
INFO:root:After 7200 instances : Loss 0.027 MAE 0.145
INFO:root:After 7600 instances : Loss 0.102 MAE 0.319
INFO:root:After 8000 instances : Loss 0.175 MAE 0.137
INFO:root:After 8400 instances : Loss 0.057 MAE 0.214
INFO:root:After 8800 instances : Loss 0.367 MAE 0.202
INFO:root:After 9200 instances : Loss 0.048 MAE 0.216
INFO:root:After 9600 instances : Loss 0.198 MAE 0.440
INFO:root:After 10000 instances : Loss 0.079 MAE 0.274
INFO:root:After 10400 instances : Loss 0.039 MAE 0.177
INFO:__main__:Epoch 7 : Avg Error 0.077; Average Loss 0.018 Time : 674
INFO:root:After 0 instances : Loss 0.013 MAE 0.115
INFO:root:After 400 instances : Loss 0.091 MAE 0.290
INFO:root:After 800 instances : Loss 0.165 MAE 0.379
INFO:root:After 1200 instances : Loss 1.093 MAE 1.019
INFO:root:After 1600 instances : Loss 0.984 MAE 0.969
INFO:root:After 2000 instances : Loss 0.181 MAE 0.423
INFO:root:After 2400 instances : Loss 0.725 MAE 0.814
INFO:root:After 2800 instances : Loss 1.780 MAE 1.277
INFO:root:After 3200 instances : Loss 0.092 MAE 0.132
INFO:root:After 3600 instances : Loss 0.011 MAE 0.050
INFO:root:After 4000 instances : Loss 0.577 MAE 0.734
INFO:root:After 4400 instances : Loss 0.181 MAE 0.145
INFO:root:After 4800 instances : Loss 0.498 MAE 0.680
INFO:root:After 5200 instances : Loss 1.382 MAE 1.130
INFO:root:After 5600 instances : Loss 0.010 MAE 0.073
INFO:root:After 6000 instances : Loss 0.047 MAE 0.190
INFO:root:After 6400 instances : Loss 0.028 MAE 0.165
INFO:root:After 6800 instances : Loss 0.691 MAE 0.817
INFO:root:After 7200 instances : Loss 0.028 MAE 0.148
INFO:root:After 7600 instances : Loss 0.105 MAE 0.324
INFO:root:After 8000 instances : Loss 0.163 MAE 0.136
INFO:root:After 8400 instances : Loss 0.059 MAE 0.220
INFO:root:After 8800 instances : Loss 0.366 MAE 0.195
INFO:root:After 9200 instances : Loss 0.048 MAE 0.218
INFO:root:After 9600 instances : Loss 0.196 MAE 0.437
INFO:root:After 10000 instances : Loss 0.083 MAE 0.282
INFO:root:After 10400 instances : Loss 0.039 MAE 0.177
INFO:__main__:Epoch 8 : Avg Error 0.075; Average Loss 0.018 Time : 674
INFO:root:After 0 instances : Loss 0.011 MAE 0.106
INFO:root:After 400 instances : Loss 0.084 MAE 0.280
INFO:root:After 800 instances : Loss 0.172 MAE 0.390
INFO:root:After 1200 instances : Loss 1.091 MAE 1.018
INFO:root:After 1600 instances : Loss 0.985 MAE 0.969
INFO:root:After 2000 instances : Loss 0.150 MAE 0.383
INFO:root:After 2400 instances : Loss 0.720 MAE 0.811
INFO:root:After 2800 instances : Loss 1.789 MAE 1.280
INFO:root:After 3200 instances : Loss 0.092 MAE 0.132
INFO:root:After 3600 instances : Loss 0.011 MAE 0.049
INFO:root:After 4000 instances : Loss 0.581 MAE 0.737
INFO:root:After 4400 instances : Loss 0.155 MAE 0.172
INFO:root:After 4800 instances : Loss 0.499 MAE 0.680
INFO:root:After 5200 instances : Loss 1.385 MAE 1.131
INFO:root:After 5600 instances : Loss 0.009 MAE 0.068
INFO:root:After 6000 instances : Loss 0.047 MAE 0.190
INFO:root:After 6400 instances : Loss 0.028 MAE 0.164
INFO:root:After 6800 instances : Loss 0.682 MAE 0.812
INFO:root:After 7200 instances : Loss 0.029 MAE 0.151
INFO:root:After 7600 instances : Loss 0.107 MAE 0.327
INFO:root:After 8000 instances : Loss 0.152 MAE 0.134
INFO:root:After 8400 instances : Loss 0.060 MAE 0.224
INFO:root:After 8800 instances : Loss 0.366 MAE 0.190
INFO:root:After 9200 instances : Loss 0.049 MAE 0.220
INFO:root:After 9600 instances : Loss 0.193 MAE 0.434
INFO:root:After 10000 instances : Loss 0.085 MAE 0.286
INFO:root:After 10400 instances : Loss 0.040 MAE 0.181
INFO:__main__:Epoch 9 : Avg Error 0.074; Average Loss 0.017 Time : 674
INFO:root:After 0 instances : Loss 0.009 MAE 0.097
INFO:root:After 400 instances : Loss 0.079 MAE 0.270
INFO:root:After 800 instances : Loss 0.178 MAE 0.398
INFO:root:After 1200 instances : Loss 1.087 MAE 1.017
INFO:root:After 1600 instances : Loss 0.995 MAE 0.973
INFO:root:After 2000 instances : Loss 0.124 MAE 0.344
INFO:root:After 2400 instances : Loss 0.715 MAE 0.808
INFO:root:After 2800 instances : Loss 1.797 MAE 1.283
INFO:root:After 3200 instances : Loss 0.092 MAE 0.130
INFO:root:After 3600 instances : Loss 0.010 MAE 0.049
INFO:root:After 4000 instances : Loss 0.584 MAE 0.739
INFO:root:After 4400 instances : Loss 0.136 MAE 0.199
INFO:root:After 4800 instances : Loss 0.500 MAE 0.681
INFO:root:After 5200 instances : Loss 1.382 MAE 1.129
INFO:root:After 5600 instances : Loss 0.009 MAE 0.066
INFO:root:After 6000 instances : Loss 0.047 MAE 0.190
INFO:root:After 6400 instances : Loss 0.028 MAE 0.164
INFO:root:After 6800 instances : Loss 0.675 MAE 0.808
INFO:root:After 7200 instances : Loss 0.030 MAE 0.154
INFO:root:After 7600 instances : Loss 0.107 MAE 0.327
INFO:root:After 8000 instances : Loss 0.142 MAE 0.130
INFO:root:After 8400 instances : Loss 0.062 MAE 0.227
INFO:root:After 8800 instances : Loss 0.364 MAE 0.186
INFO:root:After 9200 instances : Loss 0.049 MAE 0.220
INFO:root:After 9600 instances : Loss 0.192 MAE 0.433
INFO:root:After 10000 instances : Loss 0.089 MAE 0.293
INFO:root:After 10400 instances : Loss 0.039 MAE 0.178
INFO:__main__:Epoch 10 : Avg Error 0.071; Average Loss 0.017 Time : 674
INFO:root:After 0 instances : Loss 0.008 MAE 0.090
INFO:root:After 400 instances : Loss 0.074 MAE 0.263
INFO:root:After 800 instances : Loss 0.185 MAE 0.408
INFO:root:After 1200 instances : Loss 1.083 MAE 1.016
INFO:root:After 1600 instances : Loss 0.987 MAE 0.968
INFO:root:After 2000 instances : Loss 0.104 MAE 0.311
INFO:root:After 2400 instances : Loss 0.714 MAE 0.807
INFO:root:After 2800 instances : Loss 1.805 MAE 1.286
INFO:root:After 3200 instances : Loss 0.093 MAE 0.130
INFO:root:After 3600 instances : Loss 0.010 MAE 0.047
INFO:root:After 4000 instances : Loss 0.589 MAE 0.742
INFO:root:After 4400 instances : Loss 0.122 MAE 0.222
INFO:root:After 4800 instances : Loss 0.501 MAE 0.681
INFO:root:After 5200 instances : Loss 1.382 MAE 1.129
INFO:root:After 5600 instances : Loss 0.009 MAE 0.063
INFO:root:After 6000 instances : Loss 0.047 MAE 0.190
INFO:root:After 6400 instances : Loss 0.027 MAE 0.163
INFO:root:After 6800 instances : Loss 0.672 MAE 0.806
INFO:root:After 7200 instances : Loss 0.032 MAE 0.159
INFO:root:After 7600 instances : Loss 0.106 MAE 0.326
INFO:root:After 8000 instances : Loss 0.133 MAE 0.128
INFO:root:After 8400 instances : Loss 0.063 MAE 0.230
INFO:root:After 8800 instances : Loss 0.362 MAE 0.185
INFO:root:After 9200 instances : Loss 0.050 MAE 0.221
INFO:root:After 9600 instances : Loss 0.192 MAE 0.433
INFO:root:After 10000 instances : Loss 0.093 MAE 0.299
INFO:root:After 10400 instances : Loss 0.039 MAE 0.177
INFO:__main__:Epoch 11 : Avg Error 0.068; Average Loss 0.016 Time : 674
INFO:root:After 0 instances : Loss 0.007 MAE 0.084
INFO:root:After 400 instances : Loss 0.074 MAE 0.263
INFO:root:After 800 instances : Loss 0.190 MAE 0.414
INFO:root:After 1200 instances : Loss 1.083 MAE 1.016
INFO:root:After 1600 instances : Loss 0.998 MAE 0.972
INFO:root:After 2000 instances : Loss 0.090 MAE 0.286
INFO:root:After 2400 instances : Loss 0.711 MAE 0.806
INFO:root:After 2800 instances : Loss 1.781 MAE 1.277
INFO:root:After 3200 instances : Loss 0.095 MAE 0.135
INFO:root:After 3600 instances : Loss 0.010 MAE 0.045
INFO:root:After 4000 instances : Loss 0.604 MAE 0.751
INFO:root:After 4400 instances : Loss 0.113 MAE 0.241
INFO:root:After 4800 instances : Loss 0.502 MAE 0.682
INFO:root:After 5200 instances : Loss 1.389 MAE 1.131
INFO:root:After 5600 instances : Loss 0.008 MAE 0.059
INFO:root:After 6000 instances : Loss 0.041 MAE 0.174
INFO:root:After 6400 instances : Loss 0.025 MAE 0.156
INFO:root:After 6800 instances : Loss 0.668 MAE 0.804
INFO:root:After 7200 instances : Loss 0.034 MAE 0.168
INFO:root:After 7600 instances : Loss 0.105 MAE 0.323
INFO:root:After 8000 instances : Loss 0.125 MAE 0.132
INFO:root:After 8400 instances : Loss 0.063 MAE 0.230
INFO:root:After 8800 instances : Loss 0.360 MAE 0.186
INFO:root:After 9200 instances : Loss 0.053 MAE 0.227
INFO:root:After 9600 instances : Loss 0.193 MAE 0.434
INFO:root:After 10000 instances : Loss 0.096 MAE 0.305
INFO:root:After 10400 instances : Loss 0.038 MAE 0.175
INFO:__main__:Epoch 12 : Avg Error 0.067; Average Loss 0.016 Time : 673
INFO:root:After 0 instances : Loss 0.006 MAE 0.079
INFO:root:After 400 instances : Loss 0.071 MAE 0.257
INFO:root:After 800 instances : Loss 0.196 MAE 0.421
INFO:root:After 1200 instances : Loss 1.076 MAE 1.013
INFO:root:After 1600 instances : Loss 0.993 MAE 0.969
INFO:root:After 2000 instances : Loss 0.077 MAE 0.261
INFO:root:After 2400 instances : Loss 0.711 MAE 0.806
INFO:root:After 2800 instances : Loss 1.785 MAE 1.278
INFO:root:After 3200 instances : Loss 0.095 MAE 0.135
INFO:root:After 3600 instances : Loss 0.009 MAE 0.043
INFO:root:After 4000 instances : Loss 0.607 MAE 0.753
INFO:root:After 4400 instances : Loss 0.109 MAE 0.260
INFO:root:After 4800 instances : Loss 0.504 MAE 0.683
INFO:root:After 5200 instances : Loss 1.387 MAE 1.130
INFO:root:After 5600 instances : Loss 0.008 MAE 0.057
INFO:root:After 6000 instances : Loss 0.041 MAE 0.173
INFO:root:After 6400 instances : Loss 0.025 MAE 0.154
INFO:root:After 6800 instances : Loss 0.669 MAE 0.804
INFO:root:After 7200 instances : Loss 0.036 MAE 0.172
INFO:root:After 7600 instances : Loss 0.104 MAE 0.322
INFO:root:After 8000 instances : Loss 0.118 MAE 0.130
INFO:root:After 8400 instances : Loss 0.064 MAE 0.232
INFO:root:After 8800 instances : Loss 0.357 MAE 0.184
INFO:root:After 9200 instances : Loss 0.053 MAE 0.228
INFO:root:After 9600 instances : Loss 0.194 MAE 0.434
INFO:root:After 10000 instances : Loss 0.098 MAE 0.309
INFO:root:After 10400 instances : Loss 0.038 MAE 0.175
INFO:__main__:Epoch 13 : Avg Error 0.066; Average Loss 0.016 Time : 669
INFO:root:After 0 instances : Loss 0.006 MAE 0.075
INFO:root:After 400 instances : Loss 0.068 MAE 0.252
INFO:root:After 800 instances : Loss 0.200 MAE 0.427
INFO:root:After 1200 instances : Loss 1.068 MAE 1.010
INFO:root:After 1600 instances : Loss 0.988 MAE 0.966
INFO:root:After 2000 instances : Loss 0.067 MAE 0.238
INFO:root:After 2400 instances : Loss 0.710 MAE 0.805
INFO:root:After 2800 instances : Loss 1.793 MAE 1.281
INFO:root:After 3200 instances : Loss 0.095 MAE 0.135
INFO:root:After 3600 instances : Loss 0.009 MAE 0.042
INFO:root:After 4000 instances : Loss 0.609 MAE 0.754
INFO:root:After 4400 instances : Loss 0.107 MAE 0.277
INFO:root:After 4800 instances : Loss 0.506 MAE 0.684
INFO:root:After 5200 instances : Loss 1.384 MAE 1.129
INFO:root:After 5600 instances : Loss 0.008 MAE 0.054
INFO:root:After 6000 instances : Loss 0.041 MAE 0.173
INFO:root:After 6400 instances : Loss 0.024 MAE 0.153
INFO:root:After 6800 instances : Loss 0.670 MAE 0.804
INFO:root:After 7200 instances : Loss 0.037 MAE 0.176
INFO:root:After 7600 instances : Loss 0.104 MAE 0.321
INFO:root:After 8000 instances : Loss 0.112 MAE 0.129
INFO:root:After 8400 instances : Loss 0.065 MAE 0.235
INFO:root:After 8800 instances : Loss 0.356 MAE 0.183
INFO:root:After 9200 instances : Loss 0.053 MAE 0.229
INFO:root:After 9600 instances : Loss 0.193 MAE 0.434
INFO:root:After 10000 instances : Loss 0.101 MAE 0.312
INFO:root:After 10400 instances : Loss 0.038 MAE 0.176
INFO:__main__:Epoch 14 : Avg Error 0.065; Average Loss 0.016 Time : 668
INFO:root:After 0 instances : Loss 0.005 MAE 0.070
INFO:root:After 400 instances : Loss 0.067 MAE 0.249
INFO:root:After 800 instances : Loss 0.204 MAE 0.432
INFO:root:After 1200 instances : Loss 1.061 MAE 1.007
INFO:root:After 1600 instances : Loss 0.985 MAE 0.964
INFO:root:After 2000 instances : Loss 0.059 MAE 0.216
INFO:root:After 2400 instances : Loss 0.711 MAE 0.806
INFO:root:After 2800 instances : Loss 1.798 MAE 1.283
INFO:root:After 3200 instances : Loss 0.095 MAE 0.133
INFO:root:After 3600 instances : Loss 0.009 MAE 0.041
INFO:root:After 4000 instances : Loss 0.611 MAE 0.755
INFO:root:After 4400 instances : Loss 0.108 MAE 0.292
INFO:root:After 4800 instances : Loss 0.510 MAE 0.687
INFO:root:After 5200 instances : Loss 1.380 MAE 1.127
INFO:root:After 5600 instances : Loss 0.008 MAE 0.052
INFO:root:After 6000 instances : Loss 0.041 MAE 0.172
INFO:root:After 6400 instances : Loss 0.024 MAE 0.153
INFO:root:After 6800 instances : Loss 0.668 MAE 0.804
INFO:root:After 7200 instances : Loss 0.039 MAE 0.180
INFO:root:After 7600 instances : Loss 0.103 MAE 0.321
INFO:root:After 8000 instances : Loss 0.107 MAE 0.128
INFO:root:After 8400 instances : Loss 0.065 MAE 0.238
INFO:root:After 8800 instances : Loss 0.354 MAE 0.183
INFO:root:After 9200 instances : Loss 0.054 MAE 0.230
INFO:root:After 9600 instances : Loss 0.193 MAE 0.434
INFO:root:After 10000 instances : Loss 0.103 MAE 0.316
INFO:root:After 10400 instances : Loss 0.038 MAE 0.176
INFO:__main__:Epoch 15 : Avg Error 0.065; Average Loss 0.016 Time : 668
INFO:root:After 0 instances : Loss 0.005 MAE 0.069
INFO:root:After 400 instances : Loss 0.066 MAE 0.247
INFO:root:After 800 instances : Loss 0.207 MAE 0.436
INFO:root:After 1200 instances : Loss 1.053 MAE 1.004
INFO:root:After 1600 instances : Loss 0.982 MAE 0.962
INFO:root:After 2000 instances : Loss 0.053 MAE 0.198
INFO:root:After 2400 instances : Loss 0.709 MAE 0.805
INFO:root:After 2800 instances : Loss 1.802 MAE 1.284
INFO:root:After 3200 instances : Loss 0.096 MAE 0.133
INFO:root:After 3600 instances : Loss 0.009 MAE 0.041
INFO:root:After 4000 instances : Loss 0.613 MAE 0.756
INFO:root:After 4400 instances : Loss 0.109 MAE 0.305
INFO:root:After 4800 instances : Loss 0.512 MAE 0.689
INFO:root:After 5200 instances : Loss 1.376 MAE 1.125
INFO:root:After 5600 instances : Loss 0.008 MAE 0.050
INFO:root:After 6000 instances : Loss 0.041 MAE 0.171
INFO:root:After 6400 instances : Loss 0.024 MAE 0.152
INFO:root:After 6800 instances : Loss 0.668 MAE 0.804
INFO:root:After 7200 instances : Loss 0.040 MAE 0.184
INFO:root:After 7600 instances : Loss 0.103 MAE 0.320
INFO:root:After 8000 instances : Loss 0.102 MAE 0.127
INFO:root:After 8400 instances : Loss 0.067 MAE 0.242
INFO:root:After 8800 instances : Loss 0.351 MAE 0.184
INFO:root:After 9200 instances : Loss 0.054 MAE 0.230
INFO:root:After 9600 instances : Loss 0.194 MAE 0.434
INFO:root:After 10000 instances : Loss 0.105 MAE 0.319
INFO:root:After 10400 instances : Loss 0.038 MAE 0.176
INFO:__main__:Epoch 16 : Avg Error 0.064; Average Loss 0.015 Time : 668
INFO:root:After 0 instances : Loss 0.004 MAE 0.067
INFO:root:After 400 instances : Loss 0.066 MAE 0.247
INFO:root:After 800 instances : Loss 0.210 MAE 0.439
INFO:root:After 1200 instances : Loss 1.046 MAE 1.001
INFO:root:After 1600 instances : Loss 0.978 MAE 0.960
INFO:root:After 2000 instances : Loss 0.048 MAE 0.181
INFO:root:After 2400 instances : Loss 0.708 MAE 0.804
INFO:root:After 2800 instances : Loss 1.805 MAE 1.285
INFO:root:After 3200 instances : Loss 0.096 MAE 0.133
INFO:root:After 3600 instances : Loss 0.009 MAE 0.040
INFO:root:After 4000 instances : Loss 0.614 MAE 0.757
INFO:root:After 4400 instances : Loss 0.112 MAE 0.317
INFO:root:After 4800 instances : Loss 0.515 MAE 0.690
INFO:root:After 5200 instances : Loss 1.371 MAE 1.123
INFO:root:After 5600 instances : Loss 0.008 MAE 0.047
INFO:root:After 6000 instances : Loss 0.041 MAE 0.170
INFO:root:After 6400 instances : Loss 0.024 MAE 0.153
INFO:root:After 6800 instances : Loss 0.666 MAE 0.802
INFO:root:After 7200 instances : Loss 0.042 MAE 0.188
INFO:root:After 7600 instances : Loss 0.103 MAE 0.320
INFO:root:After 8000 instances : Loss 0.098 MAE 0.126
INFO:root:After 8400 instances : Loss 0.067 MAE 0.241
INFO:root:After 8800 instances : Loss 0.350 MAE 0.184
INFO:root:After 9200 instances : Loss 0.054 MAE 0.231
INFO:root:After 9600 instances : Loss 0.191 MAE 0.431
INFO:root:After 10000 instances : Loss 0.107 MAE 0.323
INFO:root:After 10400 instances : Loss 0.038 MAE 0.175
INFO:__main__:Epoch 17 : Avg Error 0.064; Average Loss 0.015 Time : 668
INFO:root:After 0 instances : Loss 0.004 MAE 0.064
INFO:root:After 400 instances : Loss 0.066 MAE 0.247
INFO:root:After 800 instances : Loss 0.212 MAE 0.442
INFO:root:After 1200 instances : Loss 1.041 MAE 0.998
INFO:root:After 1600 instances : Loss 0.974 MAE 0.958
INFO:root:After 2000 instances : Loss 0.044 MAE 0.167
INFO:root:After 2400 instances : Loss 0.706 MAE 0.804
INFO:root:After 2800 instances : Loss 1.807 MAE 1.286
INFO:root:After 3200 instances : Loss 0.096 MAE 0.133
INFO:root:After 3600 instances : Loss 0.009 MAE 0.039
INFO:root:After 4000 instances : Loss 0.615 MAE 0.757
INFO:root:After 4400 instances : Loss 0.115 MAE 0.327
INFO:root:After 4800 instances : Loss 0.517 MAE 0.692
INFO:root:After 5200 instances : Loss 1.366 MAE 1.120
INFO:root:After 5600 instances : Loss 0.008 MAE 0.047
INFO:root:After 6000 instances : Loss 0.041 MAE 0.169
INFO:root:After 6400 instances : Loss 0.024 MAE 0.153
INFO:root:After 6800 instances : Loss 0.668 MAE 0.803
INFO:root:After 7200 instances : Loss 0.042 MAE 0.190
INFO:root:After 7600 instances : Loss 0.102 MAE 0.319
INFO:root:After 8000 instances : Loss 0.095 MAE 0.125
INFO:root:After 8400 instances : Loss 0.067 MAE 0.243
INFO:root:After 8800 instances : Loss 0.348 MAE 0.185
INFO:root:After 9200 instances : Loss 0.055 MAE 0.232
INFO:root:After 9600 instances : Loss 0.192 MAE 0.431
INFO:root:After 10000 instances : Loss 0.109 MAE 0.327
INFO:root:After 10400 instances : Loss 0.038 MAE 0.175
INFO:__main__:Epoch 18 : Avg Error 0.064; Average Loss 0.015 Time : 668
INFO:root:After 0 instances : Loss 0.004 MAE 0.063
INFO:root:After 400 instances : Loss 0.066 MAE 0.247
INFO:root:After 800 instances : Loss 0.214 MAE 0.445
INFO:root:After 1200 instances : Loss 1.035 MAE 0.996
INFO:root:After 1600 instances : Loss 0.969 MAE 0.956
INFO:root:After 2000 instances : Loss 0.041 MAE 0.155
INFO:root:After 2400 instances : Loss 0.705 MAE 0.803
INFO:root:After 2800 instances : Loss 1.809 MAE 1.287
INFO:root:After 3200 instances : Loss 0.097 MAE 0.133
INFO:root:After 3600 instances : Loss 0.008 MAE 0.039
INFO:root:After 4000 instances : Loss 0.616 MAE 0.758
INFO:root:After 4400 instances : Loss 0.119 MAE 0.335
INFO:root:After 4800 instances : Loss 0.520 MAE 0.694
INFO:root:After 5200 instances : Loss 1.361 MAE 1.118
INFO:root:After 5600 instances : Loss 0.008 MAE 0.044
INFO:root:After 6000 instances : Loss 0.041 MAE 0.169
INFO:root:After 6400 instances : Loss 0.024 MAE 0.153
INFO:root:After 6800 instances : Loss 0.666 MAE 0.802
INFO:root:After 7200 instances : Loss 0.044 MAE 0.194
INFO:root:After 7600 instances : Loss 0.102 MAE 0.319
INFO:root:After 8000 instances : Loss 0.092 MAE 0.125
INFO:root:After 8400 instances : Loss 0.067 MAE 0.244
INFO:root:After 8800 instances : Loss 0.346 MAE 0.185
INFO:root:After 9200 instances : Loss 0.055 MAE 0.232
INFO:root:After 9600 instances : Loss 0.192 MAE 0.432
INFO:root:After 10000 instances : Loss 0.111 MAE 0.330
INFO:root:After 10400 instances : Loss 0.038 MAE 0.176
INFO:__main__:Epoch 19 : Avg Error 0.063; Average Loss 0.015 Time : 668
INFO:root:After 0 instances : Loss 0.004 MAE 0.062
INFO:root:After 400 instances : Loss 0.066 MAE 0.248
INFO:root:After 800 instances : Loss 0.216 MAE 0.446
INFO:root:After 1200 instances : Loss 1.030 MAE 0.994
INFO:root:After 1600 instances : Loss 0.965 MAE 0.953
INFO:root:After 2000 instances : Loss 0.038 MAE 0.144
INFO:root:After 2400 instances : Loss 0.704 MAE 0.803
INFO:root:After 2800 instances : Loss 1.808 MAE 1.287
INFO:root:After 3200 instances : Loss 0.097 MAE 0.132
INFO:root:After 3600 instances : Loss 0.008 MAE 0.035
INFO:root:After 4000 instances : Loss 0.617 MAE 0.759
INFO:root:After 4400 instances : Loss 0.122 MAE 0.342
INFO:root:After 4800 instances : Loss 0.524 MAE 0.696
INFO:root:After 5200 instances : Loss 1.360 MAE 1.117
INFO:root:After 5600 instances : Loss 0.008 MAE 0.043
INFO:root:After 6000 instances : Loss 0.040 MAE 0.165
INFO:root:After 6400 instances : Loss 0.024 MAE 0.151
INFO:root:After 6800 instances : Loss 0.679 MAE 0.810
INFO:root:After 7200 instances : Loss 0.045 MAE 0.197
INFO:root:After 7600 instances : Loss 0.098 MAE 0.313
INFO:root:After 8000 instances : Loss 0.089 MAE 0.121
INFO:root:After 8400 instances : Loss 0.066 MAE 0.242
INFO:root:After 8800 instances : Loss 0.342 MAE 0.182
INFO:root:After 9200 instances : Loss 0.054 MAE 0.231
INFO:root:After 9600 instances : Loss 0.196 MAE 0.436
INFO:root:After 10000 instances : Loss 0.111 MAE 0.330
INFO:root:After 10400 instances : Loss 0.040 MAE 0.181
INFO:__main__:Epoch 20 : Avg Error 0.063; Average Loss 0.015 Time : 668
INFO:root:After 0 instances : Loss 0.004 MAE 0.062
INFO:root:After 400 instances : Loss 0.067 MAE 0.249
INFO:root:After 800 instances : Loss 0.216 MAE 0.447
INFO:root:After 1200 instances : Loss 1.019 MAE 0.989
INFO:root:After 1600 instances : Loss 0.963 MAE 0.952
INFO:root:After 2000 instances : Loss 0.037 MAE 0.137
INFO:root:After 2400 instances : Loss 0.703 MAE 0.802
INFO:root:After 2800 instances : Loss 1.811 MAE 1.288
INFO:root:After 3200 instances : Loss 0.097 MAE 0.134
INFO:root:After 3600 instances : Loss 0.008 MAE 0.034
INFO:root:After 4000 instances : Loss 0.618 MAE 0.760
INFO:root:After 4400 instances : Loss 0.125 MAE 0.348
INFO:root:After 4800 instances : Loss 0.527 MAE 0.699
INFO:root:After 5200 instances : Loss 1.353 MAE 1.114
INFO:root:After 5600 instances : Loss 0.007 MAE 0.041
INFO:root:After 6000 instances : Loss 0.040 MAE 0.165
INFO:root:After 6400 instances : Loss 0.024 MAE 0.152
INFO:root:After 6800 instances : Loss 0.676 MAE 0.808
INFO:root:After 7200 instances : Loss 0.045 MAE 0.198
INFO:root:After 7600 instances : Loss 0.099 MAE 0.314
INFO:root:After 8000 instances : Loss 0.087 MAE 0.120
INFO:root:After 8400 instances : Loss 0.066 MAE 0.243
INFO:root:After 8800 instances : Loss 0.341 MAE 0.183
INFO:root:After 9200 instances : Loss 0.055 MAE 0.232
INFO:root:After 9600 instances : Loss 0.197 MAE 0.437
INFO:root:After 10000 instances : Loss 0.113 MAE 0.333
INFO:root:After 10400 instances : Loss 0.040 MAE 0.182
INFO:__main__:Epoch 21 : Avg Error 0.062; Average Loss 0.015 Time : 668
INFO:root:After 0 instances : Loss 0.004 MAE 0.061
INFO:root:After 400 instances : Loss 0.071 MAE 0.257
INFO:root:After 800 instances : Loss 0.217 MAE 0.448
INFO:root:After 1200 instances : Loss 1.019 MAE 0.989
INFO:root:After 1600 instances : Loss 0.977 MAE 0.958
INFO:root:After 2000 instances : Loss 0.036 MAE 0.135
INFO:root:After 2400 instances : Loss 0.699 MAE 0.800
INFO:root:After 2800 instances : Loss 1.782 MAE 1.277
INFO:root:After 3200 instances : Loss 0.099 MAE 0.137
INFO:root:After 3600 instances : Loss 0.008 MAE 0.034
INFO:root:After 4000 instances : Loss 0.629 MAE 0.766
INFO:root:After 4400 instances : Loss 0.126 MAE 0.351
INFO:root:After 4800 instances : Loss 0.530 MAE 0.700
INFO:root:After 5200 instances : Loss 1.355 MAE 1.114
INFO:root:After 5600 instances : Loss 0.007 MAE 0.038
INFO:root:After 6000 instances : Loss 0.036 MAE 0.152
INFO:root:After 6400 instances : Loss 0.022 MAE 0.147
INFO:root:After 6800 instances : Loss 0.671 MAE 0.805
INFO:root:After 7200 instances : Loss 0.048 MAE 0.205
INFO:root:After 7600 instances : Loss 0.098 MAE 0.312
INFO:root:After 8000 instances : Loss 0.085 MAE 0.127
INFO:root:After 8400 instances : Loss 0.066 MAE 0.241
INFO:root:After 8800 instances : Loss 0.340 MAE 0.179
INFO:root:After 9200 instances : Loss 0.058 MAE 0.238
INFO:root:After 9600 instances : Loss 0.195 MAE 0.435
INFO:root:After 10000 instances : Loss 0.115 MAE 0.336
INFO:root:After 10400 instances : Loss 0.040 MAE 0.180
INFO:__main__:Epoch 22 : Avg Error 0.064; Average Loss 0.015 Time : 668
INFO:root:After 0 instances : Loss 0.004 MAE 0.060
INFO:root:After 400 instances : Loss 0.071 MAE 0.256
INFO:root:After 800 instances : Loss 0.218 MAE 0.449
INFO:root:After 1200 instances : Loss 1.014 MAE 0.987
INFO:root:After 1600 instances : Loss 0.974 MAE 0.957
INFO:root:After 2000 instances : Loss 0.035 MAE 0.130
INFO:root:After 2400 instances : Loss 0.696 MAE 0.798
INFO:root:After 2800 instances : Loss 1.783 MAE 1.277
INFO:root:After 3200 instances : Loss 0.099 MAE 0.139
INFO:root:After 3600 instances : Loss 0.008 MAE 0.033
INFO:root:After 4000 instances : Loss 0.630 MAE 0.767
INFO:root:After 4400 instances : Loss 0.129 MAE 0.354
INFO:root:After 4800 instances : Loss 0.533 MAE 0.702
INFO:root:After 5200 instances : Loss 1.350 MAE 1.112
INFO:root:After 5600 instances : Loss 0.007 MAE 0.037
INFO:root:After 6000 instances : Loss 0.036 MAE 0.151
INFO:root:After 6400 instances : Loss 0.023 MAE 0.148
INFO:root:After 6800 instances : Loss 0.670 MAE 0.804
INFO:root:After 7200 instances : Loss 0.049 MAE 0.206
INFO:root:After 7600 instances : Loss 0.097 MAE 0.311
INFO:root:After 8000 instances : Loss 0.083 MAE 0.127
INFO:root:After 8400 instances : Loss 0.066 MAE 0.243
INFO:root:After 8800 instances : Loss 0.338 MAE 0.180
INFO:root:After 9200 instances : Loss 0.058 MAE 0.239
INFO:root:After 9600 instances : Loss 0.196 MAE 0.436
INFO:root:After 10000 instances : Loss 0.117 MAE 0.339
INFO:root:After 10400 instances : Loss 0.040 MAE 0.181
INFO:__main__:Epoch 23 : Avg Error 0.064; Average Loss 0.015 Time : 668
INFO:root:After 0 instances : Loss 0.004 MAE 0.060
INFO:root:After 400 instances : Loss 0.071 MAE 0.257
INFO:root:After 800 instances : Loss 0.219 MAE 0.450
INFO:root:After 1200 instances : Loss 1.009 MAE 0.984
INFO:root:After 1600 instances : Loss 0.970 MAE 0.955
INFO:root:After 2000 instances : Loss 0.034 MAE 0.126
INFO:root:After 2400 instances : Loss 0.694 MAE 0.798
INFO:root:After 2800 instances : Loss 1.784 MAE 1.278
INFO:root:After 3200 instances : Loss 0.099 MAE 0.139
INFO:root:After 3600 instances : Loss 0.008 MAE 0.033
INFO:root:After 4000 instances : Loss 0.630 MAE 0.767
INFO:root:After 4400 instances : Loss 0.131 MAE 0.358
INFO:root:After 4800 instances : Loss 0.535 MAE 0.704
INFO:root:After 5200 instances : Loss 1.343 MAE 1.109
INFO:root:After 5600 instances : Loss 0.007 MAE 0.036
INFO:root:After 6000 instances : Loss 0.036 MAE 0.151
INFO:root:After 6400 instances : Loss 0.023 MAE 0.148
INFO:root:After 6800 instances : Loss 0.674 MAE 0.806
INFO:root:After 7200 instances : Loss 0.049 MAE 0.207
INFO:root:After 7600 instances : Loss 0.098 MAE 0.312
INFO:root:After 8000 instances : Loss 0.082 MAE 0.127
INFO:root:After 8400 instances : Loss 0.066 MAE 0.243
INFO:root:After 8800 instances : Loss 0.337 MAE 0.181
INFO:root:After 9200 instances : Loss 0.059 MAE 0.240
INFO:root:After 9600 instances : Loss 0.197 MAE 0.437
INFO:root:After 10000 instances : Loss 0.118 MAE 0.341
INFO:root:After 10400 instances : Loss 0.040 MAE 0.182
INFO:__main__:Epoch 24 : Avg Error 0.064; Average Loss 0.015 Time : 668
INFO:root:After 0 instances : Loss 0.003 MAE 0.059
INFO:root:After 400 instances : Loss 0.072 MAE 0.259
INFO:root:After 800 instances : Loss 0.220 MAE 0.451
INFO:root:After 1200 instances : Loss 1.004 MAE 0.982
INFO:root:After 1600 instances : Loss 0.968 MAE 0.953
INFO:root:After 2000 instances : Loss 0.033 MAE 0.122
INFO:root:After 2400 instances : Loss 0.693 MAE 0.797
INFO:root:After 2800 instances : Loss 1.787 MAE 1.279
INFO:root:After 3200 instances : Loss 0.099 MAE 0.139
INFO:root:After 3600 instances : Loss 0.007 MAE 0.032
INFO:root:After 4000 instances : Loss 0.630 MAE 0.767
INFO:root:After 4400 instances : Loss 0.132 MAE 0.360
INFO:root:After 4800 instances : Loss 0.537 MAE 0.705
INFO:root:After 5200 instances : Loss 1.336 MAE 1.106
INFO:root:After 5600 instances : Loss 0.007 MAE 0.034
INFO:root:After 6000 instances : Loss 0.036 MAE 0.150
INFO:root:After 6400 instances : Loss 0.023 MAE 0.149
INFO:root:After 6800 instances : Loss 0.672 MAE 0.805
INFO:root:After 7200 instances : Loss 0.050 MAE 0.209
INFO:root:After 7600 instances : Loss 0.098 MAE 0.312
INFO:root:After 8000 instances : Loss 0.081 MAE 0.127
INFO:root:After 8400 instances : Loss 0.067 MAE 0.246
INFO:root:After 8800 instances : Loss 0.336 MAE 0.182
INFO:root:After 9200 instances : Loss 0.060 MAE 0.241
INFO:root:After 9600 instances : Loss 0.201 MAE 0.441
INFO:root:After 10000 instances : Loss 0.119 MAE 0.342
INFO:root:After 10400 instances : Loss 0.041 MAE 0.183
INFO:__main__:Epoch 25 : Avg Error 0.063; Average Loss 0.015 Time : 668
INFO:__main__:Training finished : Duration 17450 secs, Avg Loss 0.015, Mean Average Error 0.063, Error ratio 0.635
ERROR:root:Issue saving model or model parameters
INFO:__main__:Evaluating on the validation set...
INFO:root:After 1 instances: Average Loss : 0.358 Average Error : 0.598
INFO:root:After 21 instances: Average Loss : 0.334 Average Error : 0.418
INFO:root:After 41 instances: Average Loss : 0.408 Average Error : 0.457
INFO:root:After 61 instances: Average Loss : 0.347 Average Error : 0.427
INFO:root:After 81 instances: Average Loss : 0.389 Average Error : 0.459
INFO:root:After 101 instances: Average Loss : 0.504 Average Error : 0.478
INFO:root:After 121 instances: Average Loss : 0.476 Average Error : 0.468
INFO:root:After 141 instances: Average Loss : 0.473 Average Error : 0.453
INFO:root:After 161 instances: Average Loss : 0.425 Average Error : 0.422
INFO:root:After 181 instances: Average Loss : 0.388 Average Error : 0.399
INFO:root:After 201 instances: Average Loss : 0.387 Average Error : 0.400
INFO:root:After 221 instances: Average Loss : 0.363 Average Error : 0.388
INFO:root:After 241 instances: Average Loss : 0.420 Average Error : 0.418
INFO:root:After 261 instances: Average Loss : 0.407 Average Error : 0.415
INFO:root:After 281 instances: Average Loss : 0.409 Average Error : 0.417
INFO:root:After 301 instances: Average Loss : 0.401 Average Error : 0.412
INFO:root:After 321 instances: Average Loss : 0.398 Average Error : 0.412
INFO:root:After 341 instances: Average Loss : 0.395 Average Error : 0.412
INFO:root:After 361 instances: Average Loss : 0.382 Average Error : 0.407
INFO:root:After 381 instances: Average Loss : 0.379 Average Error : 0.405
INFO:root:After 401 instances: Average Loss : 0.393 Average Error : 0.412
INFO:root:After 421 instances: Average Loss : 0.401 Average Error : 0.416
INFO:root:After 441 instances: Average Loss : 0.391 Average Error : 0.411
INFO:root:After 461 instances: Average Loss : 0.382 Average Error : 0.408
INFO:root:After 481 instances: Average Loss : 0.373 Average Error : 0.404
INFO:root:After 501 instances: Average Loss : 0.372 Average Error : 0.407
INFO:root:After 521 instances: Average Loss : 0.376 Average Error : 0.411
INFO:root:After 541 instances: Average Loss : 0.375 Average Error : 0.412
INFO:root:After 561 instances: Average Loss : 0.383 Average Error : 0.418
INFO:root:After 581 instances: Average Loss : 0.389 Average Error : 0.420
INFO:root:After 601 instances: Average Loss : 0.391 Average Error : 0.421
INFO:root:After 621 instances: Average Loss : 0.388 Average Error : 0.420
INFO:root:After 641 instances: Average Loss : 0.386 Average Error : 0.420
INFO:root:After 661 instances: Average Loss : 0.381 Average Error : 0.416
INFO:root:After 681 instances: Average Loss : 0.377 Average Error : 0.414
INFO:root:After 701 instances: Average Loss : 0.386 Average Error : 0.414
INFO:root:After 721 instances: Average Loss : 0.383 Average Error : 0.413
INFO:root:After 741 instances: Average Loss : 0.382 Average Error : 0.414
INFO:root:After 761 instances: Average Loss : 0.384 Average Error : 0.414
INFO:root:After 781 instances: Average Loss : 0.378 Average Error : 0.411
INFO:root:After 801 instances: Average Loss : 0.386 Average Error : 0.412
INFO:root:After 821 instances: Average Loss : 0.381 Average Error : 0.411
INFO:root:After 841 instances: Average Loss : 0.375 Average Error : 0.408
INFO:root:After 861 instances: Average Loss : 0.371 Average Error : 0.405
INFO:root:After 881 instances: Average Loss : 0.373 Average Error : 0.406
INFO:root:After 901 instances: Average Loss : 0.369 Average Error : 0.405
INFO:root:After 921 instances: Average Loss : 0.366 Average Error : 0.405
INFO:root:After 941 instances: Average Loss : 0.364 Average Error : 0.404
INFO:root:After 961 instances: Average Loss : 0.365 Average Error : 0.406
INFO:root:After 981 instances: Average Loss : 0.361 Average Error : 0.403
INFO:root:After 1001 instances: Average Loss : 0.359 Average Error : 0.402
INFO:root:After 1021 instances: Average Loss : 0.361 Average Error : 0.403
INFO:root:After 1041 instances: Average Loss : 0.361 Average Error : 0.404
INFO:root:After 1061 instances: Average Loss : 0.358 Average Error : 0.402
INFO:root:After 1081 instances: Average Loss : 0.356 Average Error : 0.401
INFO:root:After 1101 instances: Average Loss : 0.365 Average Error : 0.403
INFO:root:After 1121 instances: Average Loss : 0.363 Average Error : 0.402
INFO:root:After 1141 instances: Average Loss : 0.361 Average Error : 0.402
INFO:root:After 1161 instances: Average Loss : 0.359 Average Error : 0.402
INFO:root:After 1181 instances: Average Loss : 0.363 Average Error : 0.405
INFO:root:After 1201 instances: Average Loss : 0.361 Average Error : 0.404
INFO:root:After 1221 instances: Average Loss : 0.368 Average Error : 0.407
INFO:root:After 1241 instances: Average Loss : 0.366 Average Error : 0.407
INFO:root:After 1261 instances: Average Loss : 0.366 Average Error : 0.407
INFO:root:After 1281 instances: Average Loss : 0.366 Average Error : 0.408
INFO:root:After 1301 instances: Average Loss : 0.363 Average Error : 0.406
INFO:root:After 1321 instances: Average Loss : 0.360 Average Error : 0.405
INFO:__main__:Validation finished : Avg loss 0.360, Mean Average Error 0.405, Error ratio 4.053, Duration : 52 seconds
