INFO:__main__:Log path : log/qm9/lg_False_up_1_bs_20_ep_25_st_10_op_adamax_lr_0.0004_da_0.9_L_8_h_2_ta_0_031.pickle
INFO:root:New directory created
INFO:__main__:Working on CPU
INFO:root:Loading data...
INFO:__main__:Number of training instances : 10710
INFO:__main__:Number of validation instances : 1338
INFO:__main__:Network created
INFO:__main__:Training the GNN
INFO:root:Batch 1 : Loss 59.025 MAE 7.675
INFO:root:Batch 21 : Loss 43.483 MAE 6.585
INFO:root:Batch 41 : Loss 32.768 MAE 5.704
INFO:root:Batch 61 : Loss 25.069 MAE 4.994
INFO:root:Batch 81 : Loss 20.642 MAE 4.496
INFO:root:Batch 101 : Loss 16.220 MAE 3.999
INFO:root:Batch 121 : Loss 11.601 MAE 3.350
INFO:root:Batch 141 : Loss 9.462 MAE 3.016
INFO:root:Batch 161 : Loss 7.589 MAE 2.668
INFO:root:Batch 181 : Loss 6.710 MAE 2.508
INFO:root:Batch 201 : Loss 4.342 MAE 1.976
INFO:root:Batch 221 : Loss 4.144 MAE 1.921
INFO:root:Batch 241 : Loss 2.988 MAE 1.607
INFO:root:Batch 261 : Loss 3.470 MAE 1.721
INFO:root:Batch 281 : Loss 2.177 MAE 1.310
INFO:root:Batch 301 : Loss 2.402 MAE 1.373
INFO:root:Batch 321 : Loss 1.595 MAE 1.101
INFO:root:Batch 341 : Loss 1.655 MAE 1.107
INFO:root:Batch 361 : Loss 1.409 MAE 0.973
INFO:root:Batch 381 : Loss 1.483 MAE 0.987
INFO:root:Batch 401 : Loss 1.551 MAE 0.933
INFO:root:Batch 421 : Loss 1.610 MAE 1.073
INFO:root:Batch 441 : Loss 0.565 MAE 0.601
INFO:root:Batch 461 : Loss 1.212 MAE 0.775
INFO:root:Batch 481 : Loss 0.998 MAE 0.752
INFO:root:Batch 501 : Loss 1.493 MAE 0.959
INFO:root:Batch 521 : Loss 1.512 MAE 0.952
INFO:__main__:Epoch 1 : Avg Error 1.023; Average Loss 1.308 Time : 62
INFO:root:Batch 1 : Loss 0.549 MAE 0.582
INFO:root:Batch 21 : Loss 0.688 MAE 0.672
INFO:root:Batch 41 : Loss 0.602 MAE 0.628
INFO:root:Batch 61 : Loss 0.467 MAE 0.565
INFO:root:Batch 81 : Loss 0.754 MAE 0.620
INFO:root:Batch 101 : Loss 0.576 MAE 0.596
INFO:root:Batch 121 : Loss 0.608 MAE 0.576
INFO:root:Batch 141 : Loss 0.453 MAE 0.529
INFO:root:Batch 161 : Loss 0.412 MAE 0.528
INFO:root:Batch 181 : Loss 0.568 MAE 0.599
INFO:root:Batch 201 : Loss 0.421 MAE 0.473
INFO:root:Batch 221 : Loss 0.470 MAE 0.564
INFO:root:Batch 241 : Loss 0.325 MAE 0.454
INFO:root:Batch 261 : Loss 0.653 MAE 0.626
INFO:root:Batch 281 : Loss 0.558 MAE 0.553
INFO:root:Batch 301 : Loss 0.434 MAE 0.528
INFO:root:Batch 321 : Loss 0.246 MAE 0.359
INFO:root:Batch 341 : Loss 0.429 MAE 0.508
INFO:root:Batch 361 : Loss 0.619 MAE 0.611
INFO:root:Batch 381 : Loss 0.454 MAE 0.491
INFO:root:Batch 401 : Loss 0.519 MAE 0.528
INFO:root:Batch 421 : Loss 0.581 MAE 0.603
INFO:root:Batch 441 : Loss 0.390 MAE 0.480
INFO:root:Batch 461 : Loss 0.529 MAE 0.497
INFO:root:Batch 481 : Loss 0.374 MAE 0.468
INFO:root:Batch 501 : Loss 0.609 MAE 0.516
INFO:root:Batch 521 : Loss 0.849 MAE 0.672
INFO:__main__:Epoch 2 : Avg Error 0.741; Average Loss 0.700 Time : 60
INFO:root:Batch 1 : Loss 0.337 MAE 0.455
INFO:root:Batch 21 : Loss 0.382 MAE 0.442
INFO:root:Batch 41 : Loss 0.504 MAE 0.618
INFO:root:Batch 61 : Loss 0.353 MAE 0.497
INFO:root:Batch 81 : Loss 0.581 MAE 0.518
INFO:root:Batch 101 : Loss 0.310 MAE 0.434
INFO:root:Batch 121 : Loss 0.358 MAE 0.441
INFO:root:Batch 141 : Loss 0.283 MAE 0.380
INFO:root:Batch 161 : Loss 0.223 MAE 0.395
INFO:root:Batch 181 : Loss 0.385 MAE 0.495
INFO:root:Batch 201 : Loss 0.382 MAE 0.488
INFO:root:Batch 221 : Loss 0.320 MAE 0.450
INFO:root:Batch 241 : Loss 0.264 MAE 0.377
INFO:root:Batch 261 : Loss 0.442 MAE 0.460
INFO:root:Batch 281 : Loss 0.497 MAE 0.524
INFO:root:Batch 301 : Loss 0.358 MAE 0.451
INFO:root:Batch 321 : Loss 0.167 MAE 0.304
INFO:root:Batch 341 : Loss 0.403 MAE 0.487
INFO:root:Batch 361 : Loss 0.583 MAE 0.593
INFO:root:Batch 381 : Loss 0.308 MAE 0.416
INFO:root:Batch 401 : Loss 0.447 MAE 0.467
INFO:root:Batch 421 : Loss 0.487 MAE 0.515
INFO:root:Batch 441 : Loss 0.306 MAE 0.429
INFO:root:Batch 461 : Loss 0.474 MAE 0.471
INFO:root:Batch 481 : Loss 0.326 MAE 0.414
INFO:root:Batch 501 : Loss 0.493 MAE 0.463
INFO:root:Batch 521 : Loss 0.812 MAE 0.645
INFO:__main__:Epoch 3 : Avg Error 0.698; Average Loss 0.641 Time : 60
INFO:root:Batch 1 : Loss 0.321 MAE 0.428
INFO:root:Batch 21 : Loss 0.279 MAE 0.373
INFO:root:Batch 41 : Loss 0.496 MAE 0.587
INFO:root:Batch 61 : Loss 0.283 MAE 0.444
INFO:root:Batch 81 : Loss 0.562 MAE 0.489
INFO:root:Batch 101 : Loss 0.245 MAE 0.377
INFO:root:Batch 121 : Loss 0.336 MAE 0.452
INFO:root:Batch 141 : Loss 0.243 MAE 0.334
INFO:root:Batch 161 : Loss 0.187 MAE 0.352
INFO:root:Batch 181 : Loss 0.327 MAE 0.453
INFO:root:Batch 201 : Loss 0.358 MAE 0.468
INFO:root:Batch 221 : Loss 0.277 MAE 0.395
INFO:root:Batch 241 : Loss 0.254 MAE 0.353
INFO:root:Batch 261 : Loss 0.387 MAE 0.418
INFO:root:Batch 281 : Loss 0.466 MAE 0.513
INFO:root:Batch 301 : Loss 0.322 MAE 0.401
INFO:root:Batch 321 : Loss 0.154 MAE 0.295
INFO:root:Batch 341 : Loss 0.393 MAE 0.484
INFO:root:Batch 361 : Loss 0.569 MAE 0.584
INFO:root:Batch 381 : Loss 0.249 MAE 0.371
INFO:root:Batch 401 : Loss 0.400 MAE 0.429
INFO:root:Batch 421 : Loss 0.463 MAE 0.499
INFO:root:Batch 441 : Loss 0.272 MAE 0.418
INFO:root:Batch 461 : Loss 0.451 MAE 0.427
INFO:root:Batch 481 : Loss 0.311 MAE 0.395
INFO:root:Batch 501 : Loss 0.444 MAE 0.434
INFO:root:Batch 521 : Loss 0.787 MAE 0.635
INFO:__main__:Epoch 4 : Avg Error 0.693; Average Loss 0.644 Time : 60
INFO:root:Batch 1 : Loss 0.305 MAE 0.406
INFO:root:Batch 21 : Loss 0.248 MAE 0.346
INFO:root:Batch 41 : Loss 0.534 MAE 0.606
INFO:root:Batch 61 : Loss 0.251 MAE 0.413
INFO:root:Batch 81 : Loss 0.538 MAE 0.469
INFO:root:Batch 101 : Loss 0.232 MAE 0.365
INFO:root:Batch 121 : Loss 0.331 MAE 0.457
INFO:root:Batch 141 : Loss 0.227 MAE 0.310
INFO:root:Batch 161 : Loss 0.173 MAE 0.337
INFO:root:Batch 181 : Loss 0.308 MAE 0.425
INFO:root:Batch 201 : Loss 0.340 MAE 0.449
INFO:root:Batch 221 : Loss 0.267 MAE 0.377
INFO:root:Batch 241 : Loss 0.250 MAE 0.346
INFO:root:Batch 261 : Loss 0.370 MAE 0.418
INFO:root:Batch 281 : Loss 0.442 MAE 0.503
INFO:root:Batch 301 : Loss 0.306 MAE 0.382
INFO:root:Batch 321 : Loss 0.150 MAE 0.294
INFO:root:Batch 341 : Loss 0.390 MAE 0.480
INFO:root:Batch 361 : Loss 0.547 MAE 0.573
INFO:root:Batch 381 : Loss 0.225 MAE 0.352
INFO:root:Batch 401 : Loss 0.381 MAE 0.411
INFO:root:Batch 421 : Loss 0.449 MAE 0.493
INFO:root:Batch 441 : Loss 0.258 MAE 0.411
INFO:root:Batch 461 : Loss 0.435 MAE 0.424
INFO:root:Batch 481 : Loss 0.304 MAE 0.391
INFO:root:Batch 501 : Loss 0.420 MAE 0.414
INFO:root:Batch 521 : Loss 0.771 MAE 0.633
INFO:__main__:Epoch 5 : Avg Error 0.696; Average Loss 0.653 Time : 60
INFO:root:Batch 1 : Loss 0.296 MAE 0.392
INFO:root:Batch 21 : Loss 0.243 MAE 0.338
INFO:root:Batch 41 : Loss 0.545 MAE 0.606
INFO:root:Batch 61 : Loss 0.232 MAE 0.395
INFO:root:Batch 81 : Loss 0.522 MAE 0.459
INFO:root:Batch 101 : Loss 0.228 MAE 0.361
INFO:root:Batch 121 : Loss 0.332 MAE 0.463
INFO:root:Batch 141 : Loss 0.217 MAE 0.298
INFO:root:Batch 161 : Loss 0.166 MAE 0.330
INFO:root:Batch 181 : Loss 0.292 MAE 0.404
INFO:root:Batch 201 : Loss 0.323 MAE 0.434
INFO:root:Batch 221 : Loss 0.262 MAE 0.377
INFO:root:Batch 241 : Loss 0.248 MAE 0.345
INFO:root:Batch 261 : Loss 0.364 MAE 0.420
INFO:root:Batch 281 : Loss 0.423 MAE 0.489
INFO:root:Batch 301 : Loss 0.290 MAE 0.368
INFO:root:Batch 321 : Loss 0.148 MAE 0.293
INFO:root:Batch 341 : Loss 0.386 MAE 0.474
INFO:root:Batch 361 : Loss 0.524 MAE 0.557
INFO:root:Batch 381 : Loss 0.209 MAE 0.341
INFO:root:Batch 401 : Loss 0.364 MAE 0.395
INFO:root:Batch 421 : Loss 0.436 MAE 0.488
INFO:root:Batch 441 : Loss 0.250 MAE 0.406
INFO:root:Batch 461 : Loss 0.415 MAE 0.410
INFO:root:Batch 481 : Loss 0.298 MAE 0.386
INFO:root:Batch 501 : Loss 0.409 MAE 0.400
INFO:root:Batch 521 : Loss 0.757 MAE 0.631
INFO:__main__:Epoch 6 : Avg Error 0.703; Average Loss 0.662 Time : 60
INFO:root:Batch 1 : Loss 0.289 MAE 0.382
INFO:root:Batch 21 : Loss 0.237 MAE 0.333
INFO:root:Batch 41 : Loss 0.542 MAE 0.601
INFO:root:Batch 61 : Loss 0.217 MAE 0.380
INFO:root:Batch 81 : Loss 0.506 MAE 0.451
INFO:root:Batch 101 : Loss 0.226 MAE 0.359
INFO:root:Batch 121 : Loss 0.333 MAE 0.465
INFO:root:Batch 141 : Loss 0.210 MAE 0.287
INFO:root:Batch 161 : Loss 0.162 MAE 0.327
INFO:root:Batch 181 : Loss 0.282 MAE 0.391
INFO:root:Batch 201 : Loss 0.309 MAE 0.424
INFO:root:Batch 221 : Loss 0.259 MAE 0.378
INFO:root:Batch 241 : Loss 0.245 MAE 0.345
INFO:root:Batch 261 : Loss 0.360 MAE 0.422
INFO:root:Batch 281 : Loss 0.416 MAE 0.481
INFO:root:Batch 301 : Loss 0.280 MAE 0.361
INFO:root:Batch 321 : Loss 0.147 MAE 0.292
INFO:root:Batch 341 : Loss 0.384 MAE 0.471
INFO:root:Batch 361 : Loss 0.505 MAE 0.543
INFO:root:Batch 381 : Loss 0.197 MAE 0.332
INFO:root:Batch 401 : Loss 0.353 MAE 0.383
INFO:root:Batch 421 : Loss 0.426 MAE 0.484
INFO:root:Batch 441 : Loss 0.245 MAE 0.404
INFO:root:Batch 461 : Loss 0.402 MAE 0.398
INFO:root:Batch 481 : Loss 0.293 MAE 0.383
INFO:root:Batch 501 : Loss 0.402 MAE 0.393
INFO:root:Batch 521 : Loss 0.751 MAE 0.632
INFO:__main__:Epoch 7 : Avg Error 0.710; Average Loss 0.670 Time : 60
INFO:root:Batch 1 : Loss 0.283 MAE 0.375
INFO:root:Batch 21 : Loss 0.240 MAE 0.333
INFO:root:Batch 41 : Loss 0.529 MAE 0.592
INFO:root:Batch 61 : Loss 0.213 MAE 0.377
INFO:root:Batch 81 : Loss 0.496 MAE 0.444
INFO:root:Batch 101 : Loss 0.226 MAE 0.357
INFO:root:Batch 121 : Loss 0.327 MAE 0.465
INFO:root:Batch 141 : Loss 0.205 MAE 0.278
INFO:root:Batch 161 : Loss 0.160 MAE 0.326
INFO:root:Batch 181 : Loss 0.271 MAE 0.379
INFO:root:Batch 201 : Loss 0.297 MAE 0.414
INFO:root:Batch 221 : Loss 0.257 MAE 0.379
INFO:root:Batch 241 : Loss 0.241 MAE 0.347
INFO:root:Batch 261 : Loss 0.359 MAE 0.424
INFO:root:Batch 281 : Loss 0.410 MAE 0.476
INFO:root:Batch 301 : Loss 0.270 MAE 0.355
INFO:root:Batch 321 : Loss 0.144 MAE 0.290
INFO:root:Batch 341 : Loss 0.383 MAE 0.472
INFO:root:Batch 361 : Loss 0.488 MAE 0.530
INFO:root:Batch 381 : Loss 0.187 MAE 0.324
INFO:root:Batch 401 : Loss 0.343 MAE 0.374
INFO:root:Batch 421 : Loss 0.418 MAE 0.482
INFO:root:Batch 441 : Loss 0.242 MAE 0.401
INFO:root:Batch 461 : Loss 0.393 MAE 0.390
INFO:root:Batch 481 : Loss 0.290 MAE 0.382
INFO:root:Batch 501 : Loss 0.400 MAE 0.388
INFO:root:Batch 521 : Loss 0.745 MAE 0.631
INFO:__main__:Epoch 8 : Avg Error 0.717; Average Loss 0.676 Time : 61
INFO:root:Batch 1 : Loss 0.278 MAE 0.369
INFO:root:Batch 21 : Loss 0.242 MAE 0.332
INFO:root:Batch 41 : Loss 0.516 MAE 0.583
INFO:root:Batch 61 : Loss 0.208 MAE 0.372
INFO:root:Batch 81 : Loss 0.488 MAE 0.444
INFO:root:Batch 101 : Loss 0.224 MAE 0.351
INFO:root:Batch 121 : Loss 0.315 MAE 0.460
INFO:root:Batch 141 : Loss 0.201 MAE 0.270
INFO:root:Batch 161 : Loss 0.159 MAE 0.325
INFO:root:Batch 181 : Loss 0.262 MAE 0.369
INFO:root:Batch 201 : Loss 0.286 MAE 0.409
INFO:root:Batch 221 : Loss 0.253 MAE 0.376
INFO:root:Batch 241 : Loss 0.237 MAE 0.346
INFO:root:Batch 261 : Loss 0.359 MAE 0.426
INFO:root:Batch 281 : Loss 0.406 MAE 0.478
INFO:root:Batch 301 : Loss 0.262 MAE 0.352
INFO:root:Batch 321 : Loss 0.140 MAE 0.287
INFO:root:Batch 341 : Loss 0.379 MAE 0.469
INFO:root:Batch 361 : Loss 0.473 MAE 0.517
INFO:root:Batch 381 : Loss 0.179 MAE 0.318
INFO:root:Batch 401 : Loss 0.334 MAE 0.365
INFO:root:Batch 421 : Loss 0.410 MAE 0.479
INFO:root:Batch 441 : Loss 0.241 MAE 0.399
INFO:root:Batch 461 : Loss 0.388 MAE 0.388
INFO:root:Batch 481 : Loss 0.287 MAE 0.381
INFO:root:Batch 501 : Loss 0.401 MAE 0.385
INFO:root:Batch 521 : Loss 0.737 MAE 0.630
INFO:__main__:Epoch 9 : Avg Error 0.722; Average Loss 0.681 Time : 61
INFO:root:Batch 1 : Loss 0.274 MAE 0.364
INFO:root:Batch 21 : Loss 0.242 MAE 0.330
INFO:root:Batch 41 : Loss 0.504 MAE 0.580
INFO:root:Batch 61 : Loss 0.200 MAE 0.364
INFO:root:Batch 81 : Loss 0.478 MAE 0.447
INFO:root:Batch 101 : Loss 0.224 MAE 0.345
INFO:root:Batch 121 : Loss 0.303 MAE 0.454
INFO:root:Batch 141 : Loss 0.197 MAE 0.268
INFO:root:Batch 161 : Loss 0.155 MAE 0.321
INFO:root:Batch 181 : Loss 0.254 MAE 0.358
INFO:root:Batch 201 : Loss 0.274 MAE 0.404
INFO:root:Batch 221 : Loss 0.248 MAE 0.369
INFO:root:Batch 241 : Loss 0.233 MAE 0.345
INFO:root:Batch 261 : Loss 0.358 MAE 0.428
INFO:root:Batch 281 : Loss 0.406 MAE 0.485
INFO:root:Batch 301 : Loss 0.254 MAE 0.349
INFO:root:Batch 321 : Loss 0.134 MAE 0.281
INFO:root:Batch 341 : Loss 0.375 MAE 0.471
INFO:root:Batch 361 : Loss 0.461 MAE 0.505
INFO:root:Batch 381 : Loss 0.169 MAE 0.308
INFO:root:Batch 401 : Loss 0.327 MAE 0.357
INFO:root:Batch 421 : Loss 0.401 MAE 0.475
INFO:root:Batch 441 : Loss 0.239 MAE 0.398
INFO:root:Batch 461 : Loss 0.386 MAE 0.390
INFO:root:Batch 481 : Loss 0.283 MAE 0.378
INFO:root:Batch 501 : Loss 0.402 MAE 0.386
INFO:root:Batch 521 : Loss 0.730 MAE 0.628
INFO:__main__:Epoch 10 : Avg Error 0.728; Average Loss 0.684 Time : 63
INFO:root:Batch 1 : Loss 0.272 MAE 0.357
INFO:root:Batch 21 : Loss 0.246 MAE 0.327
INFO:root:Batch 41 : Loss 0.477 MAE 0.570
INFO:root:Batch 61 : Loss 0.196 MAE 0.358
INFO:root:Batch 81 : Loss 0.469 MAE 0.452
INFO:root:Batch 101 : Loss 0.224 MAE 0.347
INFO:root:Batch 121 : Loss 0.293 MAE 0.448
INFO:root:Batch 141 : Loss 0.194 MAE 0.267
INFO:root:Batch 161 : Loss 0.147 MAE 0.313
INFO:root:Batch 181 : Loss 0.250 MAE 0.351
INFO:root:Batch 201 : Loss 0.262 MAE 0.395
INFO:root:Batch 221 : Loss 0.244 MAE 0.357
INFO:root:Batch 241 : Loss 0.232 MAE 0.341
INFO:root:Batch 261 : Loss 0.356 MAE 0.427
INFO:root:Batch 281 : Loss 0.405 MAE 0.486
INFO:root:Batch 301 : Loss 0.249 MAE 0.345
INFO:root:Batch 321 : Loss 0.130 MAE 0.279
INFO:root:Batch 341 : Loss 0.370 MAE 0.471
INFO:root:Batch 361 : Loss 0.453 MAE 0.495
INFO:root:Batch 381 : Loss 0.161 MAE 0.296
INFO:root:Batch 401 : Loss 0.323 MAE 0.352
INFO:root:Batch 421 : Loss 0.388 MAE 0.471
INFO:root:Batch 441 : Loss 0.242 MAE 0.400
INFO:root:Batch 461 : Loss 0.380 MAE 0.388
INFO:root:Batch 481 : Loss 0.279 MAE 0.374
INFO:root:Batch 501 : Loss 0.399 MAE 0.388
INFO:root:Batch 521 : Loss 0.725 MAE 0.633
INFO:__main__:Epoch 11 : Avg Error 0.733; Average Loss 0.684 Time : 128
INFO:root:Batch 1 : Loss 0.270 MAE 0.350
INFO:root:Batch 21 : Loss 0.252 MAE 0.330
INFO:root:Batch 41 : Loss 0.441 MAE 0.548
INFO:root:Batch 61 : Loss 0.187 MAE 0.346
INFO:root:Batch 81 : Loss 0.461 MAE 0.454
INFO:root:Batch 101 : Loss 0.226 MAE 0.347
INFO:root:Batch 121 : Loss 0.283 MAE 0.439
INFO:root:Batch 141 : Loss 0.194 MAE 0.272
INFO:root:Batch 161 : Loss 0.144 MAE 0.302
INFO:root:Batch 181 : Loss 0.243 MAE 0.345
INFO:root:Batch 201 : Loss 0.248 MAE 0.383
INFO:root:Batch 221 : Loss 0.241 MAE 0.348
INFO:root:Batch 241 : Loss 0.234 MAE 0.338
INFO:root:Batch 261 : Loss 0.352 MAE 0.425
INFO:root:Batch 281 : Loss 0.396 MAE 0.482
INFO:root:Batch 301 : Loss 0.243 MAE 0.341
INFO:root:Batch 321 : Loss 0.127 MAE 0.275
INFO:root:Batch 341 : Loss 0.360 MAE 0.468
INFO:root:Batch 361 : Loss 0.452 MAE 0.488
INFO:root:Batch 381 : Loss 0.154 MAE 0.287
INFO:root:Batch 401 : Loss 0.322 MAE 0.348
INFO:root:Batch 421 : Loss 0.377 MAE 0.466
INFO:root:Batch 441 : Loss 0.241 MAE 0.396
INFO:root:Batch 461 : Loss 0.376 MAE 0.383
INFO:root:Batch 481 : Loss 0.275 MAE 0.370
INFO:root:Batch 501 : Loss 0.392 MAE 0.385
INFO:root:Batch 521 : Loss 0.718 MAE 0.638
INFO:__main__:Epoch 12 : Avg Error 0.741; Average Loss 0.693 Time : 63
INFO:root:Batch 1 : Loss 0.263 MAE 0.341
INFO:root:Batch 21 : Loss 0.257 MAE 0.332
INFO:root:Batch 41 : Loss 0.422 MAE 0.537
INFO:root:Batch 61 : Loss 0.184 MAE 0.341
INFO:root:Batch 81 : Loss 0.457 MAE 0.456
INFO:root:Batch 101 : Loss 0.222 MAE 0.350
INFO:root:Batch 121 : Loss 0.271 MAE 0.429
INFO:root:Batch 141 : Loss 0.195 MAE 0.274
INFO:root:Batch 161 : Loss 0.144 MAE 0.296
INFO:root:Batch 181 : Loss 0.235 MAE 0.340
INFO:root:Batch 201 : Loss 0.242 MAE 0.379
INFO:root:Batch 221 : Loss 0.241 MAE 0.350
INFO:root:Batch 241 : Loss 0.232 MAE 0.330
INFO:root:Batch 261 : Loss 0.349 MAE 0.421
INFO:root:Batch 281 : Loss 0.386 MAE 0.481
INFO:root:Batch 301 : Loss 0.232 MAE 0.334
INFO:root:Batch 321 : Loss 0.126 MAE 0.273
INFO:root:Batch 341 : Loss 0.356 MAE 0.469
INFO:root:Batch 361 : Loss 0.445 MAE 0.478
INFO:root:Batch 381 : Loss 0.150 MAE 0.281
INFO:root:Batch 401 : Loss 0.319 MAE 0.341
INFO:root:Batch 421 : Loss 0.366 MAE 0.463
INFO:root:Batch 441 : Loss 0.237 MAE 0.392
INFO:root:Batch 461 : Loss 0.379 MAE 0.383
INFO:root:Batch 481 : Loss 0.274 MAE 0.367
INFO:root:Batch 501 : Loss 0.383 MAE 0.381
INFO:root:Batch 521 : Loss 0.716 MAE 0.644
INFO:__main__:Epoch 13 : Avg Error 0.745; Average Loss 0.698 Time : 62
INFO:root:Batch 1 : Loss 0.259 MAE 0.334
INFO:root:Batch 21 : Loss 0.262 MAE 0.336
INFO:root:Batch 41 : Loss 0.416 MAE 0.537
INFO:root:Batch 61 : Loss 0.183 MAE 0.339
INFO:root:Batch 81 : Loss 0.453 MAE 0.456
INFO:root:Batch 101 : Loss 0.222 MAE 0.352
INFO:root:Batch 121 : Loss 0.263 MAE 0.423
INFO:root:Batch 141 : Loss 0.197 MAE 0.275
INFO:root:Batch 161 : Loss 0.143 MAE 0.294
INFO:root:Batch 181 : Loss 0.232 MAE 0.335
INFO:root:Batch 201 : Loss 0.236 MAE 0.375
INFO:root:Batch 221 : Loss 0.238 MAE 0.348
INFO:root:Batch 241 : Loss 0.227 MAE 0.324
INFO:root:Batch 261 : Loss 0.349 MAE 0.420
INFO:root:Batch 281 : Loss 0.383 MAE 0.480
INFO:root:Batch 301 : Loss 0.226 MAE 0.330
INFO:root:Batch 321 : Loss 0.125 MAE 0.271
INFO:root:Batch 341 : Loss 0.356 MAE 0.469
INFO:root:Batch 361 : Loss 0.441 MAE 0.474
INFO:root:Batch 381 : Loss 0.147 MAE 0.279
INFO:root:Batch 401 : Loss 0.315 MAE 0.338
INFO:root:Batch 421 : Loss 0.360 MAE 0.461
INFO:root:Batch 441 : Loss 0.238 MAE 0.393
INFO:root:Batch 461 : Loss 0.375 MAE 0.378
INFO:root:Batch 481 : Loss 0.272 MAE 0.366
INFO:root:Batch 501 : Loss 0.379 MAE 0.381
INFO:root:Batch 521 : Loss 0.715 MAE 0.646
INFO:__main__:Epoch 14 : Avg Error 0.750; Average Loss 0.703 Time : 61
INFO:root:Batch 1 : Loss 0.255 MAE 0.328
INFO:root:Batch 21 : Loss 0.262 MAE 0.336
INFO:root:Batch 41 : Loss 0.412 MAE 0.535
INFO:root:Batch 61 : Loss 0.182 MAE 0.337
INFO:root:Batch 81 : Loss 0.450 MAE 0.456
INFO:root:Batch 101 : Loss 0.221 MAE 0.352
INFO:root:Batch 121 : Loss 0.260 MAE 0.422
INFO:root:Batch 141 : Loss 0.197 MAE 0.275
INFO:root:Batch 161 : Loss 0.144 MAE 0.294
INFO:root:Batch 181 : Loss 0.229 MAE 0.333
INFO:root:Batch 201 : Loss 0.231 MAE 0.369
INFO:root:Batch 221 : Loss 0.236 MAE 0.349
INFO:root:Batch 241 : Loss 0.225 MAE 0.322
INFO:root:Batch 261 : Loss 0.351 MAE 0.419
INFO:root:Batch 281 : Loss 0.381 MAE 0.480
INFO:root:Batch 301 : Loss 0.220 MAE 0.326
INFO:root:Batch 321 : Loss 0.123 MAE 0.270
INFO:root:Batch 341 : Loss 0.356 MAE 0.470
INFO:root:Batch 361 : Loss 0.437 MAE 0.471
INFO:root:Batch 381 : Loss 0.145 MAE 0.276
INFO:root:Batch 401 : Loss 0.312 MAE 0.337
INFO:root:Batch 421 : Loss 0.355 MAE 0.459
INFO:root:Batch 441 : Loss 0.234 MAE 0.391
INFO:root:Batch 461 : Loss 0.381 MAE 0.381
INFO:root:Batch 481 : Loss 0.273 MAE 0.368
INFO:root:Batch 501 : Loss 0.371 MAE 0.377
INFO:root:Batch 521 : Loss 0.710 MAE 0.645
INFO:__main__:Epoch 15 : Avg Error 0.755; Average Loss 0.709 Time : 61
INFO:root:Batch 1 : Loss 0.251 MAE 0.326
INFO:root:Batch 21 : Loss 0.262 MAE 0.337
INFO:root:Batch 41 : Loss 0.407 MAE 0.533
INFO:root:Batch 61 : Loss 0.181 MAE 0.335
INFO:root:Batch 81 : Loss 0.451 MAE 0.459
INFO:root:Batch 101 : Loss 0.223 MAE 0.356
INFO:root:Batch 121 : Loss 0.258 MAE 0.420
INFO:root:Batch 141 : Loss 0.196 MAE 0.274
INFO:root:Batch 161 : Loss 0.144 MAE 0.293
INFO:root:Batch 181 : Loss 0.227 MAE 0.330
INFO:root:Batch 201 : Loss 0.227 MAE 0.365
INFO:root:Batch 221 : Loss 0.234 MAE 0.348
INFO:root:Batch 241 : Loss 0.223 MAE 0.321
INFO:root:Batch 261 : Loss 0.351 MAE 0.419
INFO:root:Batch 281 : Loss 0.378 MAE 0.478
INFO:root:Batch 301 : Loss 0.216 MAE 0.323
INFO:root:Batch 321 : Loss 0.121 MAE 0.267
INFO:root:Batch 341 : Loss 0.356 MAE 0.470
INFO:root:Batch 361 : Loss 0.433 MAE 0.469
INFO:root:Batch 381 : Loss 0.142 MAE 0.274
INFO:root:Batch 401 : Loss 0.308 MAE 0.336
INFO:root:Batch 421 : Loss 0.351 MAE 0.457
INFO:root:Batch 441 : Loss 0.234 MAE 0.390
INFO:root:Batch 461 : Loss 0.380 MAE 0.380
INFO:root:Batch 481 : Loss 0.273 MAE 0.368
INFO:root:Batch 501 : Loss 0.365 MAE 0.374
INFO:root:Batch 521 : Loss 0.708 MAE 0.646
INFO:__main__:Epoch 16 : Avg Error 0.759; Average Loss 0.714 Time : 61
INFO:root:Batch 1 : Loss 0.247 MAE 0.323
INFO:root:Batch 21 : Loss 0.262 MAE 0.339
INFO:root:Batch 41 : Loss 0.403 MAE 0.531
INFO:root:Batch 61 : Loss 0.181 MAE 0.335
INFO:root:Batch 81 : Loss 0.448 MAE 0.460
INFO:root:Batch 101 : Loss 0.222 MAE 0.357
INFO:root:Batch 121 : Loss 0.255 MAE 0.418
INFO:root:Batch 141 : Loss 0.195 MAE 0.274
INFO:root:Batch 161 : Loss 0.144 MAE 0.293
INFO:root:Batch 181 : Loss 0.225 MAE 0.327
INFO:root:Batch 201 : Loss 0.224 MAE 0.363
INFO:root:Batch 221 : Loss 0.232 MAE 0.348
INFO:root:Batch 241 : Loss 0.220 MAE 0.319
INFO:root:Batch 261 : Loss 0.351 MAE 0.419
INFO:root:Batch 281 : Loss 0.374 MAE 0.476
INFO:root:Batch 301 : Loss 0.213 MAE 0.320
INFO:root:Batch 321 : Loss 0.118 MAE 0.264
INFO:root:Batch 341 : Loss 0.356 MAE 0.469
INFO:root:Batch 361 : Loss 0.429 MAE 0.466
INFO:root:Batch 381 : Loss 0.140 MAE 0.271
INFO:root:Batch 401 : Loss 0.305 MAE 0.335
INFO:root:Batch 421 : Loss 0.347 MAE 0.456
INFO:root:Batch 441 : Loss 0.234 MAE 0.390
INFO:root:Batch 461 : Loss 0.378 MAE 0.378
INFO:root:Batch 481 : Loss 0.272 MAE 0.368
INFO:root:Batch 501 : Loss 0.359 MAE 0.373
INFO:root:Batch 521 : Loss 0.707 MAE 0.646
INFO:__main__:Epoch 17 : Avg Error 0.764; Average Loss 0.720 Time : 62
INFO:root:Batch 1 : Loss 0.244 MAE 0.320
INFO:root:Batch 21 : Loss 0.261 MAE 0.340
INFO:root:Batch 41 : Loss 0.399 MAE 0.529
INFO:root:Batch 61 : Loss 0.180 MAE 0.335
INFO:root:Batch 81 : Loss 0.444 MAE 0.460
INFO:root:Batch 101 : Loss 0.223 MAE 0.358
INFO:root:Batch 121 : Loss 0.252 MAE 0.417
INFO:root:Batch 141 : Loss 0.195 MAE 0.274
INFO:root:Batch 161 : Loss 0.144 MAE 0.293
INFO:root:Batch 181 : Loss 0.222 MAE 0.325
INFO:root:Batch 201 : Loss 0.222 MAE 0.360
INFO:root:Batch 221 : Loss 0.230 MAE 0.347
INFO:root:Batch 241 : Loss 0.216 MAE 0.316
INFO:root:Batch 261 : Loss 0.351 MAE 0.418
INFO:root:Batch 281 : Loss 0.371 MAE 0.475
INFO:root:Batch 301 : Loss 0.209 MAE 0.316
INFO:root:Batch 321 : Loss 0.115 MAE 0.261
INFO:root:Batch 341 : Loss 0.356 MAE 0.468
INFO:root:Batch 361 : Loss 0.425 MAE 0.464
INFO:root:Batch 381 : Loss 0.139 MAE 0.270
INFO:root:Batch 401 : Loss 0.300 MAE 0.332
INFO:root:Batch 421 : Loss 0.343 MAE 0.455
INFO:root:Batch 441 : Loss 0.237 MAE 0.391
INFO:root:Batch 461 : Loss 0.374 MAE 0.373
INFO:root:Batch 481 : Loss 0.273 MAE 0.368
INFO:root:Batch 501 : Loss 0.355 MAE 0.374
INFO:root:Batch 521 : Loss 0.705 MAE 0.647
INFO:__main__:Epoch 18 : Avg Error 0.768; Average Loss 0.723 Time : 62
INFO:root:Batch 1 : Loss 0.240 MAE 0.316
INFO:root:Batch 21 : Loss 0.260 MAE 0.341
INFO:root:Batch 41 : Loss 0.393 MAE 0.526
INFO:root:Batch 61 : Loss 0.179 MAE 0.333
INFO:root:Batch 81 : Loss 0.441 MAE 0.460
INFO:root:Batch 101 : Loss 0.224 MAE 0.361
INFO:root:Batch 121 : Loss 0.249 MAE 0.415
INFO:root:Batch 141 : Loss 0.194 MAE 0.273
INFO:root:Batch 161 : Loss 0.144 MAE 0.293
INFO:root:Batch 181 : Loss 0.221 MAE 0.322
INFO:root:Batch 201 : Loss 0.219 MAE 0.356
INFO:root:Batch 221 : Loss 0.227 MAE 0.346
INFO:root:Batch 241 : Loss 0.213 MAE 0.314
INFO:root:Batch 261 : Loss 0.352 MAE 0.417
INFO:root:Batch 281 : Loss 0.368 MAE 0.472
INFO:root:Batch 301 : Loss 0.205 MAE 0.313
INFO:root:Batch 321 : Loss 0.113 MAE 0.258
INFO:root:Batch 341 : Loss 0.355 MAE 0.466
INFO:root:Batch 361 : Loss 0.420 MAE 0.462
INFO:root:Batch 381 : Loss 0.137 MAE 0.268
INFO:root:Batch 401 : Loss 0.296 MAE 0.333
INFO:root:Batch 421 : Loss 0.339 MAE 0.454
INFO:root:Batch 441 : Loss 0.237 MAE 0.390
INFO:root:Batch 461 : Loss 0.371 MAE 0.370
INFO:root:Batch 481 : Loss 0.274 MAE 0.370
INFO:root:Batch 501 : Loss 0.347 MAE 0.372
INFO:root:Batch 521 : Loss 0.701 MAE 0.647
INFO:__main__:Epoch 19 : Avg Error 0.772; Average Loss 0.728 Time : 62
INFO:root:Batch 1 : Loss 0.237 MAE 0.313
INFO:root:Batch 21 : Loss 0.259 MAE 0.341
INFO:root:Batch 41 : Loss 0.389 MAE 0.523
INFO:root:Batch 61 : Loss 0.179 MAE 0.335
INFO:root:Batch 81 : Loss 0.436 MAE 0.460
INFO:root:Batch 101 : Loss 0.223 MAE 0.363
INFO:root:Batch 121 : Loss 0.245 MAE 0.411
INFO:root:Batch 141 : Loss 0.193 MAE 0.274
INFO:root:Batch 161 : Loss 0.143 MAE 0.293
INFO:root:Batch 181 : Loss 0.219 MAE 0.320
INFO:root:Batch 201 : Loss 0.217 MAE 0.352
INFO:root:Batch 221 : Loss 0.225 MAE 0.346
INFO:root:Batch 241 : Loss 0.211 MAE 0.313
INFO:root:Batch 261 : Loss 0.352 MAE 0.417
INFO:root:Batch 281 : Loss 0.365 MAE 0.469
INFO:root:Batch 301 : Loss 0.202 MAE 0.311
INFO:root:Batch 321 : Loss 0.110 MAE 0.256
INFO:root:Batch 341 : Loss 0.355 MAE 0.466
INFO:root:Batch 361 : Loss 0.416 MAE 0.460
INFO:root:Batch 381 : Loss 0.135 MAE 0.266
INFO:root:Batch 401 : Loss 0.293 MAE 0.333
INFO:root:Batch 421 : Loss 0.336 MAE 0.454
INFO:root:Batch 441 : Loss 0.237 MAE 0.390
INFO:root:Batch 461 : Loss 0.369 MAE 0.368
INFO:root:Batch 481 : Loss 0.274 MAE 0.370
INFO:root:Batch 501 : Loss 0.340 MAE 0.370
INFO:root:Batch 521 : Loss 0.698 MAE 0.647
INFO:__main__:Epoch 20 : Avg Error 0.775; Average Loss 0.733 Time : 65
INFO:root:Batch 1 : Loss 0.233 MAE 0.311
INFO:root:Batch 21 : Loss 0.257 MAE 0.342
INFO:root:Batch 41 : Loss 0.389 MAE 0.522
INFO:root:Batch 61 : Loss 0.179 MAE 0.335
INFO:root:Batch 81 : Loss 0.432 MAE 0.460
INFO:root:Batch 101 : Loss 0.223 MAE 0.363
INFO:root:Batch 121 : Loss 0.243 MAE 0.408
INFO:root:Batch 141 : Loss 0.192 MAE 0.273
INFO:root:Batch 161 : Loss 0.144 MAE 0.293
INFO:root:Batch 181 : Loss 0.217 MAE 0.320
INFO:root:Batch 201 : Loss 0.215 MAE 0.349
INFO:root:Batch 221 : Loss 0.223 MAE 0.346
INFO:root:Batch 241 : Loss 0.210 MAE 0.313
INFO:root:Batch 261 : Loss 0.351 MAE 0.415
INFO:root:Batch 281 : Loss 0.362 MAE 0.468
INFO:root:Batch 301 : Loss 0.199 MAE 0.309
INFO:root:Batch 321 : Loss 0.109 MAE 0.254
INFO:root:Batch 341 : Loss 0.354 MAE 0.465
INFO:root:Batch 361 : Loss 0.413 MAE 0.460
INFO:root:Batch 381 : Loss 0.133 MAE 0.265
INFO:root:Batch 401 : Loss 0.290 MAE 0.333
INFO:root:Batch 421 : Loss 0.331 MAE 0.453
INFO:root:Batch 441 : Loss 0.237 MAE 0.389
INFO:root:Batch 461 : Loss 0.367 MAE 0.367
INFO:root:Batch 481 : Loss 0.274 MAE 0.370
INFO:root:Batch 501 : Loss 0.335 MAE 0.368
INFO:root:Batch 521 : Loss 0.696 MAE 0.647
INFO:__main__:Epoch 21 : Avg Error 0.779; Average Loss 0.738 Time : 62
INFO:root:Batch 1 : Loss 0.230 MAE 0.310
INFO:root:Batch 21 : Loss 0.259 MAE 0.347
INFO:root:Batch 41 : Loss 0.383 MAE 0.520
INFO:root:Batch 61 : Loss 0.177 MAE 0.334
INFO:root:Batch 81 : Loss 0.429 MAE 0.459
INFO:root:Batch 101 : Loss 0.224 MAE 0.365
INFO:root:Batch 121 : Loss 0.240 MAE 0.407
INFO:root:Batch 141 : Loss 0.190 MAE 0.272
INFO:root:Batch 161 : Loss 0.144 MAE 0.292
INFO:root:Batch 181 : Loss 0.216 MAE 0.319
INFO:root:Batch 201 : Loss 0.213 MAE 0.347
INFO:root:Batch 221 : Loss 0.221 MAE 0.344
INFO:root:Batch 241 : Loss 0.208 MAE 0.312
INFO:root:Batch 261 : Loss 0.349 MAE 0.414
INFO:root:Batch 281 : Loss 0.362 MAE 0.468
INFO:root:Batch 301 : Loss 0.196 MAE 0.306
INFO:root:Batch 321 : Loss 0.106 MAE 0.251
INFO:root:Batch 341 : Loss 0.352 MAE 0.463
INFO:root:Batch 361 : Loss 0.411 MAE 0.461
INFO:root:Batch 381 : Loss 0.132 MAE 0.264
INFO:root:Batch 401 : Loss 0.288 MAE 0.332
INFO:root:Batch 421 : Loss 0.330 MAE 0.454
INFO:root:Batch 441 : Loss 0.234 MAE 0.385
INFO:root:Batch 461 : Loss 0.366 MAE 0.365
INFO:root:Batch 481 : Loss 0.272 MAE 0.369
INFO:root:Batch 501 : Loss 0.328 MAE 0.364
INFO:root:Batch 521 : Loss 0.688 MAE 0.643
INFO:__main__:Epoch 22 : Avg Error 0.783; Average Loss 0.744 Time : 62
INFO:root:Batch 1 : Loss 0.226 MAE 0.306
INFO:root:Batch 21 : Loss 0.259 MAE 0.349
INFO:root:Batch 41 : Loss 0.381 MAE 0.519
INFO:root:Batch 61 : Loss 0.177 MAE 0.334
INFO:root:Batch 81 : Loss 0.425 MAE 0.458
INFO:root:Batch 101 : Loss 0.224 MAE 0.365
INFO:root:Batch 121 : Loss 0.237 MAE 0.403
INFO:root:Batch 141 : Loss 0.189 MAE 0.272
INFO:root:Batch 161 : Loss 0.145 MAE 0.292
INFO:root:Batch 181 : Loss 0.214 MAE 0.318
INFO:root:Batch 201 : Loss 0.211 MAE 0.345
INFO:root:Batch 221 : Loss 0.220 MAE 0.344
INFO:root:Batch 241 : Loss 0.207 MAE 0.312
INFO:root:Batch 261 : Loss 0.349 MAE 0.414
INFO:root:Batch 281 : Loss 0.360 MAE 0.468
INFO:root:Batch 301 : Loss 0.193 MAE 0.305
INFO:root:Batch 321 : Loss 0.105 MAE 0.250
INFO:root:Batch 341 : Loss 0.351 MAE 0.462
INFO:root:Batch 361 : Loss 0.408 MAE 0.461
INFO:root:Batch 381 : Loss 0.130 MAE 0.263
INFO:root:Batch 401 : Loss 0.285 MAE 0.331
INFO:root:Batch 421 : Loss 0.328 MAE 0.453
INFO:root:Batch 441 : Loss 0.235 MAE 0.385
INFO:root:Batch 461 : Loss 0.365 MAE 0.365
INFO:root:Batch 481 : Loss 0.272 MAE 0.369
INFO:root:Batch 501 : Loss 0.325 MAE 0.363
INFO:root:Batch 521 : Loss 0.687 MAE 0.644
INFO:__main__:Epoch 23 : Avg Error 0.786; Average Loss 0.747 Time : 62
INFO:root:Batch 1 : Loss 0.222 MAE 0.303
INFO:root:Batch 21 : Loss 0.259 MAE 0.350
INFO:root:Batch 41 : Loss 0.380 MAE 0.519
INFO:root:Batch 61 : Loss 0.177 MAE 0.334
INFO:root:Batch 81 : Loss 0.422 MAE 0.458
INFO:root:Batch 101 : Loss 0.223 MAE 0.366
INFO:root:Batch 121 : Loss 0.236 MAE 0.402
INFO:root:Batch 141 : Loss 0.189 MAE 0.272
INFO:root:Batch 161 : Loss 0.145 MAE 0.292
INFO:root:Batch 181 : Loss 0.212 MAE 0.316
INFO:root:Batch 201 : Loss 0.209 MAE 0.343
INFO:root:Batch 221 : Loss 0.218 MAE 0.343
INFO:root:Batch 241 : Loss 0.205 MAE 0.311
INFO:root:Batch 261 : Loss 0.349 MAE 0.414
INFO:root:Batch 281 : Loss 0.358 MAE 0.467
INFO:root:Batch 301 : Loss 0.191 MAE 0.303
INFO:root:Batch 321 : Loss 0.103 MAE 0.248
INFO:root:Batch 341 : Loss 0.351 MAE 0.462
INFO:root:Batch 361 : Loss 0.405 MAE 0.460
INFO:root:Batch 381 : Loss 0.129 MAE 0.262
INFO:root:Batch 401 : Loss 0.283 MAE 0.331
INFO:root:Batch 421 : Loss 0.325 MAE 0.453
INFO:root:Batch 441 : Loss 0.235 MAE 0.384
INFO:root:Batch 461 : Loss 0.365 MAE 0.365
INFO:root:Batch 481 : Loss 0.272 MAE 0.369
INFO:root:Batch 501 : Loss 0.321 MAE 0.362
INFO:root:Batch 521 : Loss 0.686 MAE 0.644
INFO:__main__:Epoch 24 : Avg Error 0.789; Average Loss 0.750 Time : 62
INFO:root:Batch 1 : Loss 0.219 MAE 0.301
INFO:root:Batch 21 : Loss 0.259 MAE 0.353
INFO:root:Batch 41 : Loss 0.379 MAE 0.519
INFO:root:Batch 61 : Loss 0.177 MAE 0.334
INFO:root:Batch 81 : Loss 0.420 MAE 0.458
INFO:root:Batch 101 : Loss 0.223 MAE 0.366
INFO:root:Batch 121 : Loss 0.234 MAE 0.401
INFO:root:Batch 141 : Loss 0.188 MAE 0.272
INFO:root:Batch 161 : Loss 0.145 MAE 0.292
INFO:root:Batch 181 : Loss 0.212 MAE 0.316
INFO:root:Batch 201 : Loss 0.208 MAE 0.341
INFO:root:Batch 221 : Loss 0.216 MAE 0.341
INFO:root:Batch 241 : Loss 0.203 MAE 0.308
INFO:root:Batch 261 : Loss 0.348 MAE 0.414
INFO:root:Batch 281 : Loss 0.358 MAE 0.466
INFO:root:Batch 301 : Loss 0.190 MAE 0.301
INFO:root:Batch 321 : Loss 0.102 MAE 0.245
INFO:root:Batch 341 : Loss 0.352 MAE 0.462
INFO:root:Batch 361 : Loss 0.402 MAE 0.460
INFO:root:Batch 381 : Loss 0.129 MAE 0.261
INFO:root:Batch 401 : Loss 0.281 MAE 0.330
INFO:root:Batch 421 : Loss 0.323 MAE 0.452
INFO:root:Batch 441 : Loss 0.233 MAE 0.383
INFO:root:Batch 461 : Loss 0.367 MAE 0.366
INFO:root:Batch 481 : Loss 0.272 MAE 0.370
INFO:root:Batch 501 : Loss 0.317 MAE 0.359
INFO:root:Batch 521 : Loss 0.684 MAE 0.643
INFO:__main__:Epoch 25 : Avg Error 0.791; Average Loss 0.752 Time : 61
INFO:__main__:Training finished : Duration 1603 secs, Avg Loss 0.752, Mean Average Error 0.791, Error ratio 7.906
INFO:root:Model saved
INFO:__main__:Evaluating on the validation set...
WARNING:root:Testing on 1338 molecules
INFO:root:Batch 1 Loss : 0.415 Error : 0.494
INFO:root:Batch 2 Loss : 0.323 Error : 0.474
INFO:root:Batch 3 Loss : 0.221 Error : 0.338
INFO:root:Batch 4 Loss : 0.285 Error : 0.386
INFO:root:Batch 5 Loss : 0.431 Error : 0.358
INFO:root:Batch 6 Loss : 0.366 Error : 0.460
INFO:root:Batch 7 Loss : 0.335 Error : 0.413
INFO:root:Batch 8 Loss : 0.085 Error : 0.222
INFO:root:Batch 9 Loss : 0.284 Error : 0.396
INFO:root:Batch 10 Loss : 0.376 Error : 0.441
INFO:root:Batch 11 Loss : 0.372 Error : 0.505
INFO:root:Batch 12 Loss : 1.458 Error : 1.053
INFO:root:Batch 13 Loss : 0.389 Error : 0.547
INFO:root:Batch 14 Loss : 0.112 Error : 0.248
INFO:root:Batch 15 Loss : 0.287 Error : 0.399
INFO:root:Batch 16 Loss : 0.698 Error : 0.742
INFO:root:Batch 17 Loss : 0.452 Error : 0.558
INFO:root:Batch 18 Loss : 0.236 Error : 0.412
INFO:root:Batch 19 Loss : 0.281 Error : 0.376
INFO:root:Batch 20 Loss : 0.607 Error : 0.614
INFO:root:Batch 21 Loss : 0.550 Error : 0.632
INFO:root:Batch 22 Loss : 0.191 Error : 0.328
INFO:root:Batch 23 Loss : 0.628 Error : 0.712
INFO:root:Batch 24 Loss : 0.445 Error : 0.610
INFO:root:Batch 25 Loss : 0.313 Error : 0.421
INFO:root:Batch 26 Loss : 0.444 Error : 0.531
INFO:root:Batch 27 Loss : 0.256 Error : 0.376
INFO:root:Batch 28 Loss : 0.253 Error : 0.371
INFO:root:Batch 29 Loss : 1.000 Error : 0.807
INFO:root:Batch 30 Loss : 0.202 Error : 0.329
INFO:root:Batch 31 Loss : 0.140 Error : 0.269
INFO:root:Batch 32 Loss : 0.192 Error : 0.325
INFO:root:Batch 33 Loss : 0.214 Error : 0.404
INFO:root:Batch 34 Loss : 0.116 Error : 0.232
INFO:root:Batch 35 Loss : 1.004 Error : 0.856
INFO:root:Batch 36 Loss : 0.510 Error : 0.637
INFO:root:Batch 37 Loss : 0.298 Error : 0.439
INFO:root:Batch 38 Loss : 0.222 Error : 0.309
INFO:root:Batch 39 Loss : 0.211 Error : 0.387
INFO:root:Batch 40 Loss : 0.249 Error : 0.379
INFO:root:Batch 41 Loss : 0.124 Error : 0.302
INFO:root:Batch 42 Loss : 0.632 Error : 0.741
INFO:root:Batch 43 Loss : 0.224 Error : 0.370
INFO:root:Batch 44 Loss : 0.171 Error : 0.277
INFO:root:Batch 45 Loss : 0.198 Error : 0.326
INFO:root:Batch 46 Loss : 0.201 Error : 0.381
INFO:root:Batch 47 Loss : 0.328 Error : 0.504
INFO:root:Batch 48 Loss : 0.659 Error : 0.683
INFO:root:Batch 49 Loss : 0.238 Error : 0.363
INFO:root:Batch 50 Loss : 0.344 Error : 0.505
INFO:root:Batch 51 Loss : 0.236 Error : 0.315
INFO:root:Batch 52 Loss : 0.201 Error : 0.350
INFO:root:Batch 53 Loss : 0.093 Error : 0.209
INFO:root:Batch 54 Loss : 0.136 Error : 0.267
INFO:root:Batch 55 Loss : 0.359 Error : 0.323
INFO:root:Batch 56 Loss : 0.219 Error : 0.374
INFO:root:Batch 57 Loss : 0.161 Error : 0.318
INFO:root:Batch 58 Loss : 0.131 Error : 0.291
INFO:root:Batch 59 Loss : 0.743 Error : 0.777
INFO:root:Batch 60 Loss : 0.514 Error : 0.536
INFO:root:Batch 61 Loss : 0.301 Error : 0.435
INFO:root:Batch 62 Loss : 0.310 Error : 0.417
INFO:root:Batch 63 Loss : 0.149 Error : 0.310
INFO:root:Batch 64 Loss : 0.168 Error : 0.347
INFO:root:Batch 65 Loss : 0.184 Error : 0.326
INFO:root:Batch 66 Loss : 0.371 Error : 0.465
INFO:root:Batch 67 Loss : 0.263 Error : 0.413
INFO:__main__:Validation finished : Avg loss 0.345, Mean Average Error 0.444, Error ratio 4.435
