INFO:__main__:Log path : log/qm9/lg_False_up_1_bs_20_ep_5_st_3_op_adamax_lr_0.0003_da_0.9_L_8_h_2_ta_0_126.pickle
INFO:root:New directory created
INFO:__main__:Working on CPU
INFO:root:Loading data...
INFO:__main__:Number of training instances : 107108
INFO:__main__:Number of validation instances : 13388
INFO:__main__:Network created
INFO:__main__:Training the GNN
INFO:root:Batch 1 : Loss 40.010 MAE 6.255
INFO:root:Batch 21 : Loss 5.459 MAE 2.285
INFO:root:Batch 41 : Loss 1.734 MAE 1.094
INFO:root:Batch 61 : Loss 2.121 MAE 1.329
INFO:root:Batch 81 : Loss 1.217 MAE 0.910
INFO:root:Batch 101 : Loss 0.572 MAE 0.644
INFO:root:Batch 121 : Loss 1.268 MAE 0.923
INFO:root:Batch 141 : Loss 0.968 MAE 0.850
INFO:root:Batch 161 : Loss 1.235 MAE 0.961
INFO:root:Batch 181 : Loss 0.493 MAE 0.572
INFO:root:Batch 201 : Loss 1.811 MAE 1.225
INFO:root:Batch 221 : Loss 0.240 MAE 0.390
INFO:root:Batch 241 : Loss 1.085 MAE 0.832
INFO:root:Batch 261 : Loss 1.971 MAE 1.251
INFO:root:Batch 281 : Loss 1.050 MAE 0.901
INFO:root:Batch 301 : Loss 1.143 MAE 0.817
INFO:root:Batch 321 : Loss 2.263 MAE 1.247
INFO:root:Batch 341 : Loss 1.763 MAE 1.107
INFO:root:Batch 361 : Loss 1.125 MAE 0.822
INFO:root:Batch 381 : Loss 0.492 MAE 0.566
INFO:root:Batch 401 : Loss 0.766 MAE 0.703
INFO:root:Batch 421 : Loss 0.683 MAE 0.656
INFO:root:Batch 441 : Loss 0.813 MAE 0.754
INFO:root:Batch 461 : Loss 0.744 MAE 0.743
INFO:root:Batch 481 : Loss 0.485 MAE 0.565
INFO:root:Batch 501 : Loss 0.645 MAE 0.665
INFO:root:Batch 521 : Loss 0.336 MAE 0.470
INFO:root:Batch 541 : Loss 0.671 MAE 0.624
INFO:root:Batch 561 : Loss 2.122 MAE 1.334
INFO:root:Batch 581 : Loss 1.367 MAE 0.983
INFO:root:Batch 601 : Loss 0.618 MAE 0.634
INFO:root:Batch 621 : Loss 0.714 MAE 0.686
INFO:root:Batch 641 : Loss 0.432 MAE 0.553
INFO:root:Batch 661 : Loss 0.650 MAE 0.641
INFO:root:Batch 681 : Loss 0.255 MAE 0.423
INFO:root:Batch 701 : Loss 0.447 MAE 0.547
INFO:root:Batch 721 : Loss 0.467 MAE 0.574
INFO:root:Batch 741 : Loss 0.510 MAE 0.580
INFO:root:Batch 761 : Loss 0.529 MAE 0.611
INFO:root:Batch 781 : Loss 0.553 MAE 0.590
INFO:root:Batch 801 : Loss 0.463 MAE 0.566
INFO:root:Batch 821 : Loss 0.630 MAE 0.661
INFO:root:Batch 841 : Loss 0.480 MAE 0.538
INFO:root:Batch 861 : Loss 0.386 MAE 0.502
INFO:root:Batch 881 : Loss 0.493 MAE 0.590
INFO:root:Batch 901 : Loss 0.421 MAE 0.524
INFO:root:Batch 921 : Loss 0.413 MAE 0.528
INFO:root:Batch 941 : Loss 0.502 MAE 0.607
INFO:root:Batch 961 : Loss 0.458 MAE 0.575
INFO:root:Batch 981 : Loss 0.573 MAE 0.640
INFO:root:Batch 1001 : Loss 0.654 MAE 0.655
INFO:root:Batch 1021 : Loss 0.799 MAE 0.807
INFO:root:Batch 1041 : Loss 0.241 MAE 0.398
INFO:root:Batch 1061 : Loss 0.537 MAE 0.577
INFO:root:Batch 1081 : Loss 0.953 MAE 0.847
INFO:root:Batch 1101 : Loss 4.190 MAE 1.971
INFO:root:Batch 1121 : Loss 4.059 MAE 1.944
INFO:root:Batch 1141 : Loss 1.836 MAE 1.146
INFO:root:Batch 1161 : Loss 0.979 MAE 0.861
INFO:root:Batch 1181 : Loss 0.857 MAE 0.812
INFO:root:Batch 1201 : Loss 1.567 MAE 1.114
INFO:root:Batch 1221 : Loss 0.466 MAE 0.552
INFO:root:Batch 1241 : Loss 0.643 MAE 0.691
INFO:root:Batch 1261 : Loss 0.357 MAE 0.489
INFO:root:Batch 1281 : Loss 1.060 MAE 0.670
INFO:root:Batch 1301 : Loss 0.314 MAE 0.465
INFO:root:Batch 1321 : Loss 1.183 MAE 0.973
INFO:root:Batch 1341 : Loss 0.617 MAE 0.660
INFO:root:Batch 1361 : Loss 0.688 MAE 0.685
INFO:root:Batch 1381 : Loss 0.505 MAE 0.581
INFO:root:Batch 1401 : Loss 0.604 MAE 0.678
INFO:root:Batch 1421 : Loss 0.695 MAE 0.701
INFO:root:Batch 1441 : Loss 0.912 MAE 0.858
INFO:root:Batch 1461 : Loss 0.184 MAE 0.342
INFO:root:Batch 1481 : Loss 0.296 MAE 0.454
INFO:root:Batch 1501 : Loss 0.306 MAE 0.478
INFO:root:Batch 1521 : Loss 0.433 MAE 0.571
INFO:root:Batch 1541 : Loss 0.586 MAE 0.634
INFO:root:Batch 1561 : Loss 0.266 MAE 0.428
INFO:root:Batch 1581 : Loss 0.693 MAE 0.707
INFO:root:Batch 1601 : Loss 0.197 MAE 0.359
INFO:root:Batch 1621 : Loss 0.395 MAE 0.493
INFO:root:Batch 1641 : Loss 0.162 MAE 0.343
INFO:root:Batch 1661 : Loss 0.136 MAE 0.286
INFO:root:Batch 1681 : Loss 0.417 MAE 0.505
INFO:root:Batch 1701 : Loss 0.266 MAE 0.408
INFO:root:Batch 1721 : Loss 0.363 MAE 0.506
INFO:root:Batch 1741 : Loss 0.451 MAE 0.543
INFO:root:Batch 1761 : Loss 0.451 MAE 0.554
INFO:root:Batch 1781 : Loss 0.277 MAE 0.428
INFO:root:Batch 1801 : Loss 0.523 MAE 0.500
INFO:root:Batch 1821 : Loss 0.197 MAE 0.353
INFO:root:Batch 1841 : Loss 0.363 MAE 0.468
INFO:root:Batch 1861 : Loss 0.749 MAE 0.723
INFO:root:Batch 1881 : Loss 0.478 MAE 0.577
INFO:root:Batch 1901 : Loss 0.415 MAE 0.506
INFO:root:Batch 1921 : Loss 0.281 MAE 0.442
INFO:root:Batch 1941 : Loss 0.489 MAE 0.574
INFO:root:Batch 1961 : Loss 0.236 MAE 0.372
INFO:root:Batch 1981 : Loss 1.688 MAE 1.089
INFO:root:Batch 2001 : Loss 0.310 MAE 0.460
INFO:root:Batch 2021 : Loss 0.284 MAE 0.441
INFO:root:Batch 2041 : Loss 0.481 MAE 0.548
INFO:root:Batch 2061 : Loss 0.363 MAE 0.478
INFO:root:Batch 2081 : Loss 0.406 MAE 0.524
INFO:root:Batch 2101 : Loss 0.397 MAE 0.446
INFO:root:Batch 2121 : Loss 0.188 MAE 0.341
INFO:root:Batch 2141 : Loss 0.403 MAE 0.524
INFO:root:Batch 2161 : Loss 0.207 MAE 0.382
INFO:root:Batch 2181 : Loss 0.858 MAE 0.770
INFO:root:Batch 2201 : Loss 0.295 MAE 0.448
INFO:root:Batch 2221 : Loss 0.212 MAE 0.376
INFO:root:Batch 2241 : Loss 0.171 MAE 0.332
INFO:root:Batch 2261 : Loss 0.143 MAE 0.318
INFO:root:Batch 2281 : Loss 0.539 MAE 0.636
INFO:root:Batch 2301 : Loss 0.591 MAE 0.652
INFO:root:Batch 2321 : Loss 0.334 MAE 0.474
INFO:root:Batch 2341 : Loss 0.154 MAE 0.316
INFO:root:Batch 2361 : Loss 0.180 MAE 0.332
INFO:root:Batch 2381 : Loss 0.461 MAE 0.542
INFO:root:Batch 2401 : Loss 0.729 MAE 0.705
INFO:root:Batch 2421 : Loss 0.296 MAE 0.469
INFO:root:Batch 2441 : Loss 0.189 MAE 0.346
INFO:root:Batch 2461 : Loss 0.936 MAE 0.752
INFO:root:Batch 2481 : Loss 0.255 MAE 0.418
INFO:root:Batch 2501 : Loss 0.199 MAE 0.367
INFO:root:Batch 2521 : Loss 0.250 MAE 0.406
INFO:root:Batch 2541 : Loss 0.844 MAE 0.759
INFO:root:Batch 2561 : Loss 0.212 MAE 0.384
INFO:root:Batch 2581 : Loss 0.365 MAE 0.502
INFO:root:Batch 2601 : Loss 0.541 MAE 0.639
INFO:root:Batch 2621 : Loss 0.607 MAE 0.672
INFO:root:Batch 2641 : Loss 1.405 MAE 1.095
INFO:root:Batch 2661 : Loss 0.536 MAE 0.596
INFO:root:Batch 2681 : Loss 0.991 MAE 0.876
INFO:root:Batch 2701 : Loss 0.764 MAE 0.761
INFO:root:Batch 2721 : Loss 0.290 MAE 0.472
INFO:root:Batch 2741 : Loss 0.820 MAE 0.773
INFO:root:Batch 2761 : Loss 0.673 MAE 0.666
INFO:root:Batch 2781 : Loss 0.683 MAE 0.720
INFO:root:Batch 2801 : Loss 0.352 MAE 0.500
INFO:root:Batch 2821 : Loss 0.500 MAE 0.600
INFO:root:Batch 2841 : Loss 0.742 MAE 0.697
INFO:root:Batch 2861 : Loss 0.342 MAE 0.493
INFO:root:Batch 2881 : Loss 0.634 MAE 0.669
INFO:root:Batch 2901 : Loss 0.418 MAE 0.508
INFO:root:Batch 2921 : Loss 0.424 MAE 0.497
INFO:root:Batch 2941 : Loss 0.364 MAE 0.491
INFO:root:Batch 2961 : Loss 0.238 MAE 0.392
INFO:root:Batch 2981 : Loss 0.301 MAE 0.475
INFO:root:Batch 3001 : Loss 0.423 MAE 0.550
INFO:root:Batch 3021 : Loss 0.409 MAE 0.508
INFO:root:Batch 3041 : Loss 0.902 MAE 0.830
INFO:root:Batch 3061 : Loss 0.302 MAE 0.435
INFO:root:Batch 3081 : Loss 0.306 MAE 0.458
INFO:root:Batch 3101 : Loss 0.719 MAE 0.729
INFO:root:Batch 3121 : Loss 0.679 MAE 0.739
INFO:root:Batch 3141 : Loss 0.271 MAE 0.410
INFO:root:Batch 3161 : Loss 0.511 MAE 0.597
INFO:root:Batch 3181 : Loss 0.504 MAE 0.513
INFO:root:Batch 3201 : Loss 0.337 MAE 0.469
INFO:root:Batch 3221 : Loss 0.239 MAE 0.402
INFO:root:Batch 3241 : Loss 0.358 MAE 0.485
INFO:root:Batch 3261 : Loss 0.168 MAE 0.318
INFO:root:Batch 3281 : Loss 0.274 MAE 0.417
INFO:root:Batch 3301 : Loss 0.952 MAE 0.894
INFO:root:Batch 3321 : Loss 0.927 MAE 0.851
INFO:root:Batch 3341 : Loss 0.414 MAE 0.540
INFO:root:Batch 3361 : Loss 0.484 MAE 0.565
INFO:root:Batch 3381 : Loss 0.835 MAE 0.737
INFO:root:Batch 3401 : Loss 0.540 MAE 0.613
INFO:root:Batch 3421 : Loss 0.673 MAE 0.630
INFO:root:Batch 3441 : Loss 0.230 MAE 0.380
INFO:root:Batch 3461 : Loss 0.319 MAE 0.493
INFO:root:Batch 3481 : Loss 0.284 MAE 0.436
INFO:root:Batch 3501 : Loss 0.480 MAE 0.584
INFO:root:Batch 3521 : Loss 0.302 MAE 0.463
INFO:root:Batch 3541 : Loss 0.436 MAE 0.548
INFO:root:Batch 3561 : Loss 0.552 MAE 0.593
INFO:root:Batch 3581 : Loss 0.328 MAE 0.472
INFO:root:Batch 3601 : Loss 0.333 MAE 0.471
INFO:root:Batch 3621 : Loss 0.316 MAE 0.432
INFO:root:Batch 3641 : Loss 0.166 MAE 0.332
INFO:root:Batch 3661 : Loss 0.250 MAE 0.430
INFO:root:Batch 3681 : Loss 0.218 MAE 0.389
INFO:root:Batch 3701 : Loss 0.737 MAE 0.742
INFO:root:Batch 3721 : Loss 0.297 MAE 0.435
INFO:root:Batch 3741 : Loss 0.402 MAE 0.534
INFO:root:Batch 3761 : Loss 0.428 MAE 0.586
INFO:root:Batch 3781 : Loss 0.418 MAE 0.486
INFO:root:Batch 3801 : Loss 0.394 MAE 0.489
INFO:root:Batch 3821 : Loss 0.687 MAE 0.693
INFO:root:Batch 3841 : Loss 0.680 MAE 0.694
INFO:root:Batch 3861 : Loss 0.420 MAE 0.532
INFO:root:Batch 3881 : Loss 0.371 MAE 0.444
INFO:root:Batch 3901 : Loss 0.224 MAE 0.377
INFO:root:Batch 3921 : Loss 0.493 MAE 0.615
INFO:root:Batch 3941 : Loss 0.409 MAE 0.500
INFO:root:Batch 3961 : Loss 0.301 MAE 0.441
INFO:root:Batch 3981 : Loss 0.517 MAE 0.635
INFO:root:Batch 4001 : Loss 0.372 MAE 0.481
INFO:root:Batch 4021 : Loss 0.388 MAE 0.514
INFO:root:Batch 4041 : Loss 0.300 MAE 0.460
INFO:root:Batch 4061 : Loss 0.327 MAE 0.453
INFO:root:Batch 4081 : Loss 0.289 MAE 0.471
INFO:root:Batch 4101 : Loss 0.446 MAE 0.566
INFO:root:Batch 4121 : Loss 0.171 MAE 0.307
INFO:root:Batch 4141 : Loss 0.289 MAE 0.442
INFO:root:Batch 4161 : Loss 0.349 MAE 0.453
INFO:root:Batch 4181 : Loss 0.468 MAE 0.551
INFO:root:Batch 4201 : Loss 0.506 MAE 0.591
INFO:root:Batch 4221 : Loss 0.336 MAE 0.495
INFO:root:Batch 4241 : Loss 0.312 MAE 0.466
INFO:root:Batch 4261 : Loss 0.662 MAE 0.736
INFO:root:Batch 4281 : Loss 0.537 MAE 0.532
INFO:root:Batch 4301 : Loss 0.489 MAE 0.548
INFO:root:Batch 4321 : Loss 0.392 MAE 0.510
INFO:root:Batch 4341 : Loss 0.166 MAE 0.324
INFO:root:Batch 4361 : Loss 0.546 MAE 0.625
INFO:root:Batch 4381 : Loss 0.307 MAE 0.441
INFO:root:Batch 4401 : Loss 0.158 MAE 0.323
INFO:root:Batch 4421 : Loss 0.315 MAE 0.476
INFO:root:Batch 4441 : Loss 0.384 MAE 0.521
INFO:root:Batch 4461 : Loss 0.925 MAE 0.834
INFO:root:Batch 4481 : Loss 0.303 MAE 0.448
INFO:root:Batch 4501 : Loss 0.311 MAE 0.468
INFO:root:Batch 4521 : Loss 0.271 MAE 0.424
INFO:root:Batch 4541 : Loss 0.234 MAE 0.363
INFO:root:Batch 4561 : Loss 0.313 MAE 0.443
INFO:root:Batch 4581 : Loss 0.744 MAE 0.763
INFO:root:Batch 4601 : Loss 0.198 MAE 0.343
INFO:root:Batch 4621 : Loss 0.143 MAE 0.305
INFO:root:Batch 4641 : Loss 0.358 MAE 0.493
INFO:root:Batch 4661 : Loss 0.475 MAE 0.521
INFO:root:Batch 4681 : Loss 0.652 MAE 0.654
INFO:root:Batch 4701 : Loss 0.504 MAE 0.588
INFO:root:Batch 4721 : Loss 0.362 MAE 0.551
INFO:root:Batch 4741 : Loss 0.425 MAE 0.524
INFO:root:Batch 4761 : Loss 0.256 MAE 0.413
INFO:root:Batch 4781 : Loss 0.948 MAE 0.824
INFO:root:Batch 4801 : Loss 0.275 MAE 0.424
INFO:root:Batch 4821 : Loss 0.221 MAE 0.402
INFO:root:Batch 4841 : Loss 0.263 MAE 0.397
INFO:root:Batch 4861 : Loss 0.164 MAE 0.335
INFO:root:Batch 4881 : Loss 0.311 MAE 0.442
INFO:root:Batch 4901 : Loss 1.203 MAE 0.773
INFO:root:Batch 4921 : Loss 0.393 MAE 0.496
INFO:root:Batch 4941 : Loss 0.975 MAE 0.845
INFO:root:Batch 4961 : Loss 0.408 MAE 0.496
INFO:root:Batch 4981 : Loss 0.187 MAE 0.345
INFO:root:Batch 5001 : Loss 0.515 MAE 0.586
INFO:root:Batch 5021 : Loss 0.230 MAE 0.393
INFO:root:Batch 5041 : Loss 0.463 MAE 0.559
INFO:root:Batch 5061 : Loss 0.206 MAE 0.376
INFO:root:Batch 5081 : Loss 0.531 MAE 0.585
INFO:root:Batch 5101 : Loss 0.623 MAE 0.648
INFO:root:Batch 5121 : Loss 0.990 MAE 0.830
INFO:root:Batch 5141 : Loss 0.286 MAE 0.438
INFO:root:Batch 5161 : Loss 0.423 MAE 0.529
INFO:root:Batch 5181 : Loss 0.396 MAE 0.511
INFO:root:Batch 5201 : Loss 0.286 MAE 0.437
INFO:root:Batch 5221 : Loss 0.345 MAE 0.452
INFO:root:Batch 5241 : Loss 0.345 MAE 0.460
INFO:root:Batch 5261 : Loss 0.343 MAE 0.498
INFO:root:Batch 5281 : Loss 0.961 MAE 0.883
INFO:root:Batch 5301 : Loss 0.435 MAE 0.524
INFO:root:Batch 5321 : Loss 0.561 MAE 0.612
INFO:root:Batch 5341 : Loss 0.340 MAE 0.459
INFO:__main__:Epoch 1 : Avg Error 0.499; Average Loss 0.390 Time : 550
INFO:root:Batch 1 : Loss 41.093 MAE 6.350
INFO:root:Batch 21 : Loss 6.399 MAE 2.501
INFO:root:Batch 41 : Loss 2.072 MAE 1.278
INFO:root:Batch 61 : Loss 2.355 MAE 1.446
INFO:root:Batch 81 : Loss 1.266 MAE 0.949
INFO:root:Batch 101 : Loss 0.545 MAE 0.640
INFO:root:Batch 121 : Loss 1.329 MAE 0.958
INFO:root:Batch 141 : Loss 0.845 MAE 0.784
INFO:root:Batch 161 : Loss 1.284 MAE 0.981
INFO:root:Batch 181 : Loss 0.641 MAE 0.649
INFO:root:Batch 201 : Loss 1.546 MAE 1.148
INFO:root:Batch 221 : Loss 0.152 MAE 0.318
INFO:root:Batch 241 : Loss 0.759 MAE 0.645
INFO:root:Batch 261 : Loss 1.742 MAE 1.194
INFO:root:Batch 281 : Loss 0.879 MAE 0.805
INFO:root:Batch 301 : Loss 1.123 MAE 0.816
INFO:root:Batch 321 : Loss 1.883 MAE 1.179
INFO:root:Batch 341 : Loss 1.615 MAE 1.109
INFO:root:Batch 361 : Loss 0.917 MAE 0.761
INFO:root:Batch 381 : Loss 0.397 MAE 0.513
INFO:root:Batch 401 : Loss 0.539 MAE 0.572
INFO:root:Batch 421 : Loss 0.499 MAE 0.578
INFO:root:Batch 441 : Loss 0.806 MAE 0.740
INFO:root:Batch 461 : Loss 0.773 MAE 0.762
INFO:root:Batch 481 : Loss 0.303 MAE 0.453
INFO:root:Batch 501 : Loss 0.639 MAE 0.649
INFO:root:Batch 521 : Loss 0.208 MAE 0.331
INFO:root:Batch 541 : Loss 0.573 MAE 0.560
INFO:root:Batch 561 : Loss 2.262 MAE 1.434
INFO:root:Batch 581 : Loss 0.929 MAE 0.778
INFO:root:Batch 601 : Loss 0.677 MAE 0.663
INFO:root:Batch 621 : Loss 0.380 MAE 0.483
INFO:root:Batch 641 : Loss 0.280 MAE 0.462
INFO:root:Batch 661 : Loss 0.413 MAE 0.487
INFO:root:Batch 681 : Loss 0.256 MAE 0.418
INFO:root:Batch 701 : Loss 0.302 MAE 0.450
INFO:root:Batch 721 : Loss 0.530 MAE 0.621
INFO:root:Batch 741 : Loss 0.323 MAE 0.473
INFO:root:Batch 761 : Loss 0.389 MAE 0.519
INFO:root:Batch 781 : Loss 0.330 MAE 0.465
INFO:root:Batch 801 : Loss 0.265 MAE 0.432
INFO:root:Batch 821 : Loss 0.436 MAE 0.542
INFO:root:Batch 841 : Loss 0.415 MAE 0.478
INFO:root:Batch 861 : Loss 0.292 MAE 0.438
INFO:root:Batch 881 : Loss 0.464 MAE 0.583
INFO:root:Batch 901 : Loss 0.271 MAE 0.429
INFO:root:Batch 921 : Loss 0.198 MAE 0.376
INFO:root:Batch 941 : Loss 0.451 MAE 0.569
INFO:root:Batch 961 : Loss 0.232 MAE 0.382
INFO:root:Batch 981 : Loss 0.425 MAE 0.514
INFO:root:Batch 1001 : Loss 0.482 MAE 0.577
INFO:root:Batch 1021 : Loss 0.664 MAE 0.749
INFO:root:Batch 1041 : Loss 0.159 MAE 0.325
INFO:root:Batch 1061 : Loss 0.253 MAE 0.416
INFO:root:Batch 1081 : Loss 0.807 MAE 0.790
INFO:root:Batch 1101 : Loss 4.158 MAE 1.928
INFO:root:Batch 1121 : Loss 3.947 MAE 1.934
INFO:root:Batch 1141 : Loss 1.614 MAE 1.148
INFO:root:Batch 1161 : Loss 0.730 MAE 0.746
INFO:root:Batch 1181 : Loss 0.422 MAE 0.542
INFO:root:Batch 1201 : Loss 1.335 MAE 1.067
INFO:root:Batch 1221 : Loss 0.354 MAE 0.470
INFO:root:Batch 1241 : Loss 0.478 MAE 0.584
INFO:root:Batch 1261 : Loss 0.276 MAE 0.404
INFO:root:Batch 1281 : Loss 0.725 MAE 0.548
INFO:root:Batch 1301 : Loss 0.293 MAE 0.428
INFO:root:Batch 1321 : Loss 0.875 MAE 0.851
INFO:root:Batch 1341 : Loss 0.517 MAE 0.564
INFO:root:Batch 1361 : Loss 0.324 MAE 0.457
INFO:root:Batch 1381 : Loss 0.349 MAE 0.457
INFO:root:Batch 1401 : Loss 0.314 MAE 0.474
INFO:root:Batch 1421 : Loss 0.351 MAE 0.466
INFO:root:Batch 1441 : Loss 0.768 MAE 0.789
INFO:root:Batch 1461 : Loss 0.156 MAE 0.313
INFO:root:Batch 1481 : Loss 0.324 MAE 0.502
INFO:root:Batch 1501 : Loss 0.212 MAE 0.376
INFO:root:Batch 1521 : Loss 0.308 MAE 0.437
INFO:root:Batch 1541 : Loss 0.317 MAE 0.473
INFO:root:Batch 1561 : Loss 0.179 MAE 0.348
INFO:root:Batch 1581 : Loss 0.512 MAE 0.621
INFO:root:Batch 1601 : Loss 0.143 MAE 0.312
INFO:root:Batch 1621 : Loss 0.318 MAE 0.409
INFO:root:Batch 1641 : Loss 0.088 MAE 0.248
INFO:root:Batch 1661 : Loss 0.095 MAE 0.259
INFO:root:Batch 1681 : Loss 0.331 MAE 0.469
INFO:root:Batch 1701 : Loss 0.125 MAE 0.279
INFO:root:Batch 1721 : Loss 0.240 MAE 0.435
INFO:root:Batch 1741 : Loss 0.340 MAE 0.452
INFO:root:Batch 1761 : Loss 0.323 MAE 0.476
INFO:root:Batch 1781 : Loss 0.139 MAE 0.297
INFO:root:Batch 1801 : Loss 0.362 MAE 0.365
INFO:root:Batch 1821 : Loss 0.110 MAE 0.261
INFO:root:Batch 1841 : Loss 0.241 MAE 0.399
INFO:root:Batch 1861 : Loss 0.802 MAE 0.726
INFO:root:Batch 1881 : Loss 0.537 MAE 0.652
INFO:root:Batch 1901 : Loss 0.234 MAE 0.301
INFO:root:Batch 1921 : Loss 0.200 MAE 0.372
INFO:root:Batch 1941 : Loss 0.259 MAE 0.421
INFO:root:Batch 1961 : Loss 0.165 MAE 0.323
INFO:root:Batch 1981 : Loss 1.188 MAE 0.891
INFO:root:Batch 2001 : Loss 0.199 MAE 0.384
INFO:root:Batch 2021 : Loss 0.174 MAE 0.317
INFO:root:Batch 2041 : Loss 0.306 MAE 0.450
INFO:root:Batch 2061 : Loss 0.216 MAE 0.354
INFO:root:Batch 2081 : Loss 0.224 MAE 0.388
INFO:root:Batch 2101 : Loss 0.300 MAE 0.447
INFO:root:Batch 2121 : Loss 0.129 MAE 0.281
INFO:root:Batch 2141 : Loss 0.318 MAE 0.455
INFO:root:Batch 2161 : Loss 0.192 MAE 0.352
INFO:root:Batch 2181 : Loss 0.739 MAE 0.706
INFO:root:Batch 2201 : Loss 0.243 MAE 0.408
INFO:root:Batch 2221 : Loss 0.125 MAE 0.297
INFO:root:Batch 2241 : Loss 0.084 MAE 0.234
INFO:root:Batch 2261 : Loss 0.129 MAE 0.289
INFO:root:Batch 2281 : Loss 0.428 MAE 0.558
INFO:root:Batch 2301 : Loss 0.570 MAE 0.644
INFO:root:Batch 2321 : Loss 0.266 MAE 0.417
INFO:root:Batch 2341 : Loss 0.096 MAE 0.259
INFO:root:Batch 2361 : Loss 0.157 MAE 0.354
INFO:root:Batch 2381 : Loss 0.442 MAE 0.542
INFO:root:Batch 2401 : Loss 0.534 MAE 0.614
INFO:root:Batch 2421 : Loss 0.245 MAE 0.416
INFO:root:Batch 2441 : Loss 0.100 MAE 0.256
INFO:root:Batch 2461 : Loss 0.722 MAE 0.694
INFO:root:Batch 2481 : Loss 0.157 MAE 0.310
INFO:root:Batch 2501 : Loss 0.132 MAE 0.294
INFO:root:Batch 2521 : Loss 0.189 MAE 0.373
INFO:root:Batch 2541 : Loss 0.675 MAE 0.661
INFO:root:Batch 2561 : Loss 0.179 MAE 0.351
INFO:root:Batch 2581 : Loss 0.224 MAE 0.355
INFO:root:Batch 2601 : Loss 0.392 MAE 0.526
INFO:root:Batch 2621 : Loss 0.502 MAE 0.643
INFO:root:Batch 2641 : Loss 1.072 MAE 0.941
INFO:root:Batch 2661 : Loss 0.422 MAE 0.518
INFO:root:Batch 2681 : Loss 0.706 MAE 0.775
INFO:root:Batch 2701 : Loss 0.759 MAE 0.780
INFO:root:Batch 2721 : Loss 0.268 MAE 0.446
INFO:root:Batch 2741 : Loss 0.838 MAE 0.798
INFO:root:Batch 2761 : Loss 0.661 MAE 0.683
INFO:root:Batch 2781 : Loss 0.460 MAE 0.584
INFO:root:Batch 2801 : Loss 0.289 MAE 0.462
INFO:root:Batch 2821 : Loss 0.472 MAE 0.564
INFO:root:Batch 2841 : Loss 0.534 MAE 0.602
INFO:root:Batch 2861 : Loss 0.207 MAE 0.384
INFO:root:Batch 2881 : Loss 0.507 MAE 0.601
INFO:root:Batch 2901 : Loss 0.434 MAE 0.500
INFO:root:Batch 2921 : Loss 0.266 MAE 0.413
INFO:root:Batch 2941 : Loss 0.321 MAE 0.460
INFO:root:Batch 2961 : Loss 0.247 MAE 0.416
INFO:root:Batch 2981 : Loss 0.269 MAE 0.429
INFO:root:Batch 3001 : Loss 0.368 MAE 0.535
INFO:root:Batch 3021 : Loss 0.324 MAE 0.469
INFO:root:Batch 3041 : Loss 0.753 MAE 0.770
INFO:root:Batch 3061 : Loss 0.181 MAE 0.335
INFO:root:Batch 3081 : Loss 0.212 MAE 0.380
INFO:root:Batch 3101 : Loss 0.553 MAE 0.638
INFO:root:Batch 3121 : Loss 0.568 MAE 0.676
INFO:root:Batch 3141 : Loss 0.242 MAE 0.401
INFO:root:Batch 3161 : Loss 0.378 MAE 0.513
INFO:root:Batch 3181 : Loss 0.487 MAE 0.515
INFO:root:Batch 3201 : Loss 0.245 MAE 0.412
INFO:root:Batch 3221 : Loss 0.151 MAE 0.322
INFO:root:Batch 3241 : Loss 0.328 MAE 0.473
INFO:root:Batch 3261 : Loss 0.208 MAE 0.373
INFO:root:Batch 3281 : Loss 0.205 MAE 0.354
INFO:root:Batch 3301 : Loss 0.662 MAE 0.745
INFO:root:Batch 3321 : Loss 0.750 MAE 0.775
INFO:root:Batch 3341 : Loss 0.472 MAE 0.564
INFO:root:Batch 3361 : Loss 0.430 MAE 0.532
INFO:root:Batch 3381 : Loss 0.708 MAE 0.686
INFO:root:Batch 3401 : Loss 0.414 MAE 0.515
INFO:root:Batch 3421 : Loss 0.523 MAE 0.582
INFO:root:Batch 3441 : Loss 0.190 MAE 0.360
INFO:root:Batch 3461 : Loss 0.260 MAE 0.422
INFO:root:Batch 3481 : Loss 0.212 MAE 0.384
INFO:root:Batch 3501 : Loss 0.375 MAE 0.502
INFO:root:Batch 3521 : Loss 0.256 MAE 0.426
INFO:root:Batch 3541 : Loss 0.324 MAE 0.475
INFO:root:Batch 3561 : Loss 0.347 MAE 0.483
INFO:root:Batch 3581 : Loss 0.335 MAE 0.494
INFO:root:Batch 3601 : Loss 0.181 MAE 0.327
INFO:root:Batch 3621 : Loss 0.212 MAE 0.366
INFO:root:Batch 3641 : Loss 0.154 MAE 0.297
INFO:root:Batch 3661 : Loss 0.226 MAE 0.394
INFO:root:Batch 3681 : Loss 0.183 MAE 0.356
INFO:root:Batch 3701 : Loss 0.665 MAE 0.729
INFO:root:Batch 3721 : Loss 0.202 MAE 0.369
INFO:root:Batch 3741 : Loss 0.263 MAE 0.439
INFO:root:Batch 3761 : Loss 0.250 MAE 0.425
INFO:root:Batch 3781 : Loss 0.391 MAE 0.509
INFO:root:Batch 3801 : Loss 0.274 MAE 0.400
INFO:root:Batch 3821 : Loss 0.531 MAE 0.619
INFO:root:Batch 3841 : Loss 0.584 MAE 0.642
INFO:root:Batch 3861 : Loss 0.288 MAE 0.443
INFO:root:Batch 3881 : Loss 0.274 MAE 0.403
INFO:root:Batch 3901 : Loss 0.204 MAE 0.378
INFO:root:Batch 3921 : Loss 0.420 MAE 0.543
INFO:root:Batch 3941 : Loss 0.434 MAE 0.499
INFO:root:Batch 3961 : Loss 0.288 MAE 0.427
INFO:root:Batch 3981 : Loss 0.488 MAE 0.606
INFO:root:Batch 4001 : Loss 0.311 MAE 0.460
INFO:root:Batch 4021 : Loss 0.293 MAE 0.443
INFO:root:Batch 4041 : Loss 0.260 MAE 0.440
INFO:root:Batch 4061 : Loss 0.235 MAE 0.387
INFO:root:Batch 4081 : Loss 0.254 MAE 0.441
INFO:root:Batch 4101 : Loss 0.386 MAE 0.542
INFO:root:Batch 4121 : Loss 0.132 MAE 0.287
INFO:root:Batch 4141 : Loss 0.285 MAE 0.437
INFO:root:Batch 4161 : Loss 0.278 MAE 0.403
INFO:root:Batch 4181 : Loss 0.346 MAE 0.503
INFO:root:Batch 4201 : Loss 0.461 MAE 0.574
INFO:root:Batch 4221 : Loss 0.269 MAE 0.424
INFO:root:Batch 4241 : Loss 0.190 MAE 0.353
INFO:root:Batch 4261 : Loss 0.480 MAE 0.640
INFO:root:Batch 4281 : Loss 0.431 MAE 0.490
INFO:root:Batch 4301 : Loss 0.372 MAE 0.479
INFO:root:Batch 4321 : Loss 0.383 MAE 0.524
INFO:root:Batch 4341 : Loss 0.124 MAE 0.290
INFO:root:Batch 4361 : Loss 0.495 MAE 0.599
INFO:root:Batch 4381 : Loss 0.276 MAE 0.438
INFO:root:Batch 4401 : Loss 0.145 MAE 0.298
INFO:root:Batch 4421 : Loss 0.214 MAE 0.395
INFO:root:Batch 4441 : Loss 0.258 MAE 0.425
INFO:root:Batch 4461 : Loss 0.824 MAE 0.811
INFO:root:Batch 4481 : Loss 0.292 MAE 0.446
INFO:root:Batch 4501 : Loss 0.229 MAE 0.386
INFO:root:Batch 4521 : Loss 0.231 MAE 0.400
INFO:root:Batch 4541 : Loss 0.262 MAE 0.435
INFO:root:Batch 4561 : Loss 0.279 MAE 0.431
INFO:root:Batch 4581 : Loss 0.571 MAE 0.653
INFO:root:Batch 4601 : Loss 0.134 MAE 0.300
INFO:root:Batch 4621 : Loss 0.085 MAE 0.229
INFO:root:Batch 4641 : Loss 0.392 MAE 0.518
INFO:root:Batch 4661 : Loss 0.379 MAE 0.474
INFO:root:Batch 4681 : Loss 0.545 MAE 0.612
INFO:root:Batch 4701 : Loss 0.375 MAE 0.511
INFO:root:Batch 4721 : Loss 0.300 MAE 0.486
INFO:root:Batch 4741 : Loss 0.276 MAE 0.428
INFO:root:Batch 4761 : Loss 0.209 MAE 0.376
INFO:root:Batch 4781 : Loss 0.634 MAE 0.661
INFO:root:Batch 4801 : Loss 0.256 MAE 0.400
INFO:root:Batch 4821 : Loss 0.185 MAE 0.379
INFO:root:Batch 4841 : Loss 0.215 MAE 0.369
INFO:root:Batch 4861 : Loss 0.128 MAE 0.295
INFO:root:Batch 4881 : Loss 0.216 MAE 0.383
INFO:root:Batch 4901 : Loss 1.103 MAE 0.778
INFO:root:Batch 4921 : Loss 0.430 MAE 0.544
INFO:root:Batch 4941 : Loss 0.868 MAE 0.764
INFO:root:Batch 4961 : Loss 0.330 MAE 0.414
INFO:root:Batch 4981 : Loss 0.144 MAE 0.305
INFO:root:Batch 5001 : Loss 0.275 MAE 0.440
INFO:root:Batch 5021 : Loss 0.160 MAE 0.316
INFO:root:Batch 5041 : Loss 0.344 MAE 0.499
INFO:root:Batch 5061 : Loss 0.162 MAE 0.322
INFO:root:Batch 5081 : Loss 0.464 MAE 0.557
INFO:root:Batch 5101 : Loss 0.418 MAE 0.508
INFO:root:Batch 5121 : Loss 0.654 MAE 0.653
INFO:root:Batch 5141 : Loss 0.181 MAE 0.338
INFO:root:Batch 5161 : Loss 0.346 MAE 0.468
INFO:root:Batch 5181 : Loss 0.221 MAE 0.385
INFO:root:Batch 5201 : Loss 0.272 MAE 0.410
INFO:root:Batch 5221 : Loss 0.293 MAE 0.421
INFO:root:Batch 5241 : Loss 0.391 MAE 0.520
INFO:root:Batch 5261 : Loss 0.172 MAE 0.320
INFO:root:Batch 5281 : Loss 0.636 MAE 0.689
INFO:root:Batch 5301 : Loss 0.581 MAE 0.647
INFO:root:Batch 5321 : Loss 0.577 MAE 0.656
INFO:root:Batch 5341 : Loss 0.387 MAE 0.531
INFO:__main__:Epoch 2 : Avg Error 0.545; Average Loss 0.431 Time : 538
INFO:root:Batch 1 : Loss 39.732 MAE 6.242
INFO:root:Batch 21 : Loss 5.797 MAE 2.387
INFO:root:Batch 41 : Loss 1.618 MAE 1.100
INFO:root:Batch 61 : Loss 1.904 MAE 1.306
INFO:root:Batch 81 : Loss 0.757 MAE 0.700
INFO:root:Batch 101 : Loss 0.453 MAE 0.562
INFO:root:Batch 121 : Loss 1.046 MAE 0.831
INFO:root:Batch 141 : Loss 0.498 MAE 0.615
INFO:root:Batch 161 : Loss 0.986 MAE 0.866
INFO:root:Batch 181 : Loss 0.710 MAE 0.709
INFO:root:Batch 201 : Loss 1.695 MAE 1.248
INFO:root:Batch 221 : Loss 0.109 MAE 0.255
INFO:root:Batch 241 : Loss 0.749 MAE 0.670
INFO:root:Batch 261 : Loss 1.725 MAE 1.192
INFO:root:Batch 281 : Loss 0.897 MAE 0.816
INFO:root:Batch 301 : Loss 1.315 MAE 0.915
INFO:root:Batch 321 : Loss 1.502 MAE 1.094
INFO:root:Batch 341 : Loss 1.477 MAE 1.059
INFO:root:Batch 361 : Loss 0.814 MAE 0.750
INFO:root:Batch 381 : Loss 0.309 MAE 0.465
INFO:root:Batch 401 : Loss 0.308 MAE 0.480
INFO:root:Batch 421 : Loss 0.389 MAE 0.523
INFO:root:Batch 441 : Loss 0.624 MAE 0.618
INFO:root:Batch 461 : Loss 0.611 MAE 0.671
INFO:root:Batch 481 : Loss 0.238 MAE 0.411
INFO:root:Batch 501 : Loss 0.609 MAE 0.621
INFO:root:Batch 521 : Loss 0.150 MAE 0.285
INFO:root:Batch 541 : Loss 0.520 MAE 0.560
INFO:root:Batch 561 : Loss 2.005 MAE 1.344
INFO:root:Batch 581 : Loss 0.691 MAE 0.648
INFO:root:Batch 601 : Loss 0.436 MAE 0.564
INFO:root:Batch 621 : Loss 0.194 MAE 0.345
INFO:root:Batch 641 : Loss 0.214 MAE 0.380
INFO:root:Batch 661 : Loss 0.259 MAE 0.400
INFO:root:Batch 681 : Loss 0.220 MAE 0.397
INFO:root:Batch 701 : Loss 0.192 MAE 0.361
INFO:root:Batch 721 : Loss 0.562 MAE 0.655
INFO:root:Batch 741 : Loss 0.206 MAE 0.349
INFO:root:Batch 761 : Loss 0.330 MAE 0.480
INFO:root:Batch 781 : Loss 0.270 MAE 0.412
INFO:root:Batch 801 : Loss 0.167 MAE 0.333
INFO:root:Batch 821 : Loss 0.224 MAE 0.381
INFO:root:Batch 841 : Loss 0.325 MAE 0.440
INFO:root:Batch 861 : Loss 0.317 MAE 0.477
INFO:root:Batch 881 : Loss 0.488 MAE 0.614
INFO:root:Batch 901 : Loss 0.332 MAE 0.478
INFO:root:Batch 921 : Loss 0.106 MAE 0.274
INFO:root:Batch 941 : Loss 0.424 MAE 0.545
INFO:root:Batch 961 : Loss 0.157 MAE 0.317
INFO:root:Batch 981 : Loss 0.319 MAE 0.432
INFO:root:Batch 1001 : Loss 0.381 MAE 0.537
INFO:root:Batch 1021 : Loss 0.655 MAE 0.743
INFO:root:Batch 1041 : Loss 0.134 MAE 0.292
INFO:root:Batch 1061 : Loss 0.148 MAE 0.294
INFO:root:Batch 1081 : Loss 0.703 MAE 0.680
INFO:root:Batch 1101 : Loss 4.262 MAE 1.970
INFO:root:Batch 1121 : Loss 4.091 MAE 1.968
INFO:root:Batch 1141 : Loss 1.321 MAE 1.037
INFO:root:Batch 1161 : Loss 0.517 MAE 0.604
INFO:root:Batch 1181 : Loss 0.328 MAE 0.485
INFO:root:Batch 1201 : Loss 1.291 MAE 1.065
INFO:root:Batch 1221 : Loss 0.399 MAE 0.521
INFO:root:Batch 1241 : Loss 0.330 MAE 0.499
INFO:root:Batch 1261 : Loss 0.230 MAE 0.380
INFO:root:Batch 1281 : Loss 0.681 MAE 0.518
INFO:root:Batch 1301 : Loss 0.279 MAE 0.467
INFO:root:Batch 1321 : Loss 0.491 MAE 0.622
INFO:root:Batch 1341 : Loss 0.517 MAE 0.603
INFO:root:Batch 1361 : Loss 0.295 MAE 0.468
INFO:root:Batch 1381 : Loss 0.223 MAE 0.375
INFO:root:Batch 1401 : Loss 0.255 MAE 0.413
INFO:root:Batch 1421 : Loss 0.256 MAE 0.417
INFO:root:Batch 1441 : Loss 0.625 MAE 0.720
INFO:root:Batch 1461 : Loss 0.114 MAE 0.276
INFO:root:Batch 1481 : Loss 0.339 MAE 0.509
INFO:root:Batch 1501 : Loss 0.304 MAE 0.438
INFO:root:Batch 1521 : Loss 0.332 MAE 0.475
INFO:root:Batch 1541 : Loss 0.255 MAE 0.449
INFO:root:Batch 1561 : Loss 0.158 MAE 0.329
INFO:root:Batch 1581 : Loss 0.520 MAE 0.628
INFO:root:Batch 1601 : Loss 0.162 MAE 0.340
INFO:root:Batch 1621 : Loss 0.168 MAE 0.311
INFO:root:Batch 1641 : Loss 0.114 MAE 0.278
INFO:root:Batch 1661 : Loss 0.095 MAE 0.260
INFO:root:Batch 1681 : Loss 0.404 MAE 0.541
INFO:root:Batch 1701 : Loss 0.126 MAE 0.288
INFO:root:Batch 1721 : Loss 0.153 MAE 0.351
INFO:root:Batch 1741 : Loss 0.344 MAE 0.458
INFO:root:Batch 1761 : Loss 0.256 MAE 0.421
INFO:root:Batch 1781 : Loss 0.061 MAE 0.190
INFO:root:Batch 1801 : Loss 0.288 MAE 0.274
INFO:root:Batch 1821 : Loss 0.103 MAE 0.264
INFO:root:Batch 1841 : Loss 0.154 MAE 0.340
INFO:root:Batch 1861 : Loss 0.580 MAE 0.665
INFO:root:Batch 1881 : Loss 0.489 MAE 0.606
INFO:root:Batch 1901 : Loss 0.198 MAE 0.269
INFO:root:Batch 1921 : Loss 0.174 MAE 0.335
INFO:root:Batch 1941 : Loss 0.184 MAE 0.368
INFO:root:Batch 1961 : Loss 0.150 MAE 0.324
INFO:root:Batch 1981 : Loss 1.085 MAE 0.858
INFO:root:Batch 2001 : Loss 0.187 MAE 0.347
INFO:root:Batch 2021 : Loss 0.191 MAE 0.324
INFO:root:Batch 2041 : Loss 0.364 MAE 0.528
INFO:root:Batch 2061 : Loss 0.243 MAE 0.394
INFO:root:Batch 2081 : Loss 0.165 MAE 0.327
INFO:root:Batch 2101 : Loss 0.373 MAE 0.534
INFO:root:Batch 2121 : Loss 0.087 MAE 0.224
INFO:root:Batch 2141 : Loss 0.298 MAE 0.455
INFO:root:Batch 2161 : Loss 0.145 MAE 0.294
INFO:root:Batch 2181 : Loss 0.648 MAE 0.648
INFO:root:Batch 2201 : Loss 0.272 MAE 0.439
INFO:root:Batch 2221 : Loss 0.128 MAE 0.293
INFO:root:Batch 2241 : Loss 0.061 MAE 0.205
INFO:root:Batch 2261 : Loss 0.102 MAE 0.264
INFO:root:Batch 2281 : Loss 0.395 MAE 0.555
INFO:root:Batch 2301 : Loss 0.561 MAE 0.673
INFO:root:Batch 2321 : Loss 0.262 MAE 0.427
INFO:root:Batch 2341 : Loss 0.067 MAE 0.209
INFO:root:Batch 2361 : Loss 0.102 MAE 0.279
INFO:root:Batch 2381 : Loss 0.339 MAE 0.452
INFO:root:Batch 2401 : Loss 0.425 MAE 0.552
INFO:root:Batch 2421 : Loss 0.184 MAE 0.342
INFO:root:Batch 2441 : Loss 0.084 MAE 0.235
INFO:root:Batch 2461 : Loss 0.619 MAE 0.646
INFO:root:Batch 2481 : Loss 0.129 MAE 0.276
INFO:root:Batch 2501 : Loss 0.120 MAE 0.276
INFO:root:Batch 2521 : Loss 0.172 MAE 0.366
INFO:root:Batch 2541 : Loss 0.593 MAE 0.624
INFO:root:Batch 2561 : Loss 0.180 MAE 0.339
INFO:root:Batch 2581 : Loss 0.291 MAE 0.370
INFO:root:Batch 2601 : Loss 0.256 MAE 0.433
INFO:root:Batch 2621 : Loss 0.511 MAE 0.660
INFO:root:Batch 2641 : Loss 0.728 MAE 0.772
INFO:root:Batch 2661 : Loss 0.252 MAE 0.403
INFO:root:Batch 2681 : Loss 0.502 MAE 0.628
INFO:root:Batch 2701 : Loss 0.803 MAE 0.817
INFO:root:Batch 2721 : Loss 0.300 MAE 0.472
INFO:root:Batch 2741 : Loss 0.621 MAE 0.714
INFO:root:Batch 2761 : Loss 0.436 MAE 0.554
INFO:root:Batch 2781 : Loss 0.407 MAE 0.552
INFO:root:Batch 2801 : Loss 0.262 MAE 0.439
INFO:root:Batch 2821 : Loss 0.383 MAE 0.514
INFO:root:Batch 2841 : Loss 0.498 MAE 0.594
INFO:root:Batch 2861 : Loss 0.190 MAE 0.367
INFO:root:Batch 2881 : Loss 0.234 MAE 0.418
INFO:root:Batch 2901 : Loss 0.240 MAE 0.381
INFO:root:Batch 2921 : Loss 0.191 MAE 0.330
INFO:root:Batch 2941 : Loss 0.158 MAE 0.339
INFO:root:Batch 2961 : Loss 0.180 MAE 0.341
INFO:root:Batch 2981 : Loss 0.236 MAE 0.415
INFO:root:Batch 3001 : Loss 0.249 MAE 0.428
INFO:root:Batch 3021 : Loss 0.259 MAE 0.404
INFO:root:Batch 3041 : Loss 0.632 MAE 0.689
INFO:root:Batch 3061 : Loss 0.159 MAE 0.319
INFO:root:Batch 3081 : Loss 0.116 MAE 0.279
INFO:root:Batch 3101 : Loss 0.408 MAE 0.536
INFO:root:Batch 3121 : Loss 0.483 MAE 0.627
INFO:root:Batch 3141 : Loss 0.164 MAE 0.316
INFO:root:Batch 3161 : Loss 0.245 MAE 0.417
INFO:root:Batch 3181 : Loss 0.490 MAE 0.531
INFO:root:Batch 3201 : Loss 0.203 MAE 0.386
INFO:root:Batch 3221 : Loss 0.096 MAE 0.243
INFO:root:Batch 3241 : Loss 0.263 MAE 0.433
INFO:root:Batch 3261 : Loss 0.199 MAE 0.360
INFO:root:Batch 3281 : Loss 0.100 MAE 0.235
INFO:root:Batch 3301 : Loss 0.431 MAE 0.598
INFO:root:Batch 3321 : Loss 0.605 MAE 0.667
INFO:root:Batch 3341 : Loss 0.557 MAE 0.665
INFO:root:Batch 3361 : Loss 0.368 MAE 0.494
INFO:root:Batch 3381 : Loss 0.542 MAE 0.588
INFO:root:Batch 3401 : Loss 0.297 MAE 0.445
INFO:root:Batch 3421 : Loss 0.392 MAE 0.506
INFO:root:Batch 3441 : Loss 0.165 MAE 0.320
INFO:root:Batch 3461 : Loss 0.166 MAE 0.345
INFO:root:Batch 3481 : Loss 0.159 MAE 0.336
INFO:root:Batch 3501 : Loss 0.241 MAE 0.420
INFO:root:Batch 3521 : Loss 0.174 MAE 0.347
INFO:root:Batch 3541 : Loss 0.187 MAE 0.331
INFO:root:Batch 3561 : Loss 0.509 MAE 0.592
INFO:root:Batch 3581 : Loss 0.274 MAE 0.449
INFO:root:Batch 3601 : Loss 0.152 MAE 0.304
INFO:root:Batch 3621 : Loss 0.242 MAE 0.396
INFO:root:Batch 3641 : Loss 0.101 MAE 0.252
INFO:root:Batch 3661 : Loss 0.145 MAE 0.310
INFO:root:Batch 3681 : Loss 0.143 MAE 0.308
INFO:root:Batch 3701 : Loss 0.460 MAE 0.610
INFO:root:Batch 3721 : Loss 0.140 MAE 0.314
INFO:root:Batch 3741 : Loss 0.202 MAE 0.386
INFO:root:Batch 3761 : Loss 0.170 MAE 0.345
INFO:root:Batch 3781 : Loss 0.368 MAE 0.510
INFO:root:Batch 3801 : Loss 0.207 MAE 0.353
INFO:root:Batch 3821 : Loss 0.431 MAE 0.548
INFO:root:Batch 3841 : Loss 0.402 MAE 0.530
INFO:root:Batch 3861 : Loss 0.211 MAE 0.391
INFO:root:Batch 3881 : Loss 0.241 MAE 0.390
INFO:root:Batch 3901 : Loss 0.200 MAE 0.381
INFO:root:Batch 3921 : Loss 0.262 MAE 0.393
INFO:root:Batch 3941 : Loss 0.255 MAE 0.395
INFO:root:Batch 3961 : Loss 0.263 MAE 0.418
INFO:root:Batch 3981 : Loss 0.492 MAE 0.609
INFO:root:Batch 4001 : Loss 0.275 MAE 0.435
INFO:root:Batch 4021 : Loss 0.203 MAE 0.373
INFO:root:Batch 4041 : Loss 0.231 MAE 0.414
INFO:root:Batch 4061 : Loss 0.198 MAE 0.358
INFO:root:Batch 4081 : Loss 0.231 MAE 0.415
INFO:root:Batch 4101 : Loss 0.391 MAE 0.545
INFO:root:Batch 4121 : Loss 0.075 MAE 0.211
INFO:root:Batch 4141 : Loss 0.213 MAE 0.390
INFO:root:Batch 4161 : Loss 0.236 MAE 0.398
INFO:root:Batch 4181 : Loss 0.287 MAE 0.458
INFO:root:Batch 4201 : Loss 0.342 MAE 0.496
INFO:root:Batch 4221 : Loss 0.292 MAE 0.436
INFO:root:Batch 4241 : Loss 0.128 MAE 0.282
INFO:root:Batch 4261 : Loss 0.360 MAE 0.547
INFO:root:Batch 4281 : Loss 0.298 MAE 0.412
INFO:root:Batch 4301 : Loss 0.229 MAE 0.353
INFO:root:Batch 4321 : Loss 0.187 MAE 0.344
INFO:root:Batch 4341 : Loss 0.128 MAE 0.288
INFO:root:Batch 4361 : Loss 0.436 MAE 0.528
INFO:root:Batch 4381 : Loss 0.271 MAE 0.423
INFO:root:Batch 4401 : Loss 0.177 MAE 0.354
INFO:root:Batch 4421 : Loss 0.164 MAE 0.333
INFO:root:Batch 4441 : Loss 0.196 MAE 0.362
INFO:root:Batch 4461 : Loss 0.772 MAE 0.800
INFO:root:Batch 4481 : Loss 0.300 MAE 0.474
INFO:root:Batch 4501 : Loss 0.160 MAE 0.313
INFO:root:Batch 4521 : Loss 0.159 MAE 0.332
INFO:root:Batch 4541 : Loss 0.293 MAE 0.467
INFO:root:Batch 4561 : Loss 0.179 MAE 0.377
INFO:root:Batch 4581 : Loss 0.403 MAE 0.532
INFO:root:Batch 4601 : Loss 0.107 MAE 0.269
INFO:root:Batch 4621 : Loss 0.072 MAE 0.217
INFO:root:Batch 4641 : Loss 0.176 MAE 0.356
INFO:root:Batch 4661 : Loss 0.343 MAE 0.455
INFO:root:Batch 4681 : Loss 0.445 MAE 0.543
INFO:root:Batch 4701 : Loss 0.364 MAE 0.511
INFO:root:Batch 4721 : Loss 0.225 MAE 0.422
INFO:root:Batch 4741 : Loss 0.173 MAE 0.356
INFO:root:Batch 4761 : Loss 0.141 MAE 0.312
INFO:root:Batch 4781 : Loss 0.517 MAE 0.601
INFO:root:Batch 4801 : Loss 0.143 MAE 0.292
INFO:root:Batch 4821 : Loss 0.191 MAE 0.370
INFO:root:Batch 4841 : Loss 0.172 MAE 0.336
INFO:root:Batch 4861 : Loss 0.158 MAE 0.312
INFO:root:Batch 4881 : Loss 0.138 MAE 0.312
INFO:root:Batch 4901 : Loss 0.985 MAE 0.681
INFO:root:Batch 4921 : Loss 0.388 MAE 0.523
INFO:root:Batch 4941 : Loss 0.763 MAE 0.702
INFO:root:Batch 4961 : Loss 0.235 MAE 0.364
INFO:root:Batch 4981 : Loss 0.075 MAE 0.236
INFO:root:Batch 5001 : Loss 0.214 MAE 0.386
INFO:root:Batch 5021 : Loss 0.112 MAE 0.264
INFO:root:Batch 5041 : Loss 0.219 MAE 0.397
INFO:root:Batch 5061 : Loss 0.137 MAE 0.277
INFO:root:Batch 5081 : Loss 0.417 MAE 0.527
INFO:root:Batch 5101 : Loss 0.339 MAE 0.450
INFO:root:Batch 5121 : Loss 0.519 MAE 0.580
INFO:root:Batch 5141 : Loss 0.106 MAE 0.244
INFO:root:Batch 5161 : Loss 0.342 MAE 0.456
INFO:root:Batch 5181 : Loss 0.182 MAE 0.346
INFO:root:Batch 5201 : Loss 0.210 MAE 0.356
INFO:root:Batch 5221 : Loss 0.238 MAE 0.387
INFO:root:Batch 5241 : Loss 0.199 MAE 0.348
INFO:root:Batch 5261 : Loss 0.167 MAE 0.330
INFO:root:Batch 5281 : Loss 0.415 MAE 0.566
INFO:root:Batch 5301 : Loss 0.566 MAE 0.651
INFO:root:Batch 5321 : Loss 0.342 MAE 0.488
INFO:root:Batch 5341 : Loss 0.250 MAE 0.424
INFO:__main__:Epoch 3 : Avg Error 0.521; Average Loss 0.415 Time : 539
INFO:root:Batch 1 : Loss 38.551 MAE 6.155
INFO:root:Batch 21 : Loss 4.913 MAE 2.189
INFO:root:Batch 41 : Loss 1.249 MAE 0.907
INFO:root:Batch 61 : Loss 1.411 MAE 1.110
INFO:root:Batch 81 : Loss 0.552 MAE 0.562
INFO:root:Batch 101 : Loss 0.339 MAE 0.466
INFO:root:Batch 121 : Loss 0.870 MAE 0.724
INFO:root:Batch 141 : Loss 0.458 MAE 0.598
INFO:root:Batch 161 : Loss 0.807 MAE 0.756
INFO:root:Batch 181 : Loss 0.747 MAE 0.739
INFO:root:Batch 201 : Loss 2.213 MAE 1.433
INFO:root:Batch 221 : Loss 0.114 MAE 0.275
INFO:root:Batch 241 : Loss 0.687 MAE 0.643
INFO:root:Batch 261 : Loss 1.747 MAE 1.183
INFO:root:Batch 281 : Loss 0.749 MAE 0.751
INFO:root:Batch 301 : Loss 1.385 MAE 0.969
INFO:root:Batch 321 : Loss 1.876 MAE 1.212
INFO:root:Batch 341 : Loss 1.410 MAE 1.007
INFO:root:Batch 361 : Loss 0.823 MAE 0.728
INFO:root:Batch 381 : Loss 0.333 MAE 0.486
INFO:root:Batch 401 : Loss 0.201 MAE 0.362
INFO:root:Batch 421 : Loss 0.220 MAE 0.377
INFO:root:Batch 441 : Loss 0.565 MAE 0.586
INFO:root:Batch 461 : Loss 0.497 MAE 0.607
INFO:root:Batch 481 : Loss 0.178 MAE 0.331
INFO:root:Batch 501 : Loss 0.586 MAE 0.633
INFO:root:Batch 521 : Loss 0.128 MAE 0.252
INFO:root:Batch 541 : Loss 0.444 MAE 0.513
INFO:root:Batch 561 : Loss 1.825 MAE 1.277
INFO:root:Batch 581 : Loss 0.736 MAE 0.671
INFO:root:Batch 601 : Loss 0.276 MAE 0.439
INFO:root:Batch 621 : Loss 0.149 MAE 0.298
INFO:root:Batch 641 : Loss 0.198 MAE 0.364
INFO:root:Batch 661 : Loss 0.197 MAE 0.356
INFO:root:Batch 681 : Loss 0.220 MAE 0.402
INFO:root:Batch 701 : Loss 0.144 MAE 0.316
INFO:root:Batch 721 : Loss 0.536 MAE 0.634
INFO:root:Batch 741 : Loss 0.191 MAE 0.328
INFO:root:Batch 761 : Loss 0.273 MAE 0.434
INFO:root:Batch 781 : Loss 0.263 MAE 0.418
INFO:root:Batch 801 : Loss 0.145 MAE 0.307
INFO:root:Batch 821 : Loss 0.181 MAE 0.337
INFO:root:Batch 841 : Loss 0.248 MAE 0.371
INFO:root:Batch 861 : Loss 0.239 MAE 0.392
INFO:root:Batch 881 : Loss 0.436 MAE 0.590
INFO:root:Batch 901 : Loss 0.305 MAE 0.464
INFO:root:Batch 921 : Loss 0.081 MAE 0.229
INFO:root:Batch 941 : Loss 0.393 MAE 0.523
INFO:root:Batch 961 : Loss 0.160 MAE 0.329
INFO:root:Batch 981 : Loss 0.262 MAE 0.395
INFO:root:Batch 1001 : Loss 0.344 MAE 0.508
INFO:root:Batch 1021 : Loss 0.745 MAE 0.799
INFO:root:Batch 1041 : Loss 0.101 MAE 0.253
INFO:root:Batch 1061 : Loss 0.114 MAE 0.267
INFO:root:Batch 1081 : Loss 0.619 MAE 0.623
INFO:root:Batch 1101 : Loss 4.135 MAE 1.943
INFO:root:Batch 1121 : Loss 3.518 MAE 1.821
INFO:root:Batch 1141 : Loss 1.200 MAE 1.007
INFO:root:Batch 1161 : Loss 0.367 MAE 0.492
INFO:root:Batch 1181 : Loss 0.286 MAE 0.453
INFO:root:Batch 1201 : Loss 1.254 MAE 1.039
INFO:root:Batch 1221 : Loss 0.362 MAE 0.497
INFO:root:Batch 1241 : Loss 0.318 MAE 0.491
INFO:root:Batch 1261 : Loss 0.195 MAE 0.349
INFO:root:Batch 1281 : Loss 0.609 MAE 0.513
INFO:root:Batch 1301 : Loss 0.321 MAE 0.523
INFO:root:Batch 1321 : Loss 0.334 MAE 0.508
INFO:root:Batch 1341 : Loss 0.414 MAE 0.536
INFO:root:Batch 1361 : Loss 0.313 MAE 0.511
INFO:root:Batch 1381 : Loss 0.216 MAE 0.387
INFO:root:Batch 1401 : Loss 0.199 MAE 0.355
INFO:root:Batch 1421 : Loss 0.208 MAE 0.378
INFO:root:Batch 1441 : Loss 0.484 MAE 0.622
INFO:root:Batch 1461 : Loss 0.098 MAE 0.264
INFO:root:Batch 1481 : Loss 0.383 MAE 0.568
INFO:root:Batch 1501 : Loss 0.253 MAE 0.415
INFO:root:Batch 1521 : Loss 0.248 MAE 0.405
INFO:root:Batch 1541 : Loss 0.184 MAE 0.375
INFO:root:Batch 1561 : Loss 0.192 MAE 0.337
INFO:root:Batch 1581 : Loss 0.464 MAE 0.581
INFO:root:Batch 1601 : Loss 0.152 MAE 0.326
INFO:root:Batch 1621 : Loss 0.121 MAE 0.264
INFO:root:Batch 1641 : Loss 0.126 MAE 0.280
INFO:root:Batch 1661 : Loss 0.113 MAE 0.292
INFO:root:Batch 1681 : Loss 0.355 MAE 0.501
INFO:root:Batch 1701 : Loss 0.104 MAE 0.269
INFO:root:Batch 1721 : Loss 0.163 MAE 0.367
INFO:root:Batch 1741 : Loss 0.323 MAE 0.450
INFO:root:Batch 1761 : Loss 0.223 MAE 0.387
INFO:root:Batch 1781 : Loss 0.039 MAE 0.139
INFO:root:Batch 1801 : Loss 0.263 MAE 0.218
INFO:root:Batch 1821 : Loss 0.099 MAE 0.251
INFO:root:Batch 1841 : Loss 0.178 MAE 0.360
INFO:root:Batch 1861 : Loss 0.553 MAE 0.642
INFO:root:Batch 1881 : Loss 0.511 MAE 0.625
INFO:root:Batch 1901 : Loss 0.188 MAE 0.264
INFO:root:Batch 1921 : Loss 0.152 MAE 0.323
INFO:root:Batch 1941 : Loss 0.155 MAE 0.318
INFO:root:Batch 1961 : Loss 0.110 MAE 0.273
INFO:root:Batch 1981 : Loss 1.034 MAE 0.854
INFO:root:Batch 2001 : Loss 0.144 MAE 0.309
INFO:root:Batch 2021 : Loss 0.137 MAE 0.269
INFO:root:Batch 2041 : Loss 0.420 MAE 0.605
INFO:root:Batch 2061 : Loss 0.159 MAE 0.319
INFO:root:Batch 2081 : Loss 0.143 MAE 0.312
INFO:root:Batch 2101 : Loss 0.318 MAE 0.529
INFO:root:Batch 2121 : Loss 0.080 MAE 0.234
INFO:root:Batch 2141 : Loss 0.269 MAE 0.419
INFO:root:Batch 2161 : Loss 0.129 MAE 0.246
INFO:root:Batch 2181 : Loss 0.594 MAE 0.602
INFO:root:Batch 2201 : Loss 0.244 MAE 0.415
INFO:root:Batch 2221 : Loss 0.139 MAE 0.325
INFO:root:Batch 2241 : Loss 0.040 MAE 0.155
INFO:root:Batch 2261 : Loss 0.100 MAE 0.268
INFO:root:Batch 2281 : Loss 0.381 MAE 0.544
INFO:root:Batch 2301 : Loss 0.448 MAE 0.601
INFO:root:Batch 2321 : Loss 0.149 MAE 0.314
INFO:root:Batch 2341 : Loss 0.065 MAE 0.211
INFO:root:Batch 2361 : Loss 0.095 MAE 0.264
INFO:root:Batch 2381 : Loss 0.232 MAE 0.390
INFO:root:Batch 2401 : Loss 0.403 MAE 0.540
INFO:root:Batch 2421 : Loss 0.140 MAE 0.313
INFO:root:Batch 2441 : Loss 0.066 MAE 0.220
INFO:root:Batch 2461 : Loss 0.632 MAE 0.657
INFO:root:Batch 2481 : Loss 0.121 MAE 0.257
INFO:root:Batch 2501 : Loss 0.103 MAE 0.262
INFO:root:Batch 2521 : Loss 0.140 MAE 0.324
INFO:root:Batch 2541 : Loss 0.505 MAE 0.581
INFO:root:Batch 2561 : Loss 0.196 MAE 0.352
INFO:root:Batch 2581 : Loss 0.217 MAE 0.334
INFO:root:Batch 2601 : Loss 0.243 MAE 0.416
INFO:root:Batch 2621 : Loss 0.601 MAE 0.734
INFO:root:Batch 2641 : Loss 0.738 MAE 0.792
INFO:root:Batch 2661 : Loss 0.211 MAE 0.364
INFO:root:Batch 2681 : Loss 0.388 MAE 0.563
INFO:root:Batch 2701 : Loss 0.859 MAE 0.869
INFO:root:Batch 2721 : Loss 0.293 MAE 0.474
INFO:root:Batch 2741 : Loss 0.543 MAE 0.668
INFO:root:Batch 2761 : Loss 0.375 MAE 0.514
INFO:root:Batch 2781 : Loss 0.314 MAE 0.490
INFO:root:Batch 2801 : Loss 0.266 MAE 0.460
INFO:root:Batch 2821 : Loss 0.263 MAE 0.441
INFO:root:Batch 2841 : Loss 0.496 MAE 0.578
INFO:root:Batch 2861 : Loss 0.157 MAE 0.334
INFO:root:Batch 2881 : Loss 0.182 MAE 0.368
INFO:root:Batch 2901 : Loss 0.320 MAE 0.479
INFO:root:Batch 2921 : Loss 0.146 MAE 0.297
INFO:root:Batch 2941 : Loss 0.148 MAE 0.309
INFO:root:Batch 2961 : Loss 0.124 MAE 0.288
INFO:root:Batch 2981 : Loss 0.231 MAE 0.411
INFO:root:Batch 3001 : Loss 0.218 MAE 0.400
INFO:root:Batch 3021 : Loss 0.216 MAE 0.375
INFO:root:Batch 3041 : Loss 0.708 MAE 0.751
INFO:root:Batch 3061 : Loss 0.132 MAE 0.291
INFO:root:Batch 3081 : Loss 0.082 MAE 0.231
INFO:root:Batch 3101 : Loss 0.340 MAE 0.487
INFO:root:Batch 3121 : Loss 0.434 MAE 0.581
INFO:root:Batch 3141 : Loss 0.119 MAE 0.268
INFO:root:Batch 3161 : Loss 0.243 MAE 0.406
INFO:root:Batch 3181 : Loss 0.483 MAE 0.499
INFO:root:Batch 3201 : Loss 0.161 MAE 0.341
INFO:root:Batch 3221 : Loss 0.069 MAE 0.221
INFO:root:Batch 3241 : Loss 0.273 MAE 0.447
INFO:root:Batch 3261 : Loss 0.117 MAE 0.283
INFO:root:Batch 3281 : Loss 0.096 MAE 0.235
INFO:root:Batch 3301 : Loss 0.317 MAE 0.503
INFO:root:Batch 3321 : Loss 0.543 MAE 0.640
INFO:root:Batch 3341 : Loss 0.482 MAE 0.627
INFO:root:Batch 3361 : Loss 0.272 MAE 0.423
INFO:root:Batch 3381 : Loss 0.370 MAE 0.470
INFO:root:Batch 3401 : Loss 0.235 MAE 0.410
INFO:root:Batch 3421 : Loss 0.502 MAE 0.591
INFO:root:Batch 3441 : Loss 0.147 MAE 0.290
INFO:root:Batch 3461 : Loss 0.180 MAE 0.357
INFO:root:Batch 3481 : Loss 0.138 MAE 0.311
INFO:root:Batch 3501 : Loss 0.190 MAE 0.380
INFO:root:Batch 3521 : Loss 0.128 MAE 0.295
INFO:root:Batch 3541 : Loss 0.148 MAE 0.296
INFO:root:Batch 3561 : Loss 0.409 MAE 0.520
INFO:root:Batch 3581 : Loss 0.197 MAE 0.369
INFO:root:Batch 3601 : Loss 0.150 MAE 0.299
INFO:root:Batch 3621 : Loss 0.300 MAE 0.474
INFO:root:Batch 3641 : Loss 0.088 MAE 0.232
INFO:root:Batch 3661 : Loss 0.098 MAE 0.261
INFO:root:Batch 3681 : Loss 0.112 MAE 0.265
INFO:root:Batch 3701 : Loss 0.504 MAE 0.646
INFO:root:Batch 3721 : Loss 0.096 MAE 0.254
INFO:root:Batch 3741 : Loss 0.135 MAE 0.319
INFO:root:Batch 3761 : Loss 0.121 MAE 0.289
INFO:root:Batch 3781 : Loss 0.306 MAE 0.468
INFO:root:Batch 3801 : Loss 0.176 MAE 0.320
INFO:root:Batch 3821 : Loss 0.435 MAE 0.528
INFO:root:Batch 3841 : Loss 0.311 MAE 0.453
INFO:root:Batch 3861 : Loss 0.259 MAE 0.426
INFO:root:Batch 3881 : Loss 0.189 MAE 0.339
INFO:root:Batch 3901 : Loss 0.157 MAE 0.338
INFO:root:Batch 3921 : Loss 0.261 MAE 0.431
INFO:root:Batch 3941 : Loss 0.185 MAE 0.350
INFO:root:Batch 3961 : Loss 0.211 MAE 0.383
INFO:root:Batch 3981 : Loss 0.455 MAE 0.605
INFO:root:Batch 4001 : Loss 0.220 MAE 0.378
INFO:root:Batch 4021 : Loss 0.137 MAE 0.308
INFO:root:Batch 4041 : Loss 0.155 MAE 0.332
INFO:root:Batch 4061 : Loss 0.151 MAE 0.317
INFO:root:Batch 4081 : Loss 0.225 MAE 0.410
INFO:root:Batch 4101 : Loss 0.412 MAE 0.583
INFO:root:Batch 4121 : Loss 0.096 MAE 0.249
INFO:root:Batch 4141 : Loss 0.182 MAE 0.369
INFO:root:Batch 4161 : Loss 0.226 MAE 0.392
INFO:root:Batch 4181 : Loss 0.240 MAE 0.408
INFO:root:Batch 4201 : Loss 0.320 MAE 0.499
INFO:root:Batch 4221 : Loss 0.317 MAE 0.422
INFO:root:Batch 4241 : Loss 0.125 MAE 0.280
INFO:root:Batch 4261 : Loss 0.343 MAE 0.542
INFO:root:Batch 4281 : Loss 0.221 MAE 0.355
INFO:root:Batch 4301 : Loss 0.160 MAE 0.301
INFO:root:Batch 4321 : Loss 0.126 MAE 0.282
INFO:root:Batch 4341 : Loss 0.086 MAE 0.246
INFO:root:Batch 4361 : Loss 0.521 MAE 0.584
INFO:root:Batch 4381 : Loss 0.247 MAE 0.420
INFO:root:Batch 4401 : Loss 0.142 MAE 0.296
INFO:root:Batch 4421 : Loss 0.138 MAE 0.301
INFO:root:Batch 4441 : Loss 0.142 MAE 0.298
INFO:root:Batch 4461 : Loss 0.807 MAE 0.841
INFO:root:Batch 4481 : Loss 0.313 MAE 0.491
INFO:root:Batch 4501 : Loss 0.113 MAE 0.260
INFO:root:Batch 4521 : Loss 0.100 MAE 0.261
INFO:root:Batch 4541 : Loss 0.285 MAE 0.481
INFO:root:Batch 4561 : Loss 0.223 MAE 0.409
INFO:root:Batch 4581 : Loss 0.407 MAE 0.541
INFO:root:Batch 4601 : Loss 0.091 MAE 0.248
INFO:root:Batch 4621 : Loss 0.066 MAE 0.219
INFO:root:Batch 4641 : Loss 0.136 MAE 0.312
INFO:root:Batch 4661 : Loss 0.267 MAE 0.407
INFO:root:Batch 4681 : Loss 0.354 MAE 0.469
INFO:root:Batch 4701 : Loss 0.292 MAE 0.461
INFO:root:Batch 4721 : Loss 0.195 MAE 0.390
INFO:root:Batch 4741 : Loss 0.137 MAE 0.312
INFO:root:Batch 4761 : Loss 0.102 MAE 0.269
INFO:root:Batch 4781 : Loss 0.429 MAE 0.559
INFO:root:Batch 4801 : Loss 0.258 MAE 0.437
INFO:root:Batch 4821 : Loss 0.423 MAE 0.576
INFO:root:Batch 4841 : Loss 0.139 MAE 0.318
INFO:root:Batch 4861 : Loss 0.155 MAE 0.293
INFO:root:Batch 4881 : Loss 0.105 MAE 0.266
INFO:root:Batch 4901 : Loss 0.992 MAE 0.668
INFO:root:Batch 4921 : Loss 0.370 MAE 0.529
INFO:root:Batch 4941 : Loss 0.643 MAE 0.649
INFO:root:Batch 4961 : Loss 0.157 MAE 0.316
INFO:root:Batch 4981 : Loss 0.031 MAE 0.149
INFO:root:Batch 5001 : Loss 0.183 MAE 0.357
INFO:root:Batch 5021 : Loss 0.103 MAE 0.268
INFO:root:Batch 5041 : Loss 0.128 MAE 0.303
INFO:root:Batch 5061 : Loss 0.129 MAE 0.266
INFO:root:Batch 5081 : Loss 0.442 MAE 0.539
INFO:root:Batch 5101 : Loss 0.277 MAE 0.409
INFO:root:Batch 5121 : Loss 0.425 MAE 0.510
INFO:root:Batch 5141 : Loss 0.081 MAE 0.230
INFO:root:Batch 5161 : Loss 0.260 MAE 0.404
INFO:root:Batch 5181 : Loss 0.133 MAE 0.299
INFO:root:Batch 5201 : Loss 0.189 MAE 0.336
INFO:root:Batch 5221 : Loss 0.158 MAE 0.311
INFO:root:Batch 5241 : Loss 0.107 MAE 0.250
INFO:root:Batch 5261 : Loss 0.158 MAE 0.337
INFO:root:Batch 5281 : Loss 0.286 MAE 0.469
INFO:root:Batch 5301 : Loss 0.520 MAE 0.635
INFO:root:Batch 5321 : Loss 0.346 MAE 0.517
INFO:root:Batch 5341 : Loss 0.151 MAE 0.329
INFO:__main__:Epoch 4 : Avg Error 0.471; Average Loss 0.322 Time : 594
INFO:root:Batch 1 : Loss 37.677 MAE 6.088
INFO:root:Batch 21 : Loss 4.715 MAE 2.153
INFO:root:Batch 41 : Loss 1.138 MAE 0.862
INFO:root:Batch 61 : Loss 1.282 MAE 1.052
INFO:root:Batch 81 : Loss 0.467 MAE 0.529
INFO:root:Batch 101 : Loss 0.295 MAE 0.442
INFO:root:Batch 121 : Loss 0.835 MAE 0.752
INFO:root:Batch 141 : Loss 0.298 MAE 0.483
INFO:root:Batch 161 : Loss 0.685 MAE 0.697
INFO:root:Batch 181 : Loss 0.714 MAE 0.723
INFO:root:Batch 201 : Loss 1.845 MAE 1.315
INFO:root:Batch 221 : Loss 0.098 MAE 0.248
INFO:root:Batch 241 : Loss 0.700 MAE 0.646
INFO:root:Batch 261 : Loss 1.626 MAE 1.143
INFO:root:Batch 281 : Loss 0.543 MAE 0.636
INFO:root:Batch 301 : Loss 1.377 MAE 0.992
INFO:root:Batch 321 : Loss 1.391 MAE 1.094
INFO:root:Batch 341 : Loss 1.317 MAE 1.022
INFO:root:Batch 361 : Loss 0.630 MAE 0.653
INFO:root:Batch 381 : Loss 0.218 MAE 0.380
INFO:root:Batch 401 : Loss 0.152 MAE 0.306
INFO:root:Batch 421 : Loss 0.179 MAE 0.339
INFO:root:Batch 441 : Loss 0.478 MAE 0.536
INFO:root:Batch 461 : Loss 0.378 MAE 0.501
INFO:root:Batch 481 : Loss 0.142 MAE 0.291
INFO:root:Batch 501 : Loss 0.566 MAE 0.632
INFO:root:Batch 521 : Loss 0.097 MAE 0.248
INFO:root:Batch 541 : Loss 0.416 MAE 0.544
INFO:root:Batch 561 : Loss 1.565 MAE 1.174
INFO:root:Batch 581 : Loss 0.622 MAE 0.648
INFO:root:Batch 601 : Loss 0.312 MAE 0.462
INFO:root:Batch 621 : Loss 0.097 MAE 0.244
INFO:root:Batch 641 : Loss 0.115 MAE 0.276
INFO:root:Batch 661 : Loss 0.184 MAE 0.360
INFO:root:Batch 681 : Loss 0.320 MAE 0.457
INFO:root:Batch 701 : Loss 0.143 MAE 0.313
INFO:root:Batch 721 : Loss 0.465 MAE 0.586
INFO:root:Batch 741 : Loss 0.196 MAE 0.302
INFO:root:Batch 761 : Loss 0.216 MAE 0.381
INFO:root:Batch 781 : Loss 0.223 MAE 0.402
INFO:root:Batch 801 : Loss 0.087 MAE 0.245
INFO:root:Batch 821 : Loss 0.152 MAE 0.307
INFO:root:Batch 841 : Loss 0.191 MAE 0.314
INFO:root:Batch 861 : Loss 0.203 MAE 0.349
INFO:root:Batch 881 : Loss 0.355 MAE 0.516
INFO:root:Batch 901 : Loss 0.267 MAE 0.432
INFO:root:Batch 921 : Loss 0.067 MAE 0.217
INFO:root:Batch 941 : Loss 0.341 MAE 0.485
INFO:root:Batch 961 : Loss 0.179 MAE 0.359
INFO:root:Batch 981 : Loss 0.218 MAE 0.356
INFO:root:Batch 1001 : Loss 0.391 MAE 0.548
INFO:root:Batch 1021 : Loss 0.801 MAE 0.831
INFO:root:Batch 1041 : Loss 0.082 MAE 0.231
INFO:root:Batch 1061 : Loss 0.100 MAE 0.263
INFO:root:Batch 1081 : Loss 0.546 MAE 0.583
INFO:root:Batch 1101 : Loss 3.986 MAE 1.908
INFO:root:Batch 1121 : Loss 3.344 MAE 1.778
INFO:root:Batch 1141 : Loss 0.996 MAE 0.931
INFO:root:Batch 1161 : Loss 0.270 MAE 0.412
INFO:root:Batch 1181 : Loss 0.235 MAE 0.411
INFO:root:Batch 1201 : Loss 1.112 MAE 0.944
INFO:root:Batch 1221 : Loss 0.333 MAE 0.505
INFO:root:Batch 1241 : Loss 0.362 MAE 0.515
INFO:root:Batch 1261 : Loss 0.196 MAE 0.354
INFO:root:Batch 1281 : Loss 0.524 MAE 0.474
INFO:root:Batch 1301 : Loss 0.224 MAE 0.428
INFO:root:Batch 1321 : Loss 0.415 MAE 0.562
INFO:root:Batch 1341 : Loss 0.360 MAE 0.501
INFO:root:Batch 1361 : Loss 0.215 MAE 0.420
INFO:root:Batch 1381 : Loss 0.284 MAE 0.458
INFO:root:Batch 1401 : Loss 0.162 MAE 0.308
INFO:root:Batch 1421 : Loss 0.176 MAE 0.345
INFO:root:Batch 1441 : Loss 0.424 MAE 0.584
INFO:root:Batch 1461 : Loss 0.083 MAE 0.241
INFO:root:Batch 1481 : Loss 0.311 MAE 0.502
INFO:root:Batch 1501 : Loss 0.228 MAE 0.384
INFO:root:Batch 1521 : Loss 0.279 MAE 0.440
INFO:root:Batch 1541 : Loss 0.159 MAE 0.334
INFO:root:Batch 1561 : Loss 0.204 MAE 0.354
INFO:root:Batch 1581 : Loss 0.453 MAE 0.578
INFO:root:Batch 1601 : Loss 0.122 MAE 0.286
INFO:root:Batch 1621 : Loss 0.167 MAE 0.315
INFO:root:Batch 1641 : Loss 0.126 MAE 0.279
INFO:root:Batch 1661 : Loss 0.112 MAE 0.294
INFO:root:Batch 1681 : Loss 0.241 MAE 0.407
INFO:root:Batch 1701 : Loss 0.075 MAE 0.223
INFO:root:Batch 1721 : Loss 0.149 MAE 0.365
INFO:root:Batch 1741 : Loss 0.263 MAE 0.413
INFO:root:Batch 1761 : Loss 0.149 MAE 0.320
INFO:root:Batch 1781 : Loss 0.070 MAE 0.198
INFO:root:Batch 1801 : Loss 0.290 MAE 0.236
INFO:root:Batch 1821 : Loss 0.094 MAE 0.243
INFO:root:Batch 1841 : Loss 0.188 MAE 0.377
INFO:root:Batch 1861 : Loss 0.421 MAE 0.568
INFO:root:Batch 1881 : Loss 0.517 MAE 0.644
INFO:root:Batch 1901 : Loss 0.182 MAE 0.234
INFO:root:Batch 1921 : Loss 0.153 MAE 0.325
INFO:root:Batch 1941 : Loss 0.275 MAE 0.462
INFO:root:Batch 1961 : Loss 0.101 MAE 0.261
INFO:root:Batch 1981 : Loss 0.867 MAE 0.790
INFO:root:Batch 2001 : Loss 0.179 MAE 0.337
INFO:root:Batch 2021 : Loss 0.120 MAE 0.264
INFO:root:Batch 2041 : Loss 0.290 MAE 0.505
INFO:root:Batch 2061 : Loss 0.107 MAE 0.251
INFO:root:Batch 2081 : Loss 0.114 MAE 0.279
INFO:root:Batch 2101 : Loss 0.263 MAE 0.487
INFO:root:Batch 2121 : Loss 0.075 MAE 0.225
INFO:root:Batch 2141 : Loss 0.301 MAE 0.477
INFO:root:Batch 2161 : Loss 0.119 MAE 0.231
INFO:root:Batch 2181 : Loss 0.562 MAE 0.576
INFO:root:Batch 2201 : Loss 0.239 MAE 0.411
INFO:root:Batch 2221 : Loss 0.088 MAE 0.241
INFO:root:Batch 2241 : Loss 0.023 MAE 0.117
INFO:root:Batch 2261 : Loss 0.080 MAE 0.227
INFO:root:Batch 2281 : Loss 0.426 MAE 0.578
INFO:root:Batch 2301 : Loss 0.436 MAE 0.591
INFO:root:Batch 2321 : Loss 0.172 MAE 0.347
INFO:root:Batch 2341 : Loss 0.043 MAE 0.172
INFO:root:Batch 2361 : Loss 0.102 MAE 0.272
INFO:root:Batch 2381 : Loss 0.218 MAE 0.358
INFO:root:Batch 2401 : Loss 0.494 MAE 0.636
INFO:root:Batch 2421 : Loss 0.125 MAE 0.305
INFO:root:Batch 2441 : Loss 0.055 MAE 0.189
INFO:root:Batch 2461 : Loss 0.619 MAE 0.656
INFO:root:Batch 2481 : Loss 0.086 MAE 0.230
INFO:root:Batch 2501 : Loss 0.074 MAE 0.206
INFO:root:Batch 2521 : Loss 0.110 MAE 0.288
INFO:root:Batch 2541 : Loss 0.405 MAE 0.474
INFO:root:Batch 2561 : Loss 0.098 MAE 0.253
INFO:root:Batch 2581 : Loss 0.264 MAE 0.420
INFO:root:Batch 2601 : Loss 0.192 MAE 0.374
INFO:root:Batch 2621 : Loss 0.340 MAE 0.535
INFO:root:Batch 2641 : Loss 0.702 MAE 0.785
INFO:root:Batch 2661 : Loss 0.215 MAE 0.380
INFO:root:Batch 2681 : Loss 0.508 MAE 0.674
INFO:root:Batch 2701 : Loss 0.644 MAE 0.735
INFO:root:Batch 2721 : Loss 0.203 MAE 0.394
INFO:root:Batch 2741 : Loss 0.434 MAE 0.596
INFO:root:Batch 2761 : Loss 0.330 MAE 0.480
INFO:root:Batch 2781 : Loss 0.297 MAE 0.456
INFO:root:Batch 2801 : Loss 0.289 MAE 0.483
INFO:root:Batch 2821 : Loss 0.149 MAE 0.314
INFO:root:Batch 2841 : Loss 0.377 MAE 0.520
INFO:root:Batch 2861 : Loss 0.088 MAE 0.252
INFO:root:Batch 2881 : Loss 0.151 MAE 0.336
INFO:root:Batch 2901 : Loss 0.343 MAE 0.546
INFO:root:Batch 2921 : Loss 0.178 MAE 0.298
INFO:root:Batch 2941 : Loss 0.143 MAE 0.324
INFO:root:Batch 2961 : Loss 0.096 MAE 0.254
INFO:root:Batch 2981 : Loss 0.226 MAE 0.429
INFO:root:Batch 3001 : Loss 0.169 MAE 0.356
INFO:root:Batch 3021 : Loss 0.158 MAE 0.329
INFO:root:Batch 3041 : Loss 0.503 MAE 0.636
INFO:root:Batch 3061 : Loss 0.083 MAE 0.228
INFO:root:Batch 3081 : Loss 0.049 MAE 0.171
INFO:root:Batch 3101 : Loss 0.288 MAE 0.436
INFO:root:Batch 3121 : Loss 0.412 MAE 0.570
INFO:root:Batch 3141 : Loss 0.092 MAE 0.234
INFO:root:Batch 3161 : Loss 0.207 MAE 0.369
INFO:root:Batch 3181 : Loss 0.436 MAE 0.460
INFO:root:Batch 3201 : Loss 0.137 MAE 0.311
INFO:root:Batch 3221 : Loss 0.086 MAE 0.247
INFO:root:Batch 3241 : Loss 0.235 MAE 0.416
INFO:root:Batch 3261 : Loss 0.104 MAE 0.266
INFO:root:Batch 3281 : Loss 0.066 MAE 0.199
INFO:root:Batch 3301 : Loss 0.208 MAE 0.400
INFO:root:Batch 3321 : Loss 0.439 MAE 0.565
INFO:root:Batch 3341 : Loss 0.583 MAE 0.686
INFO:root:Batch 3361 : Loss 0.208 MAE 0.370
INFO:root:Batch 3381 : Loss 0.285 MAE 0.431
INFO:root:Batch 3401 : Loss 0.194 MAE 0.378
INFO:root:Batch 3421 : Loss 0.515 MAE 0.627
INFO:root:Batch 3441 : Loss 0.134 MAE 0.267
INFO:root:Batch 3461 : Loss 0.122 MAE 0.277
INFO:root:Batch 3481 : Loss 0.106 MAE 0.271
INFO:root:Batch 3501 : Loss 0.150 MAE 0.329
INFO:root:Batch 3521 : Loss 0.096 MAE 0.262
INFO:root:Batch 3541 : Loss 0.151 MAE 0.324
INFO:root:Batch 3561 : Loss 0.345 MAE 0.471
INFO:root:Batch 3581 : Loss 0.136 MAE 0.292
INFO:root:Batch 3601 : Loss 0.094 MAE 0.246
INFO:root:Batch 3621 : Loss 0.343 MAE 0.526
INFO:root:Batch 3641 : Loss 0.068 MAE 0.193
INFO:root:Batch 3661 : Loss 0.070 MAE 0.214
INFO:root:Batch 3681 : Loss 0.115 MAE 0.273
INFO:root:Batch 3701 : Loss 0.467 MAE 0.635
INFO:root:Batch 3721 : Loss 0.120 MAE 0.286
INFO:root:Batch 3741 : Loss 0.151 MAE 0.334
INFO:root:Batch 3761 : Loss 0.102 MAE 0.258
INFO:root:Batch 3781 : Loss 0.250 MAE 0.431
INFO:root:Batch 3801 : Loss 0.113 MAE 0.249
INFO:root:Batch 3821 : Loss 0.380 MAE 0.496
INFO:root:Batch 3841 : Loss 0.189 MAE 0.360
INFO:root:Batch 3861 : Loss 0.290 MAE 0.482
INFO:root:Batch 3881 : Loss 0.130 MAE 0.287
INFO:root:Batch 3901 : Loss 0.147 MAE 0.331
INFO:root:Batch 3921 : Loss 0.197 MAE 0.377
INFO:root:Batch 3941 : Loss 0.177 MAE 0.303
INFO:root:Batch 3961 : Loss 0.153 MAE 0.325
INFO:root:Batch 3981 : Loss 0.411 MAE 0.588
INFO:root:Batch 4001 : Loss 0.175 MAE 0.333
INFO:root:Batch 4021 : Loss 0.105 MAE 0.266
INFO:root:Batch 4041 : Loss 0.115 MAE 0.278
INFO:root:Batch 4061 : Loss 0.113 MAE 0.271
INFO:root:Batch 4081 : Loss 0.125 MAE 0.289
INFO:root:Batch 4101 : Loss 0.392 MAE 0.577
INFO:root:Batch 4121 : Loss 0.083 MAE 0.241
INFO:root:Batch 4141 : Loss 0.165 MAE 0.352
INFO:root:Batch 4161 : Loss 0.174 MAE 0.342
INFO:root:Batch 4181 : Loss 0.217 MAE 0.376
INFO:root:Batch 4201 : Loss 0.292 MAE 0.480
INFO:root:Batch 4221 : Loss 0.329 MAE 0.438
INFO:root:Batch 4241 : Loss 0.110 MAE 0.270
INFO:root:Batch 4261 : Loss 0.244 MAE 0.447
INFO:root:Batch 4281 : Loss 0.171 MAE 0.301
INFO:root:Batch 4301 : Loss 0.139 MAE 0.283
INFO:root:Batch 4321 : Loss 0.122 MAE 0.284
INFO:root:Batch 4341 : Loss 0.075 MAE 0.232
INFO:root:Batch 4361 : Loss 0.456 MAE 0.570
INFO:root:Batch 4381 : Loss 0.263 MAE 0.432
INFO:root:Batch 4401 : Loss 0.101 MAE 0.267
INFO:root:Batch 4421 : Loss 0.136 MAE 0.308
INFO:root:Batch 4441 : Loss 0.121 MAE 0.279
INFO:root:Batch 4461 : Loss 0.667 MAE 0.754
INFO:root:Batch 4481 : Loss 0.289 MAE 0.470
INFO:root:Batch 4501 : Loss 0.088 MAE 0.229
INFO:root:Batch 4521 : Loss 0.083 MAE 0.235
INFO:root:Batch 4541 : Loss 0.283 MAE 0.496
INFO:root:Batch 4561 : Loss 0.164 MAE 0.350
INFO:root:Batch 4581 : Loss 0.502 MAE 0.657
INFO:root:Batch 4601 : Loss 0.072 MAE 0.222
INFO:root:Batch 4621 : Loss 0.064 MAE 0.211
INFO:root:Batch 4641 : Loss 0.111 MAE 0.272
INFO:root:Batch 4661 : Loss 0.187 MAE 0.335
INFO:root:Batch 4681 : Loss 0.263 MAE 0.417
INFO:root:Batch 4701 : Loss 0.250 MAE 0.430
INFO:root:Batch 4721 : Loss 0.127 MAE 0.307
INFO:root:Batch 4741 : Loss 0.154 MAE 0.317
INFO:root:Batch 4761 : Loss 0.079 MAE 0.239
INFO:root:Batch 4781 : Loss 0.302 MAE 0.446
INFO:root:Batch 4801 : Loss 0.206 MAE 0.373
INFO:root:Batch 4821 : Loss 0.336 MAE 0.515
INFO:root:Batch 4841 : Loss 0.123 MAE 0.304
INFO:root:Batch 4861 : Loss 0.136 MAE 0.246
INFO:root:Batch 4881 : Loss 0.090 MAE 0.248
INFO:root:Batch 4901 : Loss 1.037 MAE 0.671
INFO:root:Batch 4921 : Loss 0.287 MAE 0.457
INFO:root:Batch 4941 : Loss 0.589 MAE 0.630
INFO:root:Batch 4961 : Loss 0.129 MAE 0.287
INFO:root:Batch 4981 : Loss 0.031 MAE 0.141
INFO:root:Batch 5001 : Loss 0.169 MAE 0.335
INFO:root:Batch 5021 : Loss 0.076 MAE 0.213
INFO:root:Batch 5041 : Loss 0.103 MAE 0.273
INFO:root:Batch 5061 : Loss 0.129 MAE 0.272
INFO:root:Batch 5081 : Loss 0.379 MAE 0.519
INFO:root:Batch 5101 : Loss 0.251 MAE 0.394
INFO:root:Batch 5121 : Loss 0.397 MAE 0.491
INFO:root:Batch 5141 : Loss 0.052 MAE 0.176
INFO:root:Batch 5161 : Loss 0.232 MAE 0.409
INFO:root:Batch 5181 : Loss 0.127 MAE 0.292
INFO:root:Batch 5201 : Loss 0.172 MAE 0.319
INFO:root:Batch 5221 : Loss 0.142 MAE 0.298
INFO:root:Batch 5241 : Loss 0.087 MAE 0.227
INFO:root:Batch 5261 : Loss 0.146 MAE 0.331
INFO:root:Batch 5281 : Loss 0.252 MAE 0.448
INFO:root:Batch 5301 : Loss 0.459 MAE 0.587
INFO:root:Batch 5321 : Loss 0.385 MAE 0.554
INFO:root:Batch 5341 : Loss 0.132 MAE 0.307
INFO:__main__:Epoch 5 : Avg Error 0.452; Average Loss 0.295 Time : 1760
INFO:__main__:Training finished : Duration 3981 secs, Avg Loss 0.295, Mean Average Error 0.452, Error ratio 4.519
INFO:root:Model saved
INFO:__main__:Evaluating on the validation set...
WARNING:root:Testing on 13388 molecules
INFO:root:Batch 1 Loss : 0.135 Error : 0.304
INFO:root:Batch 2 Loss : 0.173 Error : 0.343
INFO:root:Batch 3 Loss : 0.180 Error : 0.368
INFO:root:Batch 4 Loss : 0.123 Error : 0.295
INFO:root:Batch 5 Loss : 0.172 Error : 0.348
INFO:root:Batch 6 Loss : 0.494 Error : 0.641
INFO:root:Batch 7 Loss : 0.142 Error : 0.302
INFO:root:Batch 8 Loss : 0.220 Error : 0.396
INFO:root:Batch 9 Loss : 0.181 Error : 0.347
INFO:root:Batch 10 Loss : 0.250 Error : 0.442
INFO:root:Batch 11 Loss : 0.201 Error : 0.362
INFO:root:Batch 12 Loss : 0.142 Error : 0.302
INFO:root:Batch 13 Loss : 0.341 Error : 0.488
INFO:root:Batch 14 Loss : 0.404 Error : 0.463
INFO:root:Batch 15 Loss : 0.313 Error : 0.445
INFO:root:Batch 16 Loss : 0.077 Error : 0.219
INFO:root:Batch 17 Loss : 0.396 Error : 0.593
INFO:root:Batch 18 Loss : 0.204 Error : 0.395
INFO:root:Batch 19 Loss : 0.050 Error : 0.183
INFO:root:Batch 20 Loss : 0.425 Error : 0.598
INFO:root:Batch 21 Loss : 0.135 Error : 0.315
INFO:root:Batch 22 Loss : 0.147 Error : 0.330
INFO:root:Batch 23 Loss : 0.160 Error : 0.336
INFO:root:Batch 24 Loss : 0.124 Error : 0.313
INFO:root:Batch 25 Loss : 0.080 Error : 0.239
INFO:root:Batch 26 Loss : 0.124 Error : 0.280
INFO:root:Batch 27 Loss : 0.136 Error : 0.311
INFO:root:Batch 28 Loss : 0.202 Error : 0.384
INFO:root:Batch 29 Loss : 0.066 Error : 0.192
INFO:root:Batch 30 Loss : 0.145 Error : 0.313
INFO:root:Batch 31 Loss : 0.137 Error : 0.304
INFO:root:Batch 32 Loss : 0.268 Error : 0.415
INFO:root:Batch 33 Loss : 0.159 Error : 0.313
INFO:root:Batch 34 Loss : 0.134 Error : 0.297
INFO:root:Batch 35 Loss : 0.231 Error : 0.396
INFO:root:Batch 36 Loss : 0.155 Error : 0.334
INFO:root:Batch 37 Loss : 0.199 Error : 0.370
INFO:root:Batch 38 Loss : 0.319 Error : 0.451
INFO:root:Batch 39 Loss : 0.132 Error : 0.273
INFO:root:Batch 40 Loss : 0.251 Error : 0.379
INFO:root:Batch 41 Loss : 0.132 Error : 0.296
INFO:root:Batch 42 Loss : 0.182 Error : 0.330
INFO:root:Batch 43 Loss : 0.173 Error : 0.340
INFO:root:Batch 44 Loss : 0.152 Error : 0.324
INFO:root:Batch 45 Loss : 0.435 Error : 0.595
INFO:root:Batch 46 Loss : 0.805 Error : 0.855
INFO:root:Batch 47 Loss : 0.205 Error : 0.377
INFO:root:Batch 48 Loss : 0.126 Error : 0.286
INFO:root:Batch 49 Loss : 0.163 Error : 0.320
INFO:root:Batch 50 Loss : 0.288 Error : 0.465
INFO:root:Batch 51 Loss : 0.216 Error : 0.388
INFO:root:Batch 52 Loss : 0.203 Error : 0.371
INFO:root:Batch 53 Loss : 0.447 Error : 0.524
INFO:root:Batch 54 Loss : 0.091 Error : 0.262
INFO:root:Batch 55 Loss : 0.264 Error : 0.430
INFO:root:Batch 56 Loss : 0.205 Error : 0.363
INFO:root:Batch 57 Loss : 0.143 Error : 0.308
INFO:root:Batch 58 Loss : 0.412 Error : 0.524
INFO:root:Batch 59 Loss : 0.191 Error : 0.363
INFO:root:Batch 60 Loss : 0.114 Error : 0.272
INFO:root:Batch 61 Loss : 0.214 Error : 0.373
INFO:root:Batch 62 Loss : 0.162 Error : 0.333
INFO:root:Batch 63 Loss : 0.193 Error : 0.354
INFO:root:Batch 64 Loss : 0.485 Error : 0.618
INFO:root:Batch 65 Loss : 0.069 Error : 0.216
INFO:root:Batch 66 Loss : 0.158 Error : 0.267
INFO:root:Batch 67 Loss : 0.087 Error : 0.239
INFO:root:Batch 68 Loss : 0.068 Error : 0.204
INFO:root:Batch 69 Loss : 0.158 Error : 0.317
INFO:root:Batch 70 Loss : 0.187 Error : 0.353
INFO:root:Batch 71 Loss : 0.088 Error : 0.236
INFO:root:Batch 72 Loss : 0.249 Error : 0.419
INFO:root:Batch 73 Loss : 0.190 Error : 0.369
INFO:root:Batch 74 Loss : 0.216 Error : 0.401
INFO:root:Batch 75 Loss : 0.708 Error : 0.674
INFO:root:Batch 76 Loss : 1.047 Error : 0.907
INFO:root:Batch 77 Loss : 1.186 Error : 1.024
INFO:root:Batch 78 Loss : 1.279 Error : 1.087
INFO:root:Batch 79 Loss : 1.252 Error : 1.070
INFO:root:Batch 80 Loss : 0.707 Error : 0.700
INFO:root:Batch 81 Loss : 1.176 Error : 1.018
INFO:root:Batch 82 Loss : 1.302 Error : 1.010
INFO:root:Batch 83 Loss : 1007.927 Error : 8.130
INFO:root:Batch 84 Loss : 1.502 Error : 1.157
INFO:root:Batch 85 Loss : 2.026 Error : 1.337
INFO:root:Batch 86 Loss : 1.080 Error : 0.937
INFO:root:Batch 87 Loss : 0.452 Error : 0.569
INFO:root:Batch 88 Loss : 1.069 Error : 0.938
INFO:root:Batch 89 Loss : 2.175 Error : 1.340
INFO:root:Batch 90 Loss : 0.746 Error : 0.630
INFO:root:Batch 91 Loss : 0.287 Error : 0.454
INFO:root:Batch 92 Loss : 0.562 Error : 0.666
INFO:root:Batch 93 Loss : 0.152 Error : 0.293
INFO:root:Batch 94 Loss : 0.261 Error : 0.418
INFO:root:Batch 95 Loss : 0.213 Error : 0.376
INFO:root:Batch 96 Loss : 0.363 Error : 0.500
INFO:root:Batch 97 Loss : 0.302 Error : 0.415
INFO:root:Batch 98 Loss : 0.306 Error : 0.420
INFO:root:Batch 99 Loss : 0.250 Error : 0.383
INFO:root:Batch 100 Loss : 1.082 Error : 0.995
INFO:root:Batch 101 Loss : 1.503 Error : 1.086
INFO:root:Batch 102 Loss : 1.262 Error : 0.971
INFO:root:Batch 103 Loss : 1.327 Error : 1.044
INFO:root:Batch 104 Loss : 2.403 Error : 1.402
INFO:root:Batch 105 Loss : 0.803 Error : 0.771
INFO:root:Batch 106 Loss : 0.526 Error : 0.605
INFO:root:Batch 107 Loss : 0.221 Error : 0.398
INFO:root:Batch 108 Loss : 0.440 Error : 0.493
INFO:root:Batch 109 Loss : 1.534 Error : 1.123
INFO:root:Batch 110 Loss : 1.493 Error : 1.073
INFO:root:Batch 111 Loss : 0.626 Error : 0.679
INFO:root:Batch 112 Loss : 0.762 Error : 0.709
INFO:root:Batch 113 Loss : 1.398 Error : 1.082
INFO:root:Batch 114 Loss : 0.924 Error : 0.916
INFO:root:Batch 115 Loss : 0.842 Error : 0.774
INFO:root:Batch 116 Loss : 0.470 Error : 0.532
INFO:root:Batch 117 Loss : 0.694 Error : 0.748
INFO:root:Batch 118 Loss : 0.253 Error : 0.396
INFO:root:Batch 119 Loss : 1.272 Error : 0.989
INFO:root:Batch 120 Loss : 0.753 Error : 0.781
INFO:root:Batch 121 Loss : 0.553 Error : 0.673
INFO:root:Batch 122 Loss : 1.337 Error : 1.065
INFO:root:Batch 123 Loss : 0.819 Error : 0.795
INFO:root:Batch 124 Loss : 0.688 Error : 0.708
INFO:root:Batch 125 Loss : 0.542 Error : 0.655
INFO:root:Batch 126 Loss : 0.478 Error : 0.655
INFO:root:Batch 127 Loss : 0.080 Error : 0.233
INFO:root:Batch 128 Loss : 0.424 Error : 0.571
INFO:root:Batch 129 Loss : 0.819 Error : 0.837
INFO:root:Batch 130 Loss : 0.345 Error : 0.517
INFO:root:Batch 131 Loss : 0.362 Error : 0.501
INFO:root:Batch 132 Loss : 2989.854 Error : 21.998
INFO:root:Batch 133 Loss : 2893.334 Error : 21.640
INFO:root:Batch 134 Loss : 0.561 Error : 0.687
INFO:root:Batch 135 Loss : 0.151 Error : 0.326
INFO:root:Batch 136 Loss : 0.613 Error : 0.684
INFO:root:Batch 137 Loss : 0.183 Error : 0.376
INFO:root:Batch 138 Loss : 0.120 Error : 0.275
INFO:root:Batch 139 Loss : 0.152 Error : 0.323
INFO:root:Batch 140 Loss : 0.335 Error : 0.454
INFO:root:Batch 141 Loss : 0.624 Error : 0.699
INFO:root:Batch 142 Loss : 0.333 Error : 0.510
INFO:root:Batch 143 Loss : 0.715 Error : 0.614
INFO:root:Batch 144 Loss : 0.639 Error : 0.692
INFO:root:Batch 145 Loss : 0.161 Error : 0.328
INFO:root:Batch 146 Loss : 1.049 Error : 0.974
INFO:root:Batch 147 Loss : 0.271 Error : 0.426
INFO:root:Batch 148 Loss : 0.549 Error : 0.651
INFO:root:Batch 149 Loss : 0.273 Error : 0.444
INFO:root:Batch 150 Loss : 0.821 Error : 0.834
INFO:root:Batch 151 Loss : 0.582 Error : 0.670
INFO:root:Batch 152 Loss : 0.788 Error : 0.830
INFO:root:Batch 153 Loss : 0.832 Error : 0.837
INFO:root:Batch 154 Loss : 1016.775 Error : 7.481
INFO:root:Batch 155 Loss : 0.461 Error : 0.595
INFO:root:Batch 156 Loss : 0.302 Error : 0.467
INFO:root:Batch 157 Loss : 0.318 Error : 0.495
INFO:root:Batch 158 Loss : 0.419 Error : 0.578
INFO:root:Batch 159 Loss : 0.327 Error : 0.488
INFO:root:Batch 160 Loss : 0.191 Error : 0.366
INFO:root:Batch 161 Loss : 0.240 Error : 0.422
INFO:root:Batch 162 Loss : 0.242 Error : 0.426
INFO:root:Batch 163 Loss : 0.164 Error : 0.338
INFO:root:Batch 164 Loss : 0.092 Error : 0.240
INFO:root:Batch 165 Loss : 0.144 Error : 0.324
INFO:root:Batch 166 Loss : 0.138 Error : 0.323
INFO:root:Batch 167 Loss : 0.087 Error : 0.241
INFO:root:Batch 168 Loss : 0.248 Error : 0.423
INFO:root:Batch 169 Loss : 0.574 Error : 0.716
INFO:root:Batch 170 Loss : 0.135 Error : 0.320
INFO:root:Batch 171 Loss : 0.171 Error : 0.344
INFO:root:Batch 172 Loss : 0.230 Error : 0.394
INFO:root:Batch 173 Loss : 0.225 Error : 0.380
INFO:root:Batch 174 Loss : 0.107 Error : 0.279
INFO:root:Batch 175 Loss : 0.179 Error : 0.335
INFO:root:Batch 176 Loss : 0.152 Error : 0.340
INFO:root:Batch 177 Loss : 0.133 Error : 0.303
INFO:root:Batch 178 Loss : 0.208 Error : 0.373
INFO:root:Batch 179 Loss : 0.144 Error : 0.326
INFO:root:Batch 180 Loss : 0.234 Error : 0.398
INFO:root:Batch 181 Loss : 0.090 Error : 0.251
INFO:root:Batch 182 Loss : 0.199 Error : 0.392
INFO:root:Batch 183 Loss : 0.225 Error : 0.367
INFO:root:Batch 184 Loss : 0.535 Error : 0.630
INFO:root:Batch 185 Loss : 0.556 Error : 0.592
INFO:root:Batch 186 Loss : 0.090 Error : 0.244
INFO:root:Batch 187 Loss : 0.543 Error : 0.628
INFO:root:Batch 188 Loss : 0.197 Error : 0.359
INFO:root:Batch 189 Loss : 0.176 Error : 0.317
INFO:root:Batch 190 Loss : 0.296 Error : 0.425
INFO:root:Batch 191 Loss : 0.165 Error : 0.332
INFO:root:Batch 192 Loss : 0.059 Error : 0.198
INFO:root:Batch 193 Loss : 0.280 Error : 0.446
INFO:root:Batch 194 Loss : 0.247 Error : 0.405
INFO:root:Batch 195 Loss : 0.192 Error : 0.359
INFO:root:Batch 196 Loss : 0.206 Error : 0.410
INFO:root:Batch 197 Loss : 0.108 Error : 0.253
INFO:root:Batch 198 Loss : 0.296 Error : 0.454
INFO:root:Batch 199 Loss : 0.231 Error : 0.406
INFO:root:Batch 200 Loss : 0.225 Error : 0.401
INFO:root:Batch 201 Loss : 0.210 Error : 0.374
INFO:root:Batch 202 Loss : 0.237 Error : 0.396
INFO:root:Batch 203 Loss : 0.086 Error : 0.225
INFO:root:Batch 204 Loss : 0.248 Error : 0.424
INFO:root:Batch 205 Loss : 0.289 Error : 0.442
INFO:root:Batch 206 Loss : 0.074 Error : 0.218
INFO:root:Batch 207 Loss : 0.118 Error : 0.284
INFO:root:Batch 208 Loss : 0.270 Error : 0.463
INFO:root:Batch 209 Loss : 0.166 Error : 0.343
INFO:root:Batch 210 Loss : 0.109 Error : 0.267
INFO:root:Batch 211 Loss : 0.199 Error : 0.377
INFO:root:Batch 212 Loss : 0.140 Error : 0.328
INFO:root:Batch 213 Loss : 0.319 Error : 0.490
INFO:root:Batch 214 Loss : 0.222 Error : 0.396
INFO:root:Batch 215 Loss : 0.139 Error : 0.301
INFO:root:Batch 216 Loss : 0.068 Error : 0.221
INFO:root:Batch 217 Loss : 0.438 Error : 0.626
INFO:root:Batch 218 Loss : 0.367 Error : 0.516
INFO:root:Batch 219 Loss : 0.126 Error : 0.272
INFO:root:Batch 220 Loss : 0.082 Error : 0.235
INFO:root:Batch 221 Loss : 0.133 Error : 0.302
INFO:root:Batch 222 Loss : 0.094 Error : 0.262
INFO:root:Batch 223 Loss : 0.270 Error : 0.446
INFO:root:Batch 224 Loss : 0.231 Error : 0.374
INFO:root:Batch 225 Loss : 0.133 Error : 0.314
INFO:root:Batch 226 Loss : 0.164 Error : 0.355
INFO:root:Batch 227 Loss : 0.149 Error : 0.289
INFO:root:Batch 228 Loss : 0.184 Error : 0.349
INFO:root:Batch 229 Loss : 0.248 Error : 0.422
INFO:root:Batch 230 Loss : 0.259 Error : 0.444
INFO:root:Batch 231 Loss : 0.075 Error : 0.227
INFO:root:Batch 232 Loss : 0.096 Error : 0.249
INFO:root:Batch 233 Loss : 0.230 Error : 0.416
INFO:root:Batch 234 Loss : 0.272 Error : 0.399
INFO:root:Batch 235 Loss : 0.110 Error : 0.268
INFO:root:Batch 236 Loss : 0.448 Error : 0.574
INFO:root:Batch 237 Loss : 0.168 Error : 0.332
INFO:root:Batch 238 Loss : 0.176 Error : 0.349
INFO:root:Batch 239 Loss : 0.088 Error : 0.250
INFO:root:Batch 240 Loss : 0.955 Error : 0.788
INFO:root:Batch 241 Loss : 1.194 Error : 1.021
INFO:root:Batch 242 Loss : 0.652 Error : 0.689
INFO:root:Batch 243 Loss : 0.735 Error : 0.747
INFO:root:Batch 244 Loss : 0.274 Error : 0.442
INFO:root:Batch 245 Loss : 0.065 Error : 0.222
INFO:root:Batch 246 Loss : 0.089 Error : 0.245
INFO:root:Batch 247 Loss : 0.396 Error : 0.537
INFO:root:Batch 248 Loss : 0.616 Error : 0.610
INFO:root:Batch 249 Loss : 0.106 Error : 0.258
INFO:root:Batch 250 Loss : 0.539 Error : 0.612
INFO:root:Batch 251 Loss : 0.609 Error : 0.728
INFO:root:Batch 252 Loss : 0.461 Error : 0.595
INFO:root:Batch 253 Loss : 0.546 Error : 0.641
INFO:root:Batch 254 Loss : 0.535 Error : 0.653
INFO:root:Batch 255 Loss : 0.138 Error : 0.312
INFO:root:Batch 256 Loss : 0.500 Error : 0.592
INFO:root:Batch 257 Loss : 2048.853 Error : 14.871
INFO:root:Batch 258 Loss : 1.184 Error : 1.009
INFO:root:Batch 259 Loss : 0.223 Error : 0.397
INFO:root:Batch 260 Loss : 0.242 Error : 0.400
INFO:root:Batch 261 Loss : 0.203 Error : 0.342
INFO:root:Batch 262 Loss : 1003.401 Error : 7.827
INFO:root:Batch 263 Loss : 1001.468 Error : 7.768
INFO:root:Batch 264 Loss : 0.397 Error : 0.556
INFO:root:Batch 265 Loss : 2074.782 Error : 14.753
INFO:root:Batch 266 Loss : 0.778 Error : 0.806
INFO:root:Batch 267 Loss : 0.458 Error : 0.571
INFO:root:Batch 268 Loss : 0.564 Error : 0.643
INFO:root:Batch 269 Loss : 1.509 Error : 1.124
INFO:root:Batch 270 Loss : 0.923 Error : 0.815
INFO:root:Batch 271 Loss : 0.625 Error : 0.697
INFO:root:Batch 272 Loss : 0.541 Error : 0.622
INFO:root:Batch 273 Loss : 0.639 Error : 0.732
INFO:root:Batch 274 Loss : 0.760 Error : 0.823
INFO:root:Batch 275 Loss : 0.193 Error : 0.371
INFO:root:Batch 276 Loss : 0.832 Error : 0.844
INFO:root:Batch 277 Loss : 1.601 Error : 1.204
INFO:root:Batch 278 Loss : 0.741 Error : 0.771
INFO:root:Batch 279 Loss : 0.461 Error : 0.533
INFO:root:Batch 280 Loss : 0.934 Error : 0.892
INFO:root:Batch 281 Loss : 0.622 Error : 0.703
INFO:root:Batch 282 Loss : 0.298 Error : 0.461
INFO:root:Batch 283 Loss : 0.452 Error : 0.517
INFO:root:Batch 284 Loss : 0.272 Error : 0.452
INFO:root:Batch 285 Loss : 0.336 Error : 0.486
INFO:root:Batch 286 Loss : 0.686 Error : 0.762
INFO:root:Batch 287 Loss : 0.120 Error : 0.281
INFO:root:Batch 288 Loss : 0.479 Error : 0.563
INFO:root:Batch 289 Loss : 0.789 Error : 0.794
INFO:root:Batch 290 Loss : 0.825 Error : 0.851
INFO:root:Batch 291 Loss : 0.519 Error : 0.633
INFO:root:Batch 292 Loss : 0.903 Error : 0.856
INFO:root:Batch 293 Loss : 2048.142 Error : 15.175
INFO:root:Batch 294 Loss : 0.931 Error : 0.752
INFO:root:Batch 295 Loss : 0.868 Error : 0.748
INFO:root:Batch 296 Loss : 0.411 Error : 0.560
INFO:root:Batch 297 Loss : 0.576 Error : 0.671
INFO:root:Batch 298 Loss : 0.811 Error : 0.763
INFO:root:Batch 299 Loss : 0.741 Error : 0.760
INFO:root:Batch 300 Loss : 0.314 Error : 0.506
INFO:root:Batch 301 Loss : 0.384 Error : 0.513
INFO:root:Batch 302 Loss : 0.543 Error : 0.632
INFO:root:Batch 303 Loss : 4436.448 Error : 30.307
INFO:root:Batch 304 Loss : 3717.842 Error : 24.228
INFO:root:Batch 305 Loss : 0.708 Error : 0.770
INFO:root:Batch 306 Loss : 0.279 Error : 0.455
INFO:root:Batch 307 Loss : 0.393 Error : 0.512
INFO:root:Batch 308 Loss : 0.271 Error : 0.433
INFO:root:Batch 309 Loss : 0.153 Error : 0.334
INFO:root:Batch 310 Loss : 0.227 Error : 0.391
INFO:root:Batch 311 Loss : 0.642 Error : 0.759
INFO:root:Batch 312 Loss : 0.117 Error : 0.247
INFO:root:Batch 313 Loss : 0.140 Error : 0.301
INFO:root:Batch 314 Loss : 0.990 Error : 0.942
INFO:root:Batch 315 Loss : 0.134 Error : 0.288
INFO:root:Batch 316 Loss : 0.415 Error : 0.573
INFO:root:Batch 317 Loss : 0.455 Error : 0.607
INFO:root:Batch 318 Loss : 0.081 Error : 0.231
INFO:root:Batch 319 Loss : 0.139 Error : 0.312
INFO:root:Batch 320 Loss : 0.353 Error : 0.509
INFO:root:Batch 321 Loss : 0.116 Error : 0.291
INFO:root:Batch 322 Loss : 0.298 Error : 0.469
INFO:root:Batch 323 Loss : 0.208 Error : 0.377
INFO:root:Batch 324 Loss : 0.336 Error : 0.532
INFO:root:Batch 325 Loss : 1.649 Error : 1.081
INFO:root:Batch 326 Loss : 0.463 Error : 0.617
INFO:root:Batch 327 Loss : 0.342 Error : 0.528
INFO:root:Batch 328 Loss : 1.127 Error : 0.982
INFO:root:Batch 329 Loss : 0.583 Error : 0.677
INFO:root:Batch 330 Loss : 1.050 Error : 0.976
INFO:root:Batch 331 Loss : 0.610 Error : 0.695
INFO:root:Batch 332 Loss : 0.298 Error : 0.470
INFO:root:Batch 333 Loss : 0.143 Error : 0.297
INFO:root:Batch 334 Loss : 0.255 Error : 0.419
INFO:root:Batch 335 Loss : 0.171 Error : 0.350
INFO:root:Batch 336 Loss : 0.633 Error : 0.697
INFO:root:Batch 337 Loss : 0.483 Error : 0.617
INFO:root:Batch 338 Loss : 0.187 Error : 0.373
INFO:root:Batch 339 Loss : 0.688 Error : 0.772
INFO:root:Batch 340 Loss : 0.764 Error : 0.796
INFO:root:Batch 341 Loss : 4109.973 Error : 29.367
INFO:root:Batch 342 Loss : 0.858 Error : 0.900
INFO:root:Batch 343 Loss : 0.210 Error : 0.318
INFO:root:Batch 344 Loss : 0.969 Error : 0.911
INFO:root:Batch 345 Loss : 0.380 Error : 0.546
INFO:root:Batch 346 Loss : 0.133 Error : 0.321
INFO:root:Batch 347 Loss : 0.230 Error : 0.388
INFO:root:Batch 348 Loss : 0.281 Error : 0.451
INFO:root:Batch 349 Loss : 0.162 Error : 0.331
INFO:root:Batch 350 Loss : 0.194 Error : 0.357
INFO:root:Batch 351 Loss : 0.278 Error : 0.463
INFO:root:Batch 352 Loss : 0.204 Error : 0.396
INFO:root:Batch 353 Loss : 0.077 Error : 0.222
INFO:root:Batch 354 Loss : 0.356 Error : 0.484
INFO:root:Batch 355 Loss : 0.426 Error : 0.587
INFO:root:Batch 356 Loss : 0.191 Error : 0.370
INFO:root:Batch 357 Loss : 0.405 Error : 0.563
INFO:root:Batch 358 Loss : 0.172 Error : 0.348
INFO:root:Batch 359 Loss : 0.344 Error : 0.474
INFO:root:Batch 360 Loss : 0.110 Error : 0.272
INFO:root:Batch 361 Loss : 0.250 Error : 0.420
INFO:root:Batch 362 Loss : 0.180 Error : 0.354
INFO:root:Batch 363 Loss : 0.167 Error : 0.311
INFO:root:Batch 364 Loss : 0.207 Error : 0.366
INFO:root:Batch 365 Loss : 0.514 Error : 0.599
INFO:root:Batch 366 Loss : 0.309 Error : 0.461
INFO:root:Batch 367 Loss : 0.245 Error : 0.425
INFO:root:Batch 368 Loss : 0.208 Error : 0.385
INFO:root:Batch 369 Loss : 0.220 Error : 0.380
INFO:root:Batch 370 Loss : 0.204 Error : 0.378
INFO:root:Batch 371 Loss : 0.164 Error : 0.328
INFO:root:Batch 372 Loss : 0.160 Error : 0.309
INFO:root:Batch 373 Loss : 0.199 Error : 0.388
INFO:root:Batch 374 Loss : 0.057 Error : 0.197
INFO:root:Batch 375 Loss : 0.084 Error : 0.227
INFO:root:Batch 376 Loss : 0.232 Error : 0.409
INFO:root:Batch 377 Loss : 0.194 Error : 0.386
INFO:root:Batch 378 Loss : 0.165 Error : 0.325
INFO:root:Batch 379 Loss : 0.155 Error : 0.324
INFO:root:Batch 380 Loss : 0.218 Error : 0.378
INFO:root:Batch 381 Loss : 0.117 Error : 0.254
INFO:root:Batch 382 Loss : 0.093 Error : 0.242
INFO:root:Batch 383 Loss : 0.170 Error : 0.358
INFO:root:Batch 384 Loss : 0.119 Error : 0.312
INFO:root:Batch 385 Loss : 0.166 Error : 0.337
INFO:root:Batch 386 Loss : 0.172 Error : 0.351
INFO:root:Batch 387 Loss : 0.087 Error : 0.251
INFO:root:Batch 388 Loss : 0.499 Error : 0.585
INFO:root:Batch 389 Loss : 0.404 Error : 0.524
INFO:root:Batch 390 Loss : 0.084 Error : 0.240
INFO:root:Batch 391 Loss : 1.748 Error : 1.259
INFO:root:Batch 392 Loss : 0.593 Error : 0.733
INFO:root:Batch 393 Loss : 1.439 Error : 1.132
INFO:root:Batch 394 Loss : 0.816 Error : 0.815
INFO:root:Batch 395 Loss : 0.570 Error : 0.698
INFO:root:Batch 396 Loss : 0.262 Error : 0.422
INFO:root:Batch 397 Loss : 1033.396 Error : 7.512
INFO:root:Batch 398 Loss : 0.364 Error : 0.546
INFO:root:Batch 399 Loss : 0.637 Error : 0.684
INFO:root:Batch 400 Loss : 0.541 Error : 0.701
INFO:root:Batch 401 Loss : 0.977 Error : 0.861
INFO:root:Batch 402 Loss : 0.284 Error : 0.453
INFO:root:Batch 403 Loss : 0.704 Error : 0.729
INFO:root:Batch 404 Loss : 0.277 Error : 0.378
INFO:root:Batch 405 Loss : 1.400 Error : 1.128
INFO:root:Batch 406 Loss : 0.553 Error : 0.648
INFO:root:Batch 407 Loss : 0.277 Error : 0.419
INFO:root:Batch 408 Loss : 1.582 Error : 1.209
INFO:root:Batch 409 Loss : 0.803 Error : 0.833
INFO:root:Batch 410 Loss : 1.396 Error : 1.104
INFO:root:Batch 411 Loss : 0.518 Error : 0.585
INFO:root:Batch 412 Loss : 0.590 Error : 0.704
INFO:root:Batch 413 Loss : 0.381 Error : 0.524
INFO:root:Batch 414 Loss : 0.674 Error : 0.760
INFO:root:Batch 415 Loss : 1.010 Error : 0.794
INFO:root:Batch 416 Loss : 0.480 Error : 0.596
INFO:root:Batch 417 Loss : 0.235 Error : 0.398
INFO:root:Batch 418 Loss : 0.338 Error : 0.473
INFO:root:Batch 419 Loss : 1.502 Error : 1.111
INFO:root:Batch 420 Loss : 0.966 Error : 0.941
INFO:root:Batch 421 Loss : 0.124 Error : 0.265
INFO:root:Batch 422 Loss : 0.310 Error : 0.516
INFO:root:Batch 423 Loss : 0.096 Error : 0.257
INFO:root:Batch 424 Loss : 0.228 Error : 0.393
INFO:root:Batch 425 Loss : 0.722 Error : 0.771
INFO:root:Batch 426 Loss : 0.295 Error : 0.479
INFO:root:Batch 427 Loss : 0.327 Error : 0.495
INFO:root:Batch 428 Loss : 0.195 Error : 0.343
INFO:root:Batch 429 Loss : 0.622 Error : 0.720
INFO:root:Batch 430 Loss : 3073.212 Error : 21.867
INFO:root:Batch 431 Loss : 0.777 Error : 0.824
INFO:root:Batch 432 Loss : 0.253 Error : 0.373
INFO:root:Batch 433 Loss : 0.467 Error : 0.601
INFO:root:Batch 434 Loss : 0.134 Error : 0.310
INFO:root:Batch 435 Loss : 0.170 Error : 0.336
INFO:root:Batch 436 Loss : 0.228 Error : 0.389
INFO:root:Batch 437 Loss : 0.129 Error : 0.290
INFO:root:Batch 438 Loss : 0.108 Error : 0.263
INFO:root:Batch 439 Loss : 0.149 Error : 0.309
INFO:root:Batch 440 Loss : 0.111 Error : 0.265
INFO:root:Batch 441 Loss : 0.148 Error : 0.331
INFO:root:Batch 442 Loss : 0.105 Error : 0.260
INFO:root:Batch 443 Loss : 0.077 Error : 0.230
INFO:root:Batch 444 Loss : 1.602 Error : 1.204
INFO:root:Batch 445 Loss : 1.048 Error : 0.924
INFO:root:Batch 446 Loss : 0.898 Error : 0.869
INFO:root:Batch 447 Loss : 0.529 Error : 0.649
INFO:root:Batch 448 Loss : 1.129 Error : 0.976
INFO:root:Batch 449 Loss : 0.752 Error : 0.768
INFO:root:Batch 450 Loss : 0.348 Error : 0.487
INFO:root:Batch 451 Loss : 0.354 Error : 0.517
INFO:root:Batch 452 Loss : 1.036 Error : 0.915
INFO:root:Batch 453 Loss : 0.932 Error : 0.925
INFO:root:Batch 454 Loss : 0.557 Error : 0.679
INFO:root:Batch 455 Loss : 0.357 Error : 0.543
INFO:root:Batch 456 Loss : 0.055 Error : 0.187
INFO:root:Batch 457 Loss : 0.677 Error : 0.690
INFO:root:Batch 458 Loss : 0.125 Error : 0.268
INFO:root:Batch 459 Loss : 0.154 Error : 0.316
INFO:root:Batch 460 Loss : 0.689 Error : 0.779
INFO:root:Batch 461 Loss : 0.190 Error : 0.395
INFO:root:Batch 462 Loss : 0.047 Error : 0.162
INFO:root:Batch 463 Loss : 0.925 Error : 0.903
INFO:root:Batch 464 Loss : 0.669 Error : 0.721
INFO:root:Batch 465 Loss : 0.684 Error : 0.739
INFO:root:Batch 466 Loss : 0.146 Error : 0.345
INFO:root:Batch 467 Loss : 0.711 Error : 0.781
INFO:root:Batch 468 Loss : 0.299 Error : 0.495
INFO:root:Batch 469 Loss : 0.560 Error : 0.660
INFO:root:Batch 470 Loss : 0.855 Error : 0.889
INFO:root:Batch 471 Loss : 2.121 Error : 1.128
INFO:root:Batch 472 Loss : 3.807 Error : 1.891
INFO:root:Batch 473 Loss : 3.792 Error : 1.922
INFO:root:Batch 474 Loss : 2.273 Error : 1.440
INFO:root:Batch 475 Loss : 2.822 Error : 1.627
INFO:root:Batch 476 Loss : 2.624 Error : 1.581
INFO:root:Batch 477 Loss : 3.882 Error : 1.881
INFO:root:Batch 478 Loss : 2.327 Error : 1.475
INFO:root:Batch 479 Loss : 1.682 Error : 1.266
INFO:root:Batch 480 Loss : 1.376 Error : 1.108
INFO:root:Batch 481 Loss : 1.418 Error : 1.080
INFO:root:Batch 482 Loss : 2.591 Error : 1.519
INFO:root:Batch 483 Loss : 2.843 Error : 1.663
INFO:root:Batch 484 Loss : 1.673 Error : 1.254
INFO:root:Batch 485 Loss : 3.873 Error : 1.789
INFO:root:Batch 486 Loss : 5.461 Error : 2.088
INFO:root:Batch 487 Loss : 2.680 Error : 1.595
INFO:root:Batch 488 Loss : 1.952 Error : 1.347
INFO:root:Batch 489 Loss : 0.852 Error : 0.797
INFO:root:Batch 490 Loss : 1.230 Error : 1.059
INFO:root:Batch 491 Loss : 0.780 Error : 0.823
INFO:root:Batch 492 Loss : 1027.038 Error : 8.088
INFO:root:Batch 493 Loss : 1.372 Error : 1.107
INFO:root:Batch 494 Loss : 1.382 Error : 0.971
INFO:root:Batch 495 Loss : 2.646 Error : 1.544
INFO:root:Batch 496 Loss : 0.746 Error : 0.775
INFO:root:Batch 497 Loss : 1.209 Error : 1.010
INFO:root:Batch 498 Loss : 0.870 Error : 0.867
INFO:root:Batch 499 Loss : 1.745 Error : 1.280
INFO:root:Batch 500 Loss : 1.452 Error : 1.162
INFO:root:Batch 501 Loss : 0.765 Error : 0.734
INFO:root:Batch 502 Loss : 1.057 Error : 0.906
INFO:root:Batch 503 Loss : 2.021 Error : 1.356
INFO:root:Batch 504 Loss : 1.194 Error : 1.014
INFO:root:Batch 505 Loss : 0.836 Error : 0.868
INFO:root:Batch 506 Loss : 1.309 Error : 1.081
INFO:root:Batch 507 Loss : 1.158 Error : 1.010
INFO:root:Batch 508 Loss : 0.844 Error : 0.827
INFO:root:Batch 509 Loss : 1.890 Error : 1.275
INFO:root:Batch 510 Loss : 2.109 Error : 1.378
INFO:root:Batch 511 Loss : 0.792 Error : 0.790
INFO:root:Batch 512 Loss : 2.051 Error : 1.383
INFO:root:Batch 513 Loss : 1.409 Error : 1.146
INFO:root:Batch 514 Loss : 0.814 Error : 0.839
INFO:root:Batch 515 Loss : 2.259 Error : 1.363
INFO:root:Batch 516 Loss : 1.056 Error : 0.892
INFO:root:Batch 517 Loss : 0.959 Error : 0.919
INFO:root:Batch 518 Loss : 0.897 Error : 0.874
INFO:root:Batch 519 Loss : 0.975 Error : 0.821
INFO:root:Batch 520 Loss : 2.753 Error : 1.582
INFO:root:Batch 521 Loss : 1.042 Error : 0.936
INFO:root:Batch 522 Loss : 2047.263 Error : 15.393
INFO:root:Batch 523 Loss : 0.716 Error : 0.789
INFO:root:Batch 524 Loss : 0.111 Error : 0.277
INFO:root:Batch 525 Loss : 0.746 Error : 0.790
INFO:root:Batch 526 Loss : 0.949 Error : 0.901
INFO:root:Batch 527 Loss : 7090.567 Error : 41.929
INFO:root:Batch 528 Loss : 1.743 Error : 1.279
INFO:root:Batch 529 Loss : 0.916 Error : 0.900
INFO:root:Batch 530 Loss : 1.086 Error : 0.992
INFO:root:Batch 531 Loss : 2.212 Error : 1.443
INFO:root:Batch 532 Loss : 0.142 Error : 0.321
INFO:root:Batch 533 Loss : 0.867 Error : 0.856
INFO:root:Batch 534 Loss : 0.679 Error : 0.791
INFO:root:Batch 535 Loss : 0.263 Error : 0.422
INFO:root:Batch 536 Loss : 0.561 Error : 0.666
INFO:root:Batch 537 Loss : 1.968 Error : 1.366
INFO:root:Batch 538 Loss : 1.919 Error : 1.231
INFO:root:Batch 539 Loss : 1.643 Error : 1.219
INFO:root:Batch 540 Loss : 1.310 Error : 1.061
INFO:root:Batch 541 Loss : 0.635 Error : 0.708
INFO:root:Batch 542 Loss : 2.190 Error : 1.436
INFO:root:Batch 543 Loss : 1.044 Error : 0.945
INFO:root:Batch 544 Loss : 1.773 Error : 1.295
INFO:root:Batch 545 Loss : 1.543 Error : 1.193
INFO:root:Batch 546 Loss : 0.647 Error : 0.721
INFO:root:Batch 547 Loss : 0.577 Error : 0.656
INFO:root:Batch 548 Loss : 2.138 Error : 1.423
INFO:root:Batch 549 Loss : 0.919 Error : 0.890
INFO:root:Batch 550 Loss : 0.843 Error : 0.858
INFO:root:Batch 551 Loss : 1.194 Error : 1.040
INFO:root:Batch 552 Loss : 1.034 Error : 0.959
INFO:root:Batch 553 Loss : 0.877 Error : 0.810
INFO:root:Batch 554 Loss : 1025.527 Error : 8.345
INFO:root:Batch 555 Loss : 937.724 Error : 7.880
INFO:root:Batch 556 Loss : 2889.561 Error : 22.126
INFO:root:Batch 557 Loss : 1.413 Error : 1.170
INFO:root:Batch 558 Loss : 1.611 Error : 1.144
INFO:root:Batch 559 Loss : 1.473 Error : 1.154
INFO:root:Batch 560 Loss : 0.387 Error : 0.577
INFO:root:Batch 561 Loss : 1.225 Error : 0.969
INFO:root:Batch 562 Loss : 0.631 Error : 0.742
INFO:root:Batch 563 Loss : 0.491 Error : 0.461
INFO:root:Batch 564 Loss : 0.713 Error : 0.775
INFO:root:Batch 565 Loss : 1.845 Error : 1.170
INFO:root:Batch 566 Loss : 2036.125 Error : 15.416
INFO:root:Batch 567 Loss : 1020.251 Error : 8.101
INFO:root:Batch 568 Loss : 4059.707 Error : 29.605
INFO:root:Batch 569 Loss : 1.250 Error : 1.091
INFO:root:Batch 570 Loss : 0.464 Error : 0.639
INFO:root:Batch 571 Loss : 1.254 Error : 1.019
INFO:root:Batch 572 Loss : 1.086 Error : 1.001
INFO:root:Batch 573 Loss : 0.615 Error : 0.756
INFO:root:Batch 574 Loss : 2.414 Error : 1.520
INFO:root:Batch 575 Loss : 1.579 Error : 1.145
INFO:root:Batch 576 Loss : 0.188 Error : 0.362
INFO:root:Batch 577 Loss : 1.036 Error : 0.891
INFO:root:Batch 578 Loss : 1.247 Error : 1.062
INFO:root:Batch 579 Loss : 0.915 Error : 0.873
INFO:root:Batch 580 Loss : 0.445 Error : 0.568
INFO:root:Batch 581 Loss : 0.217 Error : 0.406
INFO:root:Batch 582 Loss : 0.996 Error : 0.914
INFO:root:Batch 583 Loss : 1.066 Error : 0.968
INFO:root:Batch 584 Loss : 1.072 Error : 0.983
INFO:root:Batch 585 Loss : 0.599 Error : 0.716
INFO:root:Batch 586 Loss : 0.263 Error : 0.430
INFO:root:Batch 587 Loss : 1.173 Error : 1.028
INFO:root:Batch 588 Loss : 0.401 Error : 0.559
INFO:root:Batch 589 Loss : 0.288 Error : 0.467
INFO:root:Batch 590 Loss : 0.405 Error : 0.510
INFO:root:Batch 591 Loss : 0.733 Error : 0.815
INFO:root:Batch 592 Loss : 0.099 Error : 0.262
INFO:root:Batch 593 Loss : 0.819 Error : 0.837
INFO:root:Batch 594 Loss : 0.554 Error : 0.669
INFO:root:Batch 595 Loss : 1.012 Error : 0.957
INFO:root:Batch 596 Loss : 0.363 Error : 0.497
INFO:root:Batch 597 Loss : 1.132 Error : 1.000
INFO:root:Batch 598 Loss : 0.503 Error : 0.647
INFO:root:Batch 599 Loss : 1.022 Error : 0.969
INFO:root:Batch 600 Loss : 0.318 Error : 0.467
INFO:root:Batch 601 Loss : 0.505 Error : 0.670
INFO:root:Batch 602 Loss : 3080.975 Error : 22.173
INFO:root:Batch 603 Loss : 0.414 Error : 0.595
INFO:root:Batch 604 Loss : 0.109 Error : 0.255
INFO:root:Batch 605 Loss : 0.625 Error : 0.754
INFO:root:Batch 606 Loss : 0.313 Error : 0.493
INFO:root:Batch 607 Loss : 0.198 Error : 0.382
INFO:root:Batch 608 Loss : 0.886 Error : 0.877
INFO:root:Batch 609 Loss : 0.366 Error : 0.531
INFO:root:Batch 610 Loss : 0.117 Error : 0.294
INFO:root:Batch 611 Loss : 0.104 Error : 0.253
INFO:root:Batch 612 Loss : 0.140 Error : 0.312
INFO:root:Batch 613 Loss : 0.691 Error : 0.736
INFO:root:Batch 614 Loss : 0.414 Error : 0.565
INFO:root:Batch 615 Loss : 0.276 Error : 0.459
INFO:root:Batch 616 Loss : 0.392 Error : 0.561
INFO:root:Batch 617 Loss : 0.417 Error : 0.546
INFO:root:Batch 618 Loss : 0.434 Error : 0.589
INFO:root:Batch 619 Loss : 0.124 Error : 0.288
INFO:root:Batch 620 Loss : 0.229 Error : 0.412
INFO:root:Batch 621 Loss : 0.165 Error : 0.335
INFO:root:Batch 622 Loss : 0.221 Error : 0.415
INFO:root:Batch 623 Loss : 0.335 Error : 0.519
INFO:root:Batch 624 Loss : 0.091 Error : 0.250
INFO:root:Batch 625 Loss : 0.263 Error : 0.431
INFO:root:Batch 626 Loss : 0.066 Error : 0.204
INFO:root:Batch 627 Loss : 0.071 Error : 0.220
INFO:root:Batch 628 Loss : 0.095 Error : 0.252
INFO:root:Batch 629 Loss : 0.151 Error : 0.312
INFO:root:Batch 630 Loss : 0.199 Error : 0.346
INFO:root:Batch 631 Loss : 0.271 Error : 0.431
INFO:root:Batch 632 Loss : 0.430 Error : 0.498
INFO:root:Batch 633 Loss : 1022.539 Error : 8.343
INFO:root:Batch 634 Loss : 1.334 Error : 1.031
INFO:root:Batch 635 Loss : 0.707 Error : 0.720
INFO:root:Batch 636 Loss : 1.984 Error : 1.343
INFO:root:Batch 637 Loss : 1.805 Error : 1.268
INFO:root:Batch 638 Loss : 0.627 Error : 0.634
INFO:root:Batch 639 Loss : 1.898 Error : 1.276
INFO:root:Batch 640 Loss : 1.623 Error : 1.204
INFO:root:Batch 641 Loss : 0.900 Error : 0.878
INFO:root:Batch 642 Loss : 0.277 Error : 0.453
INFO:root:Batch 643 Loss : 0.614 Error : 0.731
INFO:root:Batch 644 Loss : 1.309 Error : 1.100
INFO:root:Batch 645 Loss : 0.701 Error : 0.680
INFO:root:Batch 646 Loss : 1.139 Error : 0.993
INFO:root:Batch 647 Loss : 0.693 Error : 0.763
INFO:root:Batch 648 Loss : 0.085 Error : 0.245
INFO:root:Batch 649 Loss : 0.074 Error : 0.234
INFO:root:Batch 650 Loss : 0.081 Error : 0.242
INFO:root:Batch 651 Loss : 0.419 Error : 0.585
INFO:root:Batch 652 Loss : 0.334 Error : 0.505
INFO:root:Batch 653 Loss : 0.319 Error : 0.483
INFO:root:Batch 654 Loss : 0.434 Error : 0.559
INFO:root:Batch 655 Loss : 0.328 Error : 0.485
INFO:root:Batch 656 Loss : 0.183 Error : 0.363
INFO:root:Batch 657 Loss : 0.312 Error : 0.491
INFO:root:Batch 658 Loss : 0.263 Error : 0.433
INFO:root:Batch 659 Loss : 0.093 Error : 0.250
INFO:root:Batch 660 Loss : 0.254 Error : 0.423
INFO:root:Batch 661 Loss : 0.223 Error : 0.411
INFO:root:Batch 662 Loss : 0.068 Error : 0.216
INFO:root:Batch 663 Loss : 0.668 Error : 0.692
INFO:root:Batch 664 Loss : 0.966 Error : 0.919
INFO:root:Batch 665 Loss : 1.248 Error : 1.045
INFO:root:Batch 666 Loss : 0.549 Error : 0.628
INFO:root:Batch 667 Loss : 999.401 Error : 8.239
INFO:root:Batch 668 Loss : 1.375 Error : 1.092
INFO:root:Batch 669 Loss : 1.034 Error : 0.957
INFO:root:Batch 670 Loss : 0.468 Error : 0.556
INFO:__main__:Validation finished : Avg loss 89.757, Mean Average Error 1.237, Error ratio 12.367
