INFO:__main__:Log path : log/qm9/lg_False_up_1_bs_30_ep_50_st_20_op_adamax_lr_0.0004_da_0.9_L_20_h_2_ta_0_567.pickle
INFO:__main__:Log path : log/qm9/lg_False_up_1_bs_30_ep_50_st_20_op_adamax_lr_0.0004_da_0.9_L_20_h_2_ta_0_028.pickle
INFO:__main__:Log path : log/qm9/lg_False_up_1_bs_30_ep_50_st_20_op_adamax_lr_0.0004_da_0.9_L_20_h_2_ta_0_557.pickle
INFO:root:New directory created
INFO:root:New directory created
INFO:root:New directory created
INFO:__main__:Working on CPU
INFO:__main__:Working on CPU
INFO:root:Loading data...
INFO:root:Loading data...
INFO:__main__:Working on CPU
INFO:root:Loading data...
INFO:__main__:Log path : log/qm9/lg_False_up_1_bs_30_ep_50_st_20_op_adamax_lr_0.0004_da_0.9_L_20_h_2_ta_0_792.pickle
INFO:root:New directory created
INFO:__main__:Working on CPU
INFO:root:Loading data...
INFO:__main__:Log path : log/qm9/lg_False_up_1_bs_30_ep_50_st_20_op_adamax_lr_0.0004_da_0.9_L_20_h_2_ta_0_779.pickle
INFO:root:New directory created
INFO:__main__:Working on CPU
INFO:root:Loading data...
INFO:__main__:Number of training instances : 10710
INFO:__main__:Number of validation instances : 1338
INFO:__main__:Network created
INFO:__main__:Training the GNN
INFO:__main__:Number of training instances : 10710
INFO:__main__:Number of training instances : 10710
INFO:__main__:Number of validation instances : 1338
INFO:__main__:Number of validation instances : 1338
INFO:__main__:Network created
INFO:__main__:Network created
INFO:__main__:Training the GNN
INFO:__main__:Training the GNN
INFO:__main__:Number of training instances : 10710
INFO:__main__:Number of validation instances : 1338
INFO:__main__:Network created
INFO:__main__:Training the GNN
INFO:__main__:Number of training instances : 10710
INFO:__main__:Number of validation instances : 1338
INFO:__main__:Network created
INFO:__main__:Training the GNN
INFO:__main__:Epoch 1 : Avg Error 0.837; Average Loss 1.175 Time : 153
INFO:__main__:Epoch 1 : Avg Error 0.664; Average Loss 0.629 Time : 154
INFO:__main__:Epoch 1 : Avg Error 1.099; Average Loss 2.051 Time : 157
INFO:__main__:Epoch 1 : Avg Error 0.823; Average Loss 1.137 Time : 154
INFO:__main__:Epoch 1 : Avg Error 0.684; Average Loss 0.921 Time : 158
INFO:__main__:Epoch 2 : Avg Error 0.803; Average Loss 1.081 Time : 153
INFO:__main__:Epoch 2 : Avg Error 0.651; Average Loss 0.568 Time : 154
INFO:__main__:Epoch 2 : Avg Error 0.987; Average Loss 1.655 Time : 157
INFO:__main__:Epoch 2 : Avg Error 0.712; Average Loss 0.826 Time : 154
INFO:__main__:Epoch 2 : Avg Error 0.631; Average Loss 0.703 Time : 158
INFO:__main__:Epoch 3 : Avg Error 0.754; Average Loss 0.940 Time : 154
INFO:__main__:Epoch 3 : Avg Error 0.641; Average Loss 0.529 Time : 155
INFO:__main__:Epoch 3 : Avg Error 0.820; Average Loss 1.152 Time : 158
INFO:__main__:Epoch 3 : Avg Error 0.671; Average Loss 0.724 Time : 154
INFO:__main__:Epoch 3 : Avg Error 0.582; Average Loss 0.583 Time : 158
INFO:__main__:Epoch 4 : Avg Error 0.693; Average Loss 0.798 Time : 154
INFO:__main__:Epoch 4 : Avg Error 0.631; Average Loss 0.509 Time : 155
INFO:__main__:Epoch 4 : Avg Error 0.643; Average Loss 0.644 Time : 155
INFO:__main__:Epoch 4 : Avg Error 0.694; Average Loss 0.929 Time : 158
INFO:__main__:Epoch 4 : Avg Error 0.580; Average Loss 0.552 Time : 159
INFO:__main__:Epoch 5 : Avg Error 0.650; Average Loss 0.671 Time : 155
INFO:__main__:Epoch 5 : Avg Error 0.621; Average Loss 0.500 Time : 156
INFO:__main__:Epoch 5 : Avg Error 0.653; Average Loss 0.656 Time : 156
INFO:__main__:Epoch 5 : Avg Error 0.654; Average Loss 0.859 Time : 159
INFO:__main__:Epoch 5 : Avg Error 0.588; Average Loss 0.549 Time : 160
INFO:__main__:Epoch 6 : Avg Error 0.605; Average Loss 0.578 Time : 155
INFO:__main__:Epoch 6 : Avg Error 0.615; Average Loss 0.494 Time : 156
INFO:__main__:Epoch 6 : Avg Error 0.647; Average Loss 0.606 Time : 156
INFO:__main__:Epoch 6 : Avg Error 0.638; Average Loss 0.814 Time : 158
INFO:__main__:Epoch 6 : Avg Error 0.597; Average Loss 0.540 Time : 160
INFO:__main__:Epoch 7 : Avg Error 0.620; Average Loss 0.584 Time : 155
INFO:__main__:Epoch 7 : Avg Error 0.622; Average Loss 0.506 Time : 156
INFO:__main__:Epoch 7 : Avg Error 0.665; Average Loss 0.623 Time : 156
INFO:__main__:Epoch 7 : Avg Error 0.623; Average Loss 0.775 Time : 159
INFO:__main__:Epoch 7 : Avg Error 0.599; Average Loss 0.541 Time : 160
INFO:__main__:Epoch 8 : Avg Error 0.614; Average Loss 0.553 Time : 155
INFO:__main__:Epoch 8 : Avg Error 0.627; Average Loss 0.510 Time : 157
INFO:__main__:Epoch 8 : Avg Error 0.663; Average Loss 0.608 Time : 156
INFO:__main__:Epoch 8 : Avg Error 0.618; Average Loss 0.736 Time : 159
INFO:__main__:Epoch 8 : Avg Error 0.606; Average Loss 0.541 Time : 160
INFO:__main__:Epoch 9 : Avg Error 0.609; Average Loss 0.538 Time : 156
INFO:__main__:Epoch 9 : Avg Error 0.629; Average Loss 0.510 Time : 157
INFO:__main__:Epoch 9 : Avg Error 0.648; Average Loss 0.596 Time : 157
INFO:__main__:Epoch 9 : Avg Error 0.616; Average Loss 0.706 Time : 160
INFO:__main__:Epoch 9 : Avg Error 0.613; Average Loss 0.538 Time : 161
INFO:__main__:Epoch 10 : Avg Error 0.639; Average Loss 0.592 Time : 156
INFO:__main__:Epoch 10 : Avg Error 0.633; Average Loss 0.518 Time : 157
INFO:__main__:Epoch 10 : Avg Error 0.664; Average Loss 0.607 Time : 157
INFO:__main__:Epoch 10 : Avg Error 0.610; Average Loss 0.684 Time : 160
INFO:__main__:Epoch 10 : Avg Error 0.612; Average Loss 0.533 Time : 161
INFO:__main__:Epoch 11 : Avg Error 0.630; Average Loss 0.584 Time : 156
INFO:__main__:Epoch 11 : Avg Error 0.632; Average Loss 0.516 Time : 160
INFO:__main__:Epoch 11 : Avg Error 0.667; Average Loss 0.594 Time : 158
INFO:__main__:Epoch 11 : Avg Error 0.600; Average Loss 0.649 Time : 163
INFO:__main__:Epoch 11 : Avg Error 0.610; Average Loss 0.525 Time : 164
INFO:__main__:Epoch 12 : Avg Error 0.634; Average Loss 0.576 Time : 160
INFO:__main__:Epoch 12 : Avg Error 0.639; Average Loss 0.525 Time : 161
INFO:__main__:Epoch 12 : Avg Error 0.666; Average Loss 0.595 Time : 165
INFO:__main__:Epoch 12 : Avg Error 0.586; Average Loss 0.619 Time : 163
INFO:__main__:Epoch 13 : Avg Error 0.641; Average Loss 0.581 Time : 161
INFO:__main__:Epoch 13 : Avg Error 0.641; Average Loss 0.527 Time : 161
INFO:__main__:Epoch 13 : Avg Error 0.661; Average Loss 0.580 Time : 166
INFO:__main__:Epoch 13 : Avg Error 0.583; Average Loss 0.605 Time : 166
INFO:__main__:Epoch 14 : Avg Error 0.683; Average Loss 0.650 Time : 198
INFO:__main__:Epoch 14 : Avg Error 0.644; Average Loss 0.534 Time : 198
INFO:__main__:Epoch 14 : Avg Error 0.642; Average Loss 0.557 Time : 204
INFO:__main__:Epoch 14 : Avg Error 0.581; Average Loss 0.595 Time : 203
INFO:__main__:Epoch 12 : Avg Error 0.614; Average Loss 0.523 Time : 554
INFO:__main__:Epoch 15 : Avg Error 0.646; Average Loss 0.585 Time : 164
INFO:__main__:Epoch 15 : Avg Error 0.649; Average Loss 0.539 Time : 156
INFO:__main__:Epoch 15 : Avg Error 0.648; Average Loss 0.560 Time : 166
INFO:__main__:Epoch 15 : Avg Error 0.579; Average Loss 0.581 Time : 169
/var/lib/slurm/slurmd/job68111/slurm_script: line 19: 10688 Killed                  python3 scripts/main_gnn_qm9.py --lr $lr --lrdamping $lrdamp --step $step --data_path $data_path --epochs $epochs
INFO:__main__:Epoch 13 : Avg Error 0.613; Average Loss 0.520 Time : 224
INFO:__main__:Epoch 16 : Avg Error 0.651; Average Loss 0.538 Time : 209
INFO:__main__:Epoch 16 : Avg Error 0.641; Average Loss 0.559 Time : 211
INFO:__main__:Epoch 16 : Avg Error 0.577; Average Loss 0.566 Time : 203
INFO:__main__:Epoch 14 : Avg Error 0.613; Average Loss 0.519 Time : 161
INFO:__main__:Epoch 17 : Avg Error 0.659; Average Loss 0.549 Time : 164
INFO:__main__:Epoch 17 : Avg Error 0.644; Average Loss 0.564 Time : 158
INFO:__main__:Epoch 17 : Avg Error 0.577; Average Loss 0.556 Time : 166
/var/lib/slurm/slurmd/job68113/slurm_script: line 19: 10691 Killed                  python3 scripts/main_gnn_qm9.py --lr $lr --lrdamping $lrdamp --step $step --data_path $data_path --epochs $epochs
INFO:__main__:Epoch 15 : Avg Error 0.621; Average Loss 0.528 Time : 192
INFO:__main__:Epoch 18 : Avg Error 0.637; Average Loss 0.542 Time : 190
INFO:__main__:Epoch 18 : Avg Error 0.576; Average Loss 0.548 Time : 193
INFO:__main__:Epoch 16 : Avg Error 0.625; Average Loss 0.528 Time : 162
INFO:__main__:Epoch 19 : Avg Error 0.635; Average Loss 0.542 Time : 162
INFO:__main__:Epoch 19 : Avg Error 0.573; Average Loss 0.539 Time : 160
INFO:__main__:Epoch 17 : Avg Error 0.619; Average Loss 0.533 Time : 168
INFO:__main__:Epoch 20 : Avg Error 0.632; Average Loss 0.538 Time : 166
INFO:__main__:Epoch 20 : Avg Error 0.587; Average Loss 0.538 Time : 160
/var/lib/slurm/slurmd/job68110/slurm_script: line 19: 10692 Killed                  python3 scripts/main_gnn_qm9.py --lr $lr --lrdamping $lrdamp --step $step --data_path $data_path --epochs $epochs
INFO:__main__:Epoch 18 : Avg Error 0.622; Average Loss 0.539 Time : 209
INFO:__main__:Epoch 21 : Avg Error 0.581; Average Loss 0.530 Time : 195
INFO:__main__:Epoch 19 : Avg Error 0.627; Average Loss 0.539 Time : 161
INFO:__main__:Epoch 22 : Avg Error 0.581; Average Loss 0.515 Time : 162
INFO:__main__:Epoch 20 : Avg Error 0.625; Average Loss 0.528 Time : 161
INFO:__main__:Epoch 23 : Avg Error 0.584; Average Loss 0.516 Time : 166
INFO:__main__:Epoch 21 : Avg Error 0.630; Average Loss 0.536 Time : 161
INFO:__main__:Epoch 24 : Avg Error 0.583; Average Loss 0.504 Time : 167
INFO:__main__:Epoch 22 : Avg Error 0.632; Average Loss 0.545 Time : 161
INFO:__main__:Epoch 25 : Avg Error 0.577; Average Loss 0.486 Time : 217
INFO:__main__:Epoch 23 : Avg Error 0.637; Average Loss 0.563 Time : 213
INFO:__main__:Epoch 26 : Avg Error 0.577; Average Loss 0.483 Time : 160
INFO:__main__:Epoch 24 : Avg Error 0.630; Average Loss 0.545 Time : 161
INFO:__main__:Epoch 27 : Avg Error 0.579; Average Loss 0.486 Time : 159
INFO:__main__:Epoch 25 : Avg Error 0.631; Average Loss 0.534 Time : 163
INFO:__main__:Epoch 28 : Avg Error 0.579; Average Loss 0.483 Time : 160
INFO:__main__:Epoch 26 : Avg Error 0.632; Average Loss 0.532 Time : 169
INFO:__main__:Epoch 29 : Avg Error 0.580; Average Loss 0.478 Time : 160
INFO:__main__:Epoch 27 : Avg Error 0.628; Average Loss 0.519 Time : 168
INFO:__main__:Epoch 30 : Avg Error 0.579; Average Loss 0.473 Time : 160
INFO:__main__:Epoch 28 : Avg Error 0.632; Average Loss 0.532 Time : 168
/var/lib/slurm/slurmd/job68108/slurm_script: line 19: 10689 Killed                  python3 scripts/main_gnn_qm9.py --lr $lr --lrdamping $lrdamp --step $step --data_path $data_path --epochs $epochs
INFO:__main__:Epoch 29 : Avg Error 0.628; Average Loss 0.518 Time : 256
INFO:__main__:Epoch 30 : Avg Error 0.633; Average Loss 0.523 Time : 162
INFO:__main__:Epoch 31 : Avg Error 0.636; Average Loss 0.523 Time : 162
INFO:__main__:Epoch 32 : Avg Error 0.634; Average Loss 0.529 Time : 168
INFO:__main__:Epoch 33 : Avg Error 0.640; Average Loss 0.530 Time : 169
INFO:__main__:Epoch 34 : Avg Error 0.644; Average Loss 0.540 Time : 169
INFO:__main__:Epoch 35 : Avg Error 0.651; Average Loss 0.548 Time : 169
INFO:__main__:Epoch 36 : Avg Error 0.645; Average Loss 0.549 Time : 169
INFO:__main__:Epoch 37 : Avg Error 0.654; Average Loss 0.553 Time : 169
INFO:__main__:Epoch 38 : Avg Error 0.662; Average Loss 0.567 Time : 169
INFO:__main__:Epoch 39 : Avg Error 0.667; Average Loss 0.572 Time : 280
INFO:__main__:Epoch 40 : Avg Error 0.667; Average Loss 0.573 Time : 161
INFO:__main__:Epoch 41 : Avg Error 0.662; Average Loss 0.560 Time : 161
INFO:__main__:Epoch 42 : Avg Error 0.659; Average Loss 0.553 Time : 161
INFO:__main__:Epoch 43 : Avg Error 0.660; Average Loss 0.553 Time : 161
INFO:__main__:Epoch 44 : Avg Error 0.660; Average Loss 0.553 Time : 161
INFO:__main__:Epoch 45 : Avg Error 0.660; Average Loss 0.550 Time : 161
INFO:__main__:Epoch 46 : Avg Error 0.675; Average Loss 0.575 Time : 161
INFO:__main__:Epoch 47 : Avg Error 0.681; Average Loss 0.593 Time : 161
INFO:__main__:Epoch 48 : Avg Error 0.683; Average Loss 0.597 Time : 161
INFO:__main__:Epoch 49 : Avg Error 0.676; Average Loss 0.594 Time : 161
INFO:__main__:Epoch 50 : Avg Error 0.672; Average Loss 0.583 Time : 162
INFO:__main__:Training finished : Duration 8929 secs, Avg Loss 0.583, Mean Average Error 0.672, Error ratio 6.722
INFO:root:Model saved
INFO:__main__:Evaluating on the validation set...
WARNING:root:Testing on 1338 molecules
INFO:root:Batch 1 Loss : 0.136 Error : 0.267
INFO:root:Batch 2 Loss : 0.198 Error : 0.321
INFO:root:Batch 3 Loss : 0.253 Error : 0.420
INFO:root:Batch 4 Loss : 0.132 Error : 0.328
INFO:root:Batch 5 Loss : 6.216 Error : 0.752
INFO:root:Batch 6 Loss : 0.476 Error : 0.638
INFO:root:Batch 7 Loss : 0.395 Error : 0.577
INFO:root:Batch 8 Loss : 0.212 Error : 0.325
INFO:root:Batch 9 Loss : 0.244 Error : 0.364
INFO:root:Batch 10 Loss : 0.144 Error : 0.249
INFO:root:Batch 11 Loss : 0.133 Error : 0.340
INFO:root:Batch 12 Loss : 0.355 Error : 0.454
INFO:root:Batch 13 Loss : 0.170 Error : 0.307
INFO:root:Batch 14 Loss : 0.180 Error : 0.352
INFO:root:Batch 15 Loss : 0.101 Error : 0.223
INFO:root:Batch 16 Loss : 0.216 Error : 0.401
INFO:root:Batch 17 Loss : 0.107 Error : 0.275
INFO:root:Batch 18 Loss : 0.442 Error : 0.534
INFO:root:Batch 19 Loss : 0.184 Error : 0.331
INFO:root:Batch 20 Loss : 0.123 Error : 0.265
INFO:root:Batch 21 Loss : 0.471 Error : 0.612
INFO:root:Batch 22 Loss : 0.207 Error : 0.325
INFO:root:Batch 23 Loss : 0.211 Error : 0.305
INFO:root:Batch 24 Loss : 0.642 Error : 0.739
INFO:root:Batch 25 Loss : 0.108 Error : 0.235
INFO:root:Batch 26 Loss : 0.416 Error : 0.401
INFO:root:Batch 27 Loss : 0.218 Error : 0.299
INFO:root:Batch 28 Loss : 0.317 Error : 0.384
INFO:root:Batch 29 Loss : 0.406 Error : 0.571
INFO:root:Batch 30 Loss : 11.880 Error : 1.203
INFO:root:Batch 31 Loss : 0.158 Error : 0.309
INFO:root:Batch 32 Loss : 0.376 Error : 0.531
INFO:root:Batch 33 Loss : 0.277 Error : 0.464
INFO:root:Batch 34 Loss : 0.286 Error : 0.459
INFO:root:Batch 35 Loss : 0.117 Error : 0.271
INFO:root:Batch 36 Loss : 0.081 Error : 0.208
INFO:root:Batch 37 Loss : 3.550 Error : 0.662
INFO:root:Batch 38 Loss : 0.598 Error : 0.689
INFO:root:Batch 39 Loss : 0.197 Error : 0.362
INFO:root:Batch 40 Loss : 0.203 Error : 0.337
INFO:root:Batch 41 Loss : 0.288 Error : 0.418
INFO:root:Batch 42 Loss : 0.097 Error : 0.242
INFO:root:Batch 43 Loss : 6.033 Error : 0.926
INFO:root:Batch 44 Loss : 0.240 Error : 0.385
INFO:root:Batch 45 Loss : 0.115 Error : 0.275
INFO:__main__:Validation finished : Avg loss 0.849, Mean Average Error 0.431, Error ratio 4.310
