INFO:__main__:Log path : log/qm9/lg_True_up_2_bs_30_ep_100_st_10_op_adamax_lr_0.0004_da_0.9_L_20_h_2_ta_0_202.pickle
INFO:root:New directory created
INFO:__main__:Working on CPU
INFO:root:Loading data...
INFO:__main__:Number of training instances : 10710
INFO:__main__:Number of validation instances : 1338
INFO:__main__:Network created
INFO:__main__:Training the GNN
INFO:__main__:Epoch 1 : Avg Error 0.698; Average Loss 0.839 Time : 365
INFO:__main__:Epoch 2 : Avg Error 0.620; Average Loss 0.667 Time : 365
INFO:__main__:Epoch 3 : Avg Error 0.586; Average Loss 0.576 Time : 368
INFO:__main__:Epoch 4 : Avg Error 0.574; Average Loss 0.536 Time : 378
INFO:__main__:Epoch 5 : Avg Error 0.544; Average Loss 0.472 Time : 387
INFO:__main__:Epoch 6 : Avg Error 0.497; Average Loss 0.398 Time : 565
INFO:__main__:Epoch 7 : Avg Error 0.477; Average Loss 0.359 Time : 1112
INFO:__main__:Epoch 8 : Avg Error 0.447; Average Loss 0.318 Time : 440
INFO:__main__:Epoch 9 : Avg Error 0.427; Average Loss 0.289 Time : 426
INFO:__main__:Epoch 10 : Avg Error 0.417; Average Loss 0.269 Time : 404
INFO:__main__:Epoch 11 : Avg Error 0.407; Average Loss 0.252 Time : 452
INFO:__main__:Epoch 12 : Avg Error 0.401; Average Loss 0.243 Time : 374
INFO:__main__:Epoch 13 : Avg Error 0.387; Average Loss 0.225 Time : 473
INFO:__main__:Epoch 14 : Avg Error 0.381; Average Loss 0.216 Time : 399
INFO:__main__:Epoch 15 : Avg Error 0.368; Average Loss 0.204 Time : 400
INFO:__main__:Epoch 16 : Avg Error 0.357; Average Loss 0.191 Time : 400
INFO:__main__:Epoch 17 : Avg Error 0.346; Average Loss 0.180 Time : 398
/var/lib/slurm/slurmd/job67822/slurm_script: line 20: 23921 Killed                  python3 scripts/main_gnn_qm9.py --lg True --update $u --lr $lr --lrdamping $lrdamp --step $step --data_path $data_path --epochs $epochs
