INFO:__main__:Log path : log/qm9/lg_True_up_2_bs_30_ep_50_st_5_op_adamax_lr_0.0004_da_0.9_L_20_h_2_ta_0_353.pickle
INFO:__main__:Log path : log/qm9/lg_True_up_2_bs_30_ep_50_st_5_op_adamax_lr_0.0004_da_0.9_L_20_h_2_ta_0_808.pickle
INFO:__main__:Log path : log/qm9/lg_True_up_2_bs_30_ep_50_st_5_op_adamax_lr_0.0004_da_0.9_L_20_h_2_ta_0_992.pickle
INFO:__main__:Log path : log/qm9/lg_True_up_2_bs_30_ep_50_st_5_op_adamax_lr_0.0004_da_0.9_L_20_h_2_ta_0_932.pickle
INFO:__main__:Log path : log/qm9/lg_True_up_2_bs_30_ep_50_st_5_op_adamax_lr_0.0004_da_0.9_L_20_h_2_ta_0_105.pickle
INFO:root:New directory created
INFO:root:New directory created
INFO:__main__:Working on CPU
INFO:__main__:Working on CPU
INFO:root:New directory created
INFO:root:New directory created
INFO:__main__:Working on CPU
INFO:root:Loading data...
INFO:root:Loading data...
INFO:root:New directory created
INFO:__main__:Working on CPU
INFO:root:Loading data...
INFO:root:Loading data...
INFO:__main__:Working on CPU
INFO:root:Loading data...
INFO:__main__:Number of training instances : 10710
INFO:__main__:Number of training instances : 10710
INFO:__main__:Number of training instances : 10710
INFO:__main__:Number of validation instances : 1338
INFO:__main__:Number of validation instances : 1338
INFO:__main__:Number of validation instances : 1338
INFO:__main__:Network created
INFO:__main__:Training the GNN
INFO:__main__:Network created
INFO:__main__:Network created
INFO:__main__:Training the GNN
INFO:__main__:Training the GNN
INFO:__main__:Number of training instances : 10710
INFO:__main__:Number of validation instances : 1338
INFO:__main__:Network created
INFO:__main__:Training the GNN
INFO:__main__:Number of training instances : 10710
INFO:__main__:Number of validation instances : 1338
INFO:__main__:Network created
INFO:__main__:Training the GNN
INFO:__main__:Epoch 1 : Avg Error 0.685; Average Loss 0.730 Time : 358
INFO:__main__:Epoch 1 : Avg Error 0.640; Average Loss 0.570 Time : 358
INFO:__main__:Epoch 1 : Avg Error 0.640; Average Loss 0.653 Time : 366
INFO:__main__:Epoch 1 : Avg Error 0.836; Average Loss 1.061 Time : 376
INFO:__main__:Epoch 1 : Avg Error 0.969; Average Loss 1.360 Time : 378
INFO:__main__:Epoch 2 : Avg Error 0.562; Average Loss 0.528 Time : 612
INFO:__main__:Epoch 2 : Avg Error 0.562; Average Loss 0.571 Time : 637
INFO:__main__:Epoch 2 : Avg Error 0.763; Average Loss 0.929 Time : 738
INFO:__main__:Epoch 2 : Avg Error 0.581; Average Loss 0.512 Time : 771
INFO:__main__:Epoch 2 : Avg Error 0.717; Average Loss 0.824 Time : 762
INFO:__main__:Epoch 3 : Avg Error 0.534; Average Loss 0.454 Time : 490
INFO:__main__:Epoch 3 : Avg Error 0.502; Average Loss 0.486 Time : 426
INFO:__main__:Epoch 3 : Avg Error 0.635; Average Loss 0.667 Time : 360
INFO:__main__:Epoch 3 : Avg Error 0.541; Average Loss 0.456 Time : 363
INFO:__main__:Epoch 3 : Avg Error 0.675; Average Loss 0.785 Time : 389
INFO:__main__:Epoch 4 : Avg Error 0.448; Average Loss 0.413 Time : 353
INFO:__main__:Epoch 4 : Avg Error 0.492; Average Loss 0.383 Time : 368
INFO:__main__:Epoch 4 : Avg Error 0.565; Average Loss 0.580 Time : 363
INFO:__main__:Epoch 4 : Avg Error 0.505; Average Loss 0.414 Time : 371
INFO:__main__:Epoch 4 : Avg Error 0.593; Average Loss 0.612 Time : 391
INFO:__main__:Epoch 5 : Avg Error 0.448; Average Loss 0.388 Time : 356
INFO:__main__:Epoch 5 : Avg Error 0.462; Average Loss 0.343 Time : 370
INFO:__main__:Epoch 5 : Avg Error 0.530; Average Loss 0.498 Time : 366
INFO:__main__:Epoch 5 : Avg Error 0.482; Average Loss 0.381 Time : 368
INFO:__main__:Epoch 5 : Avg Error 0.575; Average Loss 0.564 Time : 385
INFO:__main__:Epoch 6 : Avg Error 0.422; Average Loss 0.354 Time : 358
INFO:__main__:Epoch 6 : Avg Error 0.446; Average Loss 0.313 Time : 368
INFO:__main__:Epoch 6 : Avg Error 0.523; Average Loss 0.486 Time : 367
INFO:__main__:Epoch 6 : Avg Error 0.487; Average Loss 0.355 Time : 371
INFO:__main__:Epoch 6 : Avg Error 0.559; Average Loss 0.535 Time : 395
INFO:__main__:Epoch 7 : Avg Error 0.429; Average Loss 0.356 Time : 359
INFO:__main__:Epoch 7 : Avg Error 0.507; Average Loss 0.476 Time : 369
INFO:__main__:Epoch 7 : Avg Error 0.429; Average Loss 0.294 Time : 397
INFO:__main__:Epoch 7 : Avg Error 0.466; Average Loss 0.325 Time : 401
INFO:__main__:Epoch 7 : Avg Error 0.574; Average Loss 0.610 Time : 412
INFO:__main__:Epoch 8 : Avg Error 0.414; Average Loss 0.338 Time : 499
/var/lib/slurm/slurmd/job68392/slurm_script: line 20: 17582 Killed                  python3 scripts/main_gnn_qm9.py --lg True --update $u --lr $lr --lrdamping $lrdamp --step $step --data_path $data_path --epochs $epochs
INFO:__main__:Epoch 8 : Avg Error 0.417; Average Loss 0.281 Time : 643
INFO:__main__:Epoch 8 : Avg Error 0.480; Average Loss 0.458 Time : 679
INFO:__main__:Epoch 8 : Avg Error 0.456; Average Loss 0.310 Time : 641
INFO:__main__:Epoch 8 : Avg Error 0.558; Average Loss 0.567 Time : 652
INFO:__main__:Epoch 9 : Avg Error 0.418; Average Loss 0.284 Time : 392
INFO:__main__:Epoch 9 : Avg Error 0.543; Average Loss 0.487 Time : 411
INFO:__main__:Epoch 9 : Avg Error 0.453; Average Loss 0.304 Time : 397
INFO:__main__:Epoch 9 : Avg Error 0.507; Average Loss 0.444 Time : 414
INFO:__main__:Epoch 10 : Avg Error 0.424; Average Loss 0.295 Time : 399
INFO:__main__:Epoch 10 : Avg Error 0.461; Average Loss 0.404 Time : 364
INFO:__main__:Epoch 10 : Avg Error 0.439; Average Loss 0.290 Time : 401
INFO:__main__:Epoch 10 : Avg Error 0.514; Average Loss 0.460 Time : 455
/var/lib/slurm/slurmd/job68391/slurm_script: line 20: 17584 Killed                  python3 scripts/main_gnn_qm9.py --lg True --update $u --lr $lr --lrdamping $lrdamp --step $step --data_path $data_path --epochs $epochs
INFO:__main__:Epoch 11 : Avg Error 0.416; Average Loss 0.279 Time : 620
INFO:__main__:Epoch 11 : Avg Error 0.434; Average Loss 0.290 Time : 619
INFO:__main__:Epoch 11 : Avg Error 0.525; Average Loss 0.473 Time : 593
INFO:__main__:Epoch 12 : Avg Error 0.405; Average Loss 0.271 Time : 399
INFO:__main__:Epoch 12 : Avg Error 0.424; Average Loss 0.283 Time : 400
INFO:__main__:Epoch 12 : Avg Error 0.505; Average Loss 0.402 Time : 413
INFO:__main__:Epoch 13 : Avg Error 0.385; Average Loss 0.239 Time : 399
INFO:__main__:Epoch 13 : Avg Error 0.412; Average Loss 0.272 Time : 399
INFO:__main__:Epoch 13 : Avg Error 0.492; Average Loss 0.388 Time : 447
INFO:__main__:Epoch 14 : Avg Error 0.383; Average Loss 0.245 Time : 474
/var/lib/slurm/slurmd/job68390/slurm_script: line 20: 17610 Killed                  python3 scripts/main_gnn_qm9.py --lg True --update $u --lr $lr --lrdamping $lrdamp --step $step --data_path $data_path --epochs $epochs
INFO:__main__:Epoch 14 : Avg Error 0.397; Average Loss 0.261 Time : 3781
INFO:__main__:Epoch 14 : Avg Error 0.471; Average Loss 0.346 Time : 3750
INFO:__main__:Epoch 15 : Avg Error 0.390; Average Loss 0.255 Time : 370
INFO:__main__:Epoch 15 : Avg Error 0.461; Average Loss 0.329 Time : 388
INFO:__main__:Epoch 16 : Avg Error 0.391; Average Loss 0.253 Time : 371
INFO:__main__:Epoch 16 : Avg Error 0.444; Average Loss 0.304 Time : 395
INFO:__main__:Epoch 17 : Avg Error 0.388; Average Loss 0.249 Time : 387
/var/lib/slurm/slurmd/job68394/slurm_script: line 20: 17598 Killed                  python3 scripts/main_gnn_qm9.py --lg True --update $u --lr $lr --lrdamping $lrdamp --step $step --data_path $data_path --epochs $epochs
INFO:__main__:Epoch 17 : Avg Error 0.431; Average Loss 0.286 Time : 1157
INFO:__main__:Epoch 18 : Avg Error 0.430; Average Loss 0.276 Time : 390
INFO:__main__:Epoch 19 : Avg Error 0.416; Average Loss 0.260 Time : 390
INFO:__main__:Epoch 20 : Avg Error 0.418; Average Loss 0.260 Time : 392
INFO:__main__:Epoch 21 : Avg Error 0.412; Average Loss 0.254 Time : 392
INFO:__main__:Epoch 22 : Avg Error 0.414; Average Loss 0.252 Time : 408
INFO:__main__:Epoch 23 : Avg Error 0.407; Average Loss 0.246 Time : 1160
/var/lib/slurm/slurmd/job68393/slurm_script: line 20: 17620 Killed                  python3 scripts/main_gnn_qm9.py --lg True --update $u --lr $lr --lrdamping $lrdamp --step $step --data_path $data_path --epochs $epochs
