INFO:__main__:Log path : log/qm9/lg_True_up_2_bs_20_ep_8_st_1_op_adamax_lr_0.0004_da_0.9_L_20_h_2_ta_0_458.pickle
INFO:root:New directory created
INFO:__main__:Working on CPU
INFO:root:Loading data...
INFO:__main__:Number of training instances : 107108
INFO:__main__:Number of validation instances : 13388
INFO:__main__:Network created
INFO:__main__:Training the GNN
INFO:root:Batch 1 : Loss 36.373 MAE 5.945
INFO:root:Batch 21 : Loss 2.166 MAE 1.337
INFO:root:Batch 41 : Loss 0.710 MAE 0.558
INFO:root:Batch 61 : Loss 0.714 MAE 0.678
INFO:root:Batch 81 : Loss 0.795 MAE 0.720
INFO:root:Batch 101 : Loss 0.610 MAE 0.654
INFO:root:Batch 121 : Loss 0.493 MAE 0.571
INFO:root:Batch 141 : Loss 0.541 MAE 0.615
INFO:root:Batch 161 : Loss 0.435 MAE 0.510
INFO:root:Batch 181 : Loss 0.292 MAE 0.415
INFO:root:Batch 201 : Loss 3.152 MAE 1.636
INFO:root:Batch 221 : Loss 0.238 MAE 0.388
INFO:root:Batch 241 : Loss 0.912 MAE 0.785
INFO:root:Batch 261 : Loss 2.375 MAE 1.343
INFO:root:Batch 281 : Loss 0.569 MAE 0.686
INFO:root:Batch 301 : Loss 0.541 MAE 0.610
INFO:root:Batch 321 : Loss 0.661 MAE 0.717
INFO:root:Batch 341 : Loss 0.989 MAE 0.787
INFO:root:Batch 361 : Loss 0.485 MAE 0.594
INFO:root:Batch 381 : Loss 0.806 MAE 0.663
INFO:root:Batch 401 : Loss 0.693 MAE 0.729
INFO:root:Batch 421 : Loss 0.225 MAE 0.408
INFO:root:Batch 441 : Loss 0.491 MAE 0.582
INFO:root:Batch 461 : Loss 0.420 MAE 0.541
INFO:root:Batch 481 : Loss 0.383 MAE 0.487
INFO:root:Batch 501 : Loss 1.029 MAE 0.817
INFO:root:Batch 521 : Loss 0.207 MAE 0.372
INFO:root:Batch 541 : Loss 0.373 MAE 0.441
INFO:root:Batch 561 : Loss 1.699 MAE 1.210
INFO:root:Batch 581 : Loss 0.998 MAE 0.809
INFO:root:Batch 601 : Loss 0.257 MAE 0.413
INFO:root:Batch 621 : Loss 0.370 MAE 0.549
INFO:root:Batch 641 : Loss 0.198 MAE 0.351
INFO:root:Batch 661 : Loss 0.329 MAE 0.483
INFO:root:Batch 681 : Loss 0.108 MAE 0.269
INFO:root:Batch 701 : Loss 0.128 MAE 0.287
INFO:root:Batch 721 : Loss 0.434 MAE 0.546
INFO:root:Batch 741 : Loss 0.350 MAE 0.490
INFO:root:Batch 761 : Loss 0.452 MAE 0.561
INFO:root:Batch 781 : Loss 0.494 MAE 0.506
INFO:root:Batch 801 : Loss 0.155 MAE 0.332
INFO:root:Batch 821 : Loss 0.346 MAE 0.493
INFO:root:Batch 841 : Loss 0.215 MAE 0.361
INFO:root:Batch 861 : Loss 0.158 MAE 0.300
INFO:root:Batch 881 : Loss 0.210 MAE 0.346
INFO:root:Batch 901 : Loss 0.167 MAE 0.346
INFO:root:Batch 921 : Loss 0.451 MAE 0.506
INFO:root:Batch 941 : Loss 0.359 MAE 0.491
INFO:root:Batch 961 : Loss 0.174 MAE 0.323
INFO:root:Batch 981 : Loss 0.268 MAE 0.428
INFO:root:Batch 1001 : Loss 0.542 MAE 0.620
INFO:root:Batch 1021 : Loss 0.515 MAE 0.614
INFO:root:Batch 1041 : Loss 0.167 MAE 0.318
INFO:root:Batch 1061 : Loss 0.388 MAE 0.468
INFO:root:Batch 1081 : Loss 0.352 MAE 0.455
INFO:root:Batch 1101 : Loss 6.253 MAE 2.436
INFO:root:Batch 1121 : Loss 3.522 MAE 1.809
INFO:root:Batch 1141 : Loss 0.896 MAE 0.775
INFO:root:Batch 1161 : Loss 0.338 MAE 0.441
INFO:root:Batch 1181 : Loss 0.408 MAE 0.515
INFO:root:Batch 1201 : Loss 1.668 MAE 1.186
INFO:root:Batch 1221 : Loss 0.169 MAE 0.354
INFO:root:Batch 1241 : Loss 0.424 MAE 0.545
INFO:root:Batch 1261 : Loss 0.114 MAE 0.274
INFO:root:Batch 1281 : Loss 0.926 MAE 0.625
INFO:root:Batch 1301 : Loss 0.581 MAE 0.711
INFO:root:Batch 1321 : Loss 0.081 MAE 0.244
INFO:root:Batch 1341 : Loss 0.376 MAE 0.497
INFO:root:Batch 1361 : Loss 0.208 MAE 0.357
INFO:root:Batch 1381 : Loss 0.491 MAE 0.589
INFO:root:Batch 1401 : Loss 0.379 MAE 0.507
INFO:root:Batch 1421 : Loss 0.392 MAE 0.500
INFO:root:Batch 1441 : Loss 0.888 MAE 0.880
INFO:root:Batch 1461 : Loss 0.230 MAE 0.394
INFO:root:Batch 1481 : Loss 0.315 MAE 0.476
INFO:root:Batch 1501 : Loss 0.193 MAE 0.383
INFO:root:Batch 1521 : Loss 0.224 MAE 0.403
INFO:root:Batch 1541 : Loss 0.150 MAE 0.324
INFO:root:Batch 1561 : Loss 0.163 MAE 0.324
INFO:root:Batch 1581 : Loss 0.403 MAE 0.581
INFO:root:Batch 1601 : Loss 0.110 MAE 0.283
INFO:root:Batch 1621 : Loss 0.189 MAE 0.295
INFO:root:Batch 1641 : Loss 0.136 MAE 0.272
INFO:root:Batch 1661 : Loss 0.098 MAE 0.262
INFO:root:Batch 1681 : Loss 0.225 MAE 0.374
INFO:root:Batch 1701 : Loss 0.225 MAE 0.392
INFO:root:Batch 1721 : Loss 0.064 MAE 0.204
INFO:root:Batch 1741 : Loss 0.297 MAE 0.482
INFO:root:Batch 1761 : Loss 0.207 MAE 0.368
INFO:root:Batch 1781 : Loss 0.108 MAE 0.258
INFO:root:Batch 1801 : Loss 0.550 MAE 0.441
INFO:root:Batch 1821 : Loss 0.107 MAE 0.270
INFO:root:Batch 1841 : Loss 0.250 MAE 0.421
INFO:root:Batch 1861 : Loss 0.786 MAE 0.807
INFO:root:Batch 1881 : Loss 0.276 MAE 0.418
INFO:root:Batch 1901 : Loss 0.337 MAE 0.442
INFO:root:Batch 1921 : Loss 0.128 MAE 0.284
INFO:root:Batch 1941 : Loss 0.201 MAE 0.387
INFO:root:Batch 1961 : Loss 0.130 MAE 0.310
INFO:root:Batch 1981 : Loss 1.494 MAE 0.989
INFO:root:Batch 2001 : Loss 0.154 MAE 0.327
INFO:root:Batch 2021 : Loss 0.146 MAE 0.326
INFO:root:Batch 2041 : Loss 0.215 MAE 0.380
INFO:root:Batch 2061 : Loss 0.071 MAE 0.217
INFO:root:Batch 2081 : Loss 0.186 MAE 0.364
INFO:root:Batch 2101 : Loss 0.214 MAE 0.415
INFO:root:Batch 2121 : Loss 0.149 MAE 0.313
INFO:root:Batch 2141 : Loss 0.270 MAE 0.431
INFO:root:Batch 2161 : Loss 0.213 MAE 0.389
INFO:root:Batch 2181 : Loss 0.741 MAE 0.688
INFO:root:Batch 2201 : Loss 0.258 MAE 0.409
INFO:root:Batch 2221 : Loss 0.077 MAE 0.227
INFO:root:Batch 2241 : Loss 0.182 MAE 0.360
INFO:root:Batch 2261 : Loss 0.113 MAE 0.276
INFO:root:Batch 2281 : Loss 0.401 MAE 0.507
INFO:root:Batch 2301 : Loss 0.353 MAE 0.520
INFO:root:Batch 2321 : Loss 0.197 MAE 0.380
INFO:root:Batch 2341 : Loss 0.121 MAE 0.310
INFO:root:Batch 2361 : Loss 0.159 MAE 0.319
INFO:root:Batch 2381 : Loss 0.128 MAE 0.277
INFO:root:Batch 2401 : Loss 1.248 MAE 1.057
INFO:root:Batch 2421 : Loss 0.295 MAE 0.457
INFO:root:Batch 2441 : Loss 0.135 MAE 0.289
INFO:root:Batch 2461 : Loss 0.583 MAE 0.609
INFO:root:Batch 2481 : Loss 0.229 MAE 0.420
INFO:root:Batch 2501 : Loss 0.119 MAE 0.256
INFO:root:Batch 2521 : Loss 0.122 MAE 0.286
INFO:root:Batch 2541 : Loss 0.753 MAE 0.724
INFO:root:Batch 2561 : Loss 0.042 MAE 0.167
INFO:root:Batch 2581 : Loss 0.126 MAE 0.268
INFO:root:Batch 2601 : Loss 0.164 MAE 0.317
INFO:root:Batch 2621 : Loss 0.288 MAE 0.489
INFO:root:Batch 2641 : Loss 0.631 MAE 0.765
INFO:root:Batch 2661 : Loss 0.075 MAE 0.213
INFO:root:Batch 2681 : Loss 0.150 MAE 0.313
INFO:root:Batch 2701 : Loss 1.321 MAE 1.082
INFO:root:Batch 2721 : Loss 0.571 MAE 0.678
INFO:root:Batch 2741 : Loss 0.508 MAE 0.619
INFO:root:Batch 2761 : Loss 0.454 MAE 0.508
INFO:root:Batch 2781 : Loss 0.412 MAE 0.464
INFO:root:Batch 2801 : Loss 0.261 MAE 0.453
INFO:root:Batch 2821 : Loss 1.020 MAE 0.947
INFO:root:Batch 2841 : Loss 0.463 MAE 0.593
INFO:root:Batch 2861 : Loss 0.408 MAE 0.533
INFO:root:Batch 2881 : Loss 0.181 MAE 0.350
INFO:root:Batch 2901 : Loss 0.403 MAE 0.583
INFO:root:Batch 2921 : Loss 0.131 MAE 0.311
INFO:root:Batch 2941 : Loss 0.076 MAE 0.219
INFO:root:Batch 2961 : Loss 0.059 MAE 0.192
INFO:root:Batch 2981 : Loss 0.267 MAE 0.409
INFO:root:Batch 3001 : Loss 0.183 MAE 0.368
INFO:root:Batch 3021 : Loss 0.072 MAE 0.232
INFO:root:Batch 3041 : Loss 0.706 MAE 0.809
INFO:root:Batch 3061 : Loss 0.151 MAE 0.341
INFO:root:Batch 3081 : Loss 0.122 MAE 0.297
INFO:root:Batch 3101 : Loss 0.417 MAE 0.580
INFO:root:Batch 3121 : Loss 0.382 MAE 0.528
INFO:root:Batch 3141 : Loss 0.061 MAE 0.188
INFO:root:Batch 3161 : Loss 0.309 MAE 0.456
INFO:root:Batch 3181 : Loss 0.440 MAE 0.469
INFO:root:Batch 3201 : Loss 0.149 MAE 0.324
INFO:root:Batch 3221 : Loss 0.059 MAE 0.191
INFO:root:Batch 3241 : Loss 0.286 MAE 0.458
INFO:root:Batch 3261 : Loss 0.053 MAE 0.183
INFO:root:Batch 3281 : Loss 0.088 MAE 0.232
INFO:root:Batch 3301 : Loss 0.219 MAE 0.406
INFO:root:Batch 3321 : Loss 0.314 MAE 0.476
INFO:root:Batch 3341 : Loss 0.196 MAE 0.366
INFO:root:Batch 3361 : Loss 0.331 MAE 0.467
INFO:root:Batch 3381 : Loss 0.077 MAE 0.218
INFO:root:Batch 3401 : Loss 0.192 MAE 0.377
INFO:root:Batch 3421 : Loss 0.162 MAE 0.310
INFO:root:Batch 3441 : Loss 0.132 MAE 0.309
INFO:root:Batch 3461 : Loss 0.358 MAE 0.490
INFO:root:Batch 3481 : Loss 0.167 MAE 0.359
INFO:root:Batch 3501 : Loss 0.358 MAE 0.517
INFO:root:Batch 3521 : Loss 0.089 MAE 0.249
INFO:root:Batch 3541 : Loss 0.199 MAE 0.347
INFO:root:Batch 3561 : Loss 0.169 MAE 0.367
INFO:root:Batch 3581 : Loss 0.125 MAE 0.264
INFO:root:Batch 3601 : Loss 0.074 MAE 0.203
INFO:root:Batch 3621 : Loss 0.197 MAE 0.338
INFO:root:Batch 3641 : Loss 0.081 MAE 0.240
INFO:root:Batch 3661 : Loss 0.073 MAE 0.225
INFO:root:Batch 3681 : Loss 0.037 MAE 0.147
INFO:root:Batch 3701 : Loss 0.222 MAE 0.388
INFO:root:Batch 3721 : Loss 0.088 MAE 0.233
INFO:root:Batch 3741 : Loss 0.174 MAE 0.345
INFO:root:Batch 3761 : Loss 0.151 MAE 0.351
INFO:root:Batch 3781 : Loss 0.144 MAE 0.297
INFO:root:Batch 3801 : Loss 0.503 MAE 0.641
INFO:root:Batch 3821 : Loss 0.194 MAE 0.359
INFO:root:Batch 3841 : Loss 0.127 MAE 0.281
INFO:root:Batch 3861 : Loss 0.091 MAE 0.254
INFO:root:Batch 3881 : Loss 0.154 MAE 0.300
INFO:root:Batch 3901 : Loss 0.145 MAE 0.317
INFO:root:Batch 3921 : Loss 0.226 MAE 0.428
INFO:root:Batch 3941 : Loss 0.219 MAE 0.348
INFO:root:Batch 3961 : Loss 0.150 MAE 0.320
INFO:root:Batch 3981 : Loss 0.286 MAE 0.443
INFO:root:Batch 4001 : Loss 0.275 MAE 0.434
INFO:root:Batch 4021 : Loss 0.258 MAE 0.446
INFO:root:Batch 4041 : Loss 0.083 MAE 0.224
INFO:root:Batch 4061 : Loss 0.060 MAE 0.185
INFO:root:Batch 4081 : Loss 0.168 MAE 0.334
INFO:root:Batch 4101 : Loss 0.136 MAE 0.315
INFO:root:Batch 4121 : Loss 0.256 MAE 0.487
INFO:root:Batch 4141 : Loss 0.091 MAE 0.225
INFO:root:Batch 4161 : Loss 0.069 MAE 0.232
INFO:root:Batch 4181 : Loss 0.089 MAE 0.229
INFO:root:Batch 4201 : Loss 0.103 MAE 0.281
INFO:root:Batch 4221 : Loss 0.182 MAE 0.362
INFO:root:Batch 4241 : Loss 0.098 MAE 0.266
INFO:root:Batch 4261 : Loss 0.385 MAE 0.572
INFO:root:Batch 4281 : Loss 0.142 MAE 0.306
INFO:root:Batch 4301 : Loss 0.093 MAE 0.242
INFO:root:Batch 4321 : Loss 0.069 MAE 0.198
INFO:root:Batch 4341 : Loss 0.162 MAE 0.326
INFO:root:Batch 4361 : Loss 0.195 MAE 0.386
INFO:root:Batch 4381 : Loss 0.056 MAE 0.193
INFO:root:Batch 4401 : Loss 0.060 MAE 0.193
INFO:root:Batch 4421 : Loss 0.130 MAE 0.331
INFO:root:Batch 4441 : Loss 0.133 MAE 0.329
INFO:root:Batch 4461 : Loss 0.619 MAE 0.731
INFO:root:Batch 4481 : Loss 0.133 MAE 0.277
INFO:root:Batch 4501 : Loss 0.138 MAE 0.324
INFO:root:Batch 4521 : Loss 0.117 MAE 0.275
INFO:root:Batch 4541 : Loss 0.111 MAE 0.278
INFO:root:Batch 4561 : Loss 0.261 MAE 0.438
INFO:root:Batch 4581 : Loss 0.452 MAE 0.605
INFO:root:Batch 4601 : Loss 0.082 MAE 0.250
INFO:root:Batch 4621 : Loss 0.040 MAE 0.167
INFO:root:Batch 4641 : Loss 0.173 MAE 0.351
INFO:root:Batch 4661 : Loss 0.212 MAE 0.335
INFO:root:Batch 4681 : Loss 0.232 MAE 0.372
INFO:root:Batch 4701 : Loss 0.061 MAE 0.199
INFO:root:Batch 4721 : Loss 0.419 MAE 0.612
INFO:root:Batch 4741 : Loss 0.138 MAE 0.306
INFO:root:Batch 4761 : Loss 0.089 MAE 0.218
INFO:root:Batch 4781 : Loss 0.533 MAE 0.691
INFO:root:Batch 4801 : Loss 0.111 MAE 0.267
INFO:root:Batch 4821 : Loss 0.044 MAE 0.165
INFO:root:Batch 4841 : Loss 0.155 MAE 0.332
INFO:root:Batch 4861 : Loss 0.136 MAE 0.332
INFO:root:Batch 4881 : Loss 0.509 MAE 0.633
INFO:root:Batch 4901 : Loss 1.082 MAE 0.633
INFO:root:Batch 4921 : Loss 0.393 MAE 0.553
INFO:root:Batch 4941 : Loss 0.707 MAE 0.808
INFO:root:Batch 4961 : Loss 0.115 MAE 0.261
INFO:root:Batch 4981 : Loss 0.077 MAE 0.233
INFO:root:Batch 5001 : Loss 0.164 MAE 0.328
INFO:root:Batch 5021 : Loss 0.151 MAE 0.313
INFO:root:Batch 5041 : Loss 0.140 MAE 0.326
INFO:root:Batch 5061 : Loss 0.208 MAE 0.370
INFO:root:Batch 5081 : Loss 0.228 MAE 0.393
INFO:root:Batch 5101 : Loss 0.378 MAE 0.531
INFO:root:Batch 5121 : Loss 0.451 MAE 0.505
INFO:root:Batch 5141 : Loss 0.204 MAE 0.359
INFO:root:Batch 5161 : Loss 0.089 MAE 0.237
INFO:root:Batch 5181 : Loss 0.113 MAE 0.292
INFO:root:Batch 5201 : Loss 0.075 MAE 0.232
INFO:root:Batch 5221 : Loss 0.045 MAE 0.159
INFO:root:Batch 5241 : Loss 0.057 MAE 0.201
INFO:root:Batch 5261 : Loss 0.541 MAE 0.609
INFO:root:Batch 5281 : Loss 0.629 MAE 0.724
INFO:root:Batch 5301 : Loss 0.080 MAE 0.219
INFO:root:Batch 5321 : Loss 0.318 MAE 0.430
INFO:root:Batch 5341 : Loss 0.045 MAE 0.172
INFO:__main__:Epoch 1 : Avg Error 0.192; Average Loss 0.050 Time : 3203
INFO:root:Batch 1 : Loss 40.795 MAE 6.347
INFO:root:Batch 21 : Loss 3.899 MAE 1.931
INFO:root:Batch 41 : Loss 0.607 MAE 0.478
INFO:root:Batch 61 : Loss 0.425 MAE 0.515
INFO:root:Batch 81 : Loss 0.386 MAE 0.485
INFO:root:Batch 101 : Loss 0.277 MAE 0.460
INFO:root:Batch 121 : Loss 0.141 MAE 0.299
INFO:root:Batch 141 : Loss 0.303 MAE 0.470
INFO:root:Batch 161 : Loss 0.262 MAE 0.455
INFO:root:Batch 181 : Loss 0.086 MAE 0.253
INFO:root:Batch 201 : Loss 2.842 MAE 1.631
INFO:root:Batch 221 : Loss 0.191 MAE 0.372
INFO:root:Batch 241 : Loss 0.284 MAE 0.393
INFO:root:Batch 261 : Loss 1.985 MAE 1.164
INFO:root:Batch 281 : Loss 0.229 MAE 0.411
INFO:root:Batch 301 : Loss 0.203 MAE 0.320
INFO:root:Batch 321 : Loss 0.390 MAE 0.566
INFO:root:Batch 341 : Loss 0.591 MAE 0.577
INFO:root:Batch 361 : Loss 0.205 MAE 0.380
INFO:root:Batch 381 : Loss 0.543 MAE 0.623
INFO:root:Batch 401 : Loss 0.438 MAE 0.612
INFO:root:Batch 421 : Loss 0.149 MAE 0.283
INFO:root:Batch 441 : Loss 0.357 MAE 0.533
INFO:root:Batch 461 : Loss 0.482 MAE 0.661
INFO:root:Batch 481 : Loss 0.109 MAE 0.273
INFO:root:Batch 501 : Loss 0.589 MAE 0.576
INFO:root:Batch 521 : Loss 0.054 MAE 0.186
INFO:root:Batch 541 : Loss 0.219 MAE 0.374
INFO:root:Batch 561 : Loss 0.909 MAE 0.817
INFO:root:Batch 581 : Loss 0.557 MAE 0.626
INFO:root:Batch 601 : Loss 0.101 MAE 0.279
INFO:root:Batch 621 : Loss 0.112 MAE 0.278
INFO:root:Batch 641 : Loss 0.083 MAE 0.252
INFO:root:Batch 661 : Loss 0.213 MAE 0.344
INFO:root:Batch 681 : Loss 0.093 MAE 0.273
INFO:root:Batch 701 : Loss 0.110 MAE 0.260
INFO:root:Batch 721 : Loss 0.173 MAE 0.307
INFO:root:Batch 741 : Loss 0.272 MAE 0.367
INFO:root:Batch 761 : Loss 0.130 MAE 0.341
INFO:root:Batch 781 : Loss 0.224 MAE 0.372
INFO:root:Batch 801 : Loss 0.176 MAE 0.361
INFO:root:Batch 821 : Loss 0.197 MAE 0.372
INFO:root:Batch 841 : Loss 0.072 MAE 0.205
INFO:root:Batch 861 : Loss 0.065 MAE 0.220
INFO:root:Batch 881 : Loss 0.176 MAE 0.336
INFO:root:Batch 901 : Loss 0.120 MAE 0.275
INFO:root:Batch 921 : Loss 0.330 MAE 0.451
INFO:root:Batch 941 : Loss 0.152 MAE 0.312
INFO:root:Batch 961 : Loss 0.209 MAE 0.362
INFO:root:Batch 981 : Loss 0.141 MAE 0.287
INFO:root:Batch 1001 : Loss 0.266 MAE 0.425
INFO:root:Batch 1021 : Loss 0.654 MAE 0.720
INFO:root:Batch 1041 : Loss 0.104 MAE 0.257
INFO:root:Batch 1061 : Loss 0.486 MAE 0.532
INFO:root:Batch 1081 : Loss 0.140 MAE 0.277
INFO:root:Batch 1101 : Loss 6.176 MAE 2.372
INFO:root:Batch 1121 : Loss 2.595 MAE 1.560
INFO:root:Batch 1141 : Loss 0.314 MAE 0.503
INFO:root:Batch 1161 : Loss 0.148 MAE 0.312
INFO:root:Batch 1181 : Loss 0.554 MAE 0.596
INFO:root:Batch 1201 : Loss 1.252 MAE 0.990
INFO:root:Batch 1221 : Loss 0.254 MAE 0.422
INFO:root:Batch 1241 : Loss 0.734 MAE 0.768
INFO:root:Batch 1261 : Loss 0.150 MAE 0.319
INFO:root:Batch 1281 : Loss 0.289 MAE 0.412
INFO:root:Batch 1301 : Loss 0.737 MAE 0.814
INFO:root:Batch 1321 : Loss 0.025 MAE 0.129
INFO:root:Batch 1341 : Loss 0.576 MAE 0.670
INFO:root:Batch 1361 : Loss 0.350 MAE 0.546
INFO:root:Batch 1381 : Loss 0.832 MAE 0.827
INFO:root:Batch 1401 : Loss 0.250 MAE 0.397
INFO:root:Batch 1421 : Loss 0.385 MAE 0.528
INFO:root:Batch 1441 : Loss 0.444 MAE 0.621
INFO:root:Batch 1461 : Loss 0.188 MAE 0.362
INFO:root:Batch 1481 : Loss 0.296 MAE 0.498
INFO:root:Batch 1501 : Loss 0.262 MAE 0.432
INFO:root:Batch 1521 : Loss 0.174 MAE 0.364
INFO:root:Batch 1541 : Loss 0.133 MAE 0.294
INFO:root:Batch 1561 : Loss 0.092 MAE 0.227
INFO:root:Batch 1581 : Loss 0.357 MAE 0.533
INFO:root:Batch 1601 : Loss 0.052 MAE 0.182
INFO:root:Batch 1621 : Loss 0.176 MAE 0.297
INFO:root:Batch 1641 : Loss 0.148 MAE 0.301
INFO:root:Batch 1661 : Loss 0.041 MAE 0.171
INFO:root:Batch 1681 : Loss 0.078 MAE 0.242
INFO:root:Batch 1701 : Loss 0.121 MAE 0.301
INFO:root:Batch 1721 : Loss 0.056 MAE 0.174
INFO:root:Batch 1741 : Loss 0.045 MAE 0.165
INFO:root:Batch 1761 : Loss 0.061 MAE 0.199
INFO:root:Batch 1781 : Loss 0.048 MAE 0.179
INFO:root:Batch 1801 : Loss 0.311 MAE 0.266
INFO:root:Batch 1821 : Loss 0.052 MAE 0.167
INFO:root:Batch 1841 : Loss 0.108 MAE 0.288
INFO:root:Batch 1861 : Loss 0.729 MAE 0.763
INFO:root:Batch 1881 : Loss 0.140 MAE 0.287
INFO:root:Batch 1901 : Loss 0.266 MAE 0.381
INFO:root:Batch 1921 : Loss 0.112 MAE 0.266
INFO:root:Batch 1941 : Loss 0.114 MAE 0.273
INFO:root:Batch 1961 : Loss 0.144 MAE 0.310
INFO:root:Batch 1981 : Loss 1.162 MAE 0.870
INFO:root:Batch 2001 : Loss 0.094 MAE 0.258
INFO:root:Batch 2021 : Loss 0.102 MAE 0.262
INFO:root:Batch 2041 : Loss 0.176 MAE 0.354
INFO:root:Batch 2061 : Loss 0.093 MAE 0.226
INFO:root:Batch 2081 : Loss 0.201 MAE 0.365
INFO:root:Batch 2101 : Loss 0.132 MAE 0.316
INFO:root:Batch 2121 : Loss 0.297 MAE 0.459
INFO:root:Batch 2141 : Loss 0.271 MAE 0.455
INFO:root:Batch 2161 : Loss 0.208 MAE 0.371
INFO:root:Batch 2181 : Loss 0.487 MAE 0.547
INFO:root:Batch 2201 : Loss 0.175 MAE 0.327
INFO:root:Batch 2221 : Loss 0.113 MAE 0.290
INFO:root:Batch 2241 : Loss 0.102 MAE 0.263
INFO:root:Batch 2261 : Loss 0.065 MAE 0.221
INFO:root:Batch 2281 : Loss 0.228 MAE 0.385
INFO:root:Batch 2301 : Loss 0.265 MAE 0.459
INFO:root:Batch 2321 : Loss 0.131 MAE 0.304
INFO:root:Batch 2341 : Loss 0.071 MAE 0.214
INFO:root:Batch 2361 : Loss 0.086 MAE 0.223
INFO:root:Batch 2381 : Loss 0.066 MAE 0.204
INFO:root:Batch 2401 : Loss 1.000 MAE 0.957
INFO:root:Batch 2421 : Loss 0.118 MAE 0.275
INFO:root:Batch 2441 : Loss 0.110 MAE 0.278
INFO:root:Batch 2461 : Loss 0.314 MAE 0.460
INFO:root:Batch 2481 : Loss 0.217 MAE 0.409
INFO:root:Batch 2501 : Loss 0.057 MAE 0.208
INFO:root:Batch 2521 : Loss 0.081 MAE 0.221
INFO:root:Batch 2541 : Loss 0.544 MAE 0.585
INFO:root:Batch 2561 : Loss 0.055 MAE 0.187
INFO:root:Batch 2581 : Loss 0.047 MAE 0.169
INFO:root:Batch 2601 : Loss 0.139 MAE 0.322
INFO:root:Batch 2621 : Loss 0.229 MAE 0.438
INFO:root:Batch 2641 : Loss 0.336 MAE 0.544
INFO:root:Batch 2661 : Loss 0.063 MAE 0.211
INFO:root:Batch 2681 : Loss 0.060 MAE 0.207
INFO:root:Batch 2701 : Loss 1.089 MAE 1.002
INFO:root:Batch 2721 : Loss 0.329 MAE 0.485
INFO:root:Batch 2741 : Loss 0.341 MAE 0.474
INFO:root:Batch 2761 : Loss 0.356 MAE 0.436
INFO:root:Batch 2781 : Loss 0.382 MAE 0.414
INFO:root:Batch 2801 : Loss 0.276 MAE 0.452
INFO:root:Batch 2821 : Loss 0.980 MAE 0.911
INFO:root:Batch 2841 : Loss 0.274 MAE 0.428
INFO:root:Batch 2861 : Loss 0.236 MAE 0.421
INFO:root:Batch 2881 : Loss 0.072 MAE 0.220
INFO:root:Batch 2901 : Loss 0.448 MAE 0.620
INFO:root:Batch 2921 : Loss 0.111 MAE 0.294
INFO:root:Batch 2941 : Loss 0.075 MAE 0.221
INFO:root:Batch 2961 : Loss 0.047 MAE 0.182
INFO:root:Batch 2981 : Loss 0.241 MAE 0.390
INFO:root:Batch 3001 : Loss 0.160 MAE 0.347
INFO:root:Batch 3021 : Loss 0.052 MAE 0.199
INFO:root:Batch 3041 : Loss 0.593 MAE 0.733
INFO:root:Batch 3061 : Loss 0.094 MAE 0.248
INFO:root:Batch 3081 : Loss 0.127 MAE 0.310
INFO:root:Batch 3101 : Loss 0.413 MAE 0.553
INFO:root:Batch 3121 : Loss 0.286 MAE 0.473
INFO:root:Batch 3141 : Loss 0.047 MAE 0.170
INFO:root:Batch 3161 : Loss 0.287 MAE 0.466
INFO:root:Batch 3181 : Loss 0.306 MAE 0.390
INFO:root:Batch 3201 : Loss 0.115 MAE 0.274
INFO:root:Batch 3221 : Loss 0.056 MAE 0.192
INFO:root:Batch 3241 : Loss 0.170 MAE 0.341
INFO:root:Batch 3261 : Loss 0.041 MAE 0.164
INFO:root:Batch 3281 : Loss 0.075 MAE 0.237
INFO:root:Batch 3301 : Loss 0.207 MAE 0.405
INFO:root:Batch 3321 : Loss 0.203 MAE 0.364
INFO:root:Batch 3341 : Loss 0.058 MAE 0.198
INFO:root:Batch 3361 : Loss 0.138 MAE 0.325
INFO:root:Batch 3381 : Loss 0.068 MAE 0.224
INFO:root:Batch 3401 : Loss 0.174 MAE 0.357
INFO:root:Batch 3421 : Loss 0.079 MAE 0.224
INFO:root:Batch 3441 : Loss 0.100 MAE 0.251
INFO:root:Batch 3461 : Loss 0.327 MAE 0.513
INFO:root:Batch 3481 : Loss 0.146 MAE 0.346
INFO:root:Batch 3501 : Loss 0.240 MAE 0.442
INFO:root:Batch 3521 : Loss 0.060 MAE 0.205
INFO:root:Batch 3541 : Loss 0.190 MAE 0.331
INFO:root:Batch 3561 : Loss 0.131 MAE 0.333
INFO:root:Batch 3581 : Loss 0.100 MAE 0.254
INFO:root:Batch 3601 : Loss 0.030 MAE 0.140
INFO:root:Batch 3621 : Loss 0.147 MAE 0.286
INFO:root:Batch 3641 : Loss 0.074 MAE 0.245
INFO:root:Batch 3661 : Loss 0.041 MAE 0.178
INFO:root:Batch 3681 : Loss 0.024 MAE 0.126
INFO:root:Batch 3701 : Loss 0.126 MAE 0.301
INFO:root:Batch 3721 : Loss 0.099 MAE 0.267
INFO:root:Batch 3741 : Loss 0.143 MAE 0.316
INFO:root:Batch 3761 : Loss 0.132 MAE 0.328
INFO:root:Batch 3781 : Loss 0.126 MAE 0.297
INFO:root:Batch 3801 : Loss 0.311 MAE 0.506
INFO:root:Batch 3821 : Loss 0.234 MAE 0.411
INFO:root:Batch 3841 : Loss 0.077 MAE 0.230
INFO:root:Batch 3861 : Loss 0.048 MAE 0.185
INFO:root:Batch 3881 : Loss 0.100 MAE 0.233
INFO:root:Batch 3901 : Loss 0.063 MAE 0.193
INFO:root:Batch 3921 : Loss 0.158 MAE 0.358
INFO:root:Batch 3941 : Loss 0.148 MAE 0.312
INFO:root:Batch 3961 : Loss 0.123 MAE 0.278
INFO:root:Batch 3981 : Loss 0.254 MAE 0.440
INFO:root:Batch 4001 : Loss 0.130 MAE 0.307
INFO:root:Batch 4021 : Loss 0.137 MAE 0.314
INFO:root:Batch 4041 : Loss 0.034 MAE 0.151
INFO:root:Batch 4061 : Loss 0.039 MAE 0.159
INFO:root:Batch 4081 : Loss 0.100 MAE 0.268
INFO:root:Batch 4101 : Loss 0.102 MAE 0.285
INFO:root:Batch 4121 : Loss 0.236 MAE 0.465
INFO:root:Batch 4141 : Loss 0.052 MAE 0.183
INFO:root:Batch 4161 : Loss 0.061 MAE 0.210
INFO:root:Batch 4181 : Loss 0.042 MAE 0.160
INFO:root:Batch 4201 : Loss 0.062 MAE 0.206
INFO:root:Batch 4221 : Loss 0.171 MAE 0.373
INFO:root:Batch 4241 : Loss 0.120 MAE 0.296
INFO:root:Batch 4261 : Loss 0.338 MAE 0.542
INFO:root:Batch 4281 : Loss 0.147 MAE 0.329
INFO:root:Batch 4301 : Loss 0.092 MAE 0.275
INFO:root:Batch 4321 : Loss 0.070 MAE 0.206
INFO:root:Batch 4341 : Loss 0.176 MAE 0.316
INFO:root:Batch 4361 : Loss 0.156 MAE 0.338
INFO:root:Batch 4381 : Loss 0.048 MAE 0.181
INFO:root:Batch 4401 : Loss 0.032 MAE 0.150
INFO:root:Batch 4421 : Loss 0.109 MAE 0.304
INFO:root:Batch 4441 : Loss 0.087 MAE 0.253
INFO:root:Batch 4461 : Loss 0.473 MAE 0.651
INFO:root:Batch 4481 : Loss 0.098 MAE 0.244
INFO:root:Batch 4501 : Loss 0.119 MAE 0.298
INFO:root:Batch 4521 : Loss 0.077 MAE 0.216
INFO:root:Batch 4541 : Loss 0.111 MAE 0.302
INFO:root:Batch 4561 : Loss 0.225 MAE 0.416
INFO:root:Batch 4581 : Loss 0.459 MAE 0.625
INFO:root:Batch 4601 : Loss 0.054 MAE 0.200
INFO:root:Batch 4621 : Loss 0.061 MAE 0.204
INFO:root:Batch 4641 : Loss 0.109 MAE 0.289
INFO:root:Batch 4661 : Loss 0.165 MAE 0.297
INFO:root:Batch 4681 : Loss 0.223 MAE 0.364
INFO:root:Batch 4701 : Loss 0.076 MAE 0.229
INFO:root:Batch 4721 : Loss 0.449 MAE 0.621
INFO:root:Batch 4741 : Loss 0.061 MAE 0.200
INFO:root:Batch 4761 : Loss 0.066 MAE 0.194
INFO:root:Batch 4781 : Loss 0.428 MAE 0.612
INFO:root:Batch 4801 : Loss 0.095 MAE 0.232
INFO:root:Batch 4821 : Loss 0.043 MAE 0.170
INFO:root:Batch 4841 : Loss 0.130 MAE 0.321
INFO:root:Batch 4861 : Loss 0.108 MAE 0.304
INFO:root:Batch 4881 : Loss 0.383 MAE 0.552
INFO:root:Batch 4901 : Loss 0.887 MAE 0.605
INFO:root:Batch 4921 : Loss 0.325 MAE 0.500
INFO:root:Batch 4941 : Loss 0.781 MAE 0.854
INFO:root:Batch 4961 : Loss 0.093 MAE 0.237
INFO:root:Batch 4981 : Loss 0.047 MAE 0.182
INFO:root:Batch 5001 : Loss 0.171 MAE 0.348
INFO:root:Batch 5021 : Loss 0.059 MAE 0.191
INFO:root:Batch 5041 : Loss 0.134 MAE 0.313
INFO:root:Batch 5061 : Loss 0.225 MAE 0.410
INFO:root:Batch 5081 : Loss 0.173 MAE 0.374
INFO:root:Batch 5101 : Loss 0.267 MAE 0.439
INFO:root:Batch 5121 : Loss 0.307 MAE 0.415
INFO:root:Batch 5141 : Loss 0.137 MAE 0.286
INFO:root:Batch 5161 : Loss 0.070 MAE 0.217
INFO:root:Batch 5181 : Loss 0.062 MAE 0.213
INFO:root:Batch 5201 : Loss 0.038 MAE 0.154
INFO:root:Batch 5221 : Loss 0.032 MAE 0.135
INFO:root:Batch 5241 : Loss 0.040 MAE 0.168
INFO:root:Batch 5261 : Loss 0.432 MAE 0.568
INFO:root:Batch 5281 : Loss 0.483 MAE 0.682
INFO:root:Batch 5301 : Loss 0.074 MAE 0.227
INFO:root:Batch 5321 : Loss 0.139 MAE 0.326
INFO:root:Batch 5341 : Loss 0.022 MAE 0.108
INFO:__main__:Epoch 2 : Avg Error 0.216; Average Loss 0.068 Time : 3310
INFO:root:Batch 1 : Loss 40.258 MAE 6.300
INFO:root:Batch 21 : Loss 3.930 MAE 1.949
INFO:root:Batch 41 : Loss 0.598 MAE 0.445
INFO:root:Batch 61 : Loss 0.593 MAE 0.662
INFO:root:Batch 81 : Loss 0.283 MAE 0.439
INFO:root:Batch 101 : Loss 0.193 MAE 0.318
INFO:root:Batch 121 : Loss 0.056 MAE 0.189
INFO:root:Batch 141 : Loss 0.268 MAE 0.479
INFO:root:Batch 161 : Loss 0.211 MAE 0.417
INFO:root:Batch 181 : Loss 0.080 MAE 0.222
INFO:root:Batch 201 : Loss 3.290 MAE 1.766
INFO:root:Batch 221 : Loss 0.252 MAE 0.408
INFO:root:Batch 241 : Loss 0.423 MAE 0.467
INFO:root:Batch 261 : Loss 1.675 MAE 1.034
INFO:root:Batch 281 : Loss 0.194 MAE 0.365
INFO:root:Batch 301 : Loss 0.152 MAE 0.278
INFO:root:Batch 321 : Loss 0.339 MAE 0.534
INFO:root:Batch 341 : Loss 0.357 MAE 0.455
INFO:root:Batch 361 : Loss 0.143 MAE 0.286
INFO:root:Batch 381 : Loss 0.483 MAE 0.602
INFO:root:Batch 401 : Loss 0.214 MAE 0.412
INFO:root:Batch 421 : Loss 0.167 MAE 0.316
INFO:root:Batch 441 : Loss 0.369 MAE 0.552
INFO:root:Batch 461 : Loss 0.510 MAE 0.694
INFO:root:Batch 481 : Loss 0.084 MAE 0.216
INFO:root:Batch 501 : Loss 0.665 MAE 0.654
INFO:root:Batch 521 : Loss 0.041 MAE 0.160
INFO:root:Batch 541 : Loss 0.177 MAE 0.322
INFO:root:Batch 561 : Loss 0.891 MAE 0.885
INFO:root:Batch 581 : Loss 0.456 MAE 0.544
INFO:root:Batch 601 : Loss 0.150 MAE 0.353
INFO:root:Batch 621 : Loss 0.080 MAE 0.222
INFO:root:Batch 641 : Loss 0.089 MAE 0.262
INFO:root:Batch 661 : Loss 0.163 MAE 0.352
INFO:root:Batch 681 : Loss 0.081 MAE 0.241
INFO:root:Batch 701 : Loss 0.100 MAE 0.243
INFO:root:Batch 721 : Loss 0.052 MAE 0.193
INFO:root:Batch 741 : Loss 0.241 MAE 0.425
INFO:root:Batch 761 : Loss 0.096 MAE 0.278
INFO:root:Batch 781 : Loss 0.146 MAE 0.307
INFO:root:Batch 801 : Loss 0.091 MAE 0.236
INFO:root:Batch 821 : Loss 0.174 MAE 0.338
INFO:root:Batch 841 : Loss 0.083 MAE 0.219
INFO:root:Batch 861 : Loss 0.089 MAE 0.219
INFO:root:Batch 881 : Loss 0.131 MAE 0.313
INFO:root:Batch 901 : Loss 0.101 MAE 0.265
INFO:root:Batch 921 : Loss 0.229 MAE 0.372
INFO:root:Batch 941 : Loss 0.122 MAE 0.297
INFO:root:Batch 961 : Loss 0.096 MAE 0.222
INFO:root:Batch 981 : Loss 0.069 MAE 0.227
INFO:root:Batch 1001 : Loss 0.257 MAE 0.408
INFO:root:Batch 1021 : Loss 0.633 MAE 0.710
INFO:root:Batch 1041 : Loss 0.119 MAE 0.258
INFO:root:Batch 1061 : Loss 0.489 MAE 0.609
INFO:root:Batch 1081 : Loss 0.107 MAE 0.246
INFO:root:Batch 1101 : Loss 6.321 MAE 2.429
INFO:root:Batch 1121 : Loss 2.465 MAE 1.537
INFO:root:Batch 1141 : Loss 0.328 MAE 0.519
INFO:root:Batch 1161 : Loss 0.122 MAE 0.279
INFO:root:Batch 1181 : Loss 0.511 MAE 0.534
INFO:root:Batch 1201 : Loss 1.003 MAE 0.917
INFO:root:Batch 1221 : Loss 0.293 MAE 0.439
INFO:root:Batch 1241 : Loss 0.948 MAE 0.873
INFO:root:Batch 1261 : Loss 0.210 MAE 0.402
INFO:root:Batch 1281 : Loss 0.240 MAE 0.378
INFO:root:Batch 1301 : Loss 0.695 MAE 0.803
INFO:root:Batch 1321 : Loss 0.020 MAE 0.120
INFO:root:Batch 1341 : Loss 0.553 MAE 0.695
INFO:root:Batch 1361 : Loss 0.407 MAE 0.600
INFO:root:Batch 1381 : Loss 0.817 MAE 0.873
INFO:root:Batch 1401 : Loss 0.219 MAE 0.386
INFO:root:Batch 1421 : Loss 0.250 MAE 0.429
INFO:root:Batch 1441 : Loss 0.437 MAE 0.624
INFO:root:Batch 1461 : Loss 0.113 MAE 0.274
INFO:root:Batch 1481 : Loss 0.312 MAE 0.509
INFO:root:Batch 1501 : Loss 0.201 MAE 0.347
INFO:root:Batch 1521 : Loss 0.137 MAE 0.313
INFO:root:Batch 1541 : Loss 0.113 MAE 0.268
INFO:root:Batch 1561 : Loss 0.068 MAE 0.200
INFO:root:Batch 1581 : Loss 0.308 MAE 0.472
INFO:root:Batch 1601 : Loss 0.042 MAE 0.155
INFO:root:Batch 1621 : Loss 0.161 MAE 0.266
INFO:root:Batch 1641 : Loss 0.141 MAE 0.314
INFO:root:Batch 1661 : Loss 0.041 MAE 0.156
INFO:root:Batch 1681 : Loss 0.132 MAE 0.313
INFO:root:Batch 1701 : Loss 0.103 MAE 0.278
INFO:root:Batch 1721 : Loss 0.061 MAE 0.211
INFO:root:Batch 1741 : Loss 0.050 MAE 0.193
INFO:root:Batch 1761 : Loss 0.053 MAE 0.188
INFO:root:Batch 1781 : Loss 0.028 MAE 0.138
INFO:root:Batch 1801 : Loss 0.280 MAE 0.268
INFO:root:Batch 1821 : Loss 0.055 MAE 0.181
INFO:root:Batch 1841 : Loss 0.079 MAE 0.243
INFO:root:Batch 1861 : Loss 0.723 MAE 0.781
INFO:root:Batch 1881 : Loss 0.115 MAE 0.286
INFO:root:Batch 1901 : Loss 0.243 MAE 0.353
INFO:root:Batch 1921 : Loss 0.069 MAE 0.221
INFO:root:Batch 1941 : Loss 0.083 MAE 0.218
INFO:root:Batch 1961 : Loss 0.096 MAE 0.260
INFO:root:Batch 1981 : Loss 1.109 MAE 0.855
INFO:root:Batch 2001 : Loss 0.076 MAE 0.239
INFO:root:Batch 2021 : Loss 0.073 MAE 0.211
INFO:root:Batch 2041 : Loss 0.178 MAE 0.366
INFO:root:Batch 2061 : Loss 0.114 MAE 0.278
INFO:root:Batch 2081 : Loss 0.155 MAE 0.320
INFO:root:Batch 2101 : Loss 0.169 MAE 0.346
INFO:root:Batch 2121 : Loss 0.256 MAE 0.450
INFO:root:Batch 2141 : Loss 0.191 MAE 0.383
INFO:root:Batch 2161 : Loss 0.187 MAE 0.327
INFO:root:Batch 2181 : Loss 0.454 MAE 0.512
INFO:root:Batch 2201 : Loss 0.138 MAE 0.293
INFO:root:Batch 2221 : Loss 0.111 MAE 0.283
INFO:root:Batch 2241 : Loss 0.066 MAE 0.207
INFO:root:Batch 2261 : Loss 0.054 MAE 0.201
INFO:root:Batch 2281 : Loss 0.241 MAE 0.423
INFO:root:Batch 2301 : Loss 0.281 MAE 0.480
INFO:root:Batch 2321 : Loss 0.086 MAE 0.261
INFO:root:Batch 2341 : Loss 0.062 MAE 0.195
INFO:root:Batch 2361 : Loss 0.063 MAE 0.215
INFO:root:Batch 2381 : Loss 0.073 MAE 0.220
INFO:root:Batch 2401 : Loss 0.887 MAE 0.910
INFO:root:Batch 2421 : Loss 0.142 MAE 0.296
INFO:root:Batch 2441 : Loss 0.067 MAE 0.219
INFO:root:Batch 2461 : Loss 0.410 MAE 0.551
INFO:root:Batch 2481 : Loss 0.187 MAE 0.385
INFO:root:Batch 2501 : Loss 0.039 MAE 0.145
INFO:root:Batch 2521 : Loss 0.063 MAE 0.179
INFO:root:Batch 2541 : Loss 0.344 MAE 0.457
INFO:root:Batch 2561 : Loss 0.042 MAE 0.147
INFO:root:Batch 2581 : Loss 0.040 MAE 0.168
INFO:root:Batch 2601 : Loss 0.148 MAE 0.305
INFO:root:Batch 2621 : Loss 0.173 MAE 0.372
INFO:root:Batch 2641 : Loss 0.312 MAE 0.530
INFO:root:Batch 2661 : Loss 0.070 MAE 0.233
INFO:root:Batch 2681 : Loss 0.047 MAE 0.177
INFO:root:Batch 2701 : Loss 0.853 MAE 0.893
INFO:root:Batch 2721 : Loss 0.260 MAE 0.421
INFO:root:Batch 2741 : Loss 0.348 MAE 0.504
INFO:root:Batch 2761 : Loss 0.347 MAE 0.388
INFO:root:Batch 2781 : Loss 0.376 MAE 0.411
INFO:root:Batch 2801 : Loss 0.234 MAE 0.420
INFO:root:Batch 2821 : Loss 0.872 MAE 0.887
INFO:root:Batch 2841 : Loss 0.311 MAE 0.452
INFO:root:Batch 2861 : Loss 0.185 MAE 0.381
INFO:root:Batch 2881 : Loss 0.058 MAE 0.207
INFO:root:Batch 2901 : Loss 0.374 MAE 0.578
INFO:root:Batch 2921 : Loss 0.083 MAE 0.244
INFO:root:Batch 2941 : Loss 0.071 MAE 0.218
INFO:root:Batch 2961 : Loss 0.028 MAE 0.133
INFO:root:Batch 2981 : Loss 0.223 MAE 0.392
INFO:root:Batch 3001 : Loss 0.138 MAE 0.338
INFO:root:Batch 3021 : Loss 0.058 MAE 0.199
INFO:root:Batch 3041 : Loss 0.507 MAE 0.683
INFO:root:Batch 3061 : Loss 0.061 MAE 0.203
INFO:root:Batch 3081 : Loss 0.115 MAE 0.294
INFO:root:Batch 3101 : Loss 0.372 MAE 0.541
INFO:root:Batch 3121 : Loss 0.225 MAE 0.418
INFO:root:Batch 3141 : Loss 0.037 MAE 0.136
INFO:root:Batch 3161 : Loss 0.258 MAE 0.442
INFO:root:Batch 3181 : Loss 0.257 MAE 0.367
INFO:root:Batch 3201 : Loss 0.097 MAE 0.244
INFO:root:Batch 3221 : Loss 0.031 MAE 0.121
INFO:root:Batch 3241 : Loss 0.130 MAE 0.287
INFO:root:Batch 3261 : Loss 0.040 MAE 0.159
INFO:root:Batch 3281 : Loss 0.053 MAE 0.195
INFO:root:Batch 3301 : Loss 0.167 MAE 0.365
INFO:root:Batch 3321 : Loss 0.136 MAE 0.305
INFO:root:Batch 3341 : Loss 0.048 MAE 0.181
INFO:root:Batch 3361 : Loss 0.148 MAE 0.343
INFO:root:Batch 3381 : Loss 0.061 MAE 0.207
INFO:root:Batch 3401 : Loss 0.159 MAE 0.336
INFO:root:Batch 3421 : Loss 0.054 MAE 0.192
INFO:root:Batch 3441 : Loss 0.087 MAE 0.247
INFO:root:Batch 3461 : Loss 0.281 MAE 0.505
INFO:root:Batch 3481 : Loss 0.153 MAE 0.368
INFO:root:Batch 3501 : Loss 0.209 MAE 0.403
INFO:root:Batch 3521 : Loss 0.052 MAE 0.199
INFO:root:Batch 3541 : Loss 0.141 MAE 0.278
INFO:root:Batch 3561 : Loss 0.113 MAE 0.319
INFO:root:Batch 3581 : Loss 0.098 MAE 0.258
INFO:root:Batch 3601 : Loss 0.028 MAE 0.122
INFO:root:Batch 3621 : Loss 0.140 MAE 0.282
INFO:root:Batch 3641 : Loss 0.049 MAE 0.179
INFO:root:Batch 3661 : Loss 0.019 MAE 0.111
INFO:root:Batch 3681 : Loss 0.029 MAE 0.140
INFO:root:Batch 3701 : Loss 0.140 MAE 0.324
INFO:root:Batch 3721 : Loss 0.077 MAE 0.234
INFO:root:Batch 3741 : Loss 0.132 MAE 0.298
INFO:root:Batch 3761 : Loss 0.095 MAE 0.284
INFO:root:Batch 3781 : Loss 0.117 MAE 0.295
INFO:root:Batch 3801 : Loss 0.264 MAE 0.467
INFO:root:Batch 3821 : Loss 0.233 MAE 0.419
INFO:root:Batch 3841 : Loss 0.049 MAE 0.194
INFO:root:Batch 3861 : Loss 0.042 MAE 0.173
INFO:root:Batch 3881 : Loss 0.052 MAE 0.180
INFO:root:Batch 3901 : Loss 0.039 MAE 0.145
INFO:root:Batch 3921 : Loss 0.132 MAE 0.325
INFO:root:Batch 3941 : Loss 0.141 MAE 0.300
INFO:root:Batch 3961 : Loss 0.115 MAE 0.292
INFO:root:Batch 3981 : Loss 0.217 MAE 0.421
INFO:root:Batch 4001 : Loss 0.109 MAE 0.292
INFO:root:Batch 4021 : Loss 0.091 MAE 0.251
INFO:root:Batch 4041 : Loss 0.019 MAE 0.111
INFO:root:Batch 4061 : Loss 0.036 MAE 0.155
INFO:root:Batch 4081 : Loss 0.108 MAE 0.266
INFO:root:Batch 4101 : Loss 0.085 MAE 0.259
INFO:root:Batch 4121 : Loss 0.214 MAE 0.432
INFO:root:Batch 4141 : Loss 0.052 MAE 0.177
INFO:root:Batch 4161 : Loss 0.039 MAE 0.158
INFO:root:Batch 4181 : Loss 0.022 MAE 0.118
INFO:root:Batch 4201 : Loss 0.041 MAE 0.169
INFO:root:Batch 4221 : Loss 0.174 MAE 0.375
INFO:root:Batch 4241 : Loss 0.089 MAE 0.244
INFO:root:Batch 4261 : Loss 0.265 MAE 0.483
INFO:root:Batch 4281 : Loss 0.164 MAE 0.350
INFO:root:Batch 4301 : Loss 0.068 MAE 0.237
INFO:root:Batch 4321 : Loss 0.049 MAE 0.182
INFO:root:Batch 4341 : Loss 0.114 MAE 0.239
INFO:root:Batch 4361 : Loss 0.144 MAE 0.336
INFO:root:Batch 4381 : Loss 0.035 MAE 0.155
INFO:root:Batch 4401 : Loss 0.035 MAE 0.158
INFO:root:Batch 4421 : Loss 0.101 MAE 0.285
INFO:root:Batch 4441 : Loss 0.075 MAE 0.217
INFO:root:Batch 4461 : Loss 0.389 MAE 0.597
INFO:root:Batch 4481 : Loss 0.052 MAE 0.191
INFO:root:Batch 4501 : Loss 0.123 MAE 0.308
INFO:root:Batch 4521 : Loss 0.062 MAE 0.195
INFO:root:Batch 4541 : Loss 0.074 MAE 0.246
INFO:root:Batch 4561 : Loss 0.186 MAE 0.389
INFO:root:Batch 4581 : Loss 0.439 MAE 0.629
INFO:root:Batch 4601 : Loss 0.025 MAE 0.124
INFO:root:Batch 4621 : Loss 0.063 MAE 0.206
INFO:root:Batch 4641 : Loss 0.078 MAE 0.247
INFO:root:Batch 4661 : Loss 0.117 MAE 0.246
INFO:root:Batch 4681 : Loss 0.199 MAE 0.356
INFO:root:Batch 4701 : Loss 0.083 MAE 0.229
INFO:root:Batch 4721 : Loss 0.436 MAE 0.621
INFO:root:Batch 4741 : Loss 0.039 MAE 0.148
INFO:root:Batch 4761 : Loss 0.050 MAE 0.173
INFO:root:Batch 4781 : Loss 0.360 MAE 0.546
INFO:root:Batch 4801 : Loss 0.084 MAE 0.218
INFO:root:Batch 4821 : Loss 0.052 MAE 0.188
INFO:root:Batch 4841 : Loss 0.127 MAE 0.304
INFO:root:Batch 4861 : Loss 0.085 MAE 0.262
INFO:root:Batch 4881 : Loss 0.295 MAE 0.479
INFO:root:Batch 4901 : Loss 0.859 MAE 0.616
INFO:root:Batch 4921 : Loss 0.241 MAE 0.430
INFO:root:Batch 4941 : Loss 0.681 MAE 0.794
INFO:root:Batch 4961 : Loss 0.085 MAE 0.229
INFO:root:Batch 4981 : Loss 0.049 MAE 0.181
INFO:root:Batch 5001 : Loss 0.123 MAE 0.297
INFO:root:Batch 5021 : Loss 0.047 MAE 0.168
INFO:root:Batch 5041 : Loss 0.077 MAE 0.244
INFO:root:Batch 5061 : Loss 0.134 MAE 0.318
INFO:root:Batch 5081 : Loss 0.144 MAE 0.343
INFO:root:Batch 5101 : Loss 0.201 MAE 0.389
INFO:root:Batch 5121 : Loss 0.276 MAE 0.407
INFO:root:Batch 5141 : Loss 0.083 MAE 0.224
INFO:root:Batch 5161 : Loss 0.071 MAE 0.223
INFO:root:Batch 5181 : Loss 0.050 MAE 0.179
INFO:root:Batch 5201 : Loss 0.028 MAE 0.128
INFO:root:Batch 5221 : Loss 0.033 MAE 0.133
INFO:root:Batch 5241 : Loss 0.054 MAE 0.183
INFO:root:Batch 5261 : Loss 0.363 MAE 0.528
INFO:root:Batch 5281 : Loss 0.406 MAE 0.621
INFO:root:Batch 5301 : Loss 0.110 MAE 0.262
INFO:root:Batch 5321 : Loss 0.083 MAE 0.252
INFO:root:Batch 5341 : Loss 0.034 MAE 0.152
INFO:__main__:Epoch 3 : Avg Error 0.215; Average Loss 0.069 Time : 3402
INFO:root:Batch 1 : Loss 39.624 MAE 6.243
INFO:root:Batch 21 : Loss 3.598 MAE 1.871
INFO:root:Batch 41 : Loss 0.703 MAE 0.552
INFO:root:Batch 61 : Loss 0.702 MAE 0.755
INFO:root:Batch 81 : Loss 0.261 MAE 0.374
INFO:root:Batch 101 : Loss 0.104 MAE 0.272
INFO:root:Batch 121 : Loss 0.076 MAE 0.226
INFO:root:Batch 141 : Loss 0.224 MAE 0.435
INFO:root:Batch 161 : Loss 0.264 MAE 0.458
INFO:root:Batch 181 : Loss 0.064 MAE 0.212
INFO:root:Batch 201 : Loss 3.252 MAE 1.751
INFO:root:Batch 221 : Loss 0.192 MAE 0.354
INFO:root:Batch 241 : Loss 0.660 MAE 0.671
INFO:root:Batch 261 : Loss 1.636 MAE 1.057
INFO:root:Batch 281 : Loss 0.182 MAE 0.391
INFO:root:Batch 301 : Loss 0.125 MAE 0.261
INFO:root:Batch 321 : Loss 0.297 MAE 0.507
INFO:root:Batch 341 : Loss 0.320 MAE 0.416
INFO:root:Batch 361 : Loss 0.098 MAE 0.242
INFO:root:Batch 381 : Loss 0.501 MAE 0.614
INFO:root:Batch 401 : Loss 0.156 MAE 0.339
INFO:root:Batch 421 : Loss 0.070 MAE 0.217
INFO:root:Batch 441 : Loss 0.291 MAE 0.476
INFO:root:Batch 461 : Loss 0.256 MAE 0.482
INFO:root:Batch 481 : Loss 0.059 MAE 0.181
INFO:root:Batch 501 : Loss 0.623 MAE 0.640
INFO:root:Batch 521 : Loss 0.040 MAE 0.165
INFO:root:Batch 541 : Loss 0.147 MAE 0.282
INFO:root:Batch 561 : Loss 1.024 MAE 0.967
INFO:root:Batch 581 : Loss 0.349 MAE 0.476
INFO:root:Batch 601 : Loss 0.065 MAE 0.221
INFO:root:Batch 621 : Loss 0.090 MAE 0.239
INFO:root:Batch 641 : Loss 0.086 MAE 0.237
INFO:root:Batch 661 : Loss 0.134 MAE 0.337
INFO:root:Batch 681 : Loss 0.067 MAE 0.214
INFO:root:Batch 701 : Loss 0.088 MAE 0.230
INFO:root:Batch 721 : Loss 0.016 MAE 0.102
INFO:root:Batch 741 : Loss 0.244 MAE 0.415
INFO:root:Batch 761 : Loss 0.072 MAE 0.238
INFO:root:Batch 781 : Loss 0.120 MAE 0.268
INFO:root:Batch 801 : Loss 0.058 MAE 0.181
INFO:root:Batch 821 : Loss 0.120 MAE 0.286
INFO:root:Batch 841 : Loss 0.102 MAE 0.254
INFO:root:Batch 861 : Loss 0.115 MAE 0.280
INFO:root:Batch 881 : Loss 0.105 MAE 0.281
INFO:root:Batch 901 : Loss 0.075 MAE 0.223
INFO:root:Batch 921 : Loss 0.151 MAE 0.322
INFO:root:Batch 941 : Loss 0.095 MAE 0.257
INFO:root:Batch 961 : Loss 0.058 MAE 0.189
INFO:root:Batch 981 : Loss 0.051 MAE 0.179
INFO:root:Batch 1001 : Loss 0.186 MAE 0.356
INFO:root:Batch 1021 : Loss 0.556 MAE 0.655
INFO:root:Batch 1041 : Loss 0.120 MAE 0.291
INFO:root:Batch 1061 : Loss 0.535 MAE 0.672
INFO:root:Batch 1081 : Loss 0.091 MAE 0.242
INFO:root:Batch 1101 : Loss 6.179 MAE 2.421
INFO:root:Batch 1121 : Loss 2.575 MAE 1.573
INFO:root:Batch 1141 : Loss 0.363 MAE 0.557
INFO:root:Batch 1161 : Loss 0.118 MAE 0.282
INFO:root:Batch 1181 : Loss 0.521 MAE 0.513
INFO:root:Batch 1201 : Loss 1.131 MAE 0.965
INFO:root:Batch 1221 : Loss 0.219 MAE 0.408
INFO:root:Batch 1241 : Loss 1.012 MAE 0.958
INFO:root:Batch 1261 : Loss 0.324 MAE 0.521
INFO:root:Batch 1281 : Loss 0.146 MAE 0.302
INFO:root:Batch 1301 : Loss 0.714 MAE 0.800
INFO:root:Batch 1321 : Loss 0.015 MAE 0.098
INFO:root:Batch 1341 : Loss 0.536 MAE 0.686
INFO:root:Batch 1361 : Loss 0.497 MAE 0.675
INFO:root:Batch 1381 : Loss 0.875 MAE 0.914
INFO:root:Batch 1401 : Loss 0.156 MAE 0.310
INFO:root:Batch 1421 : Loss 0.209 MAE 0.389
INFO:root:Batch 1441 : Loss 0.317 MAE 0.509
INFO:root:Batch 1461 : Loss 0.080 MAE 0.225
INFO:root:Batch 1481 : Loss 0.313 MAE 0.508
INFO:root:Batch 1501 : Loss 0.173 MAE 0.302
INFO:root:Batch 1521 : Loss 0.084 MAE 0.238
INFO:root:Batch 1541 : Loss 0.072 MAE 0.213
INFO:root:Batch 1561 : Loss 0.036 MAE 0.150
INFO:root:Batch 1581 : Loss 0.245 MAE 0.419
INFO:root:Batch 1601 : Loss 0.035 MAE 0.156
INFO:root:Batch 1621 : Loss 0.151 MAE 0.257
INFO:root:Batch 1641 : Loss 0.147 MAE 0.328
INFO:root:Batch 1661 : Loss 0.028 MAE 0.133
INFO:root:Batch 1681 : Loss 0.061 MAE 0.223
INFO:root:Batch 1701 : Loss 0.132 MAE 0.336
INFO:root:Batch 1721 : Loss 0.052 MAE 0.173
INFO:root:Batch 1741 : Loss 0.055 MAE 0.188
INFO:root:Batch 1761 : Loss 0.048 MAE 0.177
INFO:root:Batch 1781 : Loss 0.020 MAE 0.109
INFO:root:Batch 1801 : Loss 0.250 MAE 0.284
INFO:root:Batch 1821 : Loss 0.032 MAE 0.135
INFO:root:Batch 1841 : Loss 0.088 MAE 0.271
INFO:root:Batch 1861 : Loss 0.572 MAE 0.717
INFO:root:Batch 1881 : Loss 0.073 MAE 0.237
INFO:root:Batch 1901 : Loss 0.220 MAE 0.283
INFO:root:Batch 1921 : Loss 0.049 MAE 0.169
INFO:root:Batch 1941 : Loss 0.055 MAE 0.193
INFO:root:Batch 1961 : Loss 0.058 MAE 0.196
INFO:root:Batch 1981 : Loss 0.902 MAE 0.801
INFO:root:Batch 2001 : Loss 0.060 MAE 0.200
INFO:root:Batch 2021 : Loss 0.051 MAE 0.164
INFO:root:Batch 2041 : Loss 0.151 MAE 0.330
INFO:root:Batch 2061 : Loss 0.154 MAE 0.344
INFO:root:Batch 2081 : Loss 0.090 MAE 0.247
INFO:root:Batch 2101 : Loss 0.177 MAE 0.382
INFO:root:Batch 2121 : Loss 0.200 MAE 0.418
INFO:root:Batch 2141 : Loss 0.113 MAE 0.281
INFO:root:Batch 2161 : Loss 0.123 MAE 0.246
INFO:root:Batch 2181 : Loss 0.445 MAE 0.483
INFO:root:Batch 2201 : Loss 0.134 MAE 0.278
INFO:root:Batch 2221 : Loss 0.042 MAE 0.155
INFO:root:Batch 2241 : Loss 0.028 MAE 0.132
INFO:root:Batch 2261 : Loss 0.056 MAE 0.206
INFO:root:Batch 2281 : Loss 0.195 MAE 0.397
INFO:root:Batch 2301 : Loss 0.345 MAE 0.524
INFO:root:Batch 2321 : Loss 0.042 MAE 0.157
INFO:root:Batch 2341 : Loss 0.032 MAE 0.127
INFO:root:Batch 2361 : Loss 0.079 MAE 0.249
INFO:root:Batch 2381 : Loss 0.065 MAE 0.219
INFO:root:Batch 2401 : Loss 0.587 MAE 0.734
INFO:root:Batch 2421 : Loss 0.124 MAE 0.279
INFO:root:Batch 2441 : Loss 0.045 MAE 0.181
INFO:root:Batch 2461 : Loss 0.299 MAE 0.454
INFO:root:Batch 2481 : Loss 0.122 MAE 0.318
INFO:root:Batch 2501 : Loss 0.034 MAE 0.149
INFO:root:Batch 2521 : Loss 0.081 MAE 0.215
INFO:root:Batch 2541 : Loss 0.271 MAE 0.408
INFO:root:Batch 2561 : Loss 0.059 MAE 0.184
INFO:root:Batch 2581 : Loss 0.035 MAE 0.163
INFO:root:Batch 2601 : Loss 0.152 MAE 0.299
INFO:root:Batch 2621 : Loss 0.167 MAE 0.381
INFO:root:Batch 2641 : Loss 0.247 MAE 0.468
INFO:root:Batch 2661 : Loss 0.092 MAE 0.258
INFO:root:Batch 2681 : Loss 0.033 MAE 0.147
INFO:root:Batch 2701 : Loss 0.682 MAE 0.797
INFO:root:Batch 2721 : Loss 0.141 MAE 0.290
INFO:root:Batch 2741 : Loss 0.100 MAE 0.274
INFO:root:Batch 2761 : Loss 0.279 MAE 0.359
INFO:root:Batch 2781 : Loss 0.380 MAE 0.354
INFO:root:Batch 2801 : Loss 0.130 MAE 0.292
INFO:root:Batch 2821 : Loss 0.726 MAE 0.801
INFO:root:Batch 2841 : Loss 0.248 MAE 0.422
INFO:root:Batch 2861 : Loss 0.229 MAE 0.429
INFO:root:Batch 2881 : Loss 0.029 MAE 0.117
INFO:root:Batch 2901 : Loss 0.428 MAE 0.615
INFO:root:Batch 2921 : Loss 0.035 MAE 0.161
INFO:root:Batch 2941 : Loss 0.075 MAE 0.215
INFO:root:Batch 2961 : Loss 0.024 MAE 0.125
INFO:root:Batch 2981 : Loss 0.219 MAE 0.376
INFO:root:Batch 3001 : Loss 0.123 MAE 0.318
INFO:root:Batch 3021 : Loss 0.040 MAE 0.154
INFO:root:Batch 3041 : Loss 0.422 MAE 0.616
INFO:root:Batch 3061 : Loss 0.048 MAE 0.184
INFO:root:Batch 3081 : Loss 0.156 MAE 0.328
INFO:root:Batch 3101 : Loss 0.365 MAE 0.552
INFO:root:Batch 3121 : Loss 0.158 MAE 0.359
INFO:root:Batch 3141 : Loss 0.047 MAE 0.142
INFO:root:Batch 3161 : Loss 0.181 MAE 0.391
INFO:root:Batch 3181 : Loss 0.183 MAE 0.315
INFO:root:Batch 3201 : Loss 0.087 MAE 0.223
INFO:root:Batch 3221 : Loss 0.023 MAE 0.120
INFO:root:Batch 3241 : Loss 0.095 MAE 0.228
INFO:root:Batch 3261 : Loss 0.028 MAE 0.141
INFO:root:Batch 3281 : Loss 0.030 MAE 0.152
INFO:root:Batch 3301 : Loss 0.144 MAE 0.347
INFO:root:Batch 3321 : Loss 0.083 MAE 0.251
INFO:root:Batch 3341 : Loss 0.045 MAE 0.167
INFO:root:Batch 3361 : Loss 0.129 MAE 0.324
INFO:root:Batch 3381 : Loss 0.043 MAE 0.184
INFO:root:Batch 3401 : Loss 0.117 MAE 0.294
INFO:root:Batch 3421 : Loss 0.016 MAE 0.098
INFO:root:Batch 3441 : Loss 0.056 MAE 0.198
INFO:root:Batch 3461 : Loss 0.231 MAE 0.456
INFO:root:Batch 3481 : Loss 0.181 MAE 0.397
INFO:root:Batch 3501 : Loss 0.144 MAE 0.344
INFO:root:Batch 3521 : Loss 0.046 MAE 0.180
INFO:root:Batch 3541 : Loss 0.158 MAE 0.309
INFO:root:Batch 3561 : Loss 0.115 MAE 0.317
INFO:root:Batch 3581 : Loss 0.093 MAE 0.271
INFO:root:Batch 3601 : Loss 0.038 MAE 0.150
INFO:root:Batch 3621 : Loss 0.136 MAE 0.275
INFO:root:Batch 3641 : Loss 0.031 MAE 0.144
INFO:root:Batch 3661 : Loss 0.015 MAE 0.104
INFO:root:Batch 3681 : Loss 0.021 MAE 0.114
INFO:root:Batch 3701 : Loss 0.110 MAE 0.292
INFO:root:Batch 3721 : Loss 0.072 MAE 0.222
INFO:root:Batch 3741 : Loss 0.071 MAE 0.222
INFO:root:Batch 3761 : Loss 0.067 MAE 0.234
INFO:root:Batch 3781 : Loss 0.073 MAE 0.234
INFO:root:Batch 3801 : Loss 0.359 MAE 0.552
INFO:root:Batch 3821 : Loss 0.231 MAE 0.430
INFO:root:Batch 3841 : Loss 0.042 MAE 0.178
INFO:root:Batch 3861 : Loss 0.050 MAE 0.197
INFO:root:Batch 3881 : Loss 0.036 MAE 0.156
INFO:root:Batch 3901 : Loss 0.053 MAE 0.174
INFO:root:Batch 3921 : Loss 0.100 MAE 0.283
INFO:root:Batch 3941 : Loss 0.118 MAE 0.292
INFO:root:Batch 3961 : Loss 0.113 MAE 0.291
INFO:root:Batch 3981 : Loss 0.177 MAE 0.381
INFO:root:Batch 4001 : Loss 0.082 MAE 0.254
INFO:root:Batch 4021 : Loss 0.071 MAE 0.235
INFO:root:Batch 4041 : Loss 0.017 MAE 0.095
INFO:root:Batch 4061 : Loss 0.056 MAE 0.185
INFO:root:Batch 4081 : Loss 0.110 MAE 0.269
INFO:root:Batch 4101 : Loss 0.055 MAE 0.203
INFO:root:Batch 4121 : Loss 0.164 MAE 0.359
INFO:root:Batch 4141 : Loss 0.030 MAE 0.139
INFO:root:Batch 4161 : Loss 0.040 MAE 0.160
INFO:root:Batch 4181 : Loss 0.018 MAE 0.103
INFO:root:Batch 4201 : Loss 0.028 MAE 0.141
INFO:root:Batch 4221 : Loss 0.113 MAE 0.284
INFO:root:Batch 4241 : Loss 0.071 MAE 0.226
INFO:root:Batch 4261 : Loss 0.215 MAE 0.414
INFO:root:Batch 4281 : Loss 0.138 MAE 0.327
INFO:root:Batch 4301 : Loss 0.046 MAE 0.193
INFO:root:Batch 4321 : Loss 0.042 MAE 0.168
INFO:root:Batch 4341 : Loss 0.036 MAE 0.149
INFO:root:Batch 4361 : Loss 0.137 MAE 0.333
INFO:root:Batch 4381 : Loss 0.019 MAE 0.101
INFO:root:Batch 4401 : Loss 0.016 MAE 0.103
INFO:root:Batch 4421 : Loss 0.081 MAE 0.251
INFO:root:Batch 4441 : Loss 0.045 MAE 0.171
INFO:root:Batch 4461 : Loss 0.328 MAE 0.558
INFO:root:Batch 4481 : Loss 0.040 MAE 0.172
INFO:root:Batch 4501 : Loss 0.083 MAE 0.266
INFO:root:Batch 4521 : Loss 0.036 MAE 0.162
INFO:root:Batch 4541 : Loss 0.106 MAE 0.287
INFO:root:Batch 4561 : Loss 0.095 MAE 0.272
INFO:root:Batch 4581 : Loss 0.358 MAE 0.570
INFO:root:Batch 4601 : Loss 0.021 MAE 0.120
INFO:root:Batch 4621 : Loss 0.050 MAE 0.188
INFO:root:Batch 4641 : Loss 0.045 MAE 0.181
INFO:root:Batch 4661 : Loss 0.083 MAE 0.194
INFO:root:Batch 4681 : Loss 0.194 MAE 0.346
INFO:root:Batch 4701 : Loss 0.073 MAE 0.212
INFO:root:Batch 4721 : Loss 0.394 MAE 0.595
INFO:root:Batch 4741 : Loss 0.031 MAE 0.143
INFO:root:Batch 4761 : Loss 0.047 MAE 0.181
INFO:root:Batch 4781 : Loss 0.247 MAE 0.450
INFO:root:Batch 4801 : Loss 0.081 MAE 0.219
INFO:root:Batch 4821 : Loss 0.058 MAE 0.194
INFO:root:Batch 4841 : Loss 0.099 MAE 0.269
INFO:root:Batch 4861 : Loss 0.060 MAE 0.197
INFO:root:Batch 4881 : Loss 0.145 MAE 0.319
INFO:root:Batch 4901 : Loss 0.680 MAE 0.508
INFO:root:Batch 4921 : Loss 0.198 MAE 0.408
INFO:root:Batch 4941 : Loss 0.530 MAE 0.710
INFO:root:Batch 4961 : Loss 0.076 MAE 0.210
INFO:root:Batch 4981 : Loss 0.021 MAE 0.123
INFO:root:Batch 5001 : Loss 0.063 MAE 0.215
INFO:root:Batch 5021 : Loss 0.045 MAE 0.160
INFO:root:Batch 5041 : Loss 0.076 MAE 0.254
INFO:root:Batch 5061 : Loss 0.120 MAE 0.318
INFO:root:Batch 5081 : Loss 0.112 MAE 0.315
INFO:root:Batch 5101 : Loss 0.179 MAE 0.364
INFO:root:Batch 5121 : Loss 0.172 MAE 0.300
INFO:root:Batch 5141 : Loss 0.057 MAE 0.177
INFO:root:Batch 5161 : Loss 0.072 MAE 0.224
INFO:root:Batch 5181 : Loss 0.046 MAE 0.177
INFO:root:Batch 5201 : Loss 0.015 MAE 0.093
INFO:root:Batch 5221 : Loss 0.019 MAE 0.104
INFO:root:Batch 5241 : Loss 0.053 MAE 0.188
INFO:root:Batch 5261 : Loss 0.220 MAE 0.420
INFO:root:Batch 5281 : Loss 0.361 MAE 0.594
INFO:root:Batch 5301 : Loss 0.108 MAE 0.255
INFO:root:Batch 5321 : Loss 0.118 MAE 0.298
INFO:root:Batch 5341 : Loss 0.023 MAE 0.118
INFO:__main__:Epoch 4 : Avg Error 0.214; Average Loss 0.060 Time : 3395
INFO:root:Batch 1 : Loss 39.204 MAE 6.201
INFO:root:Batch 21 : Loss 3.602 MAE 1.883
INFO:root:Batch 41 : Loss 0.640 MAE 0.485
INFO:root:Batch 61 : Loss 0.735 MAE 0.811
INFO:root:Batch 81 : Loss 0.271 MAE 0.350
INFO:root:Batch 101 : Loss 0.181 MAE 0.356
INFO:root:Batch 121 : Loss 0.099 MAE 0.260
INFO:root:Batch 141 : Loss 0.283 MAE 0.469
INFO:root:Batch 161 : Loss 0.267 MAE 0.471
INFO:root:Batch 181 : Loss 0.041 MAE 0.170
INFO:root:Batch 201 : Loss 3.028 MAE 1.701
INFO:root:Batch 221 : Loss 0.203 MAE 0.368
INFO:root:Batch 241 : Loss 0.673 MAE 0.685
INFO:root:Batch 261 : Loss 1.484 MAE 1.047
INFO:root:Batch 281 : Loss 0.279 MAE 0.498
INFO:root:Batch 301 : Loss 0.129 MAE 0.264
INFO:root:Batch 321 : Loss 0.228 MAE 0.431
INFO:root:Batch 341 : Loss 0.248 MAE 0.402
INFO:root:Batch 361 : Loss 0.078 MAE 0.201
INFO:root:Batch 381 : Loss 0.485 MAE 0.623
INFO:root:Batch 401 : Loss 0.125 MAE 0.281
INFO:root:Batch 421 : Loss 0.032 MAE 0.152
INFO:root:Batch 441 : Loss 0.157 MAE 0.346
INFO:root:Batch 461 : Loss 0.162 MAE 0.369
INFO:root:Batch 481 : Loss 0.044 MAE 0.160
INFO:root:Batch 501 : Loss 0.600 MAE 0.626
INFO:root:Batch 521 : Loss 0.036 MAE 0.164
INFO:root:Batch 541 : Loss 0.141 MAE 0.272
INFO:root:Batch 561 : Loss 1.088 MAE 1.011
INFO:root:Batch 581 : Loss 0.362 MAE 0.474
INFO:root:Batch 601 : Loss 0.074 MAE 0.238
INFO:root:Batch 621 : Loss 0.101 MAE 0.249
INFO:root:Batch 641 : Loss 0.090 MAE 0.254
INFO:root:Batch 661 : Loss 0.112 MAE 0.298
INFO:root:Batch 681 : Loss 0.062 MAE 0.204
INFO:root:Batch 701 : Loss 0.073 MAE 0.220
INFO:root:Batch 721 : Loss 0.020 MAE 0.119
INFO:root:Batch 741 : Loss 0.275 MAE 0.446
INFO:root:Batch 761 : Loss 0.077 MAE 0.245
INFO:root:Batch 781 : Loss 0.091 MAE 0.230
INFO:root:Batch 801 : Loss 0.095 MAE 0.246
INFO:root:Batch 821 : Loss 0.071 MAE 0.218
INFO:root:Batch 841 : Loss 0.073 MAE 0.204
INFO:root:Batch 861 : Loss 0.108 MAE 0.262
INFO:root:Batch 881 : Loss 0.074 MAE 0.215
INFO:root:Batch 901 : Loss 0.054 MAE 0.182
INFO:root:Batch 921 : Loss 0.083 MAE 0.244
INFO:root:Batch 941 : Loss 0.076 MAE 0.238
INFO:root:Batch 961 : Loss 0.047 MAE 0.172
INFO:root:Batch 981 : Loss 0.056 MAE 0.199
INFO:root:Batch 1001 : Loss 0.143 MAE 0.308
INFO:root:Batch 1021 : Loss 0.451 MAE 0.606
INFO:root:Batch 1041 : Loss 0.050 MAE 0.188
INFO:root:Batch 1061 : Loss 0.433 MAE 0.592
INFO:root:Batch 1081 : Loss 0.118 MAE 0.283
INFO:root:Batch 1101 : Loss 5.916 MAE 2.374
INFO:root:Batch 1121 : Loss 2.181 MAE 1.450
INFO:root:Batch 1141 : Loss 0.419 MAE 0.612
INFO:root:Batch 1161 : Loss 0.090 MAE 0.246
INFO:root:Batch 1181 : Loss 0.439 MAE 0.416
INFO:root:Batch 1201 : Loss 1.280 MAE 1.014
INFO:root:Batch 1221 : Loss 0.227 MAE 0.419
INFO:root:Batch 1241 : Loss 1.133 MAE 1.027
INFO:root:Batch 1261 : Loss 0.393 MAE 0.585
INFO:root:Batch 1281 : Loss 0.125 MAE 0.303
INFO:root:Batch 1301 : Loss 0.651 MAE 0.754
INFO:root:Batch 1321 : Loss 0.031 MAE 0.145
INFO:root:Batch 1341 : Loss 0.492 MAE 0.676
INFO:root:Batch 1361 : Loss 0.434 MAE 0.627
INFO:root:Batch 1381 : Loss 0.855 MAE 0.904
INFO:root:Batch 1401 : Loss 0.121 MAE 0.277
INFO:root:Batch 1421 : Loss 0.189 MAE 0.338
INFO:root:Batch 1441 : Loss 0.318 MAE 0.491
INFO:root:Batch 1461 : Loss 0.062 MAE 0.196
INFO:root:Batch 1481 : Loss 0.292 MAE 0.484
INFO:root:Batch 1501 : Loss 0.155 MAE 0.272
INFO:root:Batch 1521 : Loss 0.107 MAE 0.261
INFO:root:Batch 1541 : Loss 0.051 MAE 0.186
INFO:root:Batch 1561 : Loss 0.055 MAE 0.184
INFO:root:Batch 1581 : Loss 0.208 MAE 0.393
INFO:root:Batch 1601 : Loss 0.036 MAE 0.148
INFO:root:Batch 1621 : Loss 0.101 MAE 0.214
INFO:root:Batch 1641 : Loss 0.177 MAE 0.375
INFO:root:Batch 1661 : Loss 0.029 MAE 0.145
INFO:root:Batch 1681 : Loss 0.046 MAE 0.178
INFO:root:Batch 1701 : Loss 0.113 MAE 0.308
INFO:root:Batch 1721 : Loss 0.031 MAE 0.143
INFO:root:Batch 1741 : Loss 0.043 MAE 0.181
INFO:root:Batch 1761 : Loss 0.028 MAE 0.130
INFO:root:Batch 1781 : Loss 0.015 MAE 0.103
INFO:root:Batch 1801 : Loss 0.201 MAE 0.232
INFO:root:Batch 1821 : Loss 0.026 MAE 0.120
INFO:root:Batch 1841 : Loss 0.074 MAE 0.238
INFO:root:Batch 1861 : Loss 0.483 MAE 0.658
INFO:root:Batch 1881 : Loss 0.062 MAE 0.197
INFO:root:Batch 1901 : Loss 0.182 MAE 0.205
INFO:root:Batch 1921 : Loss 0.050 MAE 0.191
INFO:root:Batch 1941 : Loss 0.043 MAE 0.157
INFO:root:Batch 1961 : Loss 0.048 MAE 0.152
INFO:root:Batch 1981 : Loss 0.871 MAE 0.761
INFO:root:Batch 2001 : Loss 0.053 MAE 0.187
INFO:root:Batch 2021 : Loss 0.040 MAE 0.145
INFO:root:Batch 2041 : Loss 0.117 MAE 0.303
INFO:root:Batch 2061 : Loss 0.152 MAE 0.347
INFO:root:Batch 2081 : Loss 0.061 MAE 0.202
INFO:root:Batch 2101 : Loss 0.183 MAE 0.386
INFO:root:Batch 2121 : Loss 0.231 MAE 0.454
INFO:root:Batch 2141 : Loss 0.122 MAE 0.280
INFO:root:Batch 2161 : Loss 0.139 MAE 0.233
INFO:root:Batch 2181 : Loss 0.498 MAE 0.515
INFO:root:Batch 2201 : Loss 0.138 MAE 0.280
INFO:root:Batch 2221 : Loss 0.033 MAE 0.135
INFO:root:Batch 2241 : Loss 0.035 MAE 0.150
INFO:root:Batch 2261 : Loss 0.038 MAE 0.168
INFO:root:Batch 2281 : Loss 0.222 MAE 0.436
INFO:root:Batch 2301 : Loss 0.377 MAE 0.559
INFO:root:Batch 2321 : Loss 0.039 MAE 0.151
INFO:root:Batch 2341 : Loss 0.030 MAE 0.131
INFO:root:Batch 2361 : Loss 0.076 MAE 0.234
INFO:root:Batch 2381 : Loss 0.058 MAE 0.199
INFO:root:Batch 2401 : Loss 0.459 MAE 0.644
INFO:root:Batch 2421 : Loss 0.095 MAE 0.251
INFO:root:Batch 2441 : Loss 0.053 MAE 0.200
INFO:root:Batch 2461 : Loss 0.266 MAE 0.433
INFO:root:Batch 2481 : Loss 0.097 MAE 0.292
INFO:root:Batch 2501 : Loss 0.052 MAE 0.177
INFO:root:Batch 2521 : Loss 0.065 MAE 0.204
INFO:root:Batch 2541 : Loss 0.259 MAE 0.433
INFO:root:Batch 2561 : Loss 0.043 MAE 0.158
INFO:root:Batch 2581 : Loss 0.041 MAE 0.184
INFO:root:Batch 2601 : Loss 0.132 MAE 0.257
INFO:root:Batch 2621 : Loss 0.144 MAE 0.355
INFO:root:Batch 2641 : Loss 0.174 MAE 0.383
INFO:root:Batch 2661 : Loss 0.088 MAE 0.256
INFO:root:Batch 2681 : Loss 0.023 MAE 0.124
INFO:root:Batch 2701 : Loss 0.503 MAE 0.680
INFO:root:Batch 2721 : Loss 0.125 MAE 0.292
INFO:root:Batch 2741 : Loss 0.098 MAE 0.271
INFO:root:Batch 2761 : Loss 0.193 MAE 0.295
INFO:root:Batch 2781 : Loss 0.315 MAE 0.333
INFO:root:Batch 2801 : Loss 0.160 MAE 0.324
INFO:root:Batch 2821 : Loss 0.743 MAE 0.833
INFO:root:Batch 2841 : Loss 0.261 MAE 0.444
INFO:root:Batch 2861 : Loss 0.198 MAE 0.385
INFO:root:Batch 2881 : Loss 0.025 MAE 0.109
INFO:root:Batch 2901 : Loss 0.265 MAE 0.472
INFO:root:Batch 2921 : Loss 0.030 MAE 0.146
INFO:root:Batch 2941 : Loss 0.070 MAE 0.203
INFO:root:Batch 2961 : Loss 0.022 MAE 0.125
INFO:root:Batch 2981 : Loss 0.115 MAE 0.276
INFO:root:Batch 3001 : Loss 0.072 MAE 0.219
INFO:root:Batch 3021 : Loss 0.033 MAE 0.148
INFO:root:Batch 3041 : Loss 0.304 MAE 0.528
INFO:root:Batch 3061 : Loss 0.058 MAE 0.212
INFO:root:Batch 3081 : Loss 0.102 MAE 0.276
INFO:root:Batch 3101 : Loss 0.272 MAE 0.472
INFO:root:Batch 3121 : Loss 0.139 MAE 0.353
INFO:root:Batch 3141 : Loss 0.028 MAE 0.124
INFO:root:Batch 3161 : Loss 0.183 MAE 0.394
INFO:root:Batch 3181 : Loss 0.125 MAE 0.255
INFO:root:Batch 3201 : Loss 0.095 MAE 0.245
INFO:root:Batch 3221 : Loss 0.025 MAE 0.127
INFO:root:Batch 3241 : Loss 0.082 MAE 0.230
INFO:root:Batch 3261 : Loss 0.018 MAE 0.104
INFO:root:Batch 3281 : Loss 0.041 MAE 0.170
INFO:root:Batch 3301 : Loss 0.130 MAE 0.340
INFO:root:Batch 3321 : Loss 0.083 MAE 0.250
INFO:root:Batch 3341 : Loss 0.046 MAE 0.164
INFO:root:Batch 3361 : Loss 0.126 MAE 0.321
INFO:root:Batch 3381 : Loss 0.032 MAE 0.151
INFO:root:Batch 3401 : Loss 0.100 MAE 0.264
INFO:root:Batch 3421 : Loss 0.021 MAE 0.111
INFO:root:Batch 3441 : Loss 0.057 MAE 0.205
INFO:root:Batch 3461 : Loss 0.216 MAE 0.436
INFO:root:Batch 3481 : Loss 0.150 MAE 0.355
INFO:root:Batch 3501 : Loss 0.116 MAE 0.305
INFO:root:Batch 3521 : Loss 0.043 MAE 0.172
INFO:root:Batch 3541 : Loss 0.113 MAE 0.280
INFO:root:Batch 3561 : Loss 0.073 MAE 0.258
INFO:root:Batch 3581 : Loss 0.032 MAE 0.151
INFO:root:Batch 3601 : Loss 0.039 MAE 0.163
INFO:root:Batch 3621 : Loss 0.075 MAE 0.227
INFO:root:Batch 3641 : Loss 0.018 MAE 0.103
INFO:root:Batch 3661 : Loss 0.017 MAE 0.104
INFO:root:Batch 3681 : Loss 0.015 MAE 0.101
INFO:root:Batch 3701 : Loss 0.101 MAE 0.278
INFO:root:Batch 3721 : Loss 0.068 MAE 0.216
INFO:root:Batch 3741 : Loss 0.060 MAE 0.205
INFO:root:Batch 3761 : Loss 0.061 MAE 0.211
INFO:root:Batch 3781 : Loss 0.040 MAE 0.173
INFO:root:Batch 3801 : Loss 0.503 MAE 0.656
INFO:root:Batch 3821 : Loss 0.233 MAE 0.445
INFO:root:Batch 3841 : Loss 0.031 MAE 0.149
INFO:root:Batch 3861 : Loss 0.056 MAE 0.192
INFO:root:Batch 3881 : Loss 0.030 MAE 0.125
INFO:root:Batch 3901 : Loss 0.047 MAE 0.168
INFO:root:Batch 3921 : Loss 0.074 MAE 0.246
INFO:root:Batch 3941 : Loss 0.108 MAE 0.281
INFO:root:Batch 3961 : Loss 0.091 MAE 0.263
INFO:root:Batch 3981 : Loss 0.124 MAE 0.323
INFO:root:Batch 4001 : Loss 0.066 MAE 0.223
INFO:root:Batch 4021 : Loss 0.097 MAE 0.273
INFO:root:Batch 4041 : Loss 0.017 MAE 0.099
INFO:root:Batch 4061 : Loss 0.080 MAE 0.232
INFO:root:Batch 4081 : Loss 0.098 MAE 0.248
INFO:root:Batch 4101 : Loss 0.035 MAE 0.158
INFO:root:Batch 4121 : Loss 0.118 MAE 0.305
INFO:root:Batch 4141 : Loss 0.026 MAE 0.125
INFO:root:Batch 4161 : Loss 0.030 MAE 0.134
INFO:root:Batch 4181 : Loss 0.015 MAE 0.104
INFO:root:Batch 4201 : Loss 0.026 MAE 0.129
INFO:root:Batch 4221 : Loss 0.091 MAE 0.246
INFO:root:Batch 4241 : Loss 0.063 MAE 0.216
INFO:root:Batch 4261 : Loss 0.107 MAE 0.288
INFO:root:Batch 4281 : Loss 0.125 MAE 0.306
INFO:root:Batch 4301 : Loss 0.028 MAE 0.148
INFO:root:Batch 4321 : Loss 0.054 MAE 0.192
INFO:root:Batch 4341 : Loss 0.020 MAE 0.118
INFO:root:Batch 4361 : Loss 0.115 MAE 0.297
INFO:root:Batch 4381 : Loss 0.012 MAE 0.083
INFO:root:Batch 4401 : Loss 0.013 MAE 0.084
INFO:root:Batch 4421 : Loss 0.057 MAE 0.206
INFO:root:Batch 4441 : Loss 0.033 MAE 0.140
INFO:root:Batch 4461 : Loss 0.274 MAE 0.509
INFO:root:Batch 4481 : Loss 0.032 MAE 0.154
INFO:root:Batch 4501 : Loss 0.057 MAE 0.217
INFO:root:Batch 4521 : Loss 0.025 MAE 0.131
INFO:root:Batch 4541 : Loss 0.100 MAE 0.286
INFO:root:Batch 4561 : Loss 0.071 MAE 0.227
INFO:root:Batch 4581 : Loss 0.300 MAE 0.525
INFO:root:Batch 4601 : Loss 0.019 MAE 0.107
INFO:root:Batch 4621 : Loss 0.060 MAE 0.216
INFO:root:Batch 4641 : Loss 0.024 MAE 0.125
INFO:root:Batch 4661 : Loss 0.073 MAE 0.187
INFO:root:Batch 4681 : Loss 0.156 MAE 0.310
INFO:root:Batch 4701 : Loss 0.067 MAE 0.198
/var/lib/slurm/slurmd/job69350/slurm_script: line 22: 16101 Killed                  python3 scripts/main_gnn_qm9.py --lg True --update $u --lr $lr --lrdamping $lrd --step $step --epochs $epochs --bs $bs --data_path $data_path --L $L
slurmstepd: error: Detected 1 oom-kill event(s) in step 69350.batch cgroup.
