INFO:__main__:Log path : log/qm9/lg_True_up_2_bs_30_ep_40_st_5_op_adamax_lr_0.0004_da_0.9_L_5_h_1_ta_0_382.pickle
INFO:root:New directory created
INFO:__main__:Working on CPU
INFO:root:Loading data...
INFO:__main__:Number of training instances : 107108
INFO:__main__:Number of validation instances : 13388
INFO:__main__:Number of test instances : 13389
INFO:__main__:Network created
INFO:__main__:Training the GNN
WARNING:root:Testing on 13388 molecules
WARNING:root:Testing on 13389 molecules
INFO:__main__:Epoch 1 : Train loss 0.256 error 0.097 Time : 808
INFO:__main__:Validation loss 0.251 error 0.394
INFO:__main__:Test loss 0.837 error 0.706
WARNING:root:Testing on 13388 molecules
WARNING:root:Testing on 13389 molecules
INFO:__main__:Epoch 2 : Train loss 0.211 error 0.073 Time : 798
INFO:__main__:Validation loss 0.181 error 0.331
INFO:__main__:Test loss 1.024 error 0.763
WARNING:root:Testing on 13388 molecules
WARNING:root:Testing on 13389 molecules
INFO:__main__:Epoch 3 : Train loss 0.184 error 0.051 Time : 803
INFO:__main__:Validation loss 0.122 error 0.263
INFO:__main__:Test loss 0.957 error 0.700
WARNING:root:Testing on 13388 molecules
WARNING:root:Testing on 13389 molecules
INFO:__main__:Epoch 4 : Train loss 0.150 error 0.036 Time : 842
INFO:__main__:Validation loss 0.103 error 0.237
INFO:__main__:Test loss 0.904 error 0.665
WARNING:root:Testing on 13388 molecules
WARNING:root:Testing on 13389 molecules
INFO:__main__:Epoch 5 : Train loss 0.130 error 0.030 Time : 842
INFO:__main__:Validation loss 0.095 error 0.227
INFO:__main__:Test loss 0.903 error 0.660
WARNING:root:Testing on 13388 molecules
WARNING:root:Testing on 13389 molecules
INFO:__main__:Epoch 6 : Train loss 0.122 error 0.026 Time : 845
INFO:__main__:Validation loss 0.084 error 0.209
INFO:__main__:Test loss 0.905 error 0.652
WARNING:root:Testing on 13388 molecules
WARNING:root:Testing on 13389 molecules
INFO:__main__:Epoch 7 : Train loss 0.111 error 0.022 Time : 817
INFO:__main__:Validation loss 0.074 error 0.194
INFO:__main__:Test loss 0.846 error 0.624
WARNING:root:Testing on 13388 molecules
WARNING:root:Testing on 13389 molecules
INFO:__main__:Epoch 8 : Train loss 0.107 error 0.020 Time : 821
INFO:__main__:Validation loss 0.072 error 0.188
INFO:__main__:Test loss 0.816 error 0.614
WARNING:root:Testing on 13388 molecules
WARNING:root:Testing on 13389 molecules
INFO:__main__:Epoch 9 : Train loss 0.107 error 0.019 Time : 809
INFO:__main__:Validation loss 0.066 error 0.177
INFO:__main__:Test loss 0.809 error 0.606
WARNING:root:Testing on 13388 molecules
WARNING:root:Testing on 13389 molecules
INFO:__main__:Epoch 10 : Train loss 0.106 error 0.018 Time : 802
INFO:__main__:Validation loss 0.065 error 0.175
INFO:__main__:Test loss 0.803 error 0.605
WARNING:root:Testing on 13388 molecules
WARNING:root:Testing on 13389 molecules
INFO:__main__:Epoch 11 : Train loss 0.105 error 0.018 Time : 801
INFO:__main__:Validation loss 0.063 error 0.170
INFO:__main__:Test loss 0.797 error 0.601
WARNING:root:Testing on 13388 molecules
WARNING:root:Testing on 13389 molecules
INFO:__main__:Epoch 12 : Train loss 0.107 error 0.018 Time : 828
INFO:__main__:Validation loss 0.062 error 0.167
INFO:__main__:Test loss 0.792 error 0.597
WARNING:root:Testing on 13388 molecules
WARNING:root:Testing on 13389 molecules
INFO:__main__:Epoch 13 : Train loss 0.109 error 0.018 Time : 828
INFO:__main__:Validation loss 0.061 error 0.163
INFO:__main__:Test loss 0.796 error 0.596
WARNING:root:Testing on 13388 molecules
WARNING:root:Testing on 13389 molecules
INFO:__main__:Epoch 14 : Train loss 0.110 error 0.020 Time : 828
INFO:__main__:Validation loss 0.061 error 0.163
INFO:__main__:Test loss 0.795 error 0.596
WARNING:root:Testing on 13388 molecules
WARNING:root:Testing on 13389 molecules
INFO:__main__:Epoch 15 : Train loss 0.112 error 0.020 Time : 828
INFO:__main__:Validation loss 0.060 error 0.160
INFO:__main__:Test loss 0.776 error 0.585
WARNING:root:Testing on 13388 molecules
WARNING:root:Testing on 13389 molecules
INFO:__main__:Epoch 16 : Train loss 0.113 error 0.021 Time : 829
INFO:__main__:Validation loss 0.060 error 0.160
INFO:__main__:Test loss 0.762 error 0.579
WARNING:root:Testing on 13388 molecules
WARNING:root:Testing on 13389 molecules
INFO:__main__:Epoch 17 : Train loss 0.116 error 0.022 Time : 828
INFO:__main__:Validation loss 0.058 error 0.158
INFO:__main__:Test loss 0.727 error 0.563
WARNING:root:Testing on 13388 molecules
WARNING:root:Testing on 13389 molecules
INFO:__main__:Epoch 18 : Train loss 0.119 error 0.023 Time : 842
INFO:__main__:Validation loss 0.058 error 0.158
INFO:__main__:Test loss 0.713 error 0.556
WARNING:root:Testing on 13388 molecules
WARNING:root:Testing on 13389 molecules
INFO:__main__:Epoch 19 : Train loss 0.120 error 0.024 Time : 825
INFO:__main__:Validation loss 0.058 error 0.158
INFO:__main__:Test loss 0.700 error 0.550
WARNING:root:Testing on 13388 molecules
WARNING:root:Testing on 13389 molecules
INFO:__main__:Epoch 20 : Train loss 0.120 error 0.024 Time : 826
INFO:__main__:Validation loss 0.057 error 0.158
INFO:__main__:Test loss 0.684 error 0.543
/var/lib/slurm/slurmd/job69693/slurm_script: line 23: 11330 Killed                  python3 scripts/main_gnn_qm9.py --lg True --update $u --lr $lr --lrdamping $lrd --step $step --epochs $epochs --bs $bs --data_path $data_path --L $L --h $h
