INFO:__main__:Log path : log/qm9/lg_True_up_2_bs_10_ep_2_st_1_op_adamax_lr_0.0004_da_0.8_L_8_h_2_ta_0_322.pickle
INFO:root:New directory created
INFO:__main__:Working on CPU
INFO:root:Loading data...
INFO:__main__:Number of training instances : 107108
INFO:__main__:Number of validation instances : 13388
INFO:__main__:Network created
INFO:__main__:Training the GNN
INFO:__main__:Epoch 1 : Avg Error 0.159; Average Loss 0.040 Time : 1214
INFO:__main__:Epoch 2 : Avg Error 0.140; Average Loss 0.027 Time : 1214
INFO:__main__:Training finished : Duration 2428 secs, Avg Loss 0.027, Mean Average Error 0.140, Error ratio 1.396
INFO:root:Model saved
INFO:__main__:Evaluating on the validation set...
WARNING:root:Testing on 13388 molecules
INFO:root:Batch 1 Loss : 0.023 Error : 0.130
INFO:root:Batch 2 Loss : 0.027 Error : 0.130
INFO:root:Batch 3 Loss : 0.016 Error : 0.108
INFO:root:Batch 4 Loss : 0.030 Error : 0.147
INFO:root:Batch 5 Loss : 0.037 Error : 0.166
INFO:root:Batch 6 Loss : 0.029 Error : 0.137
INFO:root:Batch 7 Loss : 0.013 Error : 0.099
INFO:root:Batch 8 Loss : 0.007 Error : 0.071
INFO:root:Batch 9 Loss : 0.040 Error : 0.167
INFO:root:Batch 10 Loss : 0.071 Error : 0.241
INFO:root:Batch 11 Loss : 0.109 Error : 0.323
INFO:root:Batch 12 Loss : 0.073 Error : 0.250
INFO:root:Batch 13 Loss : 0.084 Error : 0.278
INFO:root:Batch 14 Loss : 0.035 Error : 0.163
INFO:root:Batch 15 Loss : 0.030 Error : 0.141
INFO:root:Batch 16 Loss : 0.117 Error : 0.336
INFO:root:Batch 17 Loss : 0.081 Error : 0.264
INFO:root:Batch 18 Loss : 0.015 Error : 0.103
INFO:root:Batch 19 Loss : 0.035 Error : 0.152
INFO:root:Batch 20 Loss : 0.059 Error : 0.222
INFO:root:Batch 21 Loss : 0.035 Error : 0.152
INFO:root:Batch 22 Loss : 0.073 Error : 0.248
INFO:root:Batch 23 Loss : 0.111 Error : 0.314
INFO:root:Batch 24 Loss : 0.088 Error : 0.277
INFO:root:Batch 25 Loss : 0.028 Error : 0.143
INFO:root:Batch 26 Loss : 0.057 Error : 0.189
INFO:root:Batch 27 Loss : 0.035 Error : 0.158
INFO:root:Batch 28 Loss : 0.050 Error : 0.156
INFO:root:Batch 29 Loss : 0.017 Error : 0.108
INFO:root:Batch 30 Loss : 0.030 Error : 0.145
INFO:root:Batch 31 Loss : 0.037 Error : 0.140
INFO:root:Batch 32 Loss : 0.067 Error : 0.238
INFO:root:Batch 33 Loss : 0.047 Error : 0.205
INFO:root:Batch 34 Loss : 0.078 Error : 0.257
INFO:root:Batch 35 Loss : 0.070 Error : 0.249
INFO:root:Batch 36 Loss : 0.064 Error : 0.231
INFO:root:Batch 37 Loss : 0.017 Error : 0.117
INFO:root:Batch 38 Loss : 0.030 Error : 0.152
INFO:root:Batch 39 Loss : 0.036 Error : 0.170
INFO:root:Batch 40 Loss : 0.137 Error : 0.326
INFO:root:Batch 41 Loss : 0.011 Error : 0.095
INFO:root:Batch 42 Loss : 0.007 Error : 0.069
INFO:root:Batch 43 Loss : 0.022 Error : 0.124
INFO:root:Batch 44 Loss : 0.014 Error : 0.099
INFO:root:Batch 45 Loss : 0.064 Error : 0.204
INFO:root:Batch 46 Loss : 0.072 Error : 0.246
INFO:root:Batch 47 Loss : 0.072 Error : 0.223
INFO:root:Batch 48 Loss : 0.008 Error : 0.077
INFO:root:Batch 49 Loss : 0.016 Error : 0.102
INFO:root:Batch 50 Loss : 0.012 Error : 0.090
INFO:root:Batch 51 Loss : 0.029 Error : 0.150
INFO:root:Batch 52 Loss : 0.027 Error : 0.155
INFO:root:Batch 53 Loss : 0.020 Error : 0.121
INFO:root:Batch 54 Loss : 0.024 Error : 0.111
INFO:root:Batch 55 Loss : 0.016 Error : 0.107
INFO:root:Batch 56 Loss : 0.016 Error : 0.102
INFO:root:Batch 57 Loss : 0.027 Error : 0.145
INFO:root:Batch 58 Loss : 0.040 Error : 0.176
INFO:root:Batch 59 Loss : 0.047 Error : 0.173
INFO:root:Batch 60 Loss : 0.064 Error : 0.231
INFO:root:Batch 61 Loss : 0.032 Error : 0.171
INFO:root:Batch 62 Loss : 0.029 Error : 0.131
INFO:root:Batch 63 Loss : 0.013 Error : 0.099
INFO:root:Batch 64 Loss : 0.013 Error : 0.097
INFO:root:Batch 65 Loss : 0.033 Error : 0.151
INFO:root:Batch 66 Loss : 0.104 Error : 0.290
INFO:root:Batch 67 Loss : 0.017 Error : 0.104
INFO:root:Batch 68 Loss : 0.023 Error : 0.128
INFO:root:Batch 69 Loss : 0.028 Error : 0.145
INFO:root:Batch 70 Loss : 0.045 Error : 0.189
INFO:root:Batch 71 Loss : 0.075 Error : 0.258
INFO:root:Batch 72 Loss : 0.045 Error : 0.195
INFO:root:Batch 73 Loss : 0.068 Error : 0.245
INFO:root:Batch 74 Loss : 0.032 Error : 0.164
INFO:root:Batch 75 Loss : 0.056 Error : 0.219
INFO:root:Batch 76 Loss : 0.078 Error : 0.270
INFO:root:Batch 77 Loss : 0.027 Error : 0.139
INFO:root:Batch 78 Loss : 0.026 Error : 0.150
INFO:root:Batch 79 Loss : 0.006 Error : 0.062
INFO:root:Batch 80 Loss : 0.006 Error : 0.060
INFO:root:Batch 81 Loss : 0.008 Error : 0.074
INFO:root:Batch 82 Loss : 0.004 Error : 0.053
INFO:root:Batch 83 Loss : 0.014 Error : 0.103
INFO:root:Batch 84 Loss : 0.026 Error : 0.146
INFO:root:Batch 85 Loss : 0.061 Error : 0.224
INFO:root:Batch 86 Loss : 0.013 Error : 0.103
INFO:root:Batch 87 Loss : 0.007 Error : 0.074
INFO:root:Batch 88 Loss : 0.018 Error : 0.110
INFO:root:Batch 89 Loss : 0.015 Error : 0.115
INFO:root:Batch 90 Loss : 0.043 Error : 0.198
INFO:root:Batch 91 Loss : 0.056 Error : 0.231
INFO:root:Batch 92 Loss : 0.061 Error : 0.234
INFO:root:Batch 93 Loss : 0.061 Error : 0.228
INFO:root:Batch 94 Loss : 0.057 Error : 0.199
INFO:root:Batch 95 Loss : 0.029 Error : 0.130
INFO:root:Batch 96 Loss : 0.009 Error : 0.088
INFO:root:Batch 97 Loss : 0.010 Error : 0.070
INFO:root:Batch 98 Loss : 0.012 Error : 0.087
INFO:root:Batch 99 Loss : 0.003 Error : 0.047
INFO:root:Batch 100 Loss : 0.046 Error : 0.211
INFO:root:Batch 101 Loss : 0.039 Error : 0.177
INFO:root:Batch 102 Loss : 0.019 Error : 0.111
INFO:root:Batch 103 Loss : 0.013 Error : 0.093
INFO:root:Batch 104 Loss : 0.013 Error : 0.090
INFO:root:Batch 105 Loss : 0.011 Error : 0.096
INFO:root:Batch 106 Loss : 0.069 Error : 0.226
INFO:root:Batch 107 Loss : 0.061 Error : 0.228
INFO:root:Batch 108 Loss : 0.107 Error : 0.319
INFO:root:Batch 109 Loss : 0.152 Error : 0.372
INFO:root:Batch 110 Loss : 0.095 Error : 0.283
INFO:root:Batch 111 Loss : 0.139 Error : 0.333
INFO:root:Batch 112 Loss : 0.010 Error : 0.085
INFO:root:Batch 113 Loss : 0.011 Error : 0.086
INFO:root:Batch 114 Loss : 0.043 Error : 0.153
INFO:root:Batch 115 Loss : 0.100 Error : 0.283
INFO:root:Batch 116 Loss : 0.045 Error : 0.188
INFO:root:Batch 117 Loss : 0.041 Error : 0.189
INFO:root:Batch 118 Loss : 0.015 Error : 0.101
INFO:root:Batch 119 Loss : 0.018 Error : 0.105
INFO:root:Batch 120 Loss : 0.020 Error : 0.112
INFO:root:Batch 121 Loss : 0.026 Error : 0.130
INFO:root:Batch 122 Loss : 0.029 Error : 0.131
INFO:root:Batch 123 Loss : 0.045 Error : 0.179
INFO:root:Batch 124 Loss : 0.032 Error : 0.154
INFO:root:Batch 125 Loss : 0.049 Error : 0.203
INFO:root:Batch 126 Loss : 0.032 Error : 0.159
INFO:root:Batch 127 Loss : 0.005 Error : 0.057
INFO:root:Batch 128 Loss : 0.010 Error : 0.087
INFO:root:Batch 129 Loss : 0.010 Error : 0.087
INFO:root:Batch 130 Loss : 0.013 Error : 0.093
INFO:root:Batch 131 Loss : 0.196 Error : 0.308
INFO:root:Batch 132 Loss : 0.199 Error : 0.418
INFO:root:Batch 133 Loss : 0.015 Error : 0.087
INFO:root:Batch 134 Loss : 0.016 Error : 0.111
INFO:root:Batch 135 Loss : 0.010 Error : 0.083
INFO:root:Batch 136 Loss : 0.028 Error : 0.157
INFO:root:Batch 137 Loss : 0.025 Error : 0.135
INFO:root:Batch 138 Loss : 0.032 Error : 0.154
INFO:root:Batch 139 Loss : 0.036 Error : 0.179
INFO:root:Batch 140 Loss : 0.072 Error : 0.255
INFO:root:Batch 141 Loss : 0.076 Error : 0.264
INFO:root:Batch 142 Loss : 0.044 Error : 0.193
INFO:root:Batch 143 Loss : 0.015 Error : 0.103
INFO:root:Batch 144 Loss : 0.024 Error : 0.148
INFO:root:Batch 145 Loss : 0.019 Error : 0.115
INFO:root:Batch 146 Loss : 0.050 Error : 0.208
INFO:root:Batch 147 Loss : 0.023 Error : 0.134
INFO:root:Batch 148 Loss : 0.023 Error : 0.125
INFO:root:Batch 149 Loss : 0.012 Error : 0.090
INFO:root:Batch 150 Loss : 0.139 Error : 0.310
INFO:root:Batch 151 Loss : 0.160 Error : 0.277
INFO:root:Batch 152 Loss : 0.026 Error : 0.148
INFO:root:Batch 153 Loss : 0.033 Error : 0.158
INFO:root:Batch 154 Loss : 0.142 Error : 0.286
INFO:root:Batch 155 Loss : 0.164 Error : 0.335
INFO:root:Batch 156 Loss : 0.205 Error : 0.313
INFO:root:Batch 157 Loss : 0.014 Error : 0.102
INFO:root:Batch 158 Loss : 0.117 Error : 0.322
INFO:root:Batch 159 Loss : 0.341 Error : 0.499
INFO:root:Batch 160 Loss : 0.103 Error : 0.202
INFO:root:Batch 161 Loss : 0.315 Error : 0.527
INFO:root:Batch 162 Loss : 0.402 Error : 0.592
INFO:root:Batch 163 Loss : 0.357 Error : 0.551
INFO:root:Batch 164 Loss : 0.943 Error : 0.937
INFO:root:Batch 165 Loss : 0.343 Error : 0.561
INFO:root:Batch 166 Loss : 0.394 Error : 0.600
INFO:root:Batch 167 Loss : 0.574 Error : 0.739
INFO:root:Batch 168 Loss : 0.172 Error : 0.351
INFO:root:Batch 169 Loss : 0.074 Error : 0.231
INFO:root:Batch 170 Loss : 0.076 Error : 0.246
INFO:root:Batch 171 Loss : 0.063 Error : 0.184
INFO:root:Batch 172 Loss : 0.019 Error : 0.123
INFO:root:Batch 173 Loss : 0.029 Error : 0.137
INFO:root:Batch 174 Loss : 0.110 Error : 0.275
INFO:root:Batch 175 Loss : 0.098 Error : 0.279
INFO:root:Batch 176 Loss : 0.048 Error : 0.204
INFO:root:Batch 177 Loss : 0.245 Error : 0.369
INFO:root:Batch 178 Loss : 0.229 Error : 0.340
INFO:root:Batch 179 Loss : 0.343 Error : 0.254
INFO:root:Batch 180 Loss : 0.125 Error : 0.298
INFO:root:Batch 181 Loss : 0.031 Error : 0.158
INFO:root:Batch 182 Loss : 0.038 Error : 0.152
INFO:root:Batch 183 Loss : 0.085 Error : 0.221
INFO:root:Batch 184 Loss : 0.047 Error : 0.165
INFO:root:Batch 185 Loss : 0.035 Error : 0.162
INFO:root:Batch 186 Loss : 0.041 Error : 0.159
INFO:root:Batch 187 Loss : 0.057 Error : 0.189
INFO:root:Batch 188 Loss : 0.072 Error : 0.243
INFO:root:Batch 189 Loss : 0.015 Error : 0.096
INFO:root:Batch 190 Loss : 0.022 Error : 0.117
INFO:root:Batch 191 Loss : 0.112 Error : 0.288
INFO:root:Batch 192 Loss : 0.017 Error : 0.117
INFO:root:Batch 193 Loss : 0.033 Error : 0.150
INFO:root:Batch 194 Loss : 0.033 Error : 0.146
INFO:root:Batch 195 Loss : 0.020 Error : 0.117
INFO:root:Batch 196 Loss : 0.039 Error : 0.169
INFO:root:Batch 197 Loss : 0.052 Error : 0.208
INFO:root:Batch 198 Loss : 0.013 Error : 0.099
INFO:root:Batch 199 Loss : 0.051 Error : 0.195
INFO:root:Batch 200 Loss : 0.055 Error : 0.182
INFO:root:Batch 201 Loss : 0.030 Error : 0.143
INFO:root:Batch 202 Loss : 0.062 Error : 0.196
INFO:root:Batch 203 Loss : 0.092 Error : 0.273
INFO:root:Batch 204 Loss : 0.067 Error : 0.215
INFO:root:Batch 205 Loss : 0.113 Error : 0.308
INFO:root:Batch 206 Loss : 0.022 Error : 0.101
INFO:root:Batch 207 Loss : 0.045 Error : 0.180
INFO:root:Batch 208 Loss : 0.050 Error : 0.187
INFO:root:Batch 209 Loss : 0.047 Error : 0.170
INFO:root:Batch 210 Loss : 0.014 Error : 0.104
INFO:root:Batch 211 Loss : 0.039 Error : 0.152
INFO:root:Batch 212 Loss : 0.090 Error : 0.249
INFO:root:Batch 213 Loss : 0.046 Error : 0.180
INFO:root:Batch 214 Loss : 0.058 Error : 0.215
INFO:root:Batch 215 Loss : 0.110 Error : 0.314
INFO:root:Batch 216 Loss : 0.025 Error : 0.140
INFO:root:Batch 217 Loss : 0.047 Error : 0.194
INFO:root:Batch 218 Loss : 0.037 Error : 0.157
INFO:root:Batch 219 Loss : 0.019 Error : 0.106
INFO:root:Batch 220 Loss : 0.032 Error : 0.162
INFO:root:Batch 221 Loss : 0.094 Error : 0.202
INFO:root:Batch 222 Loss : 0.009 Error : 0.080
INFO:root:Batch 223 Loss : 0.094 Error : 0.248
INFO:root:Batch 224 Loss : 0.016 Error : 0.111
INFO:root:Batch 225 Loss : 0.048 Error : 0.201
INFO:root:Batch 226 Loss : 0.086 Error : 0.249
INFO:root:Batch 227 Loss : 0.037 Error : 0.148
INFO:root:Batch 228 Loss : 0.015 Error : 0.100
INFO:root:Batch 229 Loss : 0.041 Error : 0.145
INFO:root:Batch 230 Loss : 0.044 Error : 0.189
INFO:root:Batch 231 Loss : 0.034 Error : 0.166
INFO:root:Batch 232 Loss : 0.134 Error : 0.305
INFO:root:Batch 233 Loss : 0.125 Error : 0.339
INFO:root:Batch 234 Loss : 0.120 Error : 0.332
INFO:root:Batch 235 Loss : 0.113 Error : 0.330
INFO:root:Batch 236 Loss : 0.052 Error : 0.210
INFO:root:Batch 237 Loss : 0.070 Error : 0.256
INFO:root:Batch 238 Loss : 0.127 Error : 0.341
INFO:root:Batch 239 Loss : 0.093 Error : 0.294
INFO:root:Batch 240 Loss : 0.058 Error : 0.200
INFO:root:Batch 241 Loss : 0.117 Error : 0.311
INFO:root:Batch 242 Loss : 0.135 Error : 0.343
INFO:root:Batch 243 Loss : 0.035 Error : 0.164
INFO:root:Batch 244 Loss : 0.075 Error : 0.233
INFO:root:Batch 245 Loss : 0.165 Error : 0.344
INFO:root:Batch 246 Loss : 0.141 Error : 0.332
INFO:root:Batch 247 Loss : 0.045 Error : 0.176
INFO:root:Batch 248 Loss : 0.021 Error : 0.106
INFO:root:Batch 249 Loss : 0.030 Error : 0.140
INFO:root:Batch 250 Loss : 0.111 Error : 0.321
INFO:root:Batch 251 Loss : 0.170 Error : 0.409
INFO:root:Batch 252 Loss : 0.211 Error : 0.455
INFO:root:Batch 253 Loss : 0.150 Error : 0.377
INFO:root:Batch 254 Loss : 0.124 Error : 0.349
INFO:root:Batch 255 Loss : 0.197 Error : 0.440
INFO:root:Batch 256 Loss : 0.136 Error : 0.310
INFO:root:Batch 257 Loss : 0.044 Error : 0.176
INFO:root:Batch 258 Loss : 0.045 Error : 0.196
INFO:root:Batch 259 Loss : 0.033 Error : 0.170
INFO:root:Batch 260 Loss : 0.030 Error : 0.147
INFO:root:Batch 261 Loss : 0.022 Error : 0.127
INFO:root:Batch 262 Loss : 0.151 Error : 0.372
INFO:root:Batch 263 Loss : 0.009 Error : 0.076
INFO:root:Batch 264 Loss : 0.046 Error : 0.178
INFO:root:Batch 265 Loss : 0.016 Error : 0.109
INFO:root:Batch 266 Loss : 0.051 Error : 0.181
INFO:root:Batch 267 Loss : 0.046 Error : 0.191
INFO:root:Batch 268 Loss : 0.056 Error : 0.210
INFO:root:Batch 269 Loss : 0.051 Error : 0.194
INFO:root:Batch 270 Loss : 0.009 Error : 0.085
INFO:root:Batch 271 Loss : 0.044 Error : 0.195
INFO:root:Batch 272 Loss : 0.035 Error : 0.174
INFO:root:Batch 273 Loss : 0.104 Error : 0.308
INFO:root:Batch 274 Loss : 0.146 Error : 0.366
INFO:root:Batch 275 Loss : 0.054 Error : 0.198
INFO:root:Batch 276 Loss : 0.004 Error : 0.052
INFO:root:Batch 277 Loss : 0.013 Error : 0.104
INFO:root:Batch 278 Loss : 0.008 Error : 0.075
INFO:root:Batch 279 Loss : 0.038 Error : 0.147
INFO:root:Batch 280 Loss : 0.014 Error : 0.091
INFO:root:Batch 281 Loss : 0.012 Error : 0.093
INFO:root:Batch 282 Loss : 0.011 Error : 0.096
INFO:root:Batch 283 Loss : 0.010 Error : 0.070
INFO:root:Batch 284 Loss : 0.010 Error : 0.092
INFO:root:Batch 285 Loss : 0.008 Error : 0.080
INFO:root:Batch 286 Loss : 0.167 Error : 0.317
INFO:root:Batch 287 Loss : 0.057 Error : 0.171
INFO:root:Batch 288 Loss : 0.020 Error : 0.118
INFO:root:Batch 289 Loss : 0.033 Error : 0.156
INFO:root:Batch 290 Loss : 0.062 Error : 0.235
INFO:root:Batch 291 Loss : 0.006 Error : 0.068
INFO:root:Batch 292 Loss : 0.031 Error : 0.143
INFO:root:Batch 293 Loss : 0.035 Error : 0.137
INFO:root:Batch 294 Loss : 0.029 Error : 0.135
INFO:root:Batch 295 Loss : 0.010 Error : 0.080
INFO:root:Batch 296 Loss : 0.043 Error : 0.165
INFO:root:Batch 297 Loss : 0.167 Error : 0.390
INFO:root:Batch 298 Loss : 0.160 Error : 0.379
INFO:root:Batch 299 Loss : 0.219 Error : 0.402
INFO:root:Batch 300 Loss : 0.122 Error : 0.339
INFO:root:Batch 301 Loss : 0.097 Error : 0.299
INFO:root:Batch 302 Loss : 0.164 Error : 0.357
INFO:root:Batch 303 Loss : 0.218 Error : 0.433
INFO:root:Batch 304 Loss : 0.240 Error : 0.461
INFO:root:Batch 305 Loss : 0.258 Error : 0.488
INFO:root:Batch 306 Loss : 0.347 Error : 0.580
INFO:root:Batch 307 Loss : 0.266 Error : 0.507
INFO:root:Batch 308 Loss : 0.258 Error : 0.491
INFO:root:Batch 309 Loss : 0.205 Error : 0.435
INFO:root:Batch 310 Loss : 0.014 Error : 0.095
INFO:root:Batch 311 Loss : 0.012 Error : 0.087
INFO:root:Batch 312 Loss : 0.013 Error : 0.095
INFO:root:Batch 313 Loss : 0.113 Error : 0.307
INFO:root:Batch 314 Loss : 0.130 Error : 0.357
INFO:root:Batch 315 Loss : 0.134 Error : 0.357
INFO:root:Batch 316 Loss : 0.138 Error : 0.361
INFO:root:Batch 317 Loss : 0.061 Error : 0.232
INFO:root:Batch 318 Loss : 0.034 Error : 0.179
INFO:root:Batch 319 Loss : 0.022 Error : 0.122
INFO:root:Batch 320 Loss : 0.013 Error : 0.097
INFO:root:Batch 321 Loss : 0.020 Error : 0.114
INFO:root:Batch 322 Loss : 0.016 Error : 0.108
INFO:root:Batch 323 Loss : 0.032 Error : 0.150
INFO:root:Batch 324 Loss : 0.039 Error : 0.172
INFO:root:Batch 325 Loss : 0.020 Error : 0.117
INFO:root:Batch 326 Loss : 0.007 Error : 0.062
INFO:root:Batch 327 Loss : 0.015 Error : 0.097
INFO:root:Batch 328 Loss : 0.072 Error : 0.241
INFO:root:Batch 329 Loss : 0.113 Error : 0.319
INFO:root:Batch 330 Loss : 0.054 Error : 0.193
INFO:root:Batch 331 Loss : 0.008 Error : 0.088
INFO:root:Batch 332 Loss : 0.015 Error : 0.101
INFO:root:Batch 333 Loss : 0.033 Error : 0.158
INFO:root:Batch 334 Loss : 0.023 Error : 0.132
INFO:root:Batch 335 Loss : 0.010 Error : 0.080
INFO:root:Batch 336 Loss : 0.037 Error : 0.169
INFO:root:Batch 337 Loss : 0.016 Error : 0.110
INFO:root:Batch 338 Loss : 0.055 Error : 0.197
INFO:root:Batch 339 Loss : 0.056 Error : 0.194
INFO:root:Batch 340 Loss : 0.034 Error : 0.162
INFO:root:Batch 341 Loss : 0.018 Error : 0.102
INFO:root:Batch 342 Loss : 0.019 Error : 0.111
INFO:root:Batch 343 Loss : 0.015 Error : 0.102
INFO:root:Batch 344 Loss : 0.060 Error : 0.218
INFO:root:Batch 345 Loss : 0.075 Error : 0.235
INFO:root:Batch 346 Loss : 0.087 Error : 0.278
INFO:root:Batch 347 Loss : 0.039 Error : 0.183
INFO:root:Batch 348 Loss : 0.058 Error : 0.217
INFO:root:Batch 349 Loss : 0.007 Error : 0.067
INFO:root:Batch 350 Loss : 0.018 Error : 0.118
INFO:root:Batch 351 Loss : 0.017 Error : 0.106
INFO:root:Batch 352 Loss : 0.012 Error : 0.089
INFO:root:Batch 353 Loss : 0.019 Error : 0.118
INFO:root:Batch 354 Loss : 0.047 Error : 0.167
INFO:root:Batch 355 Loss : 0.013 Error : 0.094
INFO:root:Batch 356 Loss : 0.011 Error : 0.085
INFO:root:Batch 357 Loss : 0.025 Error : 0.129
INFO:root:Batch 358 Loss : 0.037 Error : 0.165
INFO:root:Batch 359 Loss : 0.029 Error : 0.144
INFO:root:Batch 360 Loss : 0.015 Error : 0.101
INFO:root:Batch 361 Loss : 0.023 Error : 0.106
INFO:root:Batch 362 Loss : 0.116 Error : 0.317
INFO:root:Batch 363 Loss : 0.045 Error : 0.191
INFO:root:Batch 364 Loss : 0.059 Error : 0.217
INFO:root:Batch 365 Loss : 0.020 Error : 0.118
INFO:root:Batch 366 Loss : 0.057 Error : 0.183
INFO:root:Batch 367 Loss : 0.026 Error : 0.128
INFO:root:Batch 368 Loss : 0.021 Error : 0.116
INFO:root:Batch 369 Loss : 0.103 Error : 0.235
INFO:root:Batch 370 Loss : 0.080 Error : 0.217
INFO:root:Batch 371 Loss : 0.012 Error : 0.099
INFO:root:Batch 372 Loss : 0.023 Error : 0.142
INFO:root:Batch 373 Loss : 0.033 Error : 0.154
INFO:root:Batch 374 Loss : 0.025 Error : 0.130
INFO:root:Batch 375 Loss : 0.009 Error : 0.082
INFO:root:Batch 376 Loss : 0.028 Error : 0.136
INFO:root:Batch 377 Loss : 0.012 Error : 0.091
INFO:root:Batch 378 Loss : 0.016 Error : 0.098
INFO:root:Batch 379 Loss : 0.005 Error : 0.060
INFO:root:Batch 380 Loss : 0.007 Error : 0.068
INFO:root:Batch 381 Loss : 0.029 Error : 0.156
INFO:root:Batch 382 Loss : 0.023 Error : 0.117
INFO:root:Batch 383 Loss : 0.075 Error : 0.234
INFO:root:Batch 384 Loss : 0.058 Error : 0.198
INFO:root:Batch 385 Loss : 0.085 Error : 0.273
INFO:root:Batch 386 Loss : 0.053 Error : 0.191
INFO:root:Batch 387 Loss : 0.057 Error : 0.220
INFO:root:Batch 388 Loss : 0.071 Error : 0.246
INFO:root:Batch 389 Loss : 0.012 Error : 0.096
INFO:root:Batch 390 Loss : 0.011 Error : 0.080
INFO:root:Batch 391 Loss : 0.045 Error : 0.163
INFO:root:Batch 392 Loss : 0.128 Error : 0.338
INFO:root:Batch 393 Loss : 0.086 Error : 0.269
INFO:root:Batch 394 Loss : 0.096 Error : 0.288
INFO:root:Batch 395 Loss : 0.054 Error : 0.206
INFO:root:Batch 396 Loss : 0.022 Error : 0.117
INFO:root:Batch 397 Loss : 0.010 Error : 0.083
INFO:root:Batch 398 Loss : 0.010 Error : 0.088
INFO:root:Batch 399 Loss : 0.005 Error : 0.056
INFO:root:Batch 400 Loss : 0.011 Error : 0.086
INFO:root:Batch 401 Loss : 0.017 Error : 0.089
INFO:root:Batch 402 Loss : 0.019 Error : 0.113
INFO:root:Batch 403 Loss : 0.021 Error : 0.111
INFO:root:Batch 404 Loss : 0.044 Error : 0.181
INFO:root:Batch 405 Loss : 0.054 Error : 0.194
INFO:root:Batch 406 Loss : 0.024 Error : 0.126
INFO:root:Batch 407 Loss : 0.036 Error : 0.178
INFO:root:Batch 408 Loss : 0.054 Error : 0.217
INFO:root:Batch 409 Loss : 0.046 Error : 0.196
INFO:root:Batch 410 Loss : 0.100 Error : 0.287
INFO:root:Batch 411 Loss : 0.142 Error : 0.341
INFO:root:Batch 412 Loss : 0.053 Error : 0.209
INFO:root:Batch 413 Loss : 0.046 Error : 0.182
INFO:root:Batch 414 Loss : 0.011 Error : 0.082
INFO:root:Batch 415 Loss : 0.078 Error : 0.256
INFO:root:Batch 416 Loss : 0.068 Error : 0.251
INFO:root:Batch 417 Loss : 0.024 Error : 0.131
INFO:root:Batch 418 Loss : 0.007 Error : 0.066
INFO:root:Batch 419 Loss : 0.025 Error : 0.137
INFO:root:Batch 420 Loss : 0.087 Error : 0.268
INFO:root:Batch 421 Loss : 0.006 Error : 0.061
INFO:root:Batch 422 Loss : 0.011 Error : 0.089
INFO:root:Batch 423 Loss : 0.017 Error : 0.107
INFO:root:Batch 424 Loss : 0.008 Error : 0.074
INFO:root:Batch 425 Loss : 0.035 Error : 0.157
INFO:root:Batch 426 Loss : 0.006 Error : 0.062
INFO:root:Batch 427 Loss : 0.007 Error : 0.078
INFO:root:Batch 428 Loss : 0.022 Error : 0.138
INFO:root:Batch 429 Loss : 0.026 Error : 0.138
INFO:root:Batch 430 Loss : 0.014 Error : 0.091
INFO:root:Batch 431 Loss : 0.040 Error : 0.166
INFO:root:Batch 432 Loss : 0.017 Error : 0.098
INFO:root:Batch 433 Loss : 0.046 Error : 0.196
INFO:root:Batch 434 Loss : 0.055 Error : 0.204
INFO:root:Batch 435 Loss : 0.056 Error : 0.202
INFO:root:Batch 436 Loss : 0.008 Error : 0.061
INFO:root:Batch 437 Loss : 0.019 Error : 0.116
INFO:root:Batch 438 Loss : 0.018 Error : 0.111
INFO:root:Batch 439 Loss : 0.027 Error : 0.139
INFO:root:Batch 440 Loss : 0.019 Error : 0.119
INFO:root:Batch 441 Loss : 0.029 Error : 0.145
INFO:root:Batch 442 Loss : 0.017 Error : 0.102
INFO:root:Batch 443 Loss : 0.021 Error : 0.128
INFO:root:Batch 444 Loss : 0.017 Error : 0.100
INFO:root:Batch 445 Loss : 0.006 Error : 0.064
INFO:root:Batch 446 Loss : 0.011 Error : 0.089
INFO:root:Batch 447 Loss : 0.018 Error : 0.109
INFO:root:Batch 448 Loss : 0.022 Error : 0.123
INFO:root:Batch 449 Loss : 0.016 Error : 0.106
INFO:root:Batch 450 Loss : 0.020 Error : 0.110
INFO:root:Batch 451 Loss : 0.040 Error : 0.164
INFO:root:Batch 452 Loss : 0.028 Error : 0.141
INFO:root:Batch 453 Loss : 0.037 Error : 0.164
INFO:root:Batch 454 Loss : 0.040 Error : 0.179
INFO:root:Batch 455 Loss : 0.014 Error : 0.091
INFO:root:Batch 456 Loss : 0.035 Error : 0.147
INFO:root:Batch 457 Loss : 0.029 Error : 0.149
INFO:root:Batch 458 Loss : 0.020 Error : 0.118
INFO:root:Batch 459 Loss : 0.026 Error : 0.130
INFO:root:Batch 460 Loss : 0.068 Error : 0.253
INFO:root:Batch 461 Loss : 0.083 Error : 0.255
INFO:root:Batch 462 Loss : 0.026 Error : 0.146
INFO:root:Batch 463 Loss : 0.081 Error : 0.262
INFO:root:Batch 464 Loss : 0.066 Error : 0.224
INFO:root:Batch 465 Loss : 0.039 Error : 0.161
INFO:root:Batch 466 Loss : 0.022 Error : 0.121
INFO:root:Batch 467 Loss : 0.021 Error : 0.129
INFO:root:Batch 468 Loss : 0.011 Error : 0.088
INFO:root:Batch 469 Loss : 0.014 Error : 0.098
INFO:root:Batch 470 Loss : 0.038 Error : 0.178
INFO:root:Batch 471 Loss : 0.034 Error : 0.152
INFO:root:Batch 472 Loss : 0.037 Error : 0.154
INFO:root:Batch 473 Loss : 0.018 Error : 0.106
INFO:root:Batch 474 Loss : 0.031 Error : 0.149
INFO:root:Batch 475 Loss : 0.016 Error : 0.097
INFO:root:Batch 476 Loss : 0.015 Error : 0.112
INFO:root:Batch 477 Loss : 0.008 Error : 0.063
INFO:root:Batch 478 Loss : 0.006 Error : 0.062
INFO:root:Batch 479 Loss : 0.008 Error : 0.078
INFO:root:Batch 480 Loss : 0.046 Error : 0.176
INFO:root:Batch 481 Loss : 0.031 Error : 0.157
INFO:root:Batch 482 Loss : 0.013 Error : 0.106
INFO:root:Batch 483 Loss : 0.018 Error : 0.112
INFO:root:Batch 484 Loss : 0.068 Error : 0.202
INFO:root:Batch 485 Loss : 0.065 Error : 0.229
INFO:root:Batch 486 Loss : 0.121 Error : 0.313
INFO:root:Batch 487 Loss : 0.019 Error : 0.123
INFO:root:Batch 488 Loss : 0.021 Error : 0.123
INFO:root:Batch 489 Loss : 0.017 Error : 0.091
INFO:root:Batch 490 Loss : 0.060 Error : 0.184
INFO:root:Batch 491 Loss : 0.029 Error : 0.155
INFO:root:Batch 492 Loss : 0.017 Error : 0.105
INFO:root:Batch 493 Loss : 0.056 Error : 0.186
INFO:root:Batch 494 Loss : 0.026 Error : 0.146
INFO:root:Batch 495 Loss : 0.087 Error : 0.252
INFO:root:Batch 496 Loss : 0.016 Error : 0.117
INFO:root:Batch 497 Loss : 0.026 Error : 0.136
INFO:root:Batch 498 Loss : 0.010 Error : 0.080
INFO:root:Batch 499 Loss : 0.035 Error : 0.166
INFO:root:Batch 500 Loss : 0.029 Error : 0.154
INFO:root:Batch 501 Loss : 0.022 Error : 0.111
INFO:root:Batch 502 Loss : 0.014 Error : 0.102
INFO:root:Batch 503 Loss : 0.068 Error : 0.195
INFO:root:Batch 504 Loss : 0.080 Error : 0.242
INFO:root:Batch 505 Loss : 0.130 Error : 0.348
INFO:root:Batch 506 Loss : 0.148 Error : 0.336
INFO:root:Batch 507 Loss : 0.037 Error : 0.161
INFO:root:Batch 508 Loss : 0.089 Error : 0.278
INFO:root:Batch 509 Loss : 0.070 Error : 0.248
INFO:root:Batch 510 Loss : 0.102 Error : 0.290
INFO:root:Batch 511 Loss : 0.060 Error : 0.225
INFO:root:Batch 512 Loss : 0.259 Error : 0.484
INFO:root:Batch 513 Loss : 0.217 Error : 0.431
INFO:root:Batch 514 Loss : 0.224 Error : 0.458
INFO:root:Batch 515 Loss : 0.118 Error : 0.312
INFO:root:Batch 516 Loss : 0.117 Error : 0.339
INFO:root:Batch 517 Loss : 0.106 Error : 0.299
INFO:root:Batch 518 Loss : 0.105 Error : 0.266
INFO:root:Batch 519 Loss : 0.048 Error : 0.187
INFO:root:Batch 520 Loss : 0.040 Error : 0.176
INFO:root:Batch 521 Loss : 0.021 Error : 0.127
INFO:root:Batch 522 Loss : 0.024 Error : 0.134
INFO:root:Batch 523 Loss : 0.426 Error : 0.391
INFO:root:Batch 524 Loss : 0.359 Error : 0.587
INFO:root:Batch 525 Loss : 0.651 Error : 0.674
INFO:root:Batch 526 Loss : 0.184 Error : 0.414
INFO:root:Batch 527 Loss : 0.159 Error : 0.388
INFO:root:Batch 528 Loss : 0.211 Error : 0.425
INFO:root:Batch 529 Loss : 0.140 Error : 0.334
INFO:root:Batch 530 Loss : 0.143 Error : 0.356
INFO:root:Batch 531 Loss : 0.015 Error : 0.108
INFO:root:Batch 532 Loss : 0.040 Error : 0.188
INFO:root:Batch 533 Loss : 0.039 Error : 0.184
INFO:root:Batch 534 Loss : 0.078 Error : 0.263
INFO:root:Batch 535 Loss : 0.058 Error : 0.220
INFO:root:Batch 536 Loss : 0.150 Error : 0.375
INFO:root:Batch 537 Loss : 0.109 Error : 0.321
INFO:root:Batch 538 Loss : 0.461 Error : 0.635
INFO:root:Batch 539 Loss : 0.299 Error : 0.454
INFO:root:Batch 540 Loss : 0.053 Error : 0.189
INFO:root:Batch 541 Loss : 0.062 Error : 0.213
INFO:root:Batch 542 Loss : 0.048 Error : 0.197
INFO:root:Batch 543 Loss : 0.036 Error : 0.136
INFO:root:Batch 544 Loss : 0.135 Error : 0.352
INFO:root:Batch 545 Loss : 0.011 Error : 0.083
INFO:root:Batch 546 Loss : 0.022 Error : 0.135
INFO:root:Batch 547 Loss : 0.031 Error : 0.151
INFO:root:Batch 548 Loss : 0.053 Error : 0.186
INFO:root:Batch 549 Loss : 0.090 Error : 0.281
INFO:root:Batch 550 Loss : 0.130 Error : 0.332
INFO:root:Batch 551 Loss : 0.025 Error : 0.126
INFO:root:Batch 552 Loss : 0.023 Error : 0.111
INFO:root:Batch 553 Loss : 0.170 Error : 0.395
INFO:root:Batch 554 Loss : 0.068 Error : 0.178
INFO:root:Batch 555 Loss : 0.038 Error : 0.172
INFO:root:Batch 556 Loss : 0.031 Error : 0.153
INFO:root:Batch 557 Loss : 0.053 Error : 0.188
INFO:root:Batch 558 Loss : 0.040 Error : 0.173
INFO:root:Batch 559 Loss : 0.026 Error : 0.148
INFO:root:Batch 560 Loss : 0.039 Error : 0.152
INFO:root:Batch 561 Loss : 0.007 Error : 0.066
INFO:root:Batch 562 Loss : 0.007 Error : 0.079
INFO:root:Batch 563 Loss : 0.024 Error : 0.126
INFO:root:Batch 564 Loss : 0.017 Error : 0.096
INFO:root:Batch 565 Loss : 0.021 Error : 0.119
INFO:root:Batch 566 Loss : 0.063 Error : 0.153
INFO:root:Batch 567 Loss : 0.078 Error : 0.270
INFO:root:Batch 568 Loss : 0.049 Error : 0.188
INFO:root:Batch 569 Loss : 0.099 Error : 0.302
INFO:root:Batch 570 Loss : 0.092 Error : 0.250
INFO:root:Batch 571 Loss : 0.107 Error : 0.300
INFO:root:Batch 572 Loss : 0.064 Error : 0.200
INFO:root:Batch 573 Loss : 0.005 Error : 0.062
INFO:root:Batch 574 Loss : 0.032 Error : 0.134
INFO:root:Batch 575 Loss : 0.019 Error : 0.108
INFO:root:Batch 576 Loss : 0.045 Error : 0.187
INFO:root:Batch 577 Loss : 0.036 Error : 0.178
INFO:root:Batch 578 Loss : 0.038 Error : 0.160
INFO:root:Batch 579 Loss : 0.018 Error : 0.107
INFO:root:Batch 580 Loss : 0.006 Error : 0.069
INFO:root:Batch 581 Loss : 0.039 Error : 0.177
INFO:root:Batch 582 Loss : 0.064 Error : 0.218
INFO:root:Batch 583 Loss : 0.100 Error : 0.276
INFO:root:Batch 584 Loss : 0.028 Error : 0.145
INFO:root:Batch 585 Loss : 0.048 Error : 0.166
INFO:root:Batch 586 Loss : 0.025 Error : 0.138
INFO:root:Batch 587 Loss : 0.024 Error : 0.128
INFO:root:Batch 588 Loss : 0.108 Error : 0.237
INFO:root:Batch 589 Loss : 0.371 Error : 0.549
INFO:root:Batch 590 Loss : 0.054 Error : 0.202
INFO:root:Batch 591 Loss : 0.106 Error : 0.288
INFO:root:Batch 592 Loss : 0.130 Error : 0.332
INFO:root:Batch 593 Loss : 0.057 Error : 0.234
INFO:root:Batch 594 Loss : 0.072 Error : 0.248
INFO:root:Batch 595 Loss : 0.122 Error : 0.286
INFO:root:Batch 596 Loss : 0.263 Error : 0.488
INFO:root:Batch 597 Loss : 0.076 Error : 0.250
INFO:root:Batch 598 Loss : 0.085 Error : 0.249
INFO:root:Batch 599 Loss : 0.148 Error : 0.363
INFO:root:Batch 600 Loss : 0.163 Error : 0.382
INFO:root:Batch 601 Loss : 0.091 Error : 0.282
INFO:root:Batch 602 Loss : 0.132 Error : 0.355
INFO:root:Batch 603 Loss : 0.083 Error : 0.239
INFO:root:Batch 604 Loss : 0.169 Error : 0.394
INFO:root:Batch 605 Loss : 0.185 Error : 0.330
INFO:root:Batch 606 Loss : 0.015 Error : 0.100
INFO:root:Batch 607 Loss : 0.029 Error : 0.130
INFO:root:Batch 608 Loss : 0.019 Error : 0.117
INFO:root:Batch 609 Loss : 0.020 Error : 0.113
INFO:root:Batch 610 Loss : 0.012 Error : 0.092
INFO:root:Batch 611 Loss : 0.014 Error : 0.087
INFO:root:Batch 612 Loss : 0.015 Error : 0.116
INFO:root:Batch 613 Loss : 0.071 Error : 0.195
INFO:root:Batch 614 Loss : 0.021 Error : 0.126
INFO:root:Batch 615 Loss : 0.025 Error : 0.118
INFO:root:Batch 616 Loss : 0.059 Error : 0.222
INFO:root:Batch 617 Loss : 0.095 Error : 0.298
INFO:root:Batch 618 Loss : 0.191 Error : 0.417
INFO:root:Batch 619 Loss : 0.153 Error : 0.377
INFO:root:Batch 620 Loss : 0.084 Error : 0.282
INFO:root:Batch 621 Loss : 0.118 Error : 0.337
INFO:root:Batch 622 Loss : 0.128 Error : 0.356
INFO:root:Batch 623 Loss : 0.161 Error : 0.393
INFO:root:Batch 624 Loss : 0.104 Error : 0.313
INFO:root:Batch 625 Loss : 0.221 Error : 0.451
INFO:root:Batch 626 Loss : 0.249 Error : 0.477
INFO:root:Batch 627 Loss : 0.065 Error : 0.188
INFO:root:Batch 628 Loss : 0.085 Error : 0.266
INFO:root:Batch 629 Loss : 0.062 Error : 0.215
INFO:root:Batch 630 Loss : 0.034 Error : 0.162
INFO:root:Batch 631 Loss : 0.080 Error : 0.214
INFO:root:Batch 632 Loss : 0.144 Error : 0.352
INFO:root:Batch 633 Loss : 0.056 Error : 0.195
INFO:root:Batch 634 Loss : 0.075 Error : 0.255
INFO:root:Batch 635 Loss : 0.047 Error : 0.194
INFO:root:Batch 636 Loss : 0.059 Error : 0.229
INFO:root:Batch 637 Loss : 0.031 Error : 0.147
INFO:root:Batch 638 Loss : 0.016 Error : 0.103
INFO:root:Batch 639 Loss : 0.063 Error : 0.223
INFO:root:Batch 640 Loss : 0.101 Error : 0.306
INFO:root:Batch 641 Loss : 0.156 Error : 0.380
INFO:root:Batch 642 Loss : 0.052 Error : 0.209
INFO:root:Batch 643 Loss : 0.037 Error : 0.155
INFO:root:Batch 644 Loss : 0.019 Error : 0.109
INFO:root:Batch 645 Loss : 0.027 Error : 0.151
INFO:root:Batch 646 Loss : 0.071 Error : 0.220
INFO:root:Batch 647 Loss : 0.060 Error : 0.205
INFO:root:Batch 648 Loss : 0.007 Error : 0.077
INFO:root:Batch 649 Loss : 0.580 Error : 0.479
INFO:root:Batch 650 Loss : 1.582 Error : 1.248
INFO:root:Batch 651 Loss : 1.027 Error : 1.007
INFO:root:Batch 652 Loss : 0.379 Error : 0.601
INFO:root:Batch 653 Loss : 0.405 Error : 0.610
INFO:root:Batch 654 Loss : 0.134 Error : 0.347
INFO:root:Batch 655 Loss : 0.067 Error : 0.229
INFO:root:Batch 656 Loss : 0.256 Error : 0.485
INFO:root:Batch 657 Loss : 0.307 Error : 0.517
INFO:root:Batch 658 Loss : 0.130 Error : 0.328
INFO:root:Batch 659 Loss : 0.098 Error : 0.252
INFO:root:Batch 660 Loss : 0.015 Error : 0.105
INFO:root:Batch 661 Loss : 0.015 Error : 0.070
INFO:root:Batch 662 Loss : 0.113 Error : 0.333
INFO:root:Batch 663 Loss : 0.091 Error : 0.281
INFO:root:Batch 664 Loss : 0.069 Error : 0.251
INFO:root:Batch 665 Loss : 0.053 Error : 0.209
INFO:root:Batch 666 Loss : 0.110 Error : 0.308
INFO:root:Batch 667 Loss : 0.062 Error : 0.246
INFO:root:Batch 668 Loss : 0.052 Error : 0.175
INFO:root:Batch 669 Loss : 0.014 Error : 0.104
INFO:root:Batch 670 Loss : 0.025 Error : 0.133
INFO:root:Batch 671 Loss : 0.085 Error : 0.259
INFO:root:Batch 672 Loss : 0.092 Error : 0.276
INFO:root:Batch 673 Loss : 0.099 Error : 0.291
INFO:root:Batch 674 Loss : 0.024 Error : 0.131
INFO:root:Batch 675 Loss : 0.022 Error : 0.128
INFO:root:Batch 676 Loss : 0.005 Error : 0.051
INFO:root:Batch 677 Loss : 0.057 Error : 0.211
INFO:root:Batch 678 Loss : 0.017 Error : 0.102
INFO:root:Batch 679 Loss : 0.011 Error : 0.092
INFO:root:Batch 680 Loss : 0.027 Error : 0.133
INFO:root:Batch 681 Loss : 0.056 Error : 0.182
INFO:root:Batch 682 Loss : 0.025 Error : 0.118
INFO:root:Batch 683 Loss : 0.124 Error : 0.306
INFO:root:Batch 684 Loss : 0.018 Error : 0.113
INFO:root:Batch 685 Loss : 0.016 Error : 0.095
INFO:root:Batch 686 Loss : 0.117 Error : 0.191
INFO:root:Batch 687 Loss : 0.121 Error : 0.296
INFO:root:Batch 688 Loss : 0.038 Error : 0.191
INFO:root:Batch 689 Loss : 0.028 Error : 0.127
INFO:root:Batch 690 Loss : 0.152 Error : 0.380
INFO:root:Batch 691 Loss : 0.165 Error : 0.383
INFO:root:Batch 692 Loss : 0.131 Error : 0.342
INFO:root:Batch 693 Loss : 0.037 Error : 0.161
INFO:root:Batch 694 Loss : 0.056 Error : 0.226
INFO:root:Batch 695 Loss : 0.032 Error : 0.146
INFO:root:Batch 696 Loss : 0.007 Error : 0.068
INFO:root:Batch 697 Loss : 0.018 Error : 0.106
INFO:root:Batch 698 Loss : 0.035 Error : 0.134
INFO:root:Batch 699 Loss : 0.043 Error : 0.162
INFO:root:Batch 700 Loss : 0.017 Error : 0.114
INFO:root:Batch 701 Loss : 0.055 Error : 0.191
INFO:root:Batch 702 Loss : 0.072 Error : 0.237
INFO:root:Batch 703 Loss : 0.037 Error : 0.158
INFO:root:Batch 704 Loss : 0.222 Error : 0.454
INFO:root:Batch 705 Loss : 0.215 Error : 0.453
INFO:root:Batch 706 Loss : 0.160 Error : 0.375
INFO:root:Batch 707 Loss : 0.278 Error : 0.492
INFO:root:Batch 708 Loss : 0.165 Error : 0.396
INFO:root:Batch 709 Loss : 0.091 Error : 0.280
INFO:root:Batch 710 Loss : 0.016 Error : 0.109
INFO:root:Batch 711 Loss : 0.010 Error : 0.076
INFO:root:Batch 712 Loss : 0.043 Error : 0.176
INFO:root:Batch 713 Loss : 0.030 Error : 0.148
INFO:root:Batch 714 Loss : 0.039 Error : 0.171
INFO:root:Batch 715 Loss : 0.014 Error : 0.094
INFO:root:Batch 716 Loss : 0.088 Error : 0.276
INFO:root:Batch 717 Loss : 0.046 Error : 0.177
INFO:root:Batch 718 Loss : 0.009 Error : 0.075
INFO:root:Batch 719 Loss : 0.043 Error : 0.180
INFO:root:Batch 720 Loss : 0.020 Error : 0.129
INFO:root:Batch 721 Loss : 0.010 Error : 0.087
INFO:root:Batch 722 Loss : 0.017 Error : 0.114
INFO:root:Batch 723 Loss : 0.009 Error : 0.078
INFO:root:Batch 724 Loss : 0.009 Error : 0.074
INFO:root:Batch 725 Loss : 0.014 Error : 0.107
INFO:root:Batch 726 Loss : 0.014 Error : 0.099
INFO:root:Batch 727 Loss : 0.078 Error : 0.258
INFO:root:Batch 728 Loss : 0.031 Error : 0.147
INFO:root:Batch 729 Loss : 0.036 Error : 0.170
INFO:root:Batch 730 Loss : 0.033 Error : 0.149
INFO:root:Batch 731 Loss : 0.028 Error : 0.137
INFO:root:Batch 732 Loss : 0.017 Error : 0.113
INFO:root:Batch 733 Loss : 0.016 Error : 0.102
INFO:root:Batch 734 Loss : 0.030 Error : 0.149
INFO:root:Batch 735 Loss : 0.008 Error : 0.061
INFO:root:Batch 736 Loss : 0.009 Error : 0.080
INFO:root:Batch 737 Loss : 0.019 Error : 0.107
INFO:root:Batch 738 Loss : 0.050 Error : 0.198
INFO:root:Batch 739 Loss : 0.045 Error : 0.171
INFO:root:Batch 740 Loss : 0.025 Error : 0.135
INFO:root:Batch 741 Loss : 0.015 Error : 0.101
INFO:root:Batch 742 Loss : 0.040 Error : 0.155
INFO:root:Batch 743 Loss : 0.043 Error : 0.170
INFO:root:Batch 744 Loss : 0.061 Error : 0.212
INFO:root:Batch 745 Loss : 0.008 Error : 0.074
INFO:root:Batch 746 Loss : 0.021 Error : 0.133
INFO:root:Batch 747 Loss : 0.032 Error : 0.163
INFO:root:Batch 748 Loss : 0.023 Error : 0.126
INFO:root:Batch 749 Loss : 0.010 Error : 0.083
INFO:root:Batch 750 Loss : 0.036 Error : 0.154
INFO:root:Batch 751 Loss : 0.024 Error : 0.125
INFO:root:Batch 752 Loss : 0.017 Error : 0.092
INFO:root:Batch 753 Loss : 0.010 Error : 0.084
INFO:root:Batch 754 Loss : 0.027 Error : 0.145
INFO:root:Batch 755 Loss : 0.014 Error : 0.100
INFO:root:Batch 756 Loss : 0.015 Error : 0.110
INFO:root:Batch 757 Loss : 0.039 Error : 0.169
INFO:root:Batch 758 Loss : 0.066 Error : 0.230
INFO:root:Batch 759 Loss : 0.026 Error : 0.117
INFO:root:Batch 760 Loss : 0.009 Error : 0.080
INFO:root:Batch 761 Loss : 0.007 Error : 0.071
INFO:root:Batch 762 Loss : 0.008 Error : 0.071
INFO:root:Batch 763 Loss : 0.022 Error : 0.122
INFO:root:Batch 764 Loss : 0.012 Error : 0.089
INFO:root:Batch 765 Loss : 0.032 Error : 0.161
INFO:root:Batch 766 Loss : 0.019 Error : 0.117
INFO:root:Batch 767 Loss : 0.010 Error : 0.087
INFO:root:Batch 768 Loss : 0.032 Error : 0.152
INFO:root:Batch 769 Loss : 0.021 Error : 0.123
INFO:root:Batch 770 Loss : 0.027 Error : 0.151
INFO:root:Batch 771 Loss : 0.019 Error : 0.104
INFO:root:Batch 772 Loss : 0.032 Error : 0.169
INFO:root:Batch 773 Loss : 0.026 Error : 0.151
INFO:root:Batch 774 Loss : 0.038 Error : 0.180
INFO:root:Batch 775 Loss : 0.133 Error : 0.353
INFO:root:Batch 776 Loss : 0.056 Error : 0.193
INFO:root:Batch 777 Loss : 0.031 Error : 0.157
INFO:root:Batch 778 Loss : 0.025 Error : 0.136
INFO:root:Batch 779 Loss : 0.017 Error : 0.095
INFO:root:Batch 780 Loss : 0.018 Error : 0.107
INFO:root:Batch 781 Loss : 0.046 Error : 0.186
INFO:root:Batch 782 Loss : 0.066 Error : 0.205
INFO:root:Batch 783 Loss : 0.111 Error : 0.318
INFO:root:Batch 784 Loss : 0.152 Error : 0.308
INFO:root:Batch 785 Loss : 0.129 Error : 0.224
INFO:root:Batch 786 Loss : 0.015 Error : 0.100
INFO:root:Batch 787 Loss : 0.035 Error : 0.150
INFO:root:Batch 788 Loss : 0.078 Error : 0.256
INFO:root:Batch 789 Loss : 0.024 Error : 0.122
INFO:root:Batch 790 Loss : 0.040 Error : 0.133
INFO:root:Batch 791 Loss : 0.009 Error : 0.073
INFO:root:Batch 792 Loss : 0.009 Error : 0.081
INFO:root:Batch 793 Loss : 0.028 Error : 0.145
INFO:root:Batch 794 Loss : 0.018 Error : 0.103
INFO:root:Batch 795 Loss : 0.027 Error : 0.131
INFO:root:Batch 796 Loss : 0.013 Error : 0.097
INFO:root:Batch 797 Loss : 0.014 Error : 0.095
INFO:root:Batch 798 Loss : 0.015 Error : 0.094
INFO:root:Batch 799 Loss : 0.014 Error : 0.101
INFO:root:Batch 800 Loss : 0.007 Error : 0.066
INFO:root:Batch 801 Loss : 0.013 Error : 0.108
INFO:root:Batch 802 Loss : 0.057 Error : 0.188
INFO:root:Batch 803 Loss : 0.031 Error : 0.144
INFO:root:Batch 804 Loss : 0.017 Error : 0.089
INFO:root:Batch 805 Loss : 0.037 Error : 0.164
INFO:root:Batch 806 Loss : 0.029 Error : 0.140
INFO:root:Batch 807 Loss : 0.057 Error : 0.189
INFO:root:Batch 808 Loss : 0.069 Error : 0.198
INFO:root:Batch 809 Loss : 0.288 Error : 0.517
INFO:root:Batch 810 Loss : 0.130 Error : 0.303
INFO:root:Batch 811 Loss : 0.057 Error : 0.190
INFO:root:Batch 812 Loss : 0.032 Error : 0.167
INFO:root:Batch 813 Loss : 0.029 Error : 0.141
INFO:root:Batch 814 Loss : 0.055 Error : 0.181
INFO:root:Batch 815 Loss : 0.556 Error : 0.742
INFO:root:Batch 816 Loss : 0.342 Error : 0.551
INFO:root:Batch 817 Loss : 0.077 Error : 0.220
INFO:root:Batch 818 Loss : 0.010 Error : 0.080
INFO:root:Batch 819 Loss : 0.036 Error : 0.141
INFO:root:Batch 820 Loss : 0.073 Error : 0.252
INFO:root:Batch 821 Loss : 0.061 Error : 0.223
INFO:root:Batch 822 Loss : 0.018 Error : 0.110
INFO:root:Batch 823 Loss : 0.014 Error : 0.104
INFO:root:Batch 824 Loss : 0.032 Error : 0.160
INFO:root:Batch 825 Loss : 0.025 Error : 0.135
INFO:root:Batch 826 Loss : 0.124 Error : 0.343
INFO:root:Batch 827 Loss : 0.035 Error : 0.139
INFO:root:Batch 828 Loss : 0.031 Error : 0.135
INFO:root:Batch 829 Loss : 0.043 Error : 0.158
INFO:root:Batch 830 Loss : 0.307 Error : 0.483
INFO:root:Batch 831 Loss : 0.038 Error : 0.172
INFO:root:Batch 832 Loss : 0.041 Error : 0.185
INFO:root:Batch 833 Loss : 0.046 Error : 0.185
INFO:root:Batch 834 Loss : 0.034 Error : 0.146
INFO:root:Batch 835 Loss : 0.043 Error : 0.188
INFO:root:Batch 836 Loss : 0.194 Error : 0.360
INFO:root:Batch 837 Loss : 0.227 Error : 0.445
INFO:root:Batch 838 Loss : 0.189 Error : 0.393
INFO:root:Batch 839 Loss : 0.058 Error : 0.221
INFO:root:Batch 840 Loss : 0.052 Error : 0.201
INFO:root:Batch 841 Loss : 0.041 Error : 0.177
INFO:root:Batch 842 Loss : 0.015 Error : 0.103
INFO:root:Batch 843 Loss : 0.030 Error : 0.172
INFO:root:Batch 844 Loss : 0.064 Error : 0.248
INFO:root:Batch 845 Loss : 0.039 Error : 0.189
INFO:root:Batch 846 Loss : 0.045 Error : 0.184
INFO:root:Batch 847 Loss : 0.050 Error : 0.204
INFO:root:Batch 848 Loss : 0.011 Error : 0.084
INFO:root:Batch 849 Loss : 0.013 Error : 0.098
INFO:root:Batch 850 Loss : 0.019 Error : 0.125
INFO:root:Batch 851 Loss : 0.011 Error : 0.081
INFO:root:Batch 852 Loss : 0.048 Error : 0.204
INFO:root:Batch 853 Loss : 0.042 Error : 0.187
INFO:root:Batch 854 Loss : 0.009 Error : 0.070
INFO:root:Batch 855 Loss : 0.010 Error : 0.089
INFO:root:Batch 856 Loss : 0.065 Error : 0.230
INFO:root:Batch 857 Loss : 0.018 Error : 0.111
INFO:root:Batch 858 Loss : 0.020 Error : 0.116
INFO:root:Batch 859 Loss : 0.027 Error : 0.106
INFO:root:Batch 860 Loss : 0.026 Error : 0.140
INFO:root:Batch 861 Loss : 0.044 Error : 0.179
INFO:root:Batch 862 Loss : 0.022 Error : 0.119
INFO:root:Batch 863 Loss : 0.022 Error : 0.133
INFO:root:Batch 864 Loss : 0.019 Error : 0.115
INFO:root:Batch 865 Loss : 0.029 Error : 0.165
INFO:root:Batch 866 Loss : 0.048 Error : 0.178
INFO:root:Batch 867 Loss : 0.103 Error : 0.309
INFO:root:Batch 868 Loss : 0.084 Error : 0.264
INFO:root:Batch 869 Loss : 0.020 Error : 0.084
INFO:root:Batch 870 Loss : 0.018 Error : 0.107
INFO:root:Batch 871 Loss : 0.015 Error : 0.094
INFO:root:Batch 872 Loss : 0.015 Error : 0.104
INFO:root:Batch 873 Loss : 0.040 Error : 0.185
INFO:root:Batch 874 Loss : 0.016 Error : 0.111
INFO:root:Batch 875 Loss : 0.013 Error : 0.099
INFO:root:Batch 876 Loss : 0.018 Error : 0.108
INFO:root:Batch 877 Loss : 0.010 Error : 0.088
INFO:root:Batch 878 Loss : 0.010 Error : 0.074
INFO:root:Batch 879 Loss : 0.018 Error : 0.126
INFO:root:Batch 880 Loss : 0.019 Error : 0.115
INFO:root:Batch 881 Loss : 0.016 Error : 0.104
INFO:root:Batch 882 Loss : 0.007 Error : 0.063
INFO:root:Batch 883 Loss : 0.015 Error : 0.111
INFO:root:Batch 884 Loss : 0.011 Error : 0.078
INFO:root:Batch 885 Loss : 0.006 Error : 0.069
INFO:root:Batch 886 Loss : 0.004 Error : 0.050
INFO:root:Batch 887 Loss : 0.029 Error : 0.116
INFO:root:Batch 888 Loss : 0.153 Error : 0.385
INFO:root:Batch 889 Loss : 0.198 Error : 0.412
INFO:root:Batch 890 Loss : 0.081 Error : 0.239
INFO:root:Batch 891 Loss : 0.028 Error : 0.141
INFO:root:Batch 892 Loss : 0.070 Error : 0.240
INFO:root:Batch 893 Loss : 0.015 Error : 0.104
INFO:root:Batch 894 Loss : 0.067 Error : 0.213
INFO:root:Batch 895 Loss : 0.030 Error : 0.111
INFO:root:Batch 896 Loss : 0.029 Error : 0.143
INFO:root:Batch 897 Loss : 0.030 Error : 0.145
INFO:root:Batch 898 Loss : 0.050 Error : 0.184
INFO:root:Batch 899 Loss : 0.070 Error : 0.241
INFO:root:Batch 900 Loss : 0.030 Error : 0.160
INFO:root:Batch 901 Loss : 0.018 Error : 0.107
INFO:root:Batch 902 Loss : 0.012 Error : 0.088
INFO:root:Batch 903 Loss : 0.059 Error : 0.219
INFO:root:Batch 904 Loss : 0.074 Error : 0.237
INFO:root:Batch 905 Loss : 0.025 Error : 0.131
INFO:root:Batch 906 Loss : 0.038 Error : 0.169
INFO:root:Batch 907 Loss : 0.041 Error : 0.155
INFO:root:Batch 908 Loss : 0.048 Error : 0.189
INFO:root:Batch 909 Loss : 0.006 Error : 0.068
INFO:root:Batch 910 Loss : 0.013 Error : 0.094
INFO:root:Batch 911 Loss : 0.013 Error : 0.104
INFO:root:Batch 912 Loss : 0.013 Error : 0.092
INFO:root:Batch 913 Loss : 0.096 Error : 0.254
INFO:root:Batch 914 Loss : 0.010 Error : 0.082
INFO:root:Batch 915 Loss : 0.004 Error : 0.051
INFO:root:Batch 916 Loss : 0.018 Error : 0.121
INFO:root:Batch 917 Loss : 0.031 Error : 0.151
INFO:root:Batch 918 Loss : 0.043 Error : 0.188
INFO:root:Batch 919 Loss : 0.046 Error : 0.179
INFO:root:Batch 920 Loss : 0.057 Error : 0.210
INFO:root:Batch 921 Loss : 0.013 Error : 0.094
INFO:root:Batch 922 Loss : 0.018 Error : 0.107
INFO:root:Batch 923 Loss : 0.011 Error : 0.081
INFO:root:Batch 924 Loss : 0.008 Error : 0.066
INFO:root:Batch 925 Loss : 0.025 Error : 0.124
INFO:root:Batch 926 Loss : 0.040 Error : 0.146
INFO:root:Batch 927 Loss : 0.006 Error : 0.059
INFO:root:Batch 928 Loss : 0.065 Error : 0.237
INFO:root:Batch 929 Loss : 0.062 Error : 0.225
INFO:root:Batch 930 Loss : 0.043 Error : 0.179
INFO:root:Batch 931 Loss : 0.032 Error : 0.162
INFO:root:Batch 932 Loss : 0.052 Error : 0.199
INFO:root:Batch 933 Loss : 0.041 Error : 0.171
INFO:root:Batch 934 Loss : 0.010 Error : 0.087
INFO:root:Batch 935 Loss : 0.016 Error : 0.106
INFO:root:Batch 936 Loss : 0.026 Error : 0.145
INFO:root:Batch 937 Loss : 0.044 Error : 0.174
INFO:root:Batch 938 Loss : 0.075 Error : 0.269
INFO:root:Batch 939 Loss : 0.032 Error : 0.172
INFO:root:Batch 940 Loss : 0.030 Error : 0.143
INFO:root:Batch 941 Loss : 0.015 Error : 0.099
INFO:root:Batch 942 Loss : 0.430 Error : 0.605
INFO:root:Batch 943 Loss : 0.522 Error : 0.688
INFO:root:Batch 944 Loss : 0.550 Error : 0.693
INFO:root:Batch 945 Loss : 0.724 Error : 0.777
INFO:root:Batch 946 Loss : 0.412 Error : 0.618
INFO:root:Batch 947 Loss : 0.193 Error : 0.423
INFO:root:Batch 948 Loss : 0.234 Error : 0.475
INFO:root:Batch 949 Loss : 0.591 Error : 0.689
INFO:root:Batch 950 Loss : 0.226 Error : 0.441
INFO:root:Batch 951 Loss : 0.345 Error : 0.583
INFO:root:Batch 952 Loss : 0.242 Error : 0.469
INFO:root:Batch 953 Loss : 0.312 Error : 0.519
INFO:root:Batch 954 Loss : 1.212 Error : 0.882
INFO:root:Batch 955 Loss : 0.364 Error : 0.591
INFO:root:Batch 956 Loss : 0.626 Error : 0.776
INFO:root:Batch 957 Loss : 0.604 Error : 0.752
INFO:root:Batch 958 Loss : 0.357 Error : 0.580
INFO:root:Batch 959 Loss : 0.549 Error : 0.698
INFO:root:Batch 960 Loss : 0.548 Error : 0.691
INFO:root:Batch 961 Loss : 0.352 Error : 0.537
INFO:root:Batch 962 Loss : 0.506 Error : 0.681
INFO:root:Batch 963 Loss : 1.079 Error : 1.001
INFO:root:Batch 964 Loss : 1.115 Error : 1.032
INFO:root:Batch 965 Loss : 0.856 Error : 0.909
INFO:root:Batch 966 Loss : 0.737 Error : 0.854
INFO:root:Batch 967 Loss : 0.527 Error : 0.696
INFO:root:Batch 968 Loss : 0.241 Error : 0.482
INFO:root:Batch 969 Loss : 0.334 Error : 0.556
INFO:root:Batch 970 Loss : 1.526 Error : 0.885
INFO:root:Batch 971 Loss : 0.503 Error : 0.696
INFO:root:Batch 972 Loss : 7.581 Error : 2.588
INFO:root:Batch 973 Loss : 3.400 Error : 1.796
INFO:root:Batch 974 Loss : 1.089 Error : 1.028
INFO:root:Batch 975 Loss : 1.253 Error : 1.099
INFO:root:Batch 976 Loss : 0.257 Error : 0.453
INFO:root:Batch 977 Loss : 0.304 Error : 0.546
INFO:root:Batch 978 Loss : 0.349 Error : 0.571
INFO:root:Batch 979 Loss : 0.488 Error : 0.686
INFO:root:Batch 980 Loss : 0.279 Error : 0.481
INFO:root:Batch 981 Loss : 0.339 Error : 0.563
INFO:root:Batch 982 Loss : 0.390 Error : 0.616
INFO:root:Batch 983 Loss : 0.225 Error : 0.460
INFO:root:Batch 984 Loss : 0.169 Error : 0.343
INFO:root:Batch 985 Loss : 0.235 Error : 0.459
INFO:root:Batch 986 Loss : 0.158 Error : 0.371
INFO:root:Batch 987 Loss : 0.357 Error : 0.587
INFO:root:Batch 988 Loss : 1.491 Error : 1.067
INFO:root:Batch 989 Loss : 2.677 Error : 1.620
INFO:root:Batch 990 Loss : 1.298 Error : 1.129
INFO:root:Batch 991 Loss : 0.926 Error : 0.926
INFO:root:Batch 992 Loss : 0.375 Error : 0.583
INFO:root:Batch 993 Loss : 0.108 Error : 0.300
INFO:root:Batch 994 Loss : 0.330 Error : 0.544
INFO:root:Batch 995 Loss : 0.376 Error : 0.589
INFO:root:Batch 996 Loss : 0.270 Error : 0.480
INFO:root:Batch 997 Loss : 0.152 Error : 0.338
INFO:root:Batch 998 Loss : 0.147 Error : 0.333
INFO:root:Batch 999 Loss : 0.307 Error : 0.489
INFO:root:Batch 1000 Loss : 0.314 Error : 0.546
INFO:root:Batch 1001 Loss : 0.218 Error : 0.454
INFO:root:Batch 1002 Loss : 0.201 Error : 0.442
INFO:root:Batch 1003 Loss : 0.552 Error : 0.720
INFO:root:Batch 1004 Loss : 0.387 Error : 0.591
INFO:root:Batch 1005 Loss : 0.223 Error : 0.457
INFO:root:Batch 1006 Loss : 0.379 Error : 0.599
INFO:root:Batch 1007 Loss : 0.355 Error : 0.576
INFO:root:Batch 1008 Loss : 0.224 Error : 0.452
INFO:root:Batch 1009 Loss : 0.100 Error : 0.277
INFO:root:Batch 1010 Loss : 0.124 Error : 0.312
INFO:root:Batch 1011 Loss : 0.104 Error : 0.317
INFO:root:Batch 1012 Loss : 0.333 Error : 0.560
INFO:root:Batch 1013 Loss : 0.219 Error : 0.451
INFO:root:Batch 1014 Loss : 0.166 Error : 0.390
INFO:root:Batch 1015 Loss : 0.135 Error : 0.335
INFO:root:Batch 1016 Loss : 0.106 Error : 0.275
INFO:root:Batch 1017 Loss : 0.200 Error : 0.429
INFO:root:Batch 1018 Loss : 0.104 Error : 0.292
INFO:root:Batch 1019 Loss : 0.387 Error : 0.572
INFO:root:Batch 1020 Loss : 0.225 Error : 0.423
INFO:root:Batch 1021 Loss : 0.182 Error : 0.372
INFO:root:Batch 1022 Loss : 0.241 Error : 0.450
INFO:root:Batch 1023 Loss : 0.249 Error : 0.459
INFO:root:Batch 1024 Loss : 0.358 Error : 0.570
INFO:root:Batch 1025 Loss : 0.239 Error : 0.465
INFO:root:Batch 1026 Loss : 0.169 Error : 0.404
INFO:root:Batch 1027 Loss : 0.086 Error : 0.285
INFO:root:Batch 1028 Loss : 0.106 Error : 0.309
INFO:root:Batch 1029 Loss : 0.777 Error : 0.762
INFO:root:Batch 1030 Loss : 0.730 Error : 0.775
INFO:root:Batch 1031 Loss : 0.233 Error : 0.477
INFO:root:Batch 1032 Loss : 0.151 Error : 0.370
INFO:root:Batch 1033 Loss : 0.126 Error : 0.343
INFO:root:Batch 1034 Loss : 0.168 Error : 0.397
INFO:root:Batch 1035 Loss : 0.463 Error : 0.659
INFO:root:Batch 1036 Loss : 0.296 Error : 0.532
INFO:root:Batch 1037 Loss : 0.220 Error : 0.445
INFO:root:Batch 1038 Loss : 0.315 Error : 0.510
INFO:root:Batch 1039 Loss : 0.494 Error : 0.651
INFO:root:Batch 1040 Loss : 0.159 Error : 0.371
INFO:root:Batch 1041 Loss : 0.019 Error : 0.113
INFO:root:Batch 1042 Loss : 0.119 Error : 0.253
INFO:root:Batch 1043 Loss : 0.063 Error : 0.236
INFO:root:Batch 1044 Loss : 0.165 Error : 0.384
INFO:root:Batch 1045 Loss : 0.070 Error : 0.251
INFO:root:Batch 1046 Loss : 0.054 Error : 0.227
INFO:root:Batch 1047 Loss : 0.032 Error : 0.167
INFO:root:Batch 1048 Loss : 0.008 Error : 0.071
INFO:root:Batch 1049 Loss : 0.056 Error : 0.209
INFO:root:Batch 1050 Loss : 0.111 Error : 0.307
INFO:root:Batch 1051 Loss : 0.066 Error : 0.228
INFO:root:Batch 1052 Loss : 0.110 Error : 0.320
INFO:root:Batch 1053 Loss : 0.065 Error : 0.182
INFO:root:Batch 1054 Loss : 0.095 Error : 0.208
INFO:root:Batch 1055 Loss : 0.013 Error : 0.097
INFO:root:Batch 1056 Loss : 0.033 Error : 0.167
INFO:root:Batch 1057 Loss : 0.007 Error : 0.070
INFO:root:Batch 1058 Loss : 0.025 Error : 0.140
INFO:root:Batch 1059 Loss : 0.009 Error : 0.072
INFO:root:Batch 1060 Loss : 0.050 Error : 0.201
INFO:root:Batch 1061 Loss : 0.116 Error : 0.295
INFO:root:Batch 1062 Loss : 0.108 Error : 0.282
INFO:root:Batch 1063 Loss : 0.063 Error : 0.224
INFO:root:Batch 1064 Loss : 0.047 Error : 0.186
INFO:root:Batch 1065 Loss : 0.052 Error : 0.173
INFO:root:Batch 1066 Loss : 0.061 Error : 0.230
INFO:root:Batch 1067 Loss : 0.090 Error : 0.290
INFO:root:Batch 1068 Loss : 0.128 Error : 0.352
INFO:root:Batch 1069 Loss : 0.096 Error : 0.297
INFO:root:Batch 1070 Loss : 0.116 Error : 0.328
INFO:root:Batch 1071 Loss : 0.124 Error : 0.343
INFO:root:Batch 1072 Loss : 0.182 Error : 0.394
INFO:root:Batch 1073 Loss : 0.062 Error : 0.215
INFO:root:Batch 1074 Loss : 0.060 Error : 0.221
INFO:root:Batch 1075 Loss : 0.167 Error : 0.365
INFO:root:Batch 1076 Loss : 1.484 Error : 1.195
INFO:root:Batch 1077 Loss : 1.083 Error : 1.033
INFO:root:Batch 1078 Loss : 0.485 Error : 0.681
INFO:root:Batch 1079 Loss : 0.360 Error : 0.584
INFO:root:Batch 1080 Loss : 0.434 Error : 0.649
INFO:root:Batch 1081 Loss : 0.328 Error : 0.516
INFO:root:Batch 1082 Loss : 0.119 Error : 0.290
INFO:root:Batch 1083 Loss : 0.319 Error : 0.542
INFO:root:Batch 1084 Loss : 0.318 Error : 0.529
INFO:root:Batch 1085 Loss : 0.402 Error : 0.606
INFO:root:Batch 1086 Loss : 0.251 Error : 0.477
INFO:root:Batch 1087 Loss : 0.109 Error : 0.222
INFO:root:Batch 1088 Loss : 0.038 Error : 0.184
INFO:root:Batch 1089 Loss : 0.106 Error : 0.303
INFO:root:Batch 1090 Loss : 0.237 Error : 0.483
INFO:root:Batch 1091 Loss : 0.263 Error : 0.505
INFO:root:Batch 1092 Loss : 0.230 Error : 0.471
INFO:root:Batch 1093 Loss : 0.157 Error : 0.388
INFO:root:Batch 1094 Loss : 0.227 Error : 0.457
INFO:root:Batch 1095 Loss : 0.177 Error : 0.399
INFO:root:Batch 1096 Loss : 0.175 Error : 0.413
INFO:root:Batch 1097 Loss : 0.225 Error : 0.468
INFO:root:Batch 1098 Loss : 0.072 Error : 0.213
INFO:root:Batch 1099 Loss : 0.027 Error : 0.144
INFO:root:Batch 1100 Loss : 0.025 Error : 0.140
INFO:root:Batch 1101 Loss : 0.049 Error : 0.209
INFO:root:Batch 1102 Loss : 0.109 Error : 0.325
INFO:root:Batch 1103 Loss : 0.086 Error : 0.278
INFO:root:Batch 1104 Loss : 0.048 Error : 0.181
INFO:root:Batch 1105 Loss : 0.046 Error : 0.208
INFO:root:Batch 1106 Loss : 0.305 Error : 0.447
INFO:root:Batch 1107 Loss : 0.119 Error : 0.297
INFO:root:Batch 1108 Loss : 0.035 Error : 0.144
INFO:root:Batch 1109 Loss : 0.013 Error : 0.085
INFO:root:Batch 1110 Loss : 0.070 Error : 0.224
INFO:root:Batch 1111 Loss : 0.040 Error : 0.183
INFO:root:Batch 1112 Loss : 0.142 Error : 0.358
INFO:root:Batch 1113 Loss : 0.082 Error : 0.254
INFO:root:Batch 1114 Loss : 0.076 Error : 0.263
INFO:root:Batch 1115 Loss : 0.239 Error : 0.389
INFO:root:Batch 1116 Loss : 0.086 Error : 0.286
INFO:root:Batch 1117 Loss : 0.121 Error : 0.331
INFO:root:Batch 1118 Loss : 0.150 Error : 0.378
INFO:root:Batch 1119 Loss : 0.268 Error : 0.506
INFO:root:Batch 1120 Loss : 0.283 Error : 0.520
INFO:root:Batch 1121 Loss : 0.480 Error : 0.664
INFO:root:Batch 1122 Loss : 0.112 Error : 0.300
INFO:root:Batch 1123 Loss : 0.124 Error : 0.315
INFO:root:Batch 1124 Loss : 0.158 Error : 0.380
INFO:root:Batch 1125 Loss : 0.088 Error : 0.268
INFO:root:Batch 1126 Loss : 0.203 Error : 0.355
INFO:root:Batch 1127 Loss : 0.127 Error : 0.350
INFO:root:Batch 1128 Loss : 0.079 Error : 0.261
INFO:root:Batch 1129 Loss : 0.166 Error : 0.403
INFO:root:Batch 1130 Loss : 0.319 Error : 0.520
INFO:root:Batch 1131 Loss : 0.292 Error : 0.520
INFO:root:Batch 1132 Loss : 0.024 Error : 0.121
INFO:root:Batch 1133 Loss : 0.021 Error : 0.108
INFO:root:Batch 1134 Loss : 0.022 Error : 0.123
INFO:root:Batch 1135 Loss : 0.059 Error : 0.223
INFO:root:Batch 1136 Loss : 0.118 Error : 0.320
INFO:root:Batch 1137 Loss : 0.183 Error : 0.416
INFO:root:Batch 1138 Loss : 0.107 Error : 0.295
INFO:root:Batch 1139 Loss : 0.090 Error : 0.289
INFO:root:Batch 1140 Loss : 0.070 Error : 0.257
INFO:root:Batch 1141 Loss : 0.074 Error : 0.243
INFO:root:Batch 1142 Loss : 0.139 Error : 0.360
INFO:root:Batch 1143 Loss : 0.151 Error : 0.371
INFO:root:Batch 1144 Loss : 0.158 Error : 0.372
INFO:root:Batch 1145 Loss : 0.250 Error : 0.482
INFO:root:Batch 1146 Loss : 0.171 Error : 0.396
INFO:root:Batch 1147 Loss : 0.352 Error : 0.579
INFO:root:Batch 1148 Loss : 0.323 Error : 0.550
INFO:root:Batch 1149 Loss : 0.424 Error : 0.602
INFO:root:Batch 1150 Loss : 0.287 Error : 0.523
INFO:root:Batch 1151 Loss : 0.166 Error : 0.389
INFO:root:Batch 1152 Loss : 0.210 Error : 0.432
INFO:root:Batch 1153 Loss : 0.149 Error : 0.358
INFO:root:Batch 1154 Loss : 0.216 Error : 0.447
INFO:root:Batch 1155 Loss : 0.313 Error : 0.549
INFO:root:Batch 1156 Loss : 0.282 Error : 0.504
INFO:root:Batch 1157 Loss : 0.269 Error : 0.449
INFO:root:Batch 1158 Loss : 0.029 Error : 0.135
INFO:root:Batch 1159 Loss : 0.082 Error : 0.273
INFO:root:Batch 1160 Loss : 0.011 Error : 0.086
INFO:root:Batch 1161 Loss : 0.011 Error : 0.080
INFO:root:Batch 1162 Loss : 0.014 Error : 0.092
INFO:root:Batch 1163 Loss : 0.010 Error : 0.078
INFO:root:Batch 1164 Loss : 0.030 Error : 0.150
INFO:root:Batch 1165 Loss : 0.009 Error : 0.078
INFO:root:Batch 1166 Loss : 0.036 Error : 0.159
INFO:root:Batch 1167 Loss : 0.013 Error : 0.077
INFO:root:Batch 1168 Loss : 0.020 Error : 0.129
INFO:root:Batch 1169 Loss : 0.033 Error : 0.171
INFO:root:Batch 1170 Loss : 0.047 Error : 0.213
INFO:root:Batch 1171 Loss : 0.069 Error : 0.244
INFO:root:Batch 1172 Loss : 0.147 Error : 0.371
INFO:root:Batch 1173 Loss : 0.099 Error : 0.268
INFO:root:Batch 1174 Loss : 0.073 Error : 0.232
INFO:root:Batch 1175 Loss : 0.127 Error : 0.317
INFO:root:Batch 1176 Loss : 0.059 Error : 0.198
INFO:root:Batch 1177 Loss : 0.006 Error : 0.069
INFO:root:Batch 1178 Loss : 0.010 Error : 0.075
INFO:root:Batch 1179 Loss : 0.028 Error : 0.131
INFO:root:Batch 1180 Loss : 0.061 Error : 0.227
INFO:root:Batch 1181 Loss : 0.033 Error : 0.164
INFO:root:Batch 1182 Loss : 0.060 Error : 0.217
INFO:root:Batch 1183 Loss : 0.095 Error : 0.295
INFO:root:Batch 1184 Loss : 0.079 Error : 0.267
INFO:root:Batch 1185 Loss : 0.010 Error : 0.070
INFO:root:Batch 1186 Loss : 0.012 Error : 0.090
INFO:root:Batch 1187 Loss : 0.025 Error : 0.130
INFO:root:Batch 1188 Loss : 0.010 Error : 0.084
INFO:root:Batch 1189 Loss : 0.018 Error : 0.116
INFO:root:Batch 1190 Loss : 0.004 Error : 0.057
INFO:root:Batch 1191 Loss : 0.018 Error : 0.114
INFO:root:Batch 1192 Loss : 0.078 Error : 0.251
INFO:root:Batch 1193 Loss : 0.020 Error : 0.112
INFO:root:Batch 1194 Loss : 0.064 Error : 0.235
INFO:root:Batch 1195 Loss : 0.058 Error : 0.212
INFO:root:Batch 1196 Loss : 0.071 Error : 0.244
INFO:root:Batch 1197 Loss : 0.027 Error : 0.126
INFO:root:Batch 1198 Loss : 0.008 Error : 0.080
INFO:root:Batch 1199 Loss : 0.027 Error : 0.137
INFO:root:Batch 1200 Loss : 0.115 Error : 0.294
INFO:root:Batch 1201 Loss : 0.041 Error : 0.169
INFO:root:Batch 1202 Loss : 0.025 Error : 0.133
INFO:root:Batch 1203 Loss : 0.046 Error : 0.170
INFO:root:Batch 1204 Loss : 0.018 Error : 0.111
INFO:root:Batch 1205 Loss : 0.004 Error : 0.054
INFO:root:Batch 1206 Loss : 0.015 Error : 0.091
INFO:root:Batch 1207 Loss : 0.010 Error : 0.082
INFO:root:Batch 1208 Loss : 0.044 Error : 0.195
INFO:root:Batch 1209 Loss : 0.153 Error : 0.387
INFO:root:Batch 1210 Loss : 0.185 Error : 0.411
INFO:root:Batch 1211 Loss : 0.209 Error : 0.453
INFO:root:Batch 1212 Loss : 0.160 Error : 0.376
INFO:root:Batch 1213 Loss : 0.247 Error : 0.490
INFO:root:Batch 1214 Loss : 0.084 Error : 0.234
INFO:root:Batch 1215 Loss : 0.032 Error : 0.150
INFO:root:Batch 1216 Loss : 0.063 Error : 0.229
INFO:root:Batch 1217 Loss : 0.078 Error : 0.229
INFO:root:Batch 1218 Loss : 0.037 Error : 0.152
INFO:root:Batch 1219 Loss : 0.028 Error : 0.151
INFO:root:Batch 1220 Loss : 0.033 Error : 0.134
INFO:root:Batch 1221 Loss : 0.054 Error : 0.201
INFO:root:Batch 1222 Loss : 0.056 Error : 0.162
INFO:root:Batch 1223 Loss : 0.014 Error : 0.098
INFO:root:Batch 1224 Loss : 0.016 Error : 0.108
INFO:root:Batch 1225 Loss : 0.104 Error : 0.275
INFO:root:Batch 1226 Loss : 0.095 Error : 0.286
INFO:root:Batch 1227 Loss : 0.015 Error : 0.098
INFO:root:Batch 1228 Loss : 0.048 Error : 0.210
INFO:root:Batch 1229 Loss : 0.015 Error : 0.100
INFO:root:Batch 1230 Loss : 0.013 Error : 0.091
INFO:root:Batch 1231 Loss : 0.023 Error : 0.124
INFO:root:Batch 1232 Loss : 0.034 Error : 0.155
INFO:root:Batch 1233 Loss : 0.062 Error : 0.206
INFO:root:Batch 1234 Loss : 0.118 Error : 0.323
INFO:root:Batch 1235 Loss : 0.053 Error : 0.206
INFO:root:Batch 1236 Loss : 0.041 Error : 0.177
INFO:root:Batch 1237 Loss : 0.069 Error : 0.224
INFO:root:Batch 1238 Loss : 0.011 Error : 0.082
INFO:root:Batch 1239 Loss : 0.007 Error : 0.072
INFO:root:Batch 1240 Loss : 0.018 Error : 0.119
INFO:root:Batch 1241 Loss : 0.012 Error : 0.097
INFO:root:Batch 1242 Loss : 0.029 Error : 0.145
INFO:root:Batch 1243 Loss : 0.059 Error : 0.217
INFO:root:Batch 1244 Loss : 0.079 Error : 0.260
INFO:root:Batch 1245 Loss : 0.059 Error : 0.216
INFO:root:Batch 1246 Loss : 0.022 Error : 0.132
INFO:root:Batch 1247 Loss : 0.018 Error : 0.110
INFO:root:Batch 1248 Loss : 0.011 Error : 0.084
INFO:root:Batch 1249 Loss : 0.004 Error : 0.050
INFO:root:Batch 1250 Loss : 0.010 Error : 0.078
INFO:root:Batch 1251 Loss : 0.006 Error : 0.058
INFO:root:Batch 1252 Loss : 0.018 Error : 0.122
INFO:root:Batch 1253 Loss : 0.019 Error : 0.101
INFO:root:Batch 1254 Loss : 0.018 Error : 0.114
INFO:root:Batch 1255 Loss : 0.034 Error : 0.175
INFO:root:Batch 1256 Loss : 0.057 Error : 0.227
INFO:root:Batch 1257 Loss : 0.016 Error : 0.107
INFO:root:Batch 1258 Loss : 0.018 Error : 0.119
INFO:root:Batch 1259 Loss : 0.017 Error : 0.114
INFO:root:Batch 1260 Loss : 0.013 Error : 0.091
INFO:root:Batch 1261 Loss : 0.026 Error : 0.134
INFO:root:Batch 1262 Loss : 0.022 Error : 0.128
INFO:root:Batch 1263 Loss : 0.009 Error : 0.071
INFO:root:Batch 1264 Loss : 0.013 Error : 0.097
INFO:root:Batch 1265 Loss : 1.294 Error : 0.853
INFO:root:Batch 1266 Loss : 0.508 Error : 0.635
INFO:root:Batch 1267 Loss : 0.178 Error : 0.392
INFO:root:Batch 1268 Loss : 0.026 Error : 0.120
INFO:root:Batch 1269 Loss : 0.020 Error : 0.087
INFO:root:Batch 1270 Loss : 0.016 Error : 0.101
INFO:root:Batch 1271 Loss : 0.123 Error : 0.324
INFO:root:Batch 1272 Loss : 0.050 Error : 0.199
INFO:root:Batch 1273 Loss : 0.034 Error : 0.157
INFO:root:Batch 1274 Loss : 0.025 Error : 0.133
INFO:root:Batch 1275 Loss : 0.046 Error : 0.174
INFO:root:Batch 1276 Loss : 0.095 Error : 0.269
INFO:root:Batch 1277 Loss : 0.049 Error : 0.182
INFO:root:Batch 1278 Loss : 0.038 Error : 0.162
INFO:root:Batch 1279 Loss : 0.038 Error : 0.142
INFO:root:Batch 1280 Loss : 0.066 Error : 0.242
INFO:root:Batch 1281 Loss : 0.076 Error : 0.270
INFO:root:Batch 1282 Loss : 0.077 Error : 0.254
INFO:root:Batch 1283 Loss : 0.103 Error : 0.310
INFO:root:Batch 1284 Loss : 0.071 Error : 0.258
INFO:root:Batch 1285 Loss : 0.236 Error : 0.469
INFO:root:Batch 1286 Loss : 0.136 Error : 0.333
INFO:root:Batch 1287 Loss : 0.204 Error : 0.436
INFO:root:Batch 1288 Loss : 0.169 Error : 0.388
INFO:root:Batch 1289 Loss : 0.133 Error : 0.321
INFO:root:Batch 1290 Loss : 0.051 Error : 0.203
INFO:root:Batch 1291 Loss : 0.072 Error : 0.238
INFO:root:Batch 1292 Loss : 0.048 Error : 0.184
INFO:root:Batch 1293 Loss : 0.044 Error : 0.202
INFO:root:Batch 1294 Loss : 0.034 Error : 0.150
INFO:root:Batch 1295 Loss : 0.013 Error : 0.093
INFO:root:Batch 1296 Loss : 0.047 Error : 0.172
INFO:root:Batch 1297 Loss : 0.098 Error : 0.300
INFO:root:Batch 1298 Loss : 0.051 Error : 0.212
INFO:root:Batch 1299 Loss : 0.043 Error : 0.177
INFO:root:Batch 1300 Loss : 0.025 Error : 0.134
INFO:root:Batch 1301 Loss : 0.039 Error : 0.172
INFO:root:Batch 1302 Loss : 0.051 Error : 0.193
INFO:root:Batch 1303 Loss : 0.017 Error : 0.098
INFO:root:Batch 1304 Loss : 0.051 Error : 0.184
INFO:root:Batch 1305 Loss : 0.035 Error : 0.138
INFO:root:Batch 1306 Loss : 0.044 Error : 0.188
INFO:root:Batch 1307 Loss : 0.097 Error : 0.272
INFO:root:Batch 1308 Loss : 0.090 Error : 0.281
INFO:root:Batch 1309 Loss : 0.129 Error : 0.345
INFO:root:Batch 1310 Loss : 0.079 Error : 0.253
INFO:root:Batch 1311 Loss : 0.014 Error : 0.094
INFO:root:Batch 1312 Loss : 0.008 Error : 0.078
INFO:root:Batch 1313 Loss : 0.040 Error : 0.179
INFO:root:Batch 1314 Loss : 0.038 Error : 0.178
INFO:root:Batch 1315 Loss : 0.011 Error : 0.088
INFO:root:Batch 1316 Loss : 0.017 Error : 0.106
INFO:root:Batch 1317 Loss : 0.013 Error : 0.102
INFO:root:Batch 1318 Loss : 0.015 Error : 0.092
INFO:root:Batch 1319 Loss : 0.022 Error : 0.117
INFO:root:Batch 1320 Loss : 0.030 Error : 0.155
INFO:root:Batch 1321 Loss : 0.018 Error : 0.102
INFO:root:Batch 1322 Loss : 0.020 Error : 0.120
INFO:root:Batch 1323 Loss : 0.015 Error : 0.110
INFO:root:Batch 1324 Loss : 0.018 Error : 0.125
INFO:root:Batch 1325 Loss : 0.024 Error : 0.136
INFO:root:Batch 1326 Loss : 0.020 Error : 0.119
INFO:root:Batch 1327 Loss : 0.017 Error : 0.106
INFO:root:Batch 1328 Loss : 0.010 Error : 0.082
INFO:root:Batch 1329 Loss : 0.130 Error : 0.342
INFO:root:Batch 1330 Loss : 0.154 Error : 0.376
INFO:root:Batch 1331 Loss : 0.203 Error : 0.436
INFO:root:Batch 1332 Loss : 0.144 Error : 0.337
INFO:root:Batch 1333 Loss : 0.862 Error : 0.755
INFO:root:Batch 1334 Loss : 0.048 Error : 0.200
INFO:root:Batch 1335 Loss : 0.183 Error : 0.401
INFO:root:Batch 1336 Loss : 0.226 Error : 0.467
INFO:root:Batch 1337 Loss : 0.106 Error : 0.274
INFO:root:Batch 1338 Loss : 0.084 Error : 0.275
INFO:root:Batch 1339 Loss : 0.106 Error : 0.312
INFO:__main__:Validation finished : Avg loss 0.109, Mean Average Error 0.237, Error ratio 2.374
