INFO:__main__:Log path : log/qm9/lg_True_up_2_bs_20_ep_10_st_3_op_adamax_lr_0.0004_da_0.9_L_20_h_2_ta_0_435.pickle
INFO:root:New directory created
INFO:__main__:Working on CPU
INFO:root:Loading data...
INFO:__main__:Number of training instances : 10710
INFO:__main__:Number of validation instances : 1338
INFO:__main__:Network created
INFO:__main__:Training the GNN
INFO:__main__:Epoch 1 : Avg Error 0.502; Average Loss 0.399 Time : 367
INFO:__main__:Epoch 2 : Avg Error 0.526; Average Loss 0.435 Time : 373
INFO:__main__:Epoch 3 : Avg Error 0.451; Average Loss 0.381 Time : 372
INFO:__main__:Epoch 4 : Avg Error 0.429; Average Loss 0.340 Time : 378
INFO:__main__:Epoch 5 : Avg Error 0.426; Average Loss 0.332 Time : 371
INFO:__main__:Epoch 6 : Avg Error 0.420; Average Loss 0.322 Time : 386
INFO:__main__:Epoch 7 : Avg Error 0.419; Average Loss 0.292 Time : 375
INFO:__main__:Epoch 8 : Avg Error 0.419; Average Loss 0.274 Time : 394
INFO:__main__:Epoch 9 : Avg Error 0.407; Average Loss 0.281 Time : 402
INFO:__main__:Epoch 10 : Avg Error 0.441; Average Loss 0.286 Time : 408
INFO:__main__:Training finished : Duration 3826 secs, Avg Loss 0.286, Mean Average Error 0.441, Error ratio 4.414
INFO:root:Model saved
INFO:__main__:Evaluating on the validation set...
WARNING:root:Testing on 1338 molecules
INFO:root:Batch 1 Loss : 9915.674 Error : 22.640
INFO:root:Batch 2 Loss : 0.206 Error : 0.343
INFO:root:Batch 3 Loss : 0.401 Error : 0.459
INFO:root:Batch 4 Loss : 0.109 Error : 0.284
INFO:root:Batch 5 Loss : 629.991 Error : 5.889
INFO:root:Batch 6 Loss : 5511769.000 Error : 525.271
INFO:root:Batch 7 Loss : 2922190.750 Error : 451.195
INFO:root:Batch 8 Loss : 19.836 Error : 1.307
INFO:root:Batch 9 Loss : 0.107 Error : 0.237
INFO:root:Batch 10 Loss : 0.196 Error : 0.346
INFO:root:Batch 11 Loss : 2369752.000 Error : 417.543
INFO:root:Batch 12 Loss : 0.440 Error : 0.418
INFO:root:Batch 13 Loss : 2586145.500 Error : 451.210
INFO:root:Batch 14 Loss : 41689.320 Error : 45.970
INFO:root:Batch 15 Loss : 0.132 Error : 0.296
INFO:root:Batch 16 Loss : 9534.730 Error : 22.201
INFO:root:Batch 17 Loss : 7589.609 Error : 19.712
INFO:root:Batch 18 Loss : 3339.255 Error : 13.262
INFO:root:Batch 19 Loss : 4583175.500 Error : 618.516
INFO:root:Batch 20 Loss : 725190.938 Error : 192.225
INFO:root:Batch 21 Loss : 9022733.000 Error : 912.265
INFO:root:Batch 22 Loss : 1200353.250 Error : 245.241
INFO:root:Batch 23 Loss : 0.304 Error : 0.443
INFO:root:Batch 24 Loss : 0.148 Error : 0.307
INFO:root:Batch 25 Loss : 493.083 Error : 5.323
INFO:root:Batch 26 Loss : 0.185 Error : 0.303
INFO:root:Batch 27 Loss : 115490.852 Error : 102.127
INFO:root:Batch 28 Loss : 1844665.000 Error : 455.542
INFO:root:Batch 29 Loss : 9520.682 Error : 22.164
INFO:root:Batch 30 Loss : 0.322 Error : 0.440
INFO:root:Batch 31 Loss : 4172600.500 Error : 457.121
INFO:root:Batch 32 Loss : 2218.934 Error : 10.774
INFO:root:Batch 33 Loss : 0.248 Error : 0.380
INFO:root:Batch 34 Loss : 8471.477 Error : 21.062
INFO:root:Batch 35 Loss : 182046768.000 Error : 3120.524
INFO:root:Batch 36 Loss : 929503.188 Error : 215.928
INFO:root:Batch 37 Loss : 84842.453 Error : 65.450
INFO:root:Batch 38 Loss : 19724674.000 Error : 1365.444
INFO:root:Batch 39 Loss : 39994.645 Error : 50.074
INFO:root:Batch 40 Loss : 27418042.000 Error : 1468.105
INFO:root:Batch 41 Loss : 0.268 Error : 0.458
INFO:root:Batch 42 Loss : 0.427 Error : 0.523
INFO:root:Batch 43 Loss : 0.210 Error : 0.324
INFO:root:Batch 44 Loss : 11738.840 Error : 24.786
INFO:root:Batch 45 Loss : 0.130 Error : 0.300
INFO:root:Batch 46 Loss : 699369.938 Error : 187.364
INFO:root:Batch 47 Loss : 338.084 Error : 4.438
INFO:root:Batch 48 Loss : 7350910.500 Error : 606.481
INFO:root:Batch 49 Loss : 4195189.500 Error : 458.373
INFO:root:Batch 50 Loss : 15612.818 Error : 28.225
INFO:root:Batch 51 Loss : 0.180 Error : 0.290
INFO:root:Batch 52 Loss : 236523.000 Error : 113.631
INFO:root:Batch 53 Loss : 10286.232 Error : 22.917
INFO:root:Batch 54 Loss : 10257401.000 Error : 719.976
INFO:root:Batch 55 Loss : 0.116 Error : 0.299
INFO:root:Batch 56 Loss : 28187604.000 Error : 1280.631
INFO:root:Batch 57 Loss : 0.137 Error : 0.306
INFO:root:Batch 58 Loss : 0.387 Error : 0.427
INFO:root:Batch 59 Loss : 0.288 Error : 0.394
INFO:root:Batch 60 Loss : 435.865 Error : 6.377
INFO:root:Batch 61 Loss : 0.062 Error : 0.211
INFO:root:Batch 62 Loss : 5328292.000 Error : 516.563
INFO:root:Batch 63 Loss : 2774.204 Error : 12.053
INFO:root:Batch 64 Loss : 6781285.000 Error : 751.710
INFO:root:Batch 65 Loss : 1037524.125 Error : 228.146
INFO:root:Batch 66 Loss : 313644.812 Error : 135.412
INFO:root:Batch 67 Loss : 6404310.500 Error : 687.621
INFO:__main__:Validation finished : Avg loss 5016205.195, Mean Average Error 254.526, Error ratio 2545.264
