INFO:__main__:Log path : log/qm9/lg_True_up_2_bs_20_ep_15_st_3_op_adamax_lr_0.0004_da_0.85_L_20_h_2_ta_0_782.pickle
INFO:root:New directory created
INFO:__main__:Working on CPU
INFO:root:Loading data...
INFO:__main__:Number of training instances : 10710
INFO:__main__:Number of validation instances : 1338
INFO:__main__:Network created
INFO:__main__:Training the GNN
INFO:__main__:Epoch 1 : Avg Error 0.579; Average Loss 0.566 Time : 333
INFO:__main__:Epoch 2 : Avg Error 0.444; Average Loss 0.355 Time : 334
INFO:__main__:Epoch 3 : Avg Error 0.493; Average Loss 0.381 Time : 337
INFO:__main__:Epoch 4 : Avg Error 0.488; Average Loss 0.364 Time : 346
INFO:__main__:Epoch 5 : Avg Error 0.479; Average Loss 0.361 Time : 339
INFO:__main__:Epoch 6 : Avg Error 0.482; Average Loss 0.387 Time : 338
INFO:__main__:Epoch 7 : Avg Error 0.497; Average Loss 0.426 Time : 349
INFO:__main__:Epoch 8 : Avg Error 0.508; Average Loss 0.444 Time : 342
INFO:__main__:Epoch 9 : Avg Error 0.511; Average Loss 0.440 Time : 360
INFO:__main__:Epoch 10 : Avg Error 0.496; Average Loss 0.415 Time : 363
INFO:__main__:Epoch 11 : Avg Error 0.498; Average Loss 0.404 Time : 366
INFO:__main__:Epoch 12 : Avg Error 0.499; Average Loss 0.409 Time : 357
INFO:__main__:Epoch 13 : Avg Error 0.488; Average Loss 0.387 Time : 342
INFO:__main__:Epoch 14 : Avg Error 0.492; Average Loss 0.385 Time : 342
INFO:__main__:Epoch 15 : Avg Error 0.469; Average Loss 0.372 Time : 343
INFO:__main__:Training finished : Duration 5191 secs, Avg Loss 0.372, Mean Average Error 0.469, Error ratio 4.694
INFO:root:Model saved
INFO:__main__:Evaluating on the validation set...
WARNING:root:Testing on 1338 molecules
INFO:root:Batch 1 Loss : 6.843 Error : 1.290
INFO:root:Batch 2 Loss : 12.325 Error : 1.796
INFO:root:Batch 3 Loss : 669.936 Error : 9.270
INFO:root:Batch 4 Loss : 15.512 Error : 1.446
INFO:root:Batch 5 Loss : 412.769 Error : 7.579
INFO:root:Batch 6 Loss : 4.056 Error : 0.850
INFO:root:Batch 7 Loss : 22.103 Error : 1.543
INFO:root:Batch 8 Loss : 2.906 Error : 0.973
INFO:root:Batch 9 Loss : 248.262 Error : 4.244
INFO:root:Batch 10 Loss : 181.038 Error : 7.018
INFO:root:Batch 11 Loss : 1.971 Error : 0.664
INFO:root:Batch 12 Loss : 0.663 Error : 0.644
INFO:root:Batch 13 Loss : 577.659 Error : 7.884
INFO:root:Batch 14 Loss : 0.214 Error : 0.356
INFO:root:Batch 15 Loss : 51.734 Error : 1.944
INFO:root:Batch 16 Loss : 1.634 Error : 0.693
INFO:root:Batch 17 Loss : 4.175 Error : 0.787
INFO:root:Batch 18 Loss : 271.208 Error : 5.317
INFO:root:Batch 19 Loss : 24.659 Error : 1.492
INFO:root:Batch 20 Loss : 6.912 Error : 1.148
INFO:root:Batch 21 Loss : 14.777 Error : 2.086
INFO:root:Batch 22 Loss : 33.327 Error : 1.745
INFO:root:Batch 23 Loss : 894.959 Error : 9.603
INFO:root:Batch 24 Loss : 4.588 Error : 1.170
INFO:root:Batch 25 Loss : 325.803 Error : 5.462
INFO:root:Batch 26 Loss : 641.314 Error : 7.428
INFO:root:Batch 27 Loss : 20.707 Error : 2.157
INFO:root:Batch 28 Loss : 26.857 Error : 1.980
INFO:root:Batch 29 Loss : 11.553 Error : 1.593
INFO:root:Batch 30 Loss : 9.189 Error : 1.538
INFO:root:Batch 31 Loss : 505.156 Error : 5.693
INFO:root:Batch 32 Loss : 7.313 Error : 1.525
INFO:root:Batch 33 Loss : 12.970 Error : 1.758
INFO:root:Batch 34 Loss : 450.263 Error : 5.613
INFO:root:Batch 35 Loss : 24.066 Error : 1.592
INFO:root:Batch 36 Loss : 6.048 Error : 1.046
INFO:root:Batch 37 Loss : 117.116 Error : 3.226
INFO:root:Batch 38 Loss : 4.320 Error : 1.001
INFO:root:Batch 39 Loss : 11.632 Error : 1.689
INFO:root:Batch 40 Loss : 15.162 Error : 2.233
INFO:root:Batch 41 Loss : 31.871 Error : 2.150
INFO:root:Batch 42 Loss : 480.312 Error : 6.375
INFO:root:Batch 43 Loss : 5.175 Error : 1.338
INFO:root:Batch 44 Loss : 35.553 Error : 1.745
INFO:root:Batch 45 Loss : 0.212 Error : 0.383
INFO:root:Batch 46 Loss : 324.878 Error : 5.415
INFO:root:Batch 47 Loss : 5.463 Error : 0.955
INFO:root:Batch 48 Loss : 40.624 Error : 2.740
INFO:root:Batch 49 Loss : 245.284 Error : 4.171
INFO:root:Batch 50 Loss : 211.988 Error : 4.407
INFO:root:Batch 51 Loss : 32.747 Error : 2.251
INFO:root:Batch 52 Loss : 30.979 Error : 1.776
INFO:root:Batch 53 Loss : 16.191 Error : 1.347
INFO:root:Batch 54 Loss : 39.726 Error : 2.684
INFO:root:Batch 55 Loss : 121.045 Error : 3.431
INFO:root:Batch 56 Loss : 0.200 Error : 0.338
INFO:root:Batch 57 Loss : 9.429 Error : 1.035
INFO:root:Batch 58 Loss : 9.308 Error : 1.575
INFO:root:Batch 59 Loss : 163.472 Error : 4.763
INFO:root:Batch 60 Loss : 4.817 Error : 0.993
INFO:root:Batch 61 Loss : 2.139 Error : 0.787
INFO:root:Batch 62 Loss : 2.380 Error : 0.628
INFO:root:Batch 63 Loss : 4.167 Error : 0.942
INFO:root:Batch 64 Loss : 476.571 Error : 5.622
INFO:root:Batch 65 Loss : 17.504 Error : 1.376
INFO:root:Batch 66 Loss : 5.196 Error : 1.099
INFO:root:Batch 67 Loss : 18.171 Error : 1.937
INFO:__main__:Validation finished : Avg loss 119.391, Mean Average Error 2.678, Error ratio 26.778
