INFO:__main__:Log path : log/qm9/lg_True_up_2_bs_30_ep_40_st_10_op_adamax_lr_0.0004_da_0.9_L_20_h_2_ta_0_068.pickle
INFO:root:New directory created
INFO:__main__:Working on CPU
INFO:root:Loading data...
INFO:__main__:Number of training instances : 10710
INFO:__main__:Number of validation instances : 1338
INFO:__main__:Network created
INFO:__main__:Training the GNN
INFO:__main__:Epoch 1 : Avg Error 0.990; Average Loss 1.616 Time : 357
INFO:__main__:Epoch 2 : Avg Error 0.861; Average Loss 1.238 Time : 359
INFO:__main__:Epoch 3 : Avg Error 0.815; Average Loss 1.045 Time : 360
INFO:__main__:Epoch 4 : Avg Error 0.752; Average Loss 0.884 Time : 362
INFO:__main__:Epoch 5 : Avg Error 0.725; Average Loss 0.833 Time : 366
INFO:__main__:Epoch 6 : Avg Error 0.674; Average Loss 0.724 Time : 1639
INFO:__main__:Epoch 7 : Avg Error 0.633; Average Loss 0.658 Time : 410
INFO:__main__:Epoch 8 : Avg Error 0.575; Average Loss 0.566 Time : 359
INFO:__main__:Epoch 9 : Avg Error 0.536; Average Loss 0.508 Time : 387
INFO:__main__:Epoch 10 : Avg Error 0.507; Average Loss 0.461 Time : 356
INFO:__main__:Epoch 11 : Avg Error 0.494; Average Loss 0.430 Time : 423
INFO:__main__:Epoch 12 : Avg Error 0.467; Average Loss 0.388 Time : 357
INFO:__main__:Epoch 13 : Avg Error 0.465; Average Loss 0.380 Time : 358
/var/lib/slurm/slurmd/job67813/slurm_script: line 20: 23455 Killed                  python3 scripts/main_gnn_qm9.py --lg True --update $u --lr $lr --lrdamping $lrdamp --step $step --data_path $data_path --epochs $epochs
