INFO:__main__:Log path : log/qm9/lg_True_up_2_bs_30_ep_20_st_10_op_adamax_lr_0.0004_da_0.9_L_5_h_1_ta_0_213.pickle
INFO:__main__:Log path : log/qm9/lg_True_up_2_bs_30_ep_20_st_10_op_adamax_lr_0.0004_da_0.9_L_5_h_1_ta_0_223.pickle
INFO:__main__:Log path : log/qm9/lg_True_up_2_bs_30_ep_20_st_10_op_adamax_lr_0.0004_da_0.9_L_5_h_1_ta_0_122.pickle
INFO:__main__:Log path : log/qm9/lg_True_up_2_bs_30_ep_20_st_10_op_adamax_lr_0.0004_da_0.9_L_5_h_1_ta_0_575.pickle
INFO:__main__:Log path : log/qm9/lg_True_up_2_bs_30_ep_20_st_10_op_adamax_lr_0.0004_da_0.9_L_5_h_1_ta_0_785.pickle
INFO:root:New directory created
INFO:root:New directory created
INFO:root:New directory created
INFO:root:New directory created
INFO:__main__:Working on CPU
INFO:root:New directory created
INFO:root:Loading data...
INFO:__main__:Working on CPU
INFO:root:Loading data...
INFO:__main__:Working on CPU
INFO:root:Loading data...
INFO:__main__:Working on CPU
INFO:root:Loading data...
INFO:__main__:Working on CPU
INFO:root:Loading data...
INFO:__main__:Number of training instances : 107108
INFO:__main__:Number of validation instances : 13388
INFO:__main__:Number of test instances : 13389
INFO:__main__:Number of training instances : 107108
INFO:__main__:Number of validation instances : 13388
INFO:__main__:Number of test instances : 13389
INFO:__main__:Network created
INFO:__main__:Training the GNN
INFO:__main__:Network created
INFO:__main__:Training the GNN
INFO:__main__:Number of training instances : 107108
INFO:__main__:Number of validation instances : 13388
INFO:__main__:Number of test instances : 13389
INFO:__main__:Network created
INFO:__main__:Training the GNN
INFO:__main__:Number of training instances : 107108
INFO:__main__:Number of validation instances : 13388
INFO:__main__:Number of test instances : 13389
INFO:__main__:Network created
INFO:__main__:Training the GNN
INFO:__main__:Number of training instances : 107108
INFO:__main__:Number of validation instances : 13388
INFO:__main__:Number of test instances : 13389
INFO:__main__:Network created
INFO:__main__:Training the GNN
WARNING:root:Testing on 13388 molecules
WARNING:root:Testing on 13388 molecules
WARNING:root:Testing on 13389 molecules
WARNING:root:Testing on 13389 molecules
WARNING:root:Testing on 13388 molecules
INFO:__main__:Epoch 1 : Train loss 0.257 error 0.094 Time : 820
INFO:__main__:Validation loss 0.189 error 0.341
INFO:__main__:Test loss 0.679 error 0.559
WARNING:root:Testing on 13388 molecules
INFO:__main__:Epoch 1 : Train loss 0.238 error 0.078 Time : 830
INFO:__main__:Validation loss 0.144 error 0.304
INFO:__main__:Test loss 1.913 error 0.723
WARNING:root:Testing on 13389 molecules
WARNING:root:Testing on 13389 molecules
INFO:__main__:Epoch 1 : Train loss 0.130 error 0.030 Time : 807
INFO:__main__:Validation loss 0.126 error 0.273
INFO:__main__:Test loss 1.246 error 0.836
INFO:__main__:Epoch 1 : Train loss 0.236 error 0.076 Time : 818
INFO:__main__:Validation loss 0.183 error 0.342
INFO:__main__:Test loss 0.791 error 0.618
WARNING:root:Testing on 13388 molecules
WARNING:root:Testing on 13389 molecules
INFO:__main__:Epoch 1 : Train loss 0.337 error 0.153 Time : 1045
INFO:__main__:Validation loss 0.140 error 0.287
INFO:__main__:Test loss 0.404 error 0.452
WARNING:root:Testing on 13388 molecules
WARNING:root:Testing on 13388 molecules
WARNING:root:Testing on 13389 molecules
WARNING:root:Testing on 13388 molecules
WARNING:root:Testing on 13389 molecules
INFO:__main__:Epoch 2 : Train loss 0.213 error 0.069 Time : 808
INFO:__main__:Validation loss 0.081 error 0.211
INFO:__main__:Test loss 0.524 error 0.499
WARNING:root:Testing on 13388 molecules
WARNING:root:Testing on 13389 molecules
INFO:__main__:Epoch 2 : Train loss 0.230 error 0.070 Time : 813
INFO:__main__:Validation loss 0.107 error 0.254
INFO:__main__:Test loss 11.505 error 1.071
WARNING:root:Testing on 13389 molecules
INFO:__main__:Epoch 2 : Train loss 0.115 error 0.022 Time : 796
INFO:__main__:Validation loss 0.135 error 0.299
INFO:__main__:Test loss 1.397 error 0.861
INFO:__main__:Epoch 2 : Train loss 0.195 error 0.062 Time : 807
INFO:__main__:Validation loss 0.274 error 0.446
INFO:__main__:Test loss 1.164 error 0.795
WARNING:root:Testing on 13388 molecules
WARNING:root:Testing on 13389 molecules
INFO:__main__:Epoch 2 : Train loss 0.357 error 0.167 Time : 1030
INFO:__main__:Validation loss 0.123 error 0.284
INFO:__main__:Test loss 0.429 error 0.441
WARNING:root:Testing on 13388 molecules
WARNING:root:Testing on 13388 molecules
WARNING:root:Testing on 13388 molecules
WARNING:root:Testing on 13389 molecules
WARNING:root:Testing on 13389 molecules
WARNING:root:Testing on 13389 molecules
INFO:__main__:Epoch 3 : Train loss 0.185 error 0.058 Time : 810
INFO:__main__:Validation loss 0.063 error 0.179
INFO:__main__:Test loss 0.507 error 0.496
WARNING:root:Testing on 13388 molecules
INFO:__main__:Epoch 3 : Train loss 0.249 error 0.077 Time : 818
INFO:__main__:Validation loss 0.126 error 0.279
INFO:__main__:Test loss 24.254 error 1.315
INFO:__main__:Epoch 3 : Train loss 0.101 error 0.017 Time : 800
INFO:__main__:Validation loss 0.133 error 0.301
INFO:__main__:Test loss 1.386 error 0.854
WARNING:root:Testing on 13389 molecules
INFO:__main__:Epoch 3 : Train loss 0.155 error 0.051 Time : 811
INFO:__main__:Validation loss 0.345 error 0.509
INFO:__main__:Test loss 1.191 error 0.780
WARNING:root:Testing on 13388 molecules
WARNING:root:Testing on 13389 molecules
INFO:__main__:Epoch 3 : Train loss 0.307 error 0.123 Time : 1054
INFO:__main__:Validation loss 0.085 error 0.231
INFO:__main__:Test loss 0.440 error 0.444
WARNING:root:Testing on 13388 molecules
WARNING:root:Testing on 13388 molecules
WARNING:root:Testing on 13389 molecules
WARNING:root:Testing on 13388 molecules
WARNING:root:Testing on 13389 molecules
/var/lib/slurm/slurmd/job69982/slurm_script: line 23: 30512 Killed                  python3 scripts/main_gnn_qm9_2.py --lg True --update $u --lr $lr --lrdamping $lrd --step $step --epochs $epochs --bs $bs --data_path $data_path --L $L --h $h --shuffle True
WARNING:root:Testing on 13388 molecules
WARNING:root:Testing on 13389 molecules
INFO:__main__:Epoch 4 : Train loss 0.086 error 0.014 Time : 2201
INFO:__main__:Validation loss 0.126 error 0.292
INFO:__main__:Test loss 1.320 error 0.832
WARNING:root:Testing on 13389 molecules
INFO:__main__:Epoch 4 : Train loss 0.233 error 0.070 Time : 2229
INFO:__main__:Validation loss 0.121 error 0.281
INFO:__main__:Test loss 40.056 error 1.507
INFO:__main__:Epoch 4 : Train loss 0.153 error 0.043 Time : 2209
INFO:__main__:Validation loss 0.328 error 0.500
INFO:__main__:Test loss 1.092 error 0.727
WARNING:root:Testing on 13388 molecules
WARNING:root:Testing on 13389 molecules
INFO:__main__:Epoch 5 : Train loss 0.165 error 0.038 Time : 1136
INFO:__main__:Validation loss 0.296 error 0.478
INFO:__main__:Test loss 0.948 error 0.661
WARNING:root:Testing on 13388 molecules
WARNING:root:Testing on 13389 molecules
INFO:__main__:Epoch 5 : Train loss 0.078 error 0.012 Time : 1412
INFO:__main__:Validation loss 0.120 error 0.283
INFO:__main__:Test loss 1.228 error 0.799
WARNING:root:Testing on 13388 molecules
WARNING:root:Testing on 13389 molecules
WARNING:root:Testing on 13388 molecules
INFO:__main__:Epoch 5 : Train loss 0.191 error 0.055 Time : 1534
INFO:__main__:Validation loss 0.139 error 0.308
INFO:__main__:Test loss 68.142 error 1.749
WARNING:root:Testing on 13389 molecules
INFO:__main__:Epoch 4 : Train loss 0.241 error 0.078 Time : 3140
INFO:__main__:Validation loss 0.061 error 0.186
INFO:__main__:Test loss 0.402 error 0.417
/var/lib/slurm/slurmd/job69981/slurm_script: line 23: 30515 Killed                  python3 scripts/main_gnn_qm9_2.py --lg True --update $u --lr $lr --lrdamping $lrd --step $step --epochs $epochs --bs $bs --data_path $data_path --L $L --h $h --shuffle True
WARNING:root:Testing on 13388 molecules
WARNING:root:Testing on 13389 molecules
INFO:__main__:Epoch 6 : Train loss 0.078 error 0.012 Time : 1015
INFO:__main__:Validation loss 0.115 error 0.275
INFO:__main__:Test loss 1.124 error 0.759
WARNING:root:Testing on 13388 molecules
WARNING:root:Testing on 13389 molecules
INFO:__main__:Epoch 6 : Train loss 0.177 error 0.051 Time : 1020
INFO:__main__:Validation loss 0.159 error 0.337
INFO:__main__:Test loss 113.175 error 2.079
WARNING:root:Testing on 13388 molecules
WARNING:root:Testing on 13389 molecules
INFO:__main__:Epoch 5 : Train loss 0.206 error 0.059 Time : 1215
INFO:__main__:Validation loss 0.056 error 0.178
INFO:__main__:Test loss 0.392 error 0.405
WARNING:root:Testing on 13388 molecules
WARNING:root:Testing on 13389 molecules
INFO:__main__:Epoch 7 : Train loss 0.081 error 0.012 Time : 795
INFO:__main__:Validation loss 0.110 error 0.268
INFO:__main__:Test loss 1.022 error 0.718
WARNING:root:Testing on 13388 molecules
WARNING:root:Testing on 13389 molecules
INFO:__main__:Epoch 7 : Train loss 0.183 error 0.053 Time : 807
INFO:__main__:Validation loss 0.186 error 0.372
INFO:__main__:Test loss 169.351 error 2.408
/var/lib/slurm/slurmd/job69985/slurm_script: line 23: 30511 Killed                  python3 scripts/main_gnn_qm9_2.py --lg True --update $u --lr $lr --lrdamping $lrd --step $step --epochs $epochs --bs $bs --data_path $data_path --L $L --h $h --shuffle True
WARNING:root:Testing on 13388 molecules
WARNING:root:Testing on 13389 molecules
INFO:__main__:Epoch 6 : Train loss 0.184 error 0.048 Time : 1118
INFO:__main__:Validation loss 0.054 error 0.178
INFO:__main__:Test loss 0.391 error 0.401
WARNING:root:Testing on 13388 molecules
WARNING:root:Testing on 13389 molecules
INFO:__main__:Epoch 8 : Train loss 0.183 error 0.052 Time : 910
INFO:__main__:Validation loss 0.201 error 0.393
INFO:__main__:Test loss 229.498 error 2.710
WARNING:root:Testing on 13388 molecules
WARNING:root:Testing on 13389 molecules
INFO:__main__:Epoch 7 : Train loss 0.167 error 0.041 Time : 1011
INFO:__main__:Validation loss 0.056 error 0.184
INFO:__main__:Test loss 0.383 error 0.395
WARNING:root:Testing on 13388 molecules
WARNING:root:Testing on 13389 molecules
INFO:__main__:Epoch 9 : Train loss 0.178 error 0.050 Time : 810
INFO:__main__:Validation loss 0.211 error 0.406
INFO:__main__:Test loss 294.656 error 2.992
WARNING:root:Testing on 13388 molecules
WARNING:root:Testing on 13388 molecules
WARNING:root:Testing on 13389 molecules
WARNING:root:Testing on 13389 molecules
INFO:__main__:Epoch 10 : Train loss 0.179 error 0.048 Time : 836
INFO:__main__:Validation loss 0.221 error 0.419
INFO:__main__:Test loss 350.399 error 3.203
INFO:__main__:Epoch 8 : Train loss 0.146 error 0.033 Time : 1012
INFO:__main__:Validation loss 0.057 error 0.184
INFO:__main__:Test loss 0.370 error 0.389
WARNING:root:Testing on 13388 molecules
WARNING:root:Testing on 13389 molecules
INFO:__main__:Epoch 11 : Train loss 0.181 error 0.046 Time : 843
INFO:__main__:Validation loss 0.225 error 0.425
INFO:__main__:Test loss 415.021 error 3.433
WARNING:root:Testing on 13388 molecules
WARNING:root:Testing on 13389 molecules
INFO:__main__:Epoch 9 : Train loss 0.134 error 0.029 Time : 1023
INFO:__main__:Validation loss 0.060 error 0.190
INFO:__main__:Test loss 0.361 error 0.387
WARNING:root:Testing on 13388 molecules
WARNING:root:Testing on 13389 molecules
INFO:__main__:Epoch 12 : Train loss 0.177 error 0.045 Time : 846
INFO:__main__:Validation loss 0.220 error 0.421
INFO:__main__:Test loss 474.447 error 3.621
/var/lib/slurm/slurmd/job69983/slurm_script: line 23: 30510 Killed                  python3 scripts/main_gnn_qm9_2.py --lg True --update $u --lr $lr --lrdamping $lrd --step $step --epochs $epochs --bs $bs --data_path $data_path --L $L --h $h --shuffle True
WARNING:root:Testing on 13388 molecules
WARNING:root:Testing on 13389 molecules
INFO:__main__:Epoch 10 : Train loss 0.130 error 0.028 Time : 2223
INFO:__main__:Validation loss 0.063 error 0.197
INFO:__main__:Test loss 0.351 error 0.384
WARNING:root:Testing on 13388 molecules
WARNING:root:Testing on 13389 molecules
INFO:__main__:Epoch 11 : Train loss 0.126 error 0.026 Time : 1055
INFO:__main__:Validation loss 0.065 error 0.201
INFO:__main__:Test loss 0.340 error 0.382
